[0.192s] Invoking command in '/home/armando30/robotsprj/build/ur_dashboard_msgs': CMAKE_PREFIX_PATH=${CMAKE_PREFIX_PATH}:/opt/ros/humble /usr/bin/cmake --build /home/armando30/robotsprj/build/ur_dashboard_msgs -- -j8 -l8
[0.650s] [  0%] Built target ur_dashboard_msgs__cpp
[0.889s] [  0%] Built target ament_cmake_python_symlink_ur_dashboard_msgs
[1.066s] [35m[1mConsolidate compiler generated dependencies of target ur_dashboard_msgs__rosidl_typesupport_cpp[0m
[1.140s] [35m[1mConsolidate compiler generated dependencies of target ur_dashboard_msgs__rosidl_generator_c[0m
[1.172s] [35m[1mConsolidate compiler generated dependencies of target ur_dashboard_msgs__rosidl_typesupport_fastrtps_cpp[0m
[1.204s] [ 12%] Built target ur_dashboard_msgs__rosidl_typesupport_cpp
[1.279s] [35m[1mConsolidate compiler generated dependencies of target ur_dashboard_msgs__rosidl_typesupport_introspection_cpp[0m
[1.314s] [ 24%] Built target ur_dashboard_msgs__rosidl_generator_c
[1.398s] [ 36%] Built target ur_dashboard_msgs__rosidl_typesupport_fastrtps_cpp
[1.462s] [ 48%] Built target ur_dashboard_msgs__rosidl_typesupport_introspection_cpp
[1.638s] [35m[1mConsolidate compiler generated dependencies of target ur_dashboard_msgs__rosidl_typesupport_introspection_c[0m
[1.666s] [35m[1mConsolidate compiler generated dependencies of target ur_dashboard_msgs__rosidl_typesupport_c[0m
[1.749s] [35m[1mConsolidate compiler generated dependencies of target ur_dashboard_msgs__rosidl_typesupport_fastrtps_c[0m
[1.778s] [ 60%] Built target ur_dashboard_msgs__rosidl_typesupport_c
[1.813s] [ 72%] Built target ur_dashboard_msgs__rosidl_typesupport_introspection_c
[1.970s] [ 84%] Built target ur_dashboard_msgs__rosidl_typesupport_fastrtps_c
[2.175s] [ 84%] Built target ur_dashboard_msgs
[2.317s] [ 85%] Built target ur_dashboard_msgs__py
[2.404s] [35m[1mConsolidate compiler generated dependencies of target ur_dashboard_msgs__rosidl_generator_py[0m
[2.493s] [ 96%] Built target ur_dashboard_msgs__rosidl_generator_py
[2.614s] [35m[1mConsolidate compiler generated dependencies of target ur_dashboard_msgs__rosidl_typesupport_c__pyext[0m
[2.615s] [35m[1mConsolidate compiler generated dependencies of target ur_dashboard_msgs__rosidl_typesupport_introspection_c__pyext[0m
[2.628s] [35m[1mConsolidate compiler generated dependencies of target ur_dashboard_msgs__rosidl_typesupport_fastrtps_c__pyext[0m
[2.674s] [ 97%] Built target ur_dashboard_msgs__rosidl_typesupport_c__pyext
[2.702s] [ 99%] Built target ur_dashboard_msgs__rosidl_typesupport_introspection_c__pyext
[2.720s] [100%] Built target ur_dashboard_msgs__rosidl_typesupport_fastrtps_c__pyext
[2.989s] running egg_info
[2.993s] writing ur_dashboard_msgs.egg-info/PKG-INFO
[2.994s] writing dependency_links to ur_dashboard_msgs.egg-info/dependency_links.txt
[2.995s] writing top-level names to ur_dashboard_msgs.egg-info/top_level.txt
[3.008s] reading manifest file 'ur_dashboard_msgs.egg-info/SOURCES.txt'
[3.051s] writing manifest file 'ur_dashboard_msgs.egg-info/SOURCES.txt'
[3.153s] [100%] Built target ament_cmake_python_build_ur_dashboard_msgs_egg
[3.216s] Invoked command in '/home/armando30/robotsprj/build/ur_dashboard_msgs' returned '0': CMAKE_PREFIX_PATH=${CMAKE_PREFIX_PATH}:/opt/ros/humble /usr/bin/cmake --build /home/armando30/robotsprj/build/ur_dashboard_msgs -- -j8 -l8
[3.278s] Invoking command in '/home/armando30/robotsprj/build/ur_dashboard_msgs': CMAKE_PREFIX_PATH=${CMAKE_PREFIX_PATH}:/opt/ros/humble /usr/bin/cmake --install /home/armando30/robotsprj/build/ur_dashboard_msgs
[3.369s] -- Install configuration: ""
[3.383s] -- Execute custom install script
[3.384s] -- Up-to-date symlink: /home/armando30/robotsprj/install/ur_dashboard_msgs/share/ament_index/resource_index/rosidl_interfaces/ur_dashboard_msgs
[3.399s] -- Up-to-date symlink: /home/armando30/robotsprj/install/ur_dashboard_msgs/include/ur_dashboard_msgs/ur_dashboard_msgs/action/detail/set_mode__functions.h
[3.401s] -- Up-to-date symlink: /home/armando30/robotsprj/install/ur_dashboard_msgs/include/ur_dashboard_msgs/ur_dashboard_msgs/action/detail/set_mode__struct.h
[3.406s] -- Up-to-date symlink: /home/armando30/robotsprj/install/ur_dashboard_msgs/include/ur_dashboard_msgs/ur_dashboard_msgs/action/detail/set_mode__type_support.h
[3.407s] -- Up-to-date symlink: /home/armando30/robotsprj/install/ur_dashboard_msgs/include/ur_dashboard_msgs/ur_dashboard_msgs/action/set_mode.h
[3.408s] -- Up-to-date symlink: /home/armando30/robotsprj/install/ur_dashboard_msgs/include/ur_dashboard_msgs/ur_dashboard_msgs/msg/detail/program_state__functions.h
[3.423s] -- Up-to-date symlink: /home/armando30/robotsprj/install/ur_dashboard_msgs/include/ur_dashboard_msgs/ur_dashboard_msgs/msg/detail/program_state__struct.h
[3.429s] -- Up-to-date symlink: /home/armando30/robotsprj/install/ur_dashboard_msgs/include/ur_dashboard_msgs/ur_dashboard_msgs/msg/detail/program_state__type_support.h
[3.434s] -- Up-to-date symlink: /home/armando30/robotsprj/install/ur_dashboard_msgs/include/ur_dashboard_msgs/ur_dashboard_msgs/msg/detail/robot_mode__functions.h
[3.437s] -- Up-to-date symlink: /home/armando30/robotsprj/install/ur_dashboard_msgs/include/ur_dashboard_msgs/ur_dashboard_msgs/msg/detail/robot_mode__struct.h
[3.445s] -- Up-to-date symlink: /home/armando30/robotsprj/install/ur_dashboard_msgs/include/ur_dashboard_msgs/ur_dashboard_msgs/msg/detail/robot_mode__type_support.h
[3.447s] -- Up-to-date symlink: /home/armando30/robotsprj/install/ur_dashboard_msgs/include/ur_dashboard_msgs/ur_dashboard_msgs/msg/detail/safety_mode__functions.h
[3.451s] -- Up-to-date symlink: /home/armando30/robotsprj/install/ur_dashboard_msgs/include/ur_dashboard_msgs/ur_dashboard_msgs/msg/detail/safety_mode__struct.h
[3.453s] -- Up-to-date symlink: /home/armando30/robotsprj/install/ur_dashboard_msgs/include/ur_dashboard_msgs/ur_dashboard_msgs/msg/detail/safety_mode__type_support.h
[3.454s] -- Up-to-date symlink: /home/armando30/robotsprj/install/ur_dashboard_msgs/include/ur_dashboard_msgs/ur_dashboard_msgs/msg/program_state.h
[3.454s] -- Up-to-date symlink: /home/armando30/robotsprj/install/ur_dashboard_msgs/include/ur_dashboard_msgs/ur_dashboard_msgs/msg/robot_mode.h
[3.456s] -- Up-to-date symlink: /home/armando30/robotsprj/install/ur_dashboard_msgs/include/ur_dashboard_msgs/ur_dashboard_msgs/msg/rosidl_generator_c__visibility_control.h
[3.456s] -- Up-to-date symlink: /home/armando30/robotsprj/install/ur_dashboard_msgs/include/ur_dashboard_msgs/ur_dashboard_msgs/msg/safety_mode.h
[3.458s] -- Up-to-date symlink: /home/armando30/robotsprj/install/ur_dashboard_msgs/include/ur_dashboard_msgs/ur_dashboard_msgs/srv/add_to_log.h
[3.458s] -- Up-to-date symlink: /home/armando30/robotsprj/install/ur_dashboard_msgs/include/ur_dashboard_msgs/ur_dashboard_msgs/srv/detail/add_to_log__functions.h
[3.459s] -- Up-to-date symlink: /home/armando30/robotsprj/install/ur_dashboard_msgs/include/ur_dashboard_msgs/ur_dashboard_msgs/srv/detail/add_to_log__struct.h
[3.460s] -- Up-to-date symlink: /home/armando30/robotsprj/install/ur_dashboard_msgs/include/ur_dashboard_msgs/ur_dashboard_msgs/srv/detail/add_to_log__type_support.h
[3.460s] -- Up-to-date symlink: /home/armando30/robotsprj/install/ur_dashboard_msgs/include/ur_dashboard_msgs/ur_dashboard_msgs/srv/detail/get_loaded_program__functions.h
[3.461s] -- Up-to-date symlink: /home/armando30/robotsprj/install/ur_dashboard_msgs/include/ur_dashboard_msgs/ur_dashboard_msgs/srv/detail/get_loaded_program__struct.h
[3.461s] -- Up-to-date symlink: /home/armando30/robotsprj/install/ur_dashboard_msgs/include/ur_dashboard_msgs/ur_dashboard_msgs/srv/detail/get_loaded_program__type_support.h
[3.463s] -- Up-to-date symlink: /home/armando30/robotsprj/install/ur_dashboard_msgs/include/ur_dashboard_msgs/ur_dashboard_msgs/srv/detail/get_program_state__functions.h
[3.463s] -- Up-to-date symlink: /home/armando30/robotsprj/install/ur_dashboard_msgs/include/ur_dashboard_msgs/ur_dashboard_msgs/srv/detail/get_program_state__struct.h
[3.464s] -- Up-to-date symlink: /home/armando30/robotsprj/install/ur_dashboard_msgs/include/ur_dashboard_msgs/ur_dashboard_msgs/srv/detail/get_program_state__type_support.h
[3.464s] -- Up-to-date symlink: /home/armando30/robotsprj/install/ur_dashboard_msgs/include/ur_dashboard_msgs/ur_dashboard_msgs/srv/detail/get_robot_mode__functions.h
[3.465s] -- Up-to-date symlink: /home/armando30/robotsprj/install/ur_dashboard_msgs/include/ur_dashboard_msgs/ur_dashboard_msgs/srv/detail/get_robot_mode__struct.h
[3.465s] -- Up-to-date symlink: /home/armando30/robotsprj/install/ur_dashboard_msgs/include/ur_dashboard_msgs/ur_dashboard_msgs/srv/detail/get_robot_mode__type_support.h
[3.466s] -- Up-to-date symlink: /home/armando30/robotsprj/install/ur_dashboard_msgs/include/ur_dashboard_msgs/ur_dashboard_msgs/srv/detail/get_safety_mode__functions.h
[3.466s] -- Up-to-date symlink: /home/armando30/robotsprj/install/ur_dashboard_msgs/include/ur_dashboard_msgs/ur_dashboard_msgs/srv/detail/get_safety_mode__struct.h
[3.467s] -- Up-to-date symlink: /home/armando30/robotsprj/install/ur_dashboard_msgs/include/ur_dashboard_msgs/ur_dashboard_msgs/srv/detail/get_safety_mode__type_support.h
[3.467s] -- Up-to-date symlink: /home/armando30/robotsprj/install/ur_dashboard_msgs/include/ur_dashboard_msgs/ur_dashboard_msgs/srv/detail/is_in_remote_control__functions.h
[3.468s] -- Up-to-date symlink: /home/armando30/robotsprj/install/ur_dashboard_msgs/include/ur_dashboard_msgs/ur_dashboard_msgs/srv/detail/is_in_remote_control__struct.h
[3.468s] -- Up-to-date symlink: /home/armando30/robotsprj/install/ur_dashboard_msgs/include/ur_dashboard_msgs/ur_dashboard_msgs/srv/detail/is_in_remote_control__type_support.h
[3.469s] -- Up-to-date symlink: /home/armando30/robotsprj/install/ur_dashboard_msgs/include/ur_dashboard_msgs/ur_dashboard_msgs/srv/detail/is_program_running__functions.h
[3.470s] -- Up-to-date symlink: /home/armando30/robotsprj/install/ur_dashboard_msgs/include/ur_dashboard_msgs/ur_dashboard_msgs/srv/detail/is_program_running__struct.h
[3.470s] -- Up-to-date symlink: /home/armando30/robotsprj/install/ur_dashboard_msgs/include/ur_dashboard_msgs/ur_dashboard_msgs/srv/detail/is_program_running__type_support.h
[3.471s] -- Up-to-date symlink: /home/armando30/robotsprj/install/ur_dashboard_msgs/include/ur_dashboard_msgs/ur_dashboard_msgs/srv/detail/is_program_saved__functions.h
[3.471s] -- Up-to-date symlink: /home/armando30/robotsprj/install/ur_dashboard_msgs/include/ur_dashboard_msgs/ur_dashboard_msgs/srv/detail/is_program_saved__struct.h
[3.472s] -- Up-to-date symlink: /home/armando30/robotsprj/install/ur_dashboard_msgs/include/ur_dashboard_msgs/ur_dashboard_msgs/srv/detail/is_program_saved__type_support.h
[3.472s] -- Up-to-date symlink: /home/armando30/robotsprj/install/ur_dashboard_msgs/include/ur_dashboard_msgs/ur_dashboard_msgs/srv/detail/load__functions.h
[3.473s] -- Up-to-date symlink: /home/armando30/robotsprj/install/ur_dashboard_msgs/include/ur_dashboard_msgs/ur_dashboard_msgs/srv/detail/load__struct.h
[3.473s] -- Up-to-date symlink: /home/armando30/robotsprj/install/ur_dashboard_msgs/include/ur_dashboard_msgs/ur_dashboard_msgs/srv/detail/load__type_support.h
[3.474s] -- Up-to-date symlink: /home/armando30/robotsprj/install/ur_dashboard_msgs/include/ur_dashboard_msgs/ur_dashboard_msgs/srv/detail/popup__functions.h
[3.474s] -- Up-to-date symlink: /home/armando30/robotsprj/install/ur_dashboard_msgs/include/ur_dashboard_msgs/ur_dashboard_msgs/srv/detail/popup__struct.h
[3.475s] -- Up-to-date symlink: /home/armando30/robotsprj/install/ur_dashboard_msgs/include/ur_dashboard_msgs/ur_dashboard_msgs/srv/detail/popup__type_support.h
[3.475s] -- Up-to-date symlink: /home/armando30/robotsprj/install/ur_dashboard_msgs/include/ur_dashboard_msgs/ur_dashboard_msgs/srv/detail/raw_request__functions.h
[3.476s] -- Up-to-date symlink: /home/armando30/robotsprj/install/ur_dashboard_msgs/include/ur_dashboard_msgs/ur_dashboard_msgs/srv/detail/raw_request__struct.h
[3.476s] -- Up-to-date symlink: /home/armando30/robotsprj/install/ur_dashboard_msgs/include/ur_dashboard_msgs/ur_dashboard_msgs/srv/detail/raw_request__type_support.h
[3.477s] -- Up-to-date symlink: /home/armando30/robotsprj/install/ur_dashboard_msgs/include/ur_dashboard_msgs/ur_dashboard_msgs/srv/get_loaded_program.h
[3.477s] -- Up-to-date symlink: /home/armando30/robotsprj/install/ur_dashboard_msgs/include/ur_dashboard_msgs/ur_dashboard_msgs/srv/get_program_state.h
[3.478s] -- Up-to-date symlink: /home/armando30/robotsprj/install/ur_dashboard_msgs/include/ur_dashboard_msgs/ur_dashboard_msgs/srv/get_robot_mode.h
[3.478s] -- Up-to-date symlink: /home/armando30/robotsprj/install/ur_dashboard_msgs/include/ur_dashboard_msgs/ur_dashboard_msgs/srv/get_safety_mode.h
[3.479s] -- Up-to-date symlink: /home/armando30/robotsprj/install/ur_dashboard_msgs/include/ur_dashboard_msgs/ur_dashboard_msgs/srv/is_in_remote_control.h
[3.479s] -- Up-to-date symlink: /home/armando30/robotsprj/install/ur_dashboard_msgs/include/ur_dashboard_msgs/ur_dashboard_msgs/srv/is_program_running.h
[3.480s] -- Up-to-date symlink: /home/armando30/robotsprj/install/ur_dashboard_msgs/include/ur_dashboard_msgs/ur_dashboard_msgs/srv/is_program_saved.h
[3.480s] -- Up-to-date symlink: /home/armando30/robotsprj/install/ur_dashboard_msgs/include/ur_dashboard_msgs/ur_dashboard_msgs/srv/load.h
[3.481s] -- Up-to-date symlink: /home/armando30/robotsprj/install/ur_dashboard_msgs/include/ur_dashboard_msgs/ur_dashboard_msgs/srv/popup.h
[3.481s] -- Up-to-date symlink: /home/armando30/robotsprj/install/ur_dashboard_msgs/include/ur_dashboard_msgs/ur_dashboard_msgs/srv/raw_request.h
[3.482s] -- Up-to-date symlink: /home/armando30/robotsprj/install/ur_dashboard_msgs/share/ur_dashboard_msgs/environment/library_path.sh
[3.482s] -- Up-to-date symlink: /home/armando30/robotsprj/install/ur_dashboard_msgs/share/ur_dashboard_msgs/environment/library_path.dsv
[3.483s] -- Up-to-date symlink: /home/armando30/robotsprj/install/ur_dashboard_msgs/include/ur_dashboard_msgs/ur_dashboard_msgs/action/detail/set_mode__rosidl_typesupport_fastrtps_c.h
[3.484s] -- Up-to-date symlink: /home/armando30/robotsprj/install/ur_dashboard_msgs/include/ur_dashboard_msgs/ur_dashboard_msgs/msg/detail/program_state__rosidl_typesupport_fastrtps_c.h
[3.485s] -- Up-to-date symlink: /home/armando30/robotsprj/install/ur_dashboard_msgs/include/ur_dashboard_msgs/ur_dashboard_msgs/msg/detail/robot_mode__rosidl_typesupport_fastrtps_c.h
[3.486s] -- Up-to-date symlink: /home/armando30/robotsprj/install/ur_dashboard_msgs/include/ur_dashboard_msgs/ur_dashboard_msgs/msg/detail/safety_mode__rosidl_typesupport_fastrtps_c.h
[3.487s] -- Up-to-date symlink: /home/armando30/robotsprj/install/ur_dashboard_msgs/include/ur_dashboard_msgs/ur_dashboard_msgs/msg/rosidl_typesupport_fastrtps_c__visibility_control.h
[3.488s] -- Up-to-date symlink: /home/armando30/robotsprj/install/ur_dashboard_msgs/include/ur_dashboard_msgs/ur_dashboard_msgs/srv/detail/add_to_log__rosidl_typesupport_fastrtps_c.h
[3.489s] -- Up-to-date symlink: /home/armando30/robotsprj/install/ur_dashboard_msgs/include/ur_dashboard_msgs/ur_dashboard_msgs/srv/detail/get_loaded_program__rosidl_typesupport_fastrtps_c.h
[3.490s] -- Up-to-date symlink: /home/armando30/robotsprj/install/ur_dashboard_msgs/include/ur_dashboard_msgs/ur_dashboard_msgs/srv/detail/get_program_state__rosidl_typesupport_fastrtps_c.h
[3.491s] -- Up-to-date symlink: /home/armando30/robotsprj/install/ur_dashboard_msgs/include/ur_dashboard_msgs/ur_dashboard_msgs/srv/detail/get_robot_mode__rosidl_typesupport_fastrtps_c.h
[3.492s] -- Up-to-date symlink: /home/armando30/robotsprj/install/ur_dashboard_msgs/include/ur_dashboard_msgs/ur_dashboard_msgs/srv/detail/get_safety_mode__rosidl_typesupport_fastrtps_c.h
[3.493s] -- Up-to-date symlink: /home/armando30/robotsprj/install/ur_dashboard_msgs/include/ur_dashboard_msgs/ur_dashboard_msgs/srv/detail/is_in_remote_control__rosidl_typesupport_fastrtps_c.h
[3.493s] -- Up-to-date symlink: /home/armando30/robotsprj/install/ur_dashboard_msgs/include/ur_dashboard_msgs/ur_dashboard_msgs/srv/detail/is_program_running__rosidl_typesupport_fastrtps_c.h
[3.493s] -- Up-to-date symlink: /home/armando30/robotsprj/install/ur_dashboard_msgs/include/ur_dashboard_msgs/ur_dashboard_msgs/srv/detail/is_program_saved__rosidl_typesupport_fastrtps_c.h
[3.494s] -- Up-to-date symlink: /home/armando30/robotsprj/install/ur_dashboard_msgs/include/ur_dashboard_msgs/ur_dashboard_msgs/srv/detail/load__rosidl_typesupport_fastrtps_c.h
[3.496s] -- Up-to-date symlink: /home/armando30/robotsprj/install/ur_dashboard_msgs/include/ur_dashboard_msgs/ur_dashboard_msgs/srv/detail/popup__rosidl_typesupport_fastrtps_c.h
[3.497s] -- Up-to-date symlink: /home/armando30/robotsprj/install/ur_dashboard_msgs/include/ur_dashboard_msgs/ur_dashboard_msgs/srv/detail/raw_request__rosidl_typesupport_fastrtps_c.h
[3.499s] -- Up-to-date symlink: /home/armando30/robotsprj/install/ur_dashboard_msgs/include/ur_dashboard_msgs/ur_dashboard_msgs/action/detail/set_mode__rosidl_typesupport_introspection_c.h
[3.499s] -- Up-to-date symlink: /home/armando30/robotsprj/install/ur_dashboard_msgs/include/ur_dashboard_msgs/ur_dashboard_msgs/msg/detail/program_state__rosidl_typesupport_introspection_c.h
[3.501s] -- Up-to-date symlink: /home/armando30/robotsprj/install/ur_dashboard_msgs/include/ur_dashboard_msgs/ur_dashboard_msgs/msg/detail/robot_mode__rosidl_typesupport_introspection_c.h
[3.501s] -- Up-to-date symlink: /home/armando30/robotsprj/install/ur_dashboard_msgs/include/ur_dashboard_msgs/ur_dashboard_msgs/msg/detail/safety_mode__rosidl_typesupport_introspection_c.h
[3.502s] -- Up-to-date symlink: /home/armando30/robotsprj/install/ur_dashboard_msgs/include/ur_dashboard_msgs/ur_dashboard_msgs/msg/rosidl_typesupport_introspection_c__visibility_control.h
[3.503s] -- Up-to-date symlink: /home/armando30/robotsprj/install/ur_dashboard_msgs/include/ur_dashboard_msgs/ur_dashboard_msgs/srv/detail/add_to_log__rosidl_typesupport_introspection_c.h
[3.504s] -- Up-to-date symlink: /home/armando30/robotsprj/install/ur_dashboard_msgs/include/ur_dashboard_msgs/ur_dashboard_msgs/srv/detail/get_loaded_program__rosidl_typesupport_introspection_c.h
[3.505s] -- Up-to-date symlink: /home/armando30/robotsprj/install/ur_dashboard_msgs/include/ur_dashboard_msgs/ur_dashboard_msgs/srv/detail/get_program_state__rosidl_typesupport_introspection_c.h
[3.506s] -- Up-to-date symlink: /home/armando30/robotsprj/install/ur_dashboard_msgs/include/ur_dashboard_msgs/ur_dashboard_msgs/srv/detail/get_robot_mode__rosidl_typesupport_introspection_c.h
[3.507s] -- Up-to-date symlink: /home/armando30/robotsprj/install/ur_dashboard_msgs/include/ur_dashboard_msgs/ur_dashboard_msgs/srv/detail/get_safety_mode__rosidl_typesupport_introspection_c.h
[3.507s] -- Up-to-date symlink: /home/armando30/robotsprj/install/ur_dashboard_msgs/include/ur_dashboard_msgs/ur_dashboard_msgs/srv/detail/is_in_remote_control__rosidl_typesupport_introspection_c.h
[3.508s] -- Up-to-date symlink: /home/armando30/robotsprj/install/ur_dashboard_msgs/include/ur_dashboard_msgs/ur_dashboard_msgs/srv/detail/is_program_running__rosidl_typesupport_introspection_c.h
[3.508s] -- Up-to-date symlink: /home/armando30/robotsprj/install/ur_dashboard_msgs/include/ur_dashboard_msgs/ur_dashboard_msgs/srv/detail/is_program_saved__rosidl_typesupport_introspection_c.h
[3.509s] -- Up-to-date symlink: /home/armando30/robotsprj/install/ur_dashboard_msgs/include/ur_dashboard_msgs/ur_dashboard_msgs/srv/detail/load__rosidl_typesupport_introspection_c.h
[3.510s] -- Up-to-date symlink: /home/armando30/robotsprj/install/ur_dashboard_msgs/include/ur_dashboard_msgs/ur_dashboard_msgs/srv/detail/popup__rosidl_typesupport_introspection_c.h
[3.510s] -- Up-to-date symlink: /home/armando30/robotsprj/install/ur_dashboard_msgs/include/ur_dashboard_msgs/ur_dashboard_msgs/srv/detail/raw_request__rosidl_typesupport_introspection_c.h
[3.511s] -- Up-to-date symlink: /home/armando30/robotsprj/install/ur_dashboard_msgs/include/ur_dashboard_msgs/ur_dashboard_msgs/action/detail/set_mode__builder.hpp
[3.511s] -- Up-to-date symlink: /home/armando30/robotsprj/install/ur_dashboard_msgs/include/ur_dashboard_msgs/ur_dashboard_msgs/action/detail/set_mode__struct.hpp
[3.512s] -- Up-to-date symlink: /home/armando30/robotsprj/install/ur_dashboard_msgs/include/ur_dashboard_msgs/ur_dashboard_msgs/action/detail/set_mode__traits.hpp
[3.512s] -- Up-to-date symlink: /home/armando30/robotsprj/install/ur_dashboard_msgs/include/ur_dashboard_msgs/ur_dashboard_msgs/action/detail/set_mode__type_support.hpp
[3.513s] -- Up-to-date symlink: /home/armando30/robotsprj/install/ur_dashboard_msgs/include/ur_dashboard_msgs/ur_dashboard_msgs/action/set_mode.hpp
[3.514s] -- Up-to-date symlink: /home/armando30/robotsprj/install/ur_dashboard_msgs/include/ur_dashboard_msgs/ur_dashboard_msgs/msg/detail/program_state__builder.hpp
[3.514s] -- Up-to-date symlink: /home/armando30/robotsprj/install/ur_dashboard_msgs/include/ur_dashboard_msgs/ur_dashboard_msgs/msg/detail/program_state__struct.hpp
[3.515s] -- Up-to-date symlink: /home/armando30/robotsprj/install/ur_dashboard_msgs/include/ur_dashboard_msgs/ur_dashboard_msgs/msg/detail/program_state__traits.hpp
[3.515s] -- Up-to-date symlink: /home/armando30/robotsprj/install/ur_dashboard_msgs/include/ur_dashboard_msgs/ur_dashboard_msgs/msg/detail/program_state__type_support.hpp
[3.515s] -- Up-to-date symlink: /home/armando30/robotsprj/install/ur_dashboard_msgs/include/ur_dashboard_msgs/ur_dashboard_msgs/msg/detail/robot_mode__builder.hpp
[3.516s] -- Up-to-date symlink: /home/armando30/robotsprj/install/ur_dashboard_msgs/include/ur_dashboard_msgs/ur_dashboard_msgs/msg/detail/robot_mode__struct.hpp
[3.516s] -- Up-to-date symlink: /home/armando30/robotsprj/install/ur_dashboard_msgs/include/ur_dashboard_msgs/ur_dashboard_msgs/msg/detail/robot_mode__traits.hpp
[3.516s] -- Up-to-date symlink: /home/armando30/robotsprj/install/ur_dashboard_msgs/include/ur_dashboard_msgs/ur_dashboard_msgs/msg/detail/robot_mode__type_support.hpp
[3.517s] -- Up-to-date symlink: /home/armando30/robotsprj/install/ur_dashboard_msgs/include/ur_dashboard_msgs/ur_dashboard_msgs/msg/detail/safety_mode__builder.hpp
[3.518s] -- Up-to-date symlink: /home/armando30/robotsprj/install/ur_dashboard_msgs/include/ur_dashboard_msgs/ur_dashboard_msgs/msg/detail/safety_mode__struct.hpp
[3.518s] -- Up-to-date symlink: /home/armando30/robotsprj/install/ur_dashboard_msgs/include/ur_dashboard_msgs/ur_dashboard_msgs/msg/detail/safety_mode__traits.hpp
[3.518s] -- Up-to-date symlink: /home/armando30/robotsprj/install/ur_dashboard_msgs/include/ur_dashboard_msgs/ur_dashboard_msgs/msg/detail/safety_mode__type_support.hpp
[3.519s] -- Up-to-date symlink: /home/armando30/robotsprj/install/ur_dashboard_msgs/include/ur_dashboard_msgs/ur_dashboard_msgs/msg/program_state.hpp
[3.519s] -- Up-to-date symlink: /home/armando30/robotsprj/install/ur_dashboard_msgs/include/ur_dashboard_msgs/ur_dashboard_msgs/msg/robot_mode.hpp
[3.520s] -- Up-to-date symlink: /home/armando30/robotsprj/install/ur_dashboard_msgs/include/ur_dashboard_msgs/ur_dashboard_msgs/msg/rosidl_generator_cpp__visibility_control.hpp
[3.520s] -- Up-to-date symlink: /home/armando30/robotsprj/install/ur_dashboard_msgs/include/ur_dashboard_msgs/ur_dashboard_msgs/msg/safety_mode.hpp
[3.520s] -- Up-to-date symlink: /home/armando30/robotsprj/install/ur_dashboard_msgs/include/ur_dashboard_msgs/ur_dashboard_msgs/srv/add_to_log.hpp
[3.521s] -- Up-to-date symlink: /home/armando30/robotsprj/install/ur_dashboard_msgs/include/ur_dashboard_msgs/ur_dashboard_msgs/srv/detail/add_to_log__builder.hpp
[3.521s] -- Up-to-date symlink: /home/armando30/robotsprj/install/ur_dashboard_msgs/include/ur_dashboard_msgs/ur_dashboard_msgs/srv/detail/add_to_log__struct.hpp
[3.522s] -- Up-to-date symlink: /home/armando30/robotsprj/install/ur_dashboard_msgs/include/ur_dashboard_msgs/ur_dashboard_msgs/srv/detail/add_to_log__traits.hpp
[3.522s] -- Up-to-date symlink: /home/armando30/robotsprj/install/ur_dashboard_msgs/include/ur_dashboard_msgs/ur_dashboard_msgs/srv/detail/add_to_log__type_support.hpp
[3.523s] -- Up-to-date symlink: /home/armando30/robotsprj/install/ur_dashboard_msgs/include/ur_dashboard_msgs/ur_dashboard_msgs/srv/detail/get_loaded_program__builder.hpp
[3.523s] -- Up-to-date symlink: /home/armando30/robotsprj/install/ur_dashboard_msgs/include/ur_dashboard_msgs/ur_dashboard_msgs/srv/detail/get_loaded_program__struct.hpp
[3.523s] -- Up-to-date symlink: /home/armando30/robotsprj/install/ur_dashboard_msgs/include/ur_dashboard_msgs/ur_dashboard_msgs/srv/detail/get_loaded_program__traits.hpp
[3.524s] -- Up-to-date symlink: /home/armando30/robotsprj/install/ur_dashboard_msgs/include/ur_dashboard_msgs/ur_dashboard_msgs/srv/detail/get_loaded_program__type_support.hpp
[3.525s] -- Up-to-date symlink: /home/armando30/robotsprj/install/ur_dashboard_msgs/include/ur_dashboard_msgs/ur_dashboard_msgs/srv/detail/get_program_state__builder.hpp
[3.525s] -- Up-to-date symlink: /home/armando30/robotsprj/install/ur_dashboard_msgs/include/ur_dashboard_msgs/ur_dashboard_msgs/srv/detail/get_program_state__struct.hpp
[3.526s] -- Up-to-date symlink: /home/armando30/robotsprj/install/ur_dashboard_msgs/include/ur_dashboard_msgs/ur_dashboard_msgs/srv/detail/get_program_state__traits.hpp
[3.526s] -- Up-to-date symlink: /home/armando30/robotsprj/install/ur_dashboard_msgs/include/ur_dashboard_msgs/ur_dashboard_msgs/srv/detail/get_program_state__type_support.hpp
[3.527s] -- Up-to-date symlink: /home/armando30/robotsprj/install/ur_dashboard_msgs/include/ur_dashboard_msgs/ur_dashboard_msgs/srv/detail/get_robot_mode__builder.hpp
[3.527s] -- Up-to-date symlink: /home/armando30/robotsprj/install/ur_dashboard_msgs/include/ur_dashboard_msgs/ur_dashboard_msgs/srv/detail/get_robot_mode__struct.hpp
[3.528s] -- Up-to-date symlink: /home/armando30/robotsprj/install/ur_dashboard_msgs/include/ur_dashboard_msgs/ur_dashboard_msgs/srv/detail/get_robot_mode__traits.hpp
[3.528s] -- Up-to-date symlink: /home/armando30/robotsprj/install/ur_dashboard_msgs/include/ur_dashboard_msgs/ur_dashboard_msgs/srv/detail/get_robot_mode__type_support.hpp
[3.529s] -- Up-to-date symlink: /home/armando30/robotsprj/install/ur_dashboard_msgs/include/ur_dashboard_msgs/ur_dashboard_msgs/srv/detail/get_safety_mode__builder.hpp
[3.529s] -- Up-to-date symlink: /home/armando30/robotsprj/install/ur_dashboard_msgs/include/ur_dashboard_msgs/ur_dashboard_msgs/srv/detail/get_safety_mode__struct.hpp
[3.530s] -- Up-to-date symlink: /home/armando30/robotsprj/install/ur_dashboard_msgs/include/ur_dashboard_msgs/ur_dashboard_msgs/srv/detail/get_safety_mode__traits.hpp
[3.530s] -- Up-to-date symlink: /home/armando30/robotsprj/install/ur_dashboard_msgs/include/ur_dashboard_msgs/ur_dashboard_msgs/srv/detail/get_safety_mode__type_support.hpp
[3.531s] -- Up-to-date symlink: /home/armando30/robotsprj/install/ur_dashboard_msgs/include/ur_dashboard_msgs/ur_dashboard_msgs/srv/detail/is_in_remote_control__builder.hpp
[3.531s] -- Up-to-date symlink: /home/armando30/robotsprj/install/ur_dashboard_msgs/include/ur_dashboard_msgs/ur_dashboard_msgs/srv/detail/is_in_remote_control__struct.hpp
[3.532s] -- Up-to-date symlink: /home/armando30/robotsprj/install/ur_dashboard_msgs/include/ur_dashboard_msgs/ur_dashboard_msgs/srv/detail/is_in_remote_control__traits.hpp
[3.532s] -- Up-to-date symlink: /home/armando30/robotsprj/install/ur_dashboard_msgs/include/ur_dashboard_msgs/ur_dashboard_msgs/srv/detail/is_in_remote_control__type_support.hpp
[3.533s] -- Up-to-date symlink: /home/armando30/robotsprj/install/ur_dashboard_msgs/include/ur_dashboard_msgs/ur_dashboard_msgs/srv/detail/is_program_running__builder.hpp
[3.533s] -- Up-to-date symlink: /home/armando30/robotsprj/install/ur_dashboard_msgs/include/ur_dashboard_msgs/ur_dashboard_msgs/srv/detail/is_program_running__struct.hpp
[3.534s] -- Up-to-date symlink: /home/armando30/robotsprj/install/ur_dashboard_msgs/include/ur_dashboard_msgs/ur_dashboard_msgs/srv/detail/is_program_running__traits.hpp
[3.535s] -- Up-to-date symlink: /home/armando30/robotsprj/install/ur_dashboard_msgs/include/ur_dashboard_msgs/ur_dashboard_msgs/srv/detail/is_program_running__type_support.hpp
[3.536s] -- Up-to-date symlink: /home/armando30/robotsprj/install/ur_dashboard_msgs/include/ur_dashboard_msgs/ur_dashboard_msgs/srv/detail/is_program_saved__builder.hpp
[3.536s] -- Up-to-date symlink: /home/armando30/robotsprj/install/ur_dashboard_msgs/include/ur_dashboard_msgs/ur_dashboard_msgs/srv/detail/is_program_saved__struct.hpp
[3.537s] -- Up-to-date symlink: /home/armando30/robotsprj/install/ur_dashboard_msgs/include/ur_dashboard_msgs/ur_dashboard_msgs/srv/detail/is_program_saved__traits.hpp
[3.537s] -- Up-to-date symlink: /home/armando30/robotsprj/install/ur_dashboard_msgs/include/ur_dashboard_msgs/ur_dashboard_msgs/srv/detail/is_program_saved__type_support.hpp
[3.540s] -- Up-to-date symlink: /home/armando30/robotsprj/install/ur_dashboard_msgs/include/ur_dashboard_msgs/ur_dashboard_msgs/srv/detail/load__builder.hpp
[3.540s] -- Up-to-date symlink: /home/armando30/robotsprj/install/ur_dashboard_msgs/include/ur_dashboard_msgs/ur_dashboard_msgs/srv/detail/load__struct.hpp
[3.541s] -- Up-to-date symlink: /home/armando30/robotsprj/install/ur_dashboard_msgs/include/ur_dashboard_msgs/ur_dashboard_msgs/srv/detail/load__traits.hpp
[3.541s] -- Up-to-date symlink: /home/armando30/robotsprj/install/ur_dashboard_msgs/include/ur_dashboard_msgs/ur_dashboard_msgs/srv/detail/load__type_support.hpp
[3.542s] -- Up-to-date symlink: /home/armando30/robotsprj/install/ur_dashboard_msgs/include/ur_dashboard_msgs/ur_dashboard_msgs/srv/detail/popup__builder.hpp
[3.542s] -- Up-to-date symlink: /home/armando30/robotsprj/install/ur_dashboard_msgs/include/ur_dashboard_msgs/ur_dashboard_msgs/srv/detail/popup__struct.hpp
[3.543s] -- Up-to-date symlink: /home/armando30/robotsprj/install/ur_dashboard_msgs/include/ur_dashboard_msgs/ur_dashboard_msgs/srv/detail/popup__traits.hpp
[3.543s] -- Up-to-date symlink: /home/armando30/robotsprj/install/ur_dashboard_msgs/include/ur_dashboard_msgs/ur_dashboard_msgs/srv/detail/popup__type_support.hpp
[3.543s] -- Up-to-date symlink: /home/armando30/robotsprj/install/ur_dashboard_msgs/include/ur_dashboard_msgs/ur_dashboard_msgs/srv/detail/raw_request__builder.hpp
[3.544s] -- Up-to-date symlink: /home/armando30/robotsprj/install/ur_dashboard_msgs/include/ur_dashboard_msgs/ur_dashboard_msgs/srv/detail/raw_request__struct.hpp
[3.544s] -- Up-to-date symlink: /home/armando30/robotsprj/install/ur_dashboard_msgs/include/ur_dashboard_msgs/ur_dashboard_msgs/srv/detail/raw_request__traits.hpp
[3.545s] -- Up-to-date symlink: /home/armando30/robotsprj/install/ur_dashboard_msgs/include/ur_dashboard_msgs/ur_dashboard_msgs/srv/detail/raw_request__type_support.hpp
[3.545s] -- Up-to-date symlink: /home/armando30/robotsprj/install/ur_dashboard_msgs/include/ur_dashboard_msgs/ur_dashboard_msgs/srv/get_loaded_program.hpp
[3.546s] -- Up-to-date symlink: /home/armando30/robotsprj/install/ur_dashboard_msgs/include/ur_dashboard_msgs/ur_dashboard_msgs/srv/get_program_state.hpp
[3.546s] -- Up-to-date symlink: /home/armando30/robotsprj/install/ur_dashboard_msgs/include/ur_dashboard_msgs/ur_dashboard_msgs/srv/get_robot_mode.hpp
[3.547s] -- Up-to-date symlink: /home/armando30/robotsprj/install/ur_dashboard_msgs/include/ur_dashboard_msgs/ur_dashboard_msgs/srv/get_safety_mode.hpp
[3.547s] -- Up-to-date symlink: /home/armando30/robotsprj/install/ur_dashboard_msgs/include/ur_dashboard_msgs/ur_dashboard_msgs/srv/is_in_remote_control.hpp
[3.548s] -- Up-to-date symlink: /home/armando30/robotsprj/install/ur_dashboard_msgs/include/ur_dashboard_msgs/ur_dashboard_msgs/srv/is_program_running.hpp
[3.548s] -- Up-to-date symlink: /home/armando30/robotsprj/install/ur_dashboard_msgs/include/ur_dashboard_msgs/ur_dashboard_msgs/srv/is_program_saved.hpp
[3.549s] -- Up-to-date symlink: /home/armando30/robotsprj/install/ur_dashboard_msgs/include/ur_dashboard_msgs/ur_dashboard_msgs/srv/load.hpp
[3.549s] -- Up-to-date symlink: /home/armando30/robotsprj/install/ur_dashboard_msgs/include/ur_dashboard_msgs/ur_dashboard_msgs/srv/popup.hpp
[3.549s] -- Up-to-date symlink: /home/armando30/robotsprj/install/ur_dashboard_msgs/include/ur_dashboard_msgs/ur_dashboard_msgs/srv/raw_request.hpp
[3.550s] -- Up-to-date symlink: /home/armando30/robotsprj/install/ur_dashboard_msgs/include/ur_dashboard_msgs/ur_dashboard_msgs/action/detail/set_mode__rosidl_typesupport_fastrtps_cpp.hpp
[3.550s] -- Up-to-date symlink: /home/armando30/robotsprj/install/ur_dashboard_msgs/include/ur_dashboard_msgs/ur_dashboard_msgs/msg/detail/program_state__rosidl_typesupport_fastrtps_cpp.hpp
[3.550s] -- Up-to-date symlink: /home/armando30/robotsprj/install/ur_dashboard_msgs/include/ur_dashboard_msgs/ur_dashboard_msgs/msg/detail/robot_mode__rosidl_typesupport_fastrtps_cpp.hpp
[3.551s] -- Up-to-date symlink: /home/armando30/robotsprj/install/ur_dashboard_msgs/include/ur_dashboard_msgs/ur_dashboard_msgs/msg/detail/safety_mode__rosidl_typesupport_fastrtps_cpp.hpp
[3.551s] -- Up-to-date symlink: /home/armando30/robotsprj/install/ur_dashboard_msgs/include/ur_dashboard_msgs/ur_dashboard_msgs/msg/rosidl_typesupport_fastrtps_cpp__visibility_control.h
[3.552s] -- Up-to-date symlink: /home/armando30/robotsprj/install/ur_dashboard_msgs/include/ur_dashboard_msgs/ur_dashboard_msgs/srv/detail/add_to_log__rosidl_typesupport_fastrtps_cpp.hpp
[3.552s] -- Up-to-date symlink: /home/armando30/robotsprj/install/ur_dashboard_msgs/include/ur_dashboard_msgs/ur_dashboard_msgs/srv/detail/get_loaded_program__rosidl_typesupport_fastrtps_cpp.hpp
[3.552s] -- Up-to-date symlink: /home/armando30/robotsprj/install/ur_dashboard_msgs/include/ur_dashboard_msgs/ur_dashboard_msgs/srv/detail/get_program_state__rosidl_typesupport_fastrtps_cpp.hpp
[3.553s] -- Up-to-date symlink: /home/armando30/robotsprj/install/ur_dashboard_msgs/include/ur_dashboard_msgs/ur_dashboard_msgs/srv/detail/get_robot_mode__rosidl_typesupport_fastrtps_cpp.hpp
[3.553s] -- Up-to-date symlink: /home/armando30/robotsprj/install/ur_dashboard_msgs/include/ur_dashboard_msgs/ur_dashboard_msgs/srv/detail/get_safety_mode__rosidl_typesupport_fastrtps_cpp.hpp
[3.553s] -- Up-to-date symlink: /home/armando30/robotsprj/install/ur_dashboard_msgs/include/ur_dashboard_msgs/ur_dashboard_msgs/srv/detail/is_in_remote_control__rosidl_typesupport_fastrtps_cpp.hpp
[3.554s] -- Up-to-date symlink: /home/armando30/robotsprj/install/ur_dashboard_msgs/include/ur_dashboard_msgs/ur_dashboard_msgs/srv/detail/is_program_running__rosidl_typesupport_fastrtps_cpp.hpp
[3.554s] -- Up-to-date symlink: /home/armando30/robotsprj/install/ur_dashboard_msgs/include/ur_dashboard_msgs/ur_dashboard_msgs/srv/detail/is_program_saved__rosidl_typesupport_fastrtps_cpp.hpp
[3.555s] -- Up-to-date symlink: /home/armando30/robotsprj/install/ur_dashboard_msgs/include/ur_dashboard_msgs/ur_dashboard_msgs/srv/detail/load__rosidl_typesupport_fastrtps_cpp.hpp
[3.555s] -- Up-to-date symlink: /home/armando30/robotsprj/install/ur_dashboard_msgs/include/ur_dashboard_msgs/ur_dashboard_msgs/srv/detail/popup__rosidl_typesupport_fastrtps_cpp.hpp
[3.555s] -- Up-to-date symlink: /home/armando30/robotsprj/install/ur_dashboard_msgs/include/ur_dashboard_msgs/ur_dashboard_msgs/srv/detail/raw_request__rosidl_typesupport_fastrtps_cpp.hpp
[3.556s] -- Up-to-date symlink: /home/armando30/robotsprj/install/ur_dashboard_msgs/include/ur_dashboard_msgs/ur_dashboard_msgs/action/detail/set_mode__rosidl_typesupport_introspection_cpp.hpp
[3.556s] -- Up-to-date symlink: /home/armando30/robotsprj/install/ur_dashboard_msgs/include/ur_dashboard_msgs/ur_dashboard_msgs/msg/detail/program_state__rosidl_typesupport_introspection_cpp.hpp
[3.557s] -- Up-to-date symlink: /home/armando30/robotsprj/install/ur_dashboard_msgs/include/ur_dashboard_msgs/ur_dashboard_msgs/msg/detail/robot_mode__rosidl_typesupport_introspection_cpp.hpp
[3.557s] -- Up-to-date symlink: /home/armando30/robotsprj/install/ur_dashboard_msgs/include/ur_dashboard_msgs/ur_dashboard_msgs/msg/detail/safety_mode__rosidl_typesupport_introspection_cpp.hpp
[3.557s] -- Up-to-date symlink: /home/armando30/robotsprj/install/ur_dashboard_msgs/include/ur_dashboard_msgs/ur_dashboard_msgs/srv/detail/add_to_log__rosidl_typesupport_introspection_cpp.hpp
[3.558s] -- Up-to-date symlink: /home/armando30/robotsprj/install/ur_dashboard_msgs/include/ur_dashboard_msgs/ur_dashboard_msgs/srv/detail/get_loaded_program__rosidl_typesupport_introspection_cpp.hpp
[3.558s] -- Up-to-date symlink: /home/armando30/robotsprj/install/ur_dashboard_msgs/include/ur_dashboard_msgs/ur_dashboard_msgs/srv/detail/get_program_state__rosidl_typesupport_introspection_cpp.hpp
[3.558s] -- Up-to-date symlink: /home/armando30/robotsprj/install/ur_dashboard_msgs/include/ur_dashboard_msgs/ur_dashboard_msgs/srv/detail/get_robot_mode__rosidl_typesupport_introspection_cpp.hpp
[3.559s] -- Up-to-date symlink: /home/armando30/robotsprj/install/ur_dashboard_msgs/include/ur_dashboard_msgs/ur_dashboard_msgs/srv/detail/get_safety_mode__rosidl_typesupport_introspection_cpp.hpp
[3.559s] -- Up-to-date symlink: /home/armando30/robotsprj/install/ur_dashboard_msgs/include/ur_dashboard_msgs/ur_dashboard_msgs/srv/detail/is_in_remote_control__rosidl_typesupport_introspection_cpp.hpp
[3.560s] -- Up-to-date symlink: /home/armando30/robotsprj/install/ur_dashboard_msgs/include/ur_dashboard_msgs/ur_dashboard_msgs/srv/detail/is_program_running__rosidl_typesupport_introspection_cpp.hpp
[3.560s] -- Up-to-date symlink: /home/armando30/robotsprj/install/ur_dashboard_msgs/include/ur_dashboard_msgs/ur_dashboard_msgs/srv/detail/is_program_saved__rosidl_typesupport_introspection_cpp.hpp
[3.561s] -- Up-to-date symlink: /home/armando30/robotsprj/install/ur_dashboard_msgs/include/ur_dashboard_msgs/ur_dashboard_msgs/srv/detail/load__rosidl_typesupport_introspection_cpp.hpp
[3.561s] -- Up-to-date symlink: /home/armando30/robotsprj/install/ur_dashboard_msgs/include/ur_dashboard_msgs/ur_dashboard_msgs/srv/detail/popup__rosidl_typesupport_introspection_cpp.hpp
[3.561s] -- Up-to-date symlink: /home/armando30/robotsprj/install/ur_dashboard_msgs/include/ur_dashboard_msgs/ur_dashboard_msgs/srv/detail/raw_request__rosidl_typesupport_introspection_cpp.hpp
[3.562s] -- Up-to-date symlink: /home/armando30/robotsprj/install/ur_dashboard_msgs/share/ur_dashboard_msgs/environment/pythonpath.sh
[3.562s] -- Up-to-date symlink: /home/armando30/robotsprj/install/ur_dashboard_msgs/share/ur_dashboard_msgs/environment/pythonpath.dsv
[3.562s] -- Up-to-date symlink: /home/armando30/robotsprj/install/ur_dashboard_msgs/local/lib/python3.10/dist-packages/ur_dashboard_msgs-2.8.1-py3.10.egg-info/PKG-INFO
[3.563s] -- Up-to-date symlink: /home/armando30/robotsprj/install/ur_dashboard_msgs/local/lib/python3.10/dist-packages/ur_dashboard_msgs-2.8.1-py3.10.egg-info/SOURCES.txt
[3.563s] -- Up-to-date symlink: /home/armando30/robotsprj/install/ur_dashboard_msgs/local/lib/python3.10/dist-packages/ur_dashboard_msgs-2.8.1-py3.10.egg-info/dependency_links.txt
[3.563s] -- Up-to-date symlink: /home/armando30/robotsprj/install/ur_dashboard_msgs/local/lib/python3.10/dist-packages/ur_dashboard_msgs-2.8.1-py3.10.egg-info/top_level.txt
[3.564s] -- Up-to-date symlink: /home/armando30/robotsprj/install/ur_dashboard_msgs/local/lib/python3.10/dist-packages/ur_dashboard_msgs/__init__.py
[3.564s] -- Up-to-date symlink: /home/armando30/robotsprj/install/ur_dashboard_msgs/local/lib/python3.10/dist-packages/ur_dashboard_msgs/_ur_dashboard_msgs_s.ep.rosidl_typesupport_c.c
[3.565s] -- Up-to-date symlink: /home/armando30/robotsprj/install/ur_dashboard_msgs/local/lib/python3.10/dist-packages/ur_dashboard_msgs/_ur_dashboard_msgs_s.ep.rosidl_typesupport_fastrtps_c.c
[3.565s] -- Up-to-date symlink: /home/armando30/robotsprj/install/ur_dashboard_msgs/local/lib/python3.10/dist-packages/ur_dashboard_msgs/_ur_dashboard_msgs_s.ep.rosidl_typesupport_introspection_c.c
[3.566s] -- Up-to-date symlink: /home/armando30/robotsprj/install/ur_dashboard_msgs/local/lib/python3.10/dist-packages/ur_dashboard_msgs/action/__init__.py
[3.566s] -- Up-to-date symlink: /home/armando30/robotsprj/install/ur_dashboard_msgs/local/lib/python3.10/dist-packages/ur_dashboard_msgs/action/_set_mode.py
[3.567s] -- Up-to-date symlink: /home/armando30/robotsprj/install/ur_dashboard_msgs/local/lib/python3.10/dist-packages/ur_dashboard_msgs/action/_set_mode_s.c
[3.567s] -- Up-to-date symlink: /home/armando30/robotsprj/install/ur_dashboard_msgs/local/lib/python3.10/dist-packages/ur_dashboard_msgs/libur_dashboard_msgs__rosidl_generator_py.so
[3.568s] -- Up-to-date symlink: /home/armando30/robotsprj/install/ur_dashboard_msgs/local/lib/python3.10/dist-packages/ur_dashboard_msgs/msg/__init__.py
[3.569s] -- Up-to-date symlink: /home/armando30/robotsprj/install/ur_dashboard_msgs/local/lib/python3.10/dist-packages/ur_dashboard_msgs/msg/_program_state.py
[3.569s] -- Up-to-date symlink: /home/armando30/robotsprj/install/ur_dashboard_msgs/local/lib/python3.10/dist-packages/ur_dashboard_msgs/msg/_program_state_s.c
[3.570s] -- Up-to-date symlink: /home/armando30/robotsprj/install/ur_dashboard_msgs/local/lib/python3.10/dist-packages/ur_dashboard_msgs/msg/_robot_mode.py
[3.571s] -- Up-to-date symlink: /home/armando30/robotsprj/install/ur_dashboard_msgs/local/lib/python3.10/dist-packages/ur_dashboard_msgs/msg/_robot_mode_s.c
[3.571s] -- Up-to-date symlink: /home/armando30/robotsprj/install/ur_dashboard_msgs/local/lib/python3.10/dist-packages/ur_dashboard_msgs/msg/_safety_mode.py
[3.571s] -- Up-to-date symlink: /home/armando30/robotsprj/install/ur_dashboard_msgs/local/lib/python3.10/dist-packages/ur_dashboard_msgs/msg/_safety_mode_s.c
[3.572s] -- Up-to-date symlink: /home/armando30/robotsprj/install/ur_dashboard_msgs/local/lib/python3.10/dist-packages/ur_dashboard_msgs/srv/__init__.py
[3.572s] -- Up-to-date symlink: /home/armando30/robotsprj/install/ur_dashboard_msgs/local/lib/python3.10/dist-packages/ur_dashboard_msgs/srv/_add_to_log.py
[3.573s] -- Up-to-date symlink: /home/armando30/robotsprj/install/ur_dashboard_msgs/local/lib/python3.10/dist-packages/ur_dashboard_msgs/srv/_add_to_log_s.c
[3.573s] -- Up-to-date symlink: /home/armando30/robotsprj/install/ur_dashboard_msgs/local/lib/python3.10/dist-packages/ur_dashboard_msgs/srv/_get_loaded_program.py
[3.573s] -- Up-to-date symlink: /home/armando30/robotsprj/install/ur_dashboard_msgs/local/lib/python3.10/dist-packages/ur_dashboard_msgs/srv/_get_loaded_program_s.c
[3.574s] -- Up-to-date symlink: /home/armando30/robotsprj/install/ur_dashboard_msgs/local/lib/python3.10/dist-packages/ur_dashboard_msgs/srv/_get_program_state.py
[3.574s] -- Up-to-date symlink: /home/armando30/robotsprj/install/ur_dashboard_msgs/local/lib/python3.10/dist-packages/ur_dashboard_msgs/srv/_get_program_state_s.c
[3.574s] -- Up-to-date symlink: /home/armando30/robotsprj/install/ur_dashboard_msgs/local/lib/python3.10/dist-packages/ur_dashboard_msgs/srv/_get_robot_mode.py
[3.575s] -- Up-to-date symlink: /home/armando30/robotsprj/install/ur_dashboard_msgs/local/lib/python3.10/dist-packages/ur_dashboard_msgs/srv/_get_robot_mode_s.c
[3.575s] -- Up-to-date symlink: /home/armando30/robotsprj/install/ur_dashboard_msgs/local/lib/python3.10/dist-packages/ur_dashboard_msgs/srv/_get_safety_mode.py
[3.575s] -- Up-to-date symlink: /home/armando30/robotsprj/install/ur_dashboard_msgs/local/lib/python3.10/dist-packages/ur_dashboard_msgs/srv/_get_safety_mode_s.c
[3.576s] -- Up-to-date symlink: /home/armando30/robotsprj/install/ur_dashboard_msgs/local/lib/python3.10/dist-packages/ur_dashboard_msgs/srv/_is_in_remote_control.py
[3.576s] -- Up-to-date symlink: /home/armando30/robotsprj/install/ur_dashboard_msgs/local/lib/python3.10/dist-packages/ur_dashboard_msgs/srv/_is_in_remote_control_s.c
[3.577s] -- Up-to-date symlink: /home/armando30/robotsprj/install/ur_dashboard_msgs/local/lib/python3.10/dist-packages/ur_dashboard_msgs/srv/_is_program_running.py
[3.577s] -- Up-to-date symlink: /home/armando30/robotsprj/install/ur_dashboard_msgs/local/lib/python3.10/dist-packages/ur_dashboard_msgs/srv/_is_program_running_s.c
[3.577s] -- Up-to-date symlink: /home/armando30/robotsprj/install/ur_dashboard_msgs/local/lib/python3.10/dist-packages/ur_dashboard_msgs/srv/_is_program_saved.py
[3.578s] -- Up-to-date symlink: /home/armando30/robotsprj/install/ur_dashboard_msgs/local/lib/python3.10/dist-packages/ur_dashboard_msgs/srv/_is_program_saved_s.c
[3.578s] -- Up-to-date symlink: /home/armando30/robotsprj/install/ur_dashboard_msgs/local/lib/python3.10/dist-packages/ur_dashboard_msgs/srv/_load.py
[3.579s] -- Up-to-date symlink: /home/armando30/robotsprj/install/ur_dashboard_msgs/local/lib/python3.10/dist-packages/ur_dashboard_msgs/srv/_load_s.c
[3.579s] -- Up-to-date symlink: /home/armando30/robotsprj/install/ur_dashboard_msgs/local/lib/python3.10/dist-packages/ur_dashboard_msgs/srv/_popup.py
[3.579s] -- Up-to-date symlink: /home/armando30/robotsprj/install/ur_dashboard_msgs/local/lib/python3.10/dist-packages/ur_dashboard_msgs/srv/_popup_s.c
[3.579s] -- Up-to-date symlink: /home/armando30/robotsprj/install/ur_dashboard_msgs/local/lib/python3.10/dist-packages/ur_dashboard_msgs/srv/_raw_request.py
[3.580s] -- Up-to-date symlink: /home/armando30/robotsprj/install/ur_dashboard_msgs/local/lib/python3.10/dist-packages/ur_dashboard_msgs/srv/_raw_request_s.c
[3.580s] -- Up-to-date symlink: /home/armando30/robotsprj/install/ur_dashboard_msgs/local/lib/python3.10/dist-packages/ur_dashboard_msgs/ur_dashboard_msgs_s__rosidl_typesupport_c.cpython-310-x86_64-linux-gnu.so
[3.581s] -- Up-to-date symlink: /home/armando30/robotsprj/install/ur_dashboard_msgs/local/lib/python3.10/dist-packages/ur_dashboard_msgs/ur_dashboard_msgs_s__rosidl_typesupport_fastrtps_c.cpython-310-x86_64-linux-gnu.so
[3.582s] -- Up-to-date symlink: /home/armando30/robotsprj/install/ur_dashboard_msgs/local/lib/python3.10/dist-packages/ur_dashboard_msgs/ur_dashboard_msgs_s__rosidl_typesupport_introspection_c.cpython-310-x86_64-linux-gnu.so
[3.582s] -- Up-to-date symlink: /home/armando30/robotsprj/install/ur_dashboard_msgs/local/lib/python3.10/dist-packages/ur_dashboard_msgs/ur_dashboard_msgs_s__rosidl_typesupport_fastrtps_c.cpython-310-x86_64-linux-gnu.so
[3.583s] -- Up-to-date symlink: /home/armando30/robotsprj/install/ur_dashboard_msgs/local/lib/python3.10/dist-packages/ur_dashboard_msgs/ur_dashboard_msgs_s__rosidl_typesupport_introspection_c.cpython-310-x86_64-linux-gnu.so
[3.583s] -- Up-to-date symlink: /home/armando30/robotsprj/install/ur_dashboard_msgs/local/lib/python3.10/dist-packages/ur_dashboard_msgs/ur_dashboard_msgs_s__rosidl_typesupport_c.cpython-310-x86_64-linux-gnu.so
[3.584s] -- Up-to-date symlink: /home/armando30/robotsprj/install/ur_dashboard_msgs/share/ur_dashboard_msgs/msg/ProgramState.idl
[3.585s] -- Up-to-date symlink: /home/armando30/robotsprj/install/ur_dashboard_msgs/share/ur_dashboard_msgs/msg/RobotMode.idl
[3.585s] -- Up-to-date symlink: /home/armando30/robotsprj/install/ur_dashboard_msgs/share/ur_dashboard_msgs/msg/SafetyMode.idl
[3.586s] -- Up-to-date symlink: /home/armando30/robotsprj/install/ur_dashboard_msgs/share/ur_dashboard_msgs/srv/AddToLog.idl
[3.587s] -- Up-to-date symlink: /home/armando30/robotsprj/install/ur_dashboard_msgs/share/ur_dashboard_msgs/srv/GetLoadedProgram.idl
[3.588s] -- Up-to-date symlink: /home/armando30/robotsprj/install/ur_dashboard_msgs/share/ur_dashboard_msgs/srv/GetProgramState.idl
[3.588s] -- Up-to-date symlink: /home/armando30/robotsprj/install/ur_dashboard_msgs/share/ur_dashboard_msgs/srv/GetRobotMode.idl
[3.589s] -- Up-to-date symlink: /home/armando30/robotsprj/install/ur_dashboard_msgs/share/ur_dashboard_msgs/srv/GetSafetyMode.idl
[3.589s] -- Up-to-date symlink: /home/armando30/robotsprj/install/ur_dashboard_msgs/share/ur_dashboard_msgs/srv/IsProgramRunning.idl
[3.590s] -- Up-to-date symlink: /home/armando30/robotsprj/install/ur_dashboard_msgs/share/ur_dashboard_msgs/srv/IsProgramSaved.idl
[3.590s] -- Up-to-date symlink: /home/armando30/robotsprj/install/ur_dashboard_msgs/share/ur_dashboard_msgs/srv/Load.idl
[3.591s] -- Up-to-date symlink: /home/armando30/robotsprj/install/ur_dashboard_msgs/share/ur_dashboard_msgs/srv/Popup.idl
[3.591s] -- Up-to-date symlink: /home/armando30/robotsprj/install/ur_dashboard_msgs/share/ur_dashboard_msgs/srv/RawRequest.idl
[3.592s] -- Up-to-date symlink: /home/armando30/robotsprj/install/ur_dashboard_msgs/share/ur_dashboard_msgs/srv/IsInRemoteControl.idl
[3.593s] -- Up-to-date symlink: /home/armando30/robotsprj/install/ur_dashboard_msgs/share/ur_dashboard_msgs/action/SetMode.idl
[3.594s] -- Up-to-date symlink: /home/armando30/robotsprj/install/ur_dashboard_msgs/share/ur_dashboard_msgs/msg/ProgramState.msg
[3.595s] -- Up-to-date symlink: /home/armando30/robotsprj/install/ur_dashboard_msgs/share/ur_dashboard_msgs/msg/RobotMode.msg
[3.597s] -- Up-to-date symlink: /home/armando30/robotsprj/install/ur_dashboard_msgs/share/ur_dashboard_msgs/msg/SafetyMode.msg
[3.600s] -- Up-to-date symlink: /home/armando30/robotsprj/install/ur_dashboard_msgs/share/ur_dashboard_msgs/srv/AddToLog.srv
[3.601s] -- Up-to-date symlink: /home/armando30/robotsprj/install/ur_dashboard_msgs/share/ur_dashboard_msgs/srv/AddToLog_Request.msg
[3.602s] -- Up-to-date symlink: /home/armando30/robotsprj/install/ur_dashboard_msgs/share/ur_dashboard_msgs/srv/AddToLog_Response.msg
[3.603s] -- Up-to-date symlink: /home/armando30/robotsprj/install/ur_dashboard_msgs/share/ur_dashboard_msgs/srv/GetLoadedProgram.srv
[3.603s] -- Up-to-date symlink: /home/armando30/robotsprj/install/ur_dashboard_msgs/share/ur_dashboard_msgs/srv/GetLoadedProgram_Request.msg
[3.604s] -- Up-to-date symlink: /home/armando30/robotsprj/install/ur_dashboard_msgs/share/ur_dashboard_msgs/srv/GetLoadedProgram_Response.msg
[3.604s] -- Up-to-date symlink: /home/armando30/robotsprj/install/ur_dashboard_msgs/share/ur_dashboard_msgs/srv/GetProgramState.srv
[3.605s] -- Up-to-date symlink: /home/armando30/robotsprj/install/ur_dashboard_msgs/share/ur_dashboard_msgs/srv/GetProgramState_Request.msg
[3.606s] -- Up-to-date symlink: /home/armando30/robotsprj/install/ur_dashboard_msgs/share/ur_dashboard_msgs/srv/GetProgramState_Response.msg
[3.606s] -- Up-to-date symlink: /home/armando30/robotsprj/install/ur_dashboard_msgs/share/ur_dashboard_msgs/srv/GetRobotMode.srv
[3.607s] -- Up-to-date symlink: /home/armando30/robotsprj/install/ur_dashboard_msgs/share/ur_dashboard_msgs/srv/GetRobotMode_Request.msg
[3.607s] -- Up-to-date symlink: /home/armando30/robotsprj/install/ur_dashboard_msgs/share/ur_dashboard_msgs/srv/GetRobotMode_Response.msg
[3.608s] -- Up-to-date symlink: /home/armando30/robotsprj/install/ur_dashboard_msgs/share/ur_dashboard_msgs/srv/GetSafetyMode.srv
[3.608s] -- Up-to-date symlink: /home/armando30/robotsprj/install/ur_dashboard_msgs/share/ur_dashboard_msgs/srv/GetSafetyMode_Request.msg
[3.609s] -- Up-to-date symlink: /home/armando30/robotsprj/install/ur_dashboard_msgs/share/ur_dashboard_msgs/srv/GetSafetyMode_Response.msg
[3.609s] -- Up-to-date symlink: /home/armando30/robotsprj/install/ur_dashboard_msgs/share/ur_dashboard_msgs/srv/IsProgramRunning.srv
[3.610s] -- Up-to-date symlink: /home/armando30/robotsprj/install/ur_dashboard_msgs/share/ur_dashboard_msgs/srv/IsProgramRunning_Request.msg
[3.611s] -- Up-to-date symlink: /home/armando30/robotsprj/install/ur_dashboard_msgs/share/ur_dashboard_msgs/srv/IsProgramRunning_Response.msg
[3.613s] -- Up-to-date symlink: /home/armando30/robotsprj/install/ur_dashboard_msgs/share/ur_dashboard_msgs/srv/IsProgramSaved.srv
[3.615s] -- Up-to-date symlink: /home/armando30/robotsprj/install/ur_dashboard_msgs/share/ur_dashboard_msgs/srv/IsProgramSaved_Request.msg
[3.617s] -- Up-to-date symlink: /home/armando30/robotsprj/install/ur_dashboard_msgs/share/ur_dashboard_msgs/srv/IsProgramSaved_Response.msg
[3.618s] -- Up-to-date symlink: /home/armando30/robotsprj/install/ur_dashboard_msgs/share/ur_dashboard_msgs/srv/Load.srv
[3.618s] -- Up-to-date symlink: /home/armando30/robotsprj/install/ur_dashboard_msgs/share/ur_dashboard_msgs/srv/Load_Request.msg
[3.618s] -- Up-to-date symlink: /home/armando30/robotsprj/install/ur_dashboard_msgs/share/ur_dashboard_msgs/srv/Load_Response.msg
[3.619s] -- Up-to-date symlink: /home/armando30/robotsprj/install/ur_dashboard_msgs/share/ur_dashboard_msgs/srv/Popup.srv
[3.620s] -- Up-to-date symlink: /home/armando30/robotsprj/install/ur_dashboard_msgs/share/ur_dashboard_msgs/srv/Popup_Request.msg
[3.620s] -- Up-to-date symlink: /home/armando30/robotsprj/install/ur_dashboard_msgs/share/ur_dashboard_msgs/srv/Popup_Response.msg
[3.620s] -- Up-to-date symlink: /home/armando30/robotsprj/install/ur_dashboard_msgs/share/ur_dashboard_msgs/srv/RawRequest.srv
[3.621s] -- Up-to-date symlink: /home/armando30/robotsprj/install/ur_dashboard_msgs/share/ur_dashboard_msgs/srv/RawRequest_Request.msg
[3.622s] -- Up-to-date symlink: /home/armando30/robotsprj/install/ur_dashboard_msgs/share/ur_dashboard_msgs/srv/RawRequest_Response.msg
[3.622s] -- Up-to-date symlink: /home/armando30/robotsprj/install/ur_dashboard_msgs/share/ur_dashboard_msgs/srv/IsInRemoteControl.srv
[3.623s] -- Up-to-date symlink: /home/armando30/robotsprj/install/ur_dashboard_msgs/share/ur_dashboard_msgs/srv/IsInRemoteControl_Request.msg
[3.623s] -- Up-to-date symlink: /home/armando30/robotsprj/install/ur_dashboard_msgs/share/ur_dashboard_msgs/srv/IsInRemoteControl_Response.msg
[3.623s] -- Up-to-date symlink: /home/armando30/robotsprj/install/ur_dashboard_msgs/share/ur_dashboard_msgs/action/SetMode.action
[3.624s] -- Up-to-date symlink: /home/armando30/robotsprj/install/ur_dashboard_msgs/share/ament_index/resource_index/package_run_dependencies/ur_dashboard_msgs
[3.624s] -- Up-to-date symlink: /home/armando30/robotsprj/install/ur_dashboard_msgs/share/ament_index/resource_index/parent_prefix_path/ur_dashboard_msgs
[3.625s] -- Up-to-date symlink: /home/armando30/robotsprj/install/ur_dashboard_msgs/share/ur_dashboard_msgs/environment/ament_prefix_path.sh
[3.625s] -- Up-to-date symlink: /home/armando30/robotsprj/install/ur_dashboard_msgs/share/ur_dashboard_msgs/environment/ament_prefix_path.dsv
[3.626s] -- Up-to-date symlink: /home/armando30/robotsprj/install/ur_dashboard_msgs/share/ur_dashboard_msgs/environment/path.sh
[3.626s] -- Up-to-date symlink: /home/armando30/robotsprj/install/ur_dashboard_msgs/share/ur_dashboard_msgs/environment/path.dsv
[3.628s] -- Up-to-date symlink: /home/armando30/robotsprj/install/ur_dashboard_msgs/share/ur_dashboard_msgs/local_setup.bash
[3.631s] -- Up-to-date symlink: /home/armando30/robotsprj/install/ur_dashboard_msgs/share/ur_dashboard_msgs/local_setup.sh
[3.632s] -- Up-to-date symlink: /home/armando30/robotsprj/install/ur_dashboard_msgs/share/ur_dashboard_msgs/local_setup.zsh
[3.633s] -- Up-to-date symlink: /home/armando30/robotsprj/install/ur_dashboard_msgs/share/ur_dashboard_msgs/local_setup.dsv
[3.637s] -- Symlinking: /home/armando30/robotsprj/install/ur_dashboard_msgs/share/ur_dashboard_msgs/package.dsv
[3.647s] -- Up-to-date symlink: /home/armando30/robotsprj/install/ur_dashboard_msgs/share/ament_index/resource_index/packages/ur_dashboard_msgs
[3.648s] -- Up-to-date symlink: /home/armando30/robotsprj/install/ur_dashboard_msgs/share/ur_dashboard_msgs/cmake/rosidl_cmake-extras.cmake
[3.648s] -- Up-to-date symlink: /home/armando30/robotsprj/install/ur_dashboard_msgs/share/ur_dashboard_msgs/cmake/ament_cmake_export_dependencies-extras.cmake
[3.648s] -- Up-to-date symlink: /home/armando30/robotsprj/install/ur_dashboard_msgs/share/ur_dashboard_msgs/cmake/ament_cmake_export_include_directories-extras.cmake
[3.649s] -- Up-to-date symlink: /home/armando30/robotsprj/install/ur_dashboard_msgs/share/ur_dashboard_msgs/cmake/ament_cmake_export_libraries-extras.cmake
[3.649s] -- Up-to-date symlink: /home/armando30/robotsprj/install/ur_dashboard_msgs/share/ur_dashboard_msgs/cmake/ament_cmake_export_targets-extras.cmake
[3.650s] -- Up-to-date symlink: /home/armando30/robotsprj/install/ur_dashboard_msgs/share/ur_dashboard_msgs/cmake/rosidl_cmake_export_typesupport_targets-extras.cmake
[3.650s] -- Up-to-date symlink: /home/armando30/robotsprj/install/ur_dashboard_msgs/share/ur_dashboard_msgs/cmake/rosidl_cmake_export_typesupport_libraries-extras.cmake
[3.650s] -- Up-to-date symlink: /home/armando30/robotsprj/install/ur_dashboard_msgs/share/ur_dashboard_msgs/cmake/ur_dashboard_msgsConfig.cmake
[3.651s] -- Up-to-date symlink: /home/armando30/robotsprj/install/ur_dashboard_msgs/share/ur_dashboard_msgs/cmake/ur_dashboard_msgsConfig-version.cmake
[3.651s] -- Up-to-date symlink: /home/armando30/robotsprj/install/ur_dashboard_msgs/share/ur_dashboard_msgs/package.xml
[3.651s] -- Up-to-date: /home/armando30/robotsprj/install/ur_dashboard_msgs/lib/libur_dashboard_msgs__rosidl_generator_c.so
[3.651s] -- Up-to-date: /home/armando30/robotsprj/install/ur_dashboard_msgs/lib/libur_dashboard_msgs__rosidl_typesupport_fastrtps_c.so
[3.652s] -- Up-to-date: /home/armando30/robotsprj/install/ur_dashboard_msgs/lib/libur_dashboard_msgs__rosidl_typesupport_introspection_c.so
[3.652s] -- Up-to-date: /home/armando30/robotsprj/install/ur_dashboard_msgs/lib/libur_dashboard_msgs__rosidl_typesupport_c.so
[3.653s] -- Up-to-date: /home/armando30/robotsprj/install/ur_dashboard_msgs/lib/libur_dashboard_msgs__rosidl_typesupport_fastrtps_cpp.so
[3.653s] -- Up-to-date: /home/armando30/robotsprj/install/ur_dashboard_msgs/lib/libur_dashboard_msgs__rosidl_typesupport_introspection_cpp.so
[3.653s] -- Up-to-date: /home/armando30/robotsprj/install/ur_dashboard_msgs/lib/libur_dashboard_msgs__rosidl_typesupport_cpp.so
[3.820s] Listing '/home/armando30/robotsprj/install/ur_dashboard_msgs/local/lib/python3.10/dist-packages/ur_dashboard_msgs'...
[3.821s] Listing '/home/armando30/robotsprj/install/ur_dashboard_msgs/local/lib/python3.10/dist-packages/ur_dashboard_msgs/action'...
[3.821s] Listing '/home/armando30/robotsprj/install/ur_dashboard_msgs/local/lib/python3.10/dist-packages/ur_dashboard_msgs/msg'...
[3.821s] Listing '/home/armando30/robotsprj/install/ur_dashboard_msgs/local/lib/python3.10/dist-packages/ur_dashboard_msgs/srv'...
[3.838s] -- Up-to-date: /home/armando30/robotsprj/install/ur_dashboard_msgs/lib/libur_dashboard_msgs__rosidl_generator_py.so
[3.862s] -- Up-to-date: /home/armando30/robotsprj/install/ur_dashboard_msgs/share/ur_dashboard_msgs/cmake/export_ur_dashboard_msgs__rosidl_generator_cExport.cmake
[3.863s] -- Up-to-date: /home/armando30/robotsprj/install/ur_dashboard_msgs/share/ur_dashboard_msgs/cmake/export_ur_dashboard_msgs__rosidl_generator_cExport-noconfig.cmake
[3.864s] -- Up-to-date: /home/armando30/robotsprj/install/ur_dashboard_msgs/share/ur_dashboard_msgs/cmake/export_ur_dashboard_msgs__rosidl_typesupport_fastrtps_cExport.cmake
[3.864s] -- Up-to-date: /home/armando30/robotsprj/install/ur_dashboard_msgs/share/ur_dashboard_msgs/cmake/export_ur_dashboard_msgs__rosidl_typesupport_fastrtps_cExport-noconfig.cmake
[3.865s] -- Up-to-date: /home/armando30/robotsprj/install/ur_dashboard_msgs/share/ur_dashboard_msgs/cmake/ur_dashboard_msgs__rosidl_typesupport_introspection_cExport.cmake
[3.865s] -- Up-to-date: /home/armando30/robotsprj/install/ur_dashboard_msgs/share/ur_dashboard_msgs/cmake/ur_dashboard_msgs__rosidl_typesupport_introspection_cExport-noconfig.cmake
[3.866s] -- Up-to-date: /home/armando30/robotsprj/install/ur_dashboard_msgs/share/ur_dashboard_msgs/cmake/ur_dashboard_msgs__rosidl_typesupport_cExport.cmake
[3.867s] -- Up-to-date: /home/armando30/robotsprj/install/ur_dashboard_msgs/share/ur_dashboard_msgs/cmake/ur_dashboard_msgs__rosidl_typesupport_cExport-noconfig.cmake
[3.868s] -- Up-to-date: /home/armando30/robotsprj/install/ur_dashboard_msgs/share/ur_dashboard_msgs/cmake/export_ur_dashboard_msgs__rosidl_generator_cppExport.cmake
[3.870s] -- Up-to-date: /home/armando30/robotsprj/install/ur_dashboard_msgs/share/ur_dashboard_msgs/cmake/export_ur_dashboard_msgs__rosidl_typesupport_fastrtps_cppExport.cmake
[3.873s] -- Up-to-date: /home/armando30/robotsprj/install/ur_dashboard_msgs/share/ur_dashboard_msgs/cmake/export_ur_dashboard_msgs__rosidl_typesupport_fastrtps_cppExport-noconfig.cmake
[3.873s] -- Up-to-date: /home/armando30/robotsprj/install/ur_dashboard_msgs/share/ur_dashboard_msgs/cmake/ur_dashboard_msgs__rosidl_typesupport_introspection_cppExport.cmake
[3.874s] -- Up-to-date: /home/armando30/robotsprj/install/ur_dashboard_msgs/share/ur_dashboard_msgs/cmake/ur_dashboard_msgs__rosidl_typesupport_introspection_cppExport-noconfig.cmake
[3.874s] -- Up-to-date: /home/armando30/robotsprj/install/ur_dashboard_msgs/share/ur_dashboard_msgs/cmake/ur_dashboard_msgs__rosidl_typesupport_cppExport.cmake
[3.877s] -- Up-to-date: /home/armando30/robotsprj/install/ur_dashboard_msgs/share/ur_dashboard_msgs/cmake/ur_dashboard_msgs__rosidl_typesupport_cppExport-noconfig.cmake
[3.878s] -- Up-to-date: /home/armando30/robotsprj/install/ur_dashboard_msgs/share/ur_dashboard_msgs/cmake/export_ur_dashboard_msgs__rosidl_generator_pyExport.cmake
[3.878s] -- Up-to-date: /home/armando30/robotsprj/install/ur_dashboard_msgs/share/ur_dashboard_msgs/cmake/export_ur_dashboard_msgs__rosidl_generator_pyExport-noconfig.cmake
[3.918s] Invoked command in '/home/armando30/robotsprj/build/ur_dashboard_msgs' returned '0': CMAKE_PREFIX_PATH=${CMAKE_PREFIX_PATH}:/opt/ros/humble /usr/bin/cmake --install /home/armando30/robotsprj/build/ur_dashboard_msgs
