[0.047s] Invoking command in '/home/armando30/robotsprj/build/ur_bringup': CMAKE_PREFIX_PATH=/home/armando30/robotsprj/install/ur_controllers:/home/armando30/robotsprj/install/ur_dashboard_msgs:/home/armando30/robotsprj/install/ur:/home/armando30/robotsprj/install/ur_calibration:/home/armando30/robotsprj/install/ur_robot_driver:/home/armando30/robotsprj/install/ur_moveit_config:/home/armando30/robotsprj/install/ur_bringup:/home/armando30/robotsprj/install/ros2_linkattacher:/home/armando30/robotsprj/install/ros2_conveyorbelt:/home/armando30/robotsprj/install/linkattacher_msgs:/home/armando30/robotsprj/install/conveyorbelt_msgs:/home/armando30/robotsprj/install/conveyorbelt_gazebo:/opt/ros/humble LD_LIBRARY_PATH=/home/armando30/robotsprj/install/ur_controllers/lib:/home/armando30/robotsprj/install/ur_dashboard_msgs/lib:/home/armando30/robotsprj/install/ur_robot_driver/lib:/home/armando30/robotsprj/install/ros2_linkattacher/lib:/home/armando30/robotsprj/install/ros2_conveyorbelt/lib:/home/armando30/robotsprj/install/linkattacher_msgs/lib:/home/armando30/robotsprj/install/conveyorbelt_msgs/lib:/opt/ros/humble/opt/rviz_ogre_vendor/lib:/opt/ros/humble/lib/x86_64-linux-gnu:/opt/ros/humble/lib /usr/bin/cmake /home/armando30/robotsprj/src/Universal_Robots_ROS2_Driver/ur_bringup -DAMENT_CMAKE_SYMLINK_INSTALL=1 -DCMAKE_INSTALL_PREFIX=/home/armando30/robotsprj/install/ur_bringup
[0.242s] -- The C compiler identification is GNU 11.4.0
[0.441s] -- The CXX compiler identification is GNU 11.4.0
[0.476s] -- Detecting C compiler ABI info
[0.704s] -- Detecting C compiler ABI info - done
[0.736s] -- Check for working C compiler: /usr/bin/cc - skipped
[0.736s] -- Detecting C compile features
[0.738s] -- Detecting C compile features - done
[0.749s] -- Detecting CXX compiler ABI info
[0.994s] -- Detecting CXX compiler ABI info - done
[1.050s] -- Check for working CXX compiler: /usr/bin/c++ - skipped
[1.051s] -- Detecting CXX compile features
[1.054s] -- Detecting CXX compile features - done
[1.072s] -- Found ament_cmake: 1.3.12 (/opt/ros/humble/share/ament_cmake/cmake)
[1.629s] -- Found Python3: /usr/bin/python3 (found version "3.10.12") found components: Interpreter 
[1.853s] -- Override CMake install command with custom implementation using symlinks instead of copying resources
[2.208s] -- Configuring done
[2.217s] -- Generating done
[2.222s] -- Build files have been written to: /home/armando30/robotsprj/build/ur_bringup
[2.234s] Invoked command in '/home/armando30/robotsprj/build/ur_bringup' returned '0': CMAKE_PREFIX_PATH=/home/armando30/robotsprj/install/ur_controllers:/home/armando30/robotsprj/install/ur_dashboard_msgs:/home/armando30/robotsprj/install/ur:/home/armando30/robotsprj/install/ur_calibration:/home/armando30/robotsprj/install/ur_robot_driver:/home/armando30/robotsprj/install/ur_moveit_config:/home/armando30/robotsprj/install/ur_bringup:/home/armando30/robotsprj/install/ros2_linkattacher:/home/armando30/robotsprj/install/ros2_conveyorbelt:/home/armando30/robotsprj/install/linkattacher_msgs:/home/armando30/robotsprj/install/conveyorbelt_msgs:/home/armando30/robotsprj/install/conveyorbelt_gazebo:/opt/ros/humble LD_LIBRARY_PATH=/home/armando30/robotsprj/install/ur_controllers/lib:/home/armando30/robotsprj/install/ur_dashboard_msgs/lib:/home/armando30/robotsprj/install/ur_robot_driver/lib:/home/armando30/robotsprj/install/ros2_linkattacher/lib:/home/armando30/robotsprj/install/ros2_conveyorbelt/lib:/home/armando30/robotsprj/install/linkattacher_msgs/lib:/home/armando30/robotsprj/install/conveyorbelt_msgs/lib:/opt/ros/humble/opt/rviz_ogre_vendor/lib:/opt/ros/humble/lib/x86_64-linux-gnu:/opt/ros/humble/lib /usr/bin/cmake /home/armando30/robotsprj/src/Universal_Robots_ROS2_Driver/ur_bringup -DAMENT_CMAKE_SYMLINK_INSTALL=1 -DCMAKE_INSTALL_PREFIX=/home/armando30/robotsprj/install/ur_bringup
[2.239s] Invoking command in '/home/armando30/robotsprj/build/ur_bringup': CMAKE_PREFIX_PATH=/home/armando30/robotsprj/install/ur_controllers:/home/armando30/robotsprj/install/ur_dashboard_msgs:/home/armando30/robotsprj/install/ur:/home/armando30/robotsprj/install/ur_calibration:/home/armando30/robotsprj/install/ur_robot_driver:/home/armando30/robotsprj/install/ur_moveit_config:/home/armando30/robotsprj/install/ur_bringup:/home/armando30/robotsprj/install/ros2_linkattacher:/home/armando30/robotsprj/install/ros2_conveyorbelt:/home/armando30/robotsprj/install/linkattacher_msgs:/home/armando30/robotsprj/install/conveyorbelt_msgs:/home/armando30/robotsprj/install/conveyorbelt_gazebo:/opt/ros/humble LD_LIBRARY_PATH=/home/armando30/robotsprj/install/ur_controllers/lib:/home/armando30/robotsprj/install/ur_dashboard_msgs/lib:/home/armando30/robotsprj/install/ur_robot_driver/lib:/home/armando30/robotsprj/install/ros2_linkattacher/lib:/home/armando30/robotsprj/install/ros2_conveyorbelt/lib:/home/armando30/robotsprj/install/linkattacher_msgs/lib:/home/armando30/robotsprj/install/conveyorbelt_msgs/lib:/opt/ros/humble/opt/rviz_ogre_vendor/lib:/opt/ros/humble/lib/x86_64-linux-gnu:/opt/ros/humble/lib /usr/bin/cmake --build /home/armando30/robotsprj/build/ur_bringup -- -j8 -l8
[2.354s] Invoked command in '/home/armando30/robotsprj/build/ur_bringup' returned '0': CMAKE_PREFIX_PATH=/home/armando30/robotsprj/install/ur_controllers:/home/armando30/robotsprj/install/ur_dashboard_msgs:/home/armando30/robotsprj/install/ur:/home/armando30/robotsprj/install/ur_calibration:/home/armando30/robotsprj/install/ur_robot_driver:/home/armando30/robotsprj/install/ur_moveit_config:/home/armando30/robotsprj/install/ur_bringup:/home/armando30/robotsprj/install/ros2_linkattacher:/home/armando30/robotsprj/install/ros2_conveyorbelt:/home/armando30/robotsprj/install/linkattacher_msgs:/home/armando30/robotsprj/install/conveyorbelt_msgs:/home/armando30/robotsprj/install/conveyorbelt_gazebo:/opt/ros/humble LD_LIBRARY_PATH=/home/armando30/robotsprj/install/ur_controllers/lib:/home/armando30/robotsprj/install/ur_dashboard_msgs/lib:/home/armando30/robotsprj/install/ur_robot_driver/lib:/home/armando30/robotsprj/install/ros2_linkattacher/lib:/home/armando30/robotsprj/install/ros2_conveyorbelt/lib:/home/armando30/robotsprj/install/linkattacher_msgs/lib:/home/armando30/robotsprj/install/conveyorbelt_msgs/lib:/opt/ros/humble/opt/rviz_ogre_vendor/lib:/opt/ros/humble/lib/x86_64-linux-gnu:/opt/ros/humble/lib /usr/bin/cmake --build /home/armando30/robotsprj/build/ur_bringup -- -j8 -l8
[2.359s] Invoking command in '/home/armando30/robotsprj/build/ur_bringup': CMAKE_PREFIX_PATH=/home/armando30/robotsprj/install/ur_controllers:/home/armando30/robotsprj/install/ur_dashboard_msgs:/home/armando30/robotsprj/install/ur:/home/armando30/robotsprj/install/ur_calibration:/home/armando30/robotsprj/install/ur_robot_driver:/home/armando30/robotsprj/install/ur_moveit_config:/home/armando30/robotsprj/install/ur_bringup:/home/armando30/robotsprj/install/ros2_linkattacher:/home/armando30/robotsprj/install/ros2_conveyorbelt:/home/armando30/robotsprj/install/linkattacher_msgs:/home/armando30/robotsprj/install/conveyorbelt_msgs:/home/armando30/robotsprj/install/conveyorbelt_gazebo:/opt/ros/humble LD_LIBRARY_PATH=/home/armando30/robotsprj/install/ur_controllers/lib:/home/armando30/robotsprj/install/ur_dashboard_msgs/lib:/home/armando30/robotsprj/install/ur_robot_driver/lib:/home/armando30/robotsprj/install/ros2_linkattacher/lib:/home/armando30/robotsprj/install/ros2_conveyorbelt/lib:/home/armando30/robotsprj/install/linkattacher_msgs/lib:/home/armando30/robotsprj/install/conveyorbelt_msgs/lib:/opt/ros/humble/opt/rviz_ogre_vendor/lib:/opt/ros/humble/lib/x86_64-linux-gnu:/opt/ros/humble/lib /usr/bin/cmake --install /home/armando30/robotsprj/build/ur_bringup
[2.381s] -- Install configuration: ""
[2.383s] -- Execute custom install script
[2.392s] -- Symlinking: /home/armando30/robotsprj/install/ur_bringup/share/ur_bringup/config/test_goal_publishers_config.yaml
[2.419s] -- Symlinking: /home/armando30/robotsprj/install/ur_bringup/share/ur_bringup/config/test_velocity_goal_publishers_config.yaml
[2.445s] -- Symlinking: /home/armando30/robotsprj/install/ur_bringup/share/ur_bringup/config/ur10_update_rate.yaml
[2.471s] -- Symlinking: /home/armando30/robotsprj/install/ur_bringup/share/ur_bringup/config/ur10e_update_rate.yaml
[2.497s] -- Symlinking: /home/armando30/robotsprj/install/ur_bringup/share/ur_bringup/config/ur16e_update_rate.yaml
[2.524s] -- Symlinking: /home/armando30/robotsprj/install/ur_bringup/share/ur_bringup/config/ur3_update_rate.yaml
[2.553s] -- Symlinking: /home/armando30/robotsprj/install/ur_bringup/share/ur_bringup/config/ur3e_update_rate.yaml
[2.579s] -- Symlinking: /home/armando30/robotsprj/install/ur_bringup/share/ur_bringup/config/ur5_update_rate.yaml
[2.606s] -- Symlinking: /home/armando30/robotsprj/install/ur_bringup/share/ur_bringup/config/ur5e_update_rate.yaml
[2.634s] -- Symlinking: /home/armando30/robotsprj/install/ur_bringup/share/ur_bringup/config/ur_controllers.yaml
[2.662s] -- Symlinking: /home/armando30/robotsprj/install/ur_bringup/share/ur_bringup/launch/test_forward_velocity_controller.launch.py
[2.689s] -- Symlinking: /home/armando30/robotsprj/install/ur_bringup/share/ur_bringup/launch/test_joint_trajectory_controller.launch.py
[2.717s] -- Symlinking: /home/armando30/robotsprj/install/ur_bringup/share/ur_bringup/launch/test_scaled_joint_trajectory_controller.launch.py
[2.746s] -- Symlinking: /home/armando30/robotsprj/install/ur_bringup/share/ur_bringup/launch/ur10.launch.py
[2.773s] -- Symlinking: /home/armando30/robotsprj/install/ur_bringup/share/ur_bringup/launch/ur10e.launch.py
[2.799s] -- Symlinking: /home/armando30/robotsprj/install/ur_bringup/share/ur_bringup/launch/ur12e.launch.py
[2.825s] -- Symlinking: /home/armando30/robotsprj/install/ur_bringup/share/ur_bringup/launch/ur15.launch.py
[2.853s] -- Symlinking: /home/armando30/robotsprj/install/ur_bringup/share/ur_bringup/launch/ur16e.launch.py
[2.879s] -- Symlinking: /home/armando30/robotsprj/install/ur_bringup/share/ur_bringup/launch/ur20.launch.py
[2.905s] -- Symlinking: /home/armando30/robotsprj/install/ur_bringup/share/ur_bringup/launch/ur3.launch.py
[2.931s] -- Symlinking: /home/armando30/robotsprj/install/ur_bringup/share/ur_bringup/launch/ur30.launch.py
[2.958s] -- Symlinking: /home/armando30/robotsprj/install/ur_bringup/share/ur_bringup/launch/ur3e.launch.py
[2.984s] -- Symlinking: /home/armando30/robotsprj/install/ur_bringup/share/ur_bringup/launch/ur5.launch.py
[3.010s] -- Symlinking: /home/armando30/robotsprj/install/ur_bringup/share/ur_bringup/launch/ur5e.launch.py
[3.036s] -- Symlinking: /home/armando30/robotsprj/install/ur_bringup/share/ur_bringup/launch/ur7e.launch.py
[3.063s] -- Symlinking: /home/armando30/robotsprj/install/ur_bringup/share/ur_bringup/launch/ur_control.launch.py
[3.090s] -- Symlinking: /home/armando30/robotsprj/install/ur_bringup/share/ur_bringup/launch/ur_dashboard_client.launch.py
[3.117s] -- Symlinking: /home/armando30/robotsprj/install/ur_bringup/lib/ur_bringup/start_ursim.sh
[3.144s] -- Symlinking: /home/armando30/robotsprj/install/ur_bringup/share/ament_index/resource_index/package_run_dependencies/ur_bringup
[3.172s] -- Symlinking: /home/armando30/robotsprj/install/ur_bringup/share/ament_index/resource_index/parent_prefix_path/ur_bringup
[3.199s] -- Symlinking: /home/armando30/robotsprj/install/ur_bringup/share/ur_bringup/environment/ament_prefix_path.sh
[3.226s] -- Symlinking: /home/armando30/robotsprj/install/ur_bringup/share/ur_bringup/environment/ament_prefix_path.dsv
[3.253s] -- Symlinking: /home/armando30/robotsprj/install/ur_bringup/share/ur_bringup/environment/path.sh
[3.280s] -- Symlinking: /home/armando30/robotsprj/install/ur_bringup/share/ur_bringup/environment/path.dsv
[3.307s] -- Symlinking: /home/armando30/robotsprj/install/ur_bringup/share/ur_bringup/local_setup.bash
[3.335s] -- Symlinking: /home/armando30/robotsprj/install/ur_bringup/share/ur_bringup/local_setup.sh
[3.362s] -- Symlinking: /home/armando30/robotsprj/install/ur_bringup/share/ur_bringup/local_setup.zsh
[3.390s] -- Symlinking: /home/armando30/robotsprj/install/ur_bringup/share/ur_bringup/local_setup.dsv
[3.418s] -- Symlinking: /home/armando30/robotsprj/install/ur_bringup/share/ur_bringup/package.dsv
[3.446s] -- Symlinking: /home/armando30/robotsprj/install/ur_bringup/share/ament_index/resource_index/packages/ur_bringup
[3.473s] -- Symlinking: /home/armando30/robotsprj/install/ur_bringup/share/ur_bringup/cmake/ur_bringupConfig.cmake
[3.500s] -- Symlinking: /home/armando30/robotsprj/install/ur_bringup/share/ur_bringup/cmake/ur_bringupConfig-version.cmake
[3.528s] -- Symlinking: /home/armando30/robotsprj/install/ur_bringup/share/ur_bringup/package.xml
[3.562s] Invoked command in '/home/armando30/robotsprj/build/ur_bringup' returned '0': CMAKE_PREFIX_PATH=/home/armando30/robotsprj/install/ur_controllers:/home/armando30/robotsprj/install/ur_dashboard_msgs:/home/armando30/robotsprj/install/ur:/home/armando30/robotsprj/install/ur_calibration:/home/armando30/robotsprj/install/ur_robot_driver:/home/armando30/robotsprj/install/ur_moveit_config:/home/armando30/robotsprj/install/ur_bringup:/home/armando30/robotsprj/install/ros2_linkattacher:/home/armando30/robotsprj/install/ros2_conveyorbelt:/home/armando30/robotsprj/install/linkattacher_msgs:/home/armando30/robotsprj/install/conveyorbelt_msgs:/home/armando30/robotsprj/install/conveyorbelt_gazebo:/opt/ros/humble LD_LIBRARY_PATH=/home/armando30/robotsprj/install/ur_controllers/lib:/home/armando30/robotsprj/install/ur_dashboard_msgs/lib:/home/armando30/robotsprj/install/ur_robot_driver/lib:/home/armando30/robotsprj/install/ros2_linkattacher/lib:/home/armando30/robotsprj/install/ros2_conveyorbelt/lib:/home/armando30/robotsprj/install/linkattacher_msgs/lib:/home/armando30/robotsprj/install/conveyorbelt_msgs/lib:/opt/ros/humble/opt/rviz_ogre_vendor/lib:/opt/ros/humble/lib/x86_64-linux-gnu:/opt/ros/humble/lib /usr/bin/cmake --install /home/armando30/robotsprj/build/ur_bringup
