[0.127s] Invoking command in '/home/armando30/robotsprj/build/linkattacher_msgs': CMAKE_PREFIX_PATH=${CMAKE_PREFIX_PATH}:/opt/ros/humble /usr/bin/cmake --build /home/armando30/robotsprj/build/linkattacher_msgs -- -j8 -l8
[0.432s] [35m[1mConsolidate compiler generated dependencies of target linkattacher_msgs__rosidl_generator_c[0m
[0.481s] [  2%] Built target linkattacher_msgs__cpp
[0.507s] [ 12%] Built target linkattacher_msgs__rosidl_generator_c
[0.638s] [ 12%] Built target ament_cmake_python_symlink_linkattacher_msgs
[0.658s] [35m[1mConsolidate compiler generated dependencies of target linkattacher_msgs__rosidl_typesupport_fastrtps_cpp[0m
[0.668s] [35m[1mConsolidate compiler generated dependencies of target linkattacher_msgs__rosidl_typesupport_cpp[0m
[0.735s] [35m[1mConsolidate compiler generated dependencies of target linkattacher_msgs__rosidl_typesupport_c[0m
[0.771s] [ 23%] Built target linkattacher_msgs__rosidl_typesupport_fastrtps_cpp
[0.788s] [ 33%] Built target linkattacher_msgs__rosidl_typesupport_cpp
[0.789s] [35m[1mConsolidate compiler generated dependencies of target linkattacher_msgs__rosidl_typesupport_introspection_cpp[0m
[0.799s] [35m[1mConsolidate compiler generated dependencies of target linkattacher_msgs__rosidl_typesupport_introspection_c[0m
[0.826s] [35m[1mConsolidate compiler generated dependencies of target linkattacher_msgs__rosidl_typesupport_fastrtps_c[0m
[0.876s] [ 43%] Built target linkattacher_msgs__rosidl_typesupport_c
[0.891s] [ 53%] Built target linkattacher_msgs__rosidl_typesupport_introspection_c
[0.906s] [ 64%] Built target linkattacher_msgs__rosidl_typesupport_introspection_cpp
[0.923s] [ 74%] Built target linkattacher_msgs__rosidl_typesupport_fastrtps_c
[1.181s] [ 74%] Built target linkattacher_msgs
[1.361s] [ 76%] Built target linkattacher_msgs__py
[1.556s] [35m[1mConsolidate compiler generated dependencies of target linkattacher_msgs__rosidl_generator_py[0m
[1.664s] [ 84%] Built target linkattacher_msgs__rosidl_generator_py
[1.775s] [35m[1mConsolidate compiler generated dependencies of target linkattacher_msgs__rosidl_typesupport_c__pyext[0m
[1.791s] [35m[1mConsolidate compiler generated dependencies of target linkattacher_msgs__rosidl_typesupport_fastrtps_c__pyext[0m
[1.806s] [35m[1mConsolidate compiler generated dependencies of target linkattacher_msgs__rosidl_typesupport_introspection_c__pyext[0m
[1.900s] [ 89%] Built target linkattacher_msgs__rosidl_typesupport_c__pyext
[1.903s] [ 94%] Built target linkattacher_msgs__rosidl_typesupport_fastrtps_c__pyext
[1.962s] [100%] Built target linkattacher_msgs__rosidl_typesupport_introspection_c__pyext
[2.763s] running egg_info
[2.767s] writing linkattacher_msgs.egg-info/PKG-INFO
[2.770s] writing dependency_links to linkattacher_msgs.egg-info/dependency_links.txt
[2.770s] writing top-level names to linkattacher_msgs.egg-info/top_level.txt
[2.783s] reading manifest file 'linkattacher_msgs.egg-info/SOURCES.txt'
[2.791s] writing manifest file 'linkattacher_msgs.egg-info/SOURCES.txt'
[2.919s] [100%] Built target ament_cmake_python_build_linkattacher_msgs_egg
[2.960s] Invoked command in '/home/armando30/robotsprj/build/linkattacher_msgs' returned '0': CMAKE_PREFIX_PATH=${CMAKE_PREFIX_PATH}:/opt/ros/humble /usr/bin/cmake --build /home/armando30/robotsprj/build/linkattacher_msgs -- -j8 -l8
[2.985s] Invoking command in '/home/armando30/robotsprj/build/linkattacher_msgs': CMAKE_PREFIX_PATH=${CMAKE_PREFIX_PATH}:/opt/ros/humble /usr/bin/cmake --install /home/armando30/robotsprj/build/linkattacher_msgs
[3.122s] -- Install configuration: ""
[3.136s] -- Execute custom install script
[3.137s] -- Up-to-date symlink: /home/armando30/robotsprj/install/linkattacher_msgs/share/linkattacher_msgs/srv/AttachLink.srv
[3.138s] -- Up-to-date symlink: /home/armando30/robotsprj/install/linkattacher_msgs/share/linkattacher_msgs/srv/DetachLink.srv
[3.139s] -- Up-to-date symlink: /home/armando30/robotsprj/install/linkattacher_msgs/share/ament_index/resource_index/rosidl_interfaces/linkattacher_msgs
[3.140s] -- Up-to-date symlink: /home/armando30/robotsprj/install/linkattacher_msgs/include/linkattacher_msgs/linkattacher_msgs/msg/rosidl_generator_c__visibility_control.h
[3.141s] -- Up-to-date symlink: /home/armando30/robotsprj/install/linkattacher_msgs/include/linkattacher_msgs/linkattacher_msgs/srv/attach_link.h
[3.142s] -- Up-to-date symlink: /home/armando30/robotsprj/install/linkattacher_msgs/include/linkattacher_msgs/linkattacher_msgs/srv/detach_link.h
[3.143s] -- Up-to-date symlink: /home/armando30/robotsprj/install/linkattacher_msgs/include/linkattacher_msgs/linkattacher_msgs/srv/detail/attach_link__functions.h
[3.144s] -- Up-to-date symlink: /home/armando30/robotsprj/install/linkattacher_msgs/include/linkattacher_msgs/linkattacher_msgs/srv/detail/attach_link__struct.h
[3.144s] -- Up-to-date symlink: /home/armando30/robotsprj/install/linkattacher_msgs/include/linkattacher_msgs/linkattacher_msgs/srv/detail/attach_link__type_support.h
[3.145s] -- Up-to-date symlink: /home/armando30/robotsprj/install/linkattacher_msgs/include/linkattacher_msgs/linkattacher_msgs/srv/detail/detach_link__functions.h
[3.145s] -- Up-to-date symlink: /home/armando30/robotsprj/install/linkattacher_msgs/include/linkattacher_msgs/linkattacher_msgs/srv/detail/detach_link__struct.h
[3.146s] -- Up-to-date symlink: /home/armando30/robotsprj/install/linkattacher_msgs/include/linkattacher_msgs/linkattacher_msgs/srv/detail/detach_link__type_support.h
[3.146s] -- Up-to-date symlink: /home/armando30/robotsprj/install/linkattacher_msgs/share/linkattacher_msgs/environment/library_path.sh
[3.147s] -- Up-to-date symlink: /home/armando30/robotsprj/install/linkattacher_msgs/share/linkattacher_msgs/environment/library_path.dsv
[3.148s] -- Up-to-date symlink: /home/armando30/robotsprj/install/linkattacher_msgs/include/linkattacher_msgs/linkattacher_msgs/msg/rosidl_typesupport_fastrtps_c__visibility_control.h
[3.149s] -- Up-to-date symlink: /home/armando30/robotsprj/install/linkattacher_msgs/include/linkattacher_msgs/linkattacher_msgs/srv/detail/attach_link__rosidl_typesupport_fastrtps_c.h
[3.149s] -- Up-to-date symlink: /home/armando30/robotsprj/install/linkattacher_msgs/include/linkattacher_msgs/linkattacher_msgs/srv/detail/detach_link__rosidl_typesupport_fastrtps_c.h
[3.151s] -- Up-to-date symlink: /home/armando30/robotsprj/install/linkattacher_msgs/include/linkattacher_msgs/linkattacher_msgs/msg/rosidl_typesupport_introspection_c__visibility_control.h
[3.151s] -- Up-to-date symlink: /home/armando30/robotsprj/install/linkattacher_msgs/include/linkattacher_msgs/linkattacher_msgs/srv/detail/attach_link__rosidl_typesupport_introspection_c.h
[3.152s] -- Up-to-date symlink: /home/armando30/robotsprj/install/linkattacher_msgs/include/linkattacher_msgs/linkattacher_msgs/srv/detail/detach_link__rosidl_typesupport_introspection_c.h
[3.153s] -- Up-to-date symlink: /home/armando30/robotsprj/install/linkattacher_msgs/include/linkattacher_msgs/linkattacher_msgs/msg/rosidl_generator_cpp__visibility_control.hpp
[3.154s] -- Up-to-date symlink: /home/armando30/robotsprj/install/linkattacher_msgs/include/linkattacher_msgs/linkattacher_msgs/srv/attach_link.hpp
[3.154s] -- Up-to-date symlink: /home/armando30/robotsprj/install/linkattacher_msgs/include/linkattacher_msgs/linkattacher_msgs/srv/detach_link.hpp
[3.155s] -- Up-to-date symlink: /home/armando30/robotsprj/install/linkattacher_msgs/include/linkattacher_msgs/linkattacher_msgs/srv/detail/attach_link__builder.hpp
[3.155s] -- Up-to-date symlink: /home/armando30/robotsprj/install/linkattacher_msgs/include/linkattacher_msgs/linkattacher_msgs/srv/detail/attach_link__struct.hpp
[3.156s] -- Up-to-date symlink: /home/armando30/robotsprj/install/linkattacher_msgs/include/linkattacher_msgs/linkattacher_msgs/srv/detail/attach_link__traits.hpp
[3.156s] -- Up-to-date symlink: /home/armando30/robotsprj/install/linkattacher_msgs/include/linkattacher_msgs/linkattacher_msgs/srv/detail/attach_link__type_support.hpp
[3.157s] -- Up-to-date symlink: /home/armando30/robotsprj/install/linkattacher_msgs/include/linkattacher_msgs/linkattacher_msgs/srv/detail/detach_link__builder.hpp
[3.159s] -- Up-to-date symlink: /home/armando30/robotsprj/install/linkattacher_msgs/include/linkattacher_msgs/linkattacher_msgs/srv/detail/detach_link__struct.hpp
[3.159s] -- Up-to-date symlink: /home/armando30/robotsprj/install/linkattacher_msgs/include/linkattacher_msgs/linkattacher_msgs/srv/detail/detach_link__traits.hpp
[3.160s] -- Up-to-date symlink: /home/armando30/robotsprj/install/linkattacher_msgs/include/linkattacher_msgs/linkattacher_msgs/srv/detail/detach_link__type_support.hpp
[3.161s] -- Up-to-date symlink: /home/armando30/robotsprj/install/linkattacher_msgs/include/linkattacher_msgs/linkattacher_msgs/msg/rosidl_typesupport_fastrtps_cpp__visibility_control.h
[3.162s] -- Up-to-date symlink: /home/armando30/robotsprj/install/linkattacher_msgs/include/linkattacher_msgs/linkattacher_msgs/srv/detail/attach_link__rosidl_typesupport_fastrtps_cpp.hpp
[3.162s] -- Up-to-date symlink: /home/armando30/robotsprj/install/linkattacher_msgs/include/linkattacher_msgs/linkattacher_msgs/srv/detail/detach_link__rosidl_typesupport_fastrtps_cpp.hpp
[3.164s] -- Up-to-date symlink: /home/armando30/robotsprj/install/linkattacher_msgs/include/linkattacher_msgs/linkattacher_msgs/srv/detail/attach_link__rosidl_typesupport_introspection_cpp.hpp
[3.165s] -- Up-to-date symlink: /home/armando30/robotsprj/install/linkattacher_msgs/include/linkattacher_msgs/linkattacher_msgs/srv/detail/detach_link__rosidl_typesupport_introspection_cpp.hpp
[3.165s] -- Up-to-date symlink: /home/armando30/robotsprj/install/linkattacher_msgs/share/linkattacher_msgs/environment/pythonpath.sh
[3.166s] -- Up-to-date symlink: /home/armando30/robotsprj/install/linkattacher_msgs/share/linkattacher_msgs/environment/pythonpath.dsv
[3.167s] -- Up-to-date symlink: /home/armando30/robotsprj/install/linkattacher_msgs/local/lib/python3.10/dist-packages/linkattacher_msgs-0.0.0-py3.10.egg-info/PKG-INFO
[3.168s] -- Up-to-date symlink: /home/armando30/robotsprj/install/linkattacher_msgs/local/lib/python3.10/dist-packages/linkattacher_msgs-0.0.0-py3.10.egg-info/SOURCES.txt
[3.168s] -- Up-to-date symlink: /home/armando30/robotsprj/install/linkattacher_msgs/local/lib/python3.10/dist-packages/linkattacher_msgs-0.0.0-py3.10.egg-info/dependency_links.txt
[3.169s] -- Up-to-date symlink: /home/armando30/robotsprj/install/linkattacher_msgs/local/lib/python3.10/dist-packages/linkattacher_msgs-0.0.0-py3.10.egg-info/top_level.txt
[3.171s] -- Up-to-date symlink: /home/armando30/robotsprj/install/linkattacher_msgs/local/lib/python3.10/dist-packages/linkattacher_msgs/__init__.py
[3.171s] -- Up-to-date symlink: /home/armando30/robotsprj/install/linkattacher_msgs/local/lib/python3.10/dist-packages/linkattacher_msgs/_linkattacher_msgs_s.ep.rosidl_typesupport_c.c
[3.173s] -- Up-to-date symlink: /home/armando30/robotsprj/install/linkattacher_msgs/local/lib/python3.10/dist-packages/linkattacher_msgs/_linkattacher_msgs_s.ep.rosidl_typesupport_fastrtps_c.c
[3.174s] -- Up-to-date symlink: /home/armando30/robotsprj/install/linkattacher_msgs/local/lib/python3.10/dist-packages/linkattacher_msgs/_linkattacher_msgs_s.ep.rosidl_typesupport_introspection_c.c
[3.179s] -- Up-to-date symlink: /home/armando30/robotsprj/install/linkattacher_msgs/local/lib/python3.10/dist-packages/linkattacher_msgs/liblinkattacher_msgs__rosidl_generator_py.so
[3.185s] -- Up-to-date symlink: /home/armando30/robotsprj/install/linkattacher_msgs/local/lib/python3.10/dist-packages/linkattacher_msgs/linkattacher_msgs_s__rosidl_typesupport_c.cpython-310-x86_64-linux-gnu.so
[3.186s] -- Up-to-date symlink: /home/armando30/robotsprj/install/linkattacher_msgs/local/lib/python3.10/dist-packages/linkattacher_msgs/linkattacher_msgs_s__rosidl_typesupport_fastrtps_c.cpython-310-x86_64-linux-gnu.so
[3.187s] -- Up-to-date symlink: /home/armando30/robotsprj/install/linkattacher_msgs/local/lib/python3.10/dist-packages/linkattacher_msgs/linkattacher_msgs_s__rosidl_typesupport_introspection_c.cpython-310-x86_64-linux-gnu.so
[3.189s] -- Up-to-date symlink: /home/armando30/robotsprj/install/linkattacher_msgs/local/lib/python3.10/dist-packages/linkattacher_msgs/srv/__init__.py
[3.191s] -- Up-to-date symlink: /home/armando30/robotsprj/install/linkattacher_msgs/local/lib/python3.10/dist-packages/linkattacher_msgs/srv/_attach_link.py
[3.192s] -- Up-to-date symlink: /home/armando30/robotsprj/install/linkattacher_msgs/local/lib/python3.10/dist-packages/linkattacher_msgs/srv/_attach_link_s.c
[3.193s] -- Up-to-date symlink: /home/armando30/robotsprj/install/linkattacher_msgs/local/lib/python3.10/dist-packages/linkattacher_msgs/srv/_detach_link.py
[3.193s] -- Up-to-date symlink: /home/armando30/robotsprj/install/linkattacher_msgs/local/lib/python3.10/dist-packages/linkattacher_msgs/srv/_detach_link_s.c
[3.197s] -- Up-to-date symlink: /home/armando30/robotsprj/install/linkattacher_msgs/local/lib/python3.10/dist-packages/linkattacher_msgs/linkattacher_msgs_s__rosidl_typesupport_fastrtps_c.cpython-310-x86_64-linux-gnu.so
[3.199s] -- Up-to-date symlink: /home/armando30/robotsprj/install/linkattacher_msgs/local/lib/python3.10/dist-packages/linkattacher_msgs/linkattacher_msgs_s__rosidl_typesupport_introspection_c.cpython-310-x86_64-linux-gnu.so
[3.201s] -- Up-to-date symlink: /home/armando30/robotsprj/install/linkattacher_msgs/local/lib/python3.10/dist-packages/linkattacher_msgs/linkattacher_msgs_s__rosidl_typesupport_c.cpython-310-x86_64-linux-gnu.so
[3.201s] -- Up-to-date symlink: /home/armando30/robotsprj/install/linkattacher_msgs/share/linkattacher_msgs/srv/AttachLink.idl
[3.202s] -- Up-to-date symlink: /home/armando30/robotsprj/install/linkattacher_msgs/share/linkattacher_msgs/srv/DetachLink.idl
[3.202s] -- Up-to-date symlink: /home/armando30/robotsprj/install/linkattacher_msgs/share/linkattacher_msgs/srv/AttachLink.srv
[3.206s] -- Up-to-date symlink: /home/armando30/robotsprj/install/linkattacher_msgs/share/linkattacher_msgs/srv/AttachLink_Request.msg
[3.206s] -- Up-to-date symlink: /home/armando30/robotsprj/install/linkattacher_msgs/share/linkattacher_msgs/srv/AttachLink_Response.msg
[3.208s] -- Up-to-date symlink: /home/armando30/robotsprj/install/linkattacher_msgs/share/linkattacher_msgs/srv/DetachLink.srv
[3.210s] -- Up-to-date symlink: /home/armando30/robotsprj/install/linkattacher_msgs/share/linkattacher_msgs/srv/DetachLink_Request.msg
[3.216s] -- Up-to-date symlink: /home/armando30/robotsprj/install/linkattacher_msgs/share/linkattacher_msgs/srv/DetachLink_Response.msg
[3.218s] -- Up-to-date symlink: /home/armando30/robotsprj/install/linkattacher_msgs/share/ament_index/resource_index/package_run_dependencies/linkattacher_msgs
[3.221s] -- Up-to-date symlink: /home/armando30/robotsprj/install/linkattacher_msgs/share/ament_index/resource_index/parent_prefix_path/linkattacher_msgs
[3.223s] -- Up-to-date symlink: /home/armando30/robotsprj/install/linkattacher_msgs/share/linkattacher_msgs/environment/ament_prefix_path.sh
[3.224s] -- Up-to-date symlink: /home/armando30/robotsprj/install/linkattacher_msgs/share/linkattacher_msgs/environment/ament_prefix_path.dsv
[3.227s] -- Up-to-date symlink: /home/armando30/robotsprj/install/linkattacher_msgs/share/linkattacher_msgs/environment/path.sh
[3.229s] -- Up-to-date symlink: /home/armando30/robotsprj/install/linkattacher_msgs/share/linkattacher_msgs/environment/path.dsv
[3.231s] -- Up-to-date symlink: /home/armando30/robotsprj/install/linkattacher_msgs/share/linkattacher_msgs/local_setup.bash
[3.236s] -- Up-to-date symlink: /home/armando30/robotsprj/install/linkattacher_msgs/share/linkattacher_msgs/local_setup.sh
[3.238s] -- Up-to-date symlink: /home/armando30/robotsprj/install/linkattacher_msgs/share/linkattacher_msgs/local_setup.zsh
[3.241s] -- Up-to-date symlink: /home/armando30/robotsprj/install/linkattacher_msgs/share/linkattacher_msgs/local_setup.dsv
[3.242s] -- Symlinking: /home/armando30/robotsprj/install/linkattacher_msgs/share/linkattacher_msgs/package.dsv
[3.296s] -- Up-to-date symlink: /home/armando30/robotsprj/install/linkattacher_msgs/share/ament_index/resource_index/packages/linkattacher_msgs
[3.298s] -- Up-to-date symlink: /home/armando30/robotsprj/install/linkattacher_msgs/share/linkattacher_msgs/cmake/rosidl_cmake-extras.cmake
[3.301s] -- Up-to-date symlink: /home/armando30/robotsprj/install/linkattacher_msgs/share/linkattacher_msgs/cmake/ament_cmake_export_include_directories-extras.cmake
[3.308s] -- Up-to-date symlink: /home/armando30/robotsprj/install/linkattacher_msgs/share/linkattacher_msgs/cmake/ament_cmake_export_libraries-extras.cmake
[3.308s] -- Up-to-date symlink: /home/armando30/robotsprj/install/linkattacher_msgs/share/linkattacher_msgs/cmake/ament_cmake_export_targets-extras.cmake
[3.310s] -- Up-to-date symlink: /home/armando30/robotsprj/install/linkattacher_msgs/share/linkattacher_msgs/cmake/rosidl_cmake_export_typesupport_targets-extras.cmake
[3.310s] -- Up-to-date symlink: /home/armando30/robotsprj/install/linkattacher_msgs/share/linkattacher_msgs/cmake/ament_cmake_export_dependencies-extras.cmake
[3.315s] -- Up-to-date symlink: /home/armando30/robotsprj/install/linkattacher_msgs/share/linkattacher_msgs/cmake/rosidl_cmake_export_typesupport_libraries-extras.cmake
[3.321s] -- Up-to-date symlink: /home/armando30/robotsprj/install/linkattacher_msgs/share/linkattacher_msgs/cmake/linkattacher_msgsConfig.cmake
[3.323s] -- Up-to-date symlink: /home/armando30/robotsprj/install/linkattacher_msgs/share/linkattacher_msgs/cmake/linkattacher_msgsConfig-version.cmake
[3.330s] -- Up-to-date symlink: /home/armando30/robotsprj/install/linkattacher_msgs/share/linkattacher_msgs/package.xml
[3.341s] -- Up-to-date: /home/armando30/robotsprj/install/linkattacher_msgs/lib/liblinkattacher_msgs__rosidl_generator_c.so
[3.353s] -- Up-to-date: /home/armando30/robotsprj/install/linkattacher_msgs/lib/liblinkattacher_msgs__rosidl_typesupport_fastrtps_c.so
[3.358s] -- Up-to-date: /home/armando30/robotsprj/install/linkattacher_msgs/lib/liblinkattacher_msgs__rosidl_typesupport_introspection_c.so
[3.363s] -- Up-to-date: /home/armando30/robotsprj/install/linkattacher_msgs/lib/liblinkattacher_msgs__rosidl_typesupport_c.so
[3.366s] -- Up-to-date: /home/armando30/robotsprj/install/linkattacher_msgs/lib/liblinkattacher_msgs__rosidl_typesupport_fastrtps_cpp.so
[3.367s] -- Up-to-date: /home/armando30/robotsprj/install/linkattacher_msgs/lib/liblinkattacher_msgs__rosidl_typesupport_introspection_cpp.so
[3.369s] -- Up-to-date: /home/armando30/robotsprj/install/linkattacher_msgs/lib/liblinkattacher_msgs__rosidl_typesupport_cpp.so
[3.491s] Listing '/home/armando30/robotsprj/install/linkattacher_msgs/local/lib/python3.10/dist-packages/linkattacher_msgs'...
[3.491s] Listing '/home/armando30/robotsprj/install/linkattacher_msgs/local/lib/python3.10/dist-packages/linkattacher_msgs/srv'...
[3.502s] -- Up-to-date: /home/armando30/robotsprj/install/linkattacher_msgs/lib/liblinkattacher_msgs__rosidl_generator_py.so
[3.522s] -- Up-to-date: /home/armando30/robotsprj/install/linkattacher_msgs/share/linkattacher_msgs/cmake/export_linkattacher_msgs__rosidl_generator_cExport.cmake
[3.524s] -- Up-to-date: /home/armando30/robotsprj/install/linkattacher_msgs/share/linkattacher_msgs/cmake/export_linkattacher_msgs__rosidl_generator_cExport-noconfig.cmake
[3.525s] -- Up-to-date: /home/armando30/robotsprj/install/linkattacher_msgs/share/linkattacher_msgs/cmake/export_linkattacher_msgs__rosidl_typesupport_fastrtps_cExport.cmake
[3.525s] -- Up-to-date: /home/armando30/robotsprj/install/linkattacher_msgs/share/linkattacher_msgs/cmake/export_linkattacher_msgs__rosidl_typesupport_fastrtps_cExport-noconfig.cmake
[3.526s] -- Up-to-date: /home/armando30/robotsprj/install/linkattacher_msgs/share/linkattacher_msgs/cmake/linkattacher_msgs__rosidl_typesupport_introspection_cExport.cmake
[3.526s] -- Up-to-date: /home/armando30/robotsprj/install/linkattacher_msgs/share/linkattacher_msgs/cmake/linkattacher_msgs__rosidl_typesupport_introspection_cExport-noconfig.cmake
[3.527s] -- Up-to-date: /home/armando30/robotsprj/install/linkattacher_msgs/share/linkattacher_msgs/cmake/linkattacher_msgs__rosidl_typesupport_cExport.cmake
[3.527s] -- Up-to-date: /home/armando30/robotsprj/install/linkattacher_msgs/share/linkattacher_msgs/cmake/linkattacher_msgs__rosidl_typesupport_cExport-noconfig.cmake
[3.529s] -- Up-to-date: /home/armando30/robotsprj/install/linkattacher_msgs/share/linkattacher_msgs/cmake/export_linkattacher_msgs__rosidl_generator_cppExport.cmake
[3.537s] -- Up-to-date: /home/armando30/robotsprj/install/linkattacher_msgs/share/linkattacher_msgs/cmake/export_linkattacher_msgs__rosidl_typesupport_fastrtps_cppExport.cmake
[3.537s] -- Up-to-date: /home/armando30/robotsprj/install/linkattacher_msgs/share/linkattacher_msgs/cmake/export_linkattacher_msgs__rosidl_typesupport_fastrtps_cppExport-noconfig.cmake
[3.539s] -- Up-to-date: /home/armando30/robotsprj/install/linkattacher_msgs/share/linkattacher_msgs/cmake/linkattacher_msgs__rosidl_typesupport_introspection_cppExport.cmake
[3.540s] -- Up-to-date: /home/armando30/robotsprj/install/linkattacher_msgs/share/linkattacher_msgs/cmake/linkattacher_msgs__rosidl_typesupport_introspection_cppExport-noconfig.cmake
[3.542s] -- Up-to-date: /home/armando30/robotsprj/install/linkattacher_msgs/share/linkattacher_msgs/cmake/linkattacher_msgs__rosidl_typesupport_cppExport.cmake
[3.543s] -- Up-to-date: /home/armando30/robotsprj/install/linkattacher_msgs/share/linkattacher_msgs/cmake/linkattacher_msgs__rosidl_typesupport_cppExport-noconfig.cmake
[3.544s] -- Up-to-date: /home/armando30/robotsprj/install/linkattacher_msgs/share/linkattacher_msgs/cmake/export_linkattacher_msgs__rosidl_generator_pyExport.cmake
[3.544s] -- Up-to-date: /home/armando30/robotsprj/install/linkattacher_msgs/share/linkattacher_msgs/cmake/export_linkattacher_msgs__rosidl_generator_pyExport-noconfig.cmake
[3.548s] Invoked command in '/home/armando30/robotsprj/build/linkattacher_msgs' returned '0': CMAKE_PREFIX_PATH=${CMAKE_PREFIX_PATH}:/opt/ros/humble /usr/bin/cmake --install /home/armando30/robotsprj/build/linkattacher_msgs
