[0.137s] Invoking command in '/home/armando30/robotsprj/build/ur_dashboard_msgs': CMAKE_PREFIX_PATH=${CMAKE_PREFIX_PATH}:/opt/ros/humble /usr/bin/cmake --build /home/armando30/robotsprj/build/ur_dashboard_msgs -- -j8 -l8
[0.492s] [  0%] Built target ur_dashboard_msgs__cpp
[0.584s] [ 12%] Built target ur_dashboard_msgs__rosidl_generator_c
[0.677s] [ 12%] Built target ament_cmake_python_symlink_ur_dashboard_msgs
[0.835s] [ 24%] Built target ur_dashboard_msgs__rosidl_typesupport_c
[0.942s] [ 36%] Built target ur_dashboard_msgs__rosidl_typesupport_cpp
[0.988s] [ 48%] Built target ur_dashboard_msgs__rosidl_typesupport_introspection_cpp
[0.999s] [ 60%] Built target ur_dashboard_msgs__rosidl_typesupport_introspection_c
[1.019s] [ 72%] Built target ur_dashboard_msgs__rosidl_typesupport_fastrtps_cpp
[1.113s] [ 84%] Built target ur_dashboard_msgs__rosidl_typesupport_fastrtps_c
[1.269s] [ 84%] Built target ur_dashboard_msgs
[1.441s] [ 85%] Built target ur_dashboard_msgs__py
[1.714s] [ 96%] Built target ur_dashboard_msgs__rosidl_generator_py
[1.853s] [ 98%] Built target ur_dashboard_msgs__rosidl_typesupport_introspection_c__pyext
[1.872s] [ 99%] Built target ur_dashboard_msgs__rosidl_typesupport_c__pyext
[1.920s] [100%] Built target ur_dashboard_msgs__rosidl_typesupport_fastrtps_c__pyext
[2.676s] running egg_info
[2.680s] writing ur_dashboard_msgs.egg-info/PKG-INFO
[2.681s] writing dependency_links to ur_dashboard_msgs.egg-info/dependency_links.txt
[2.682s] writing top-level names to ur_dashboard_msgs.egg-info/top_level.txt
[2.698s] reading manifest file 'ur_dashboard_msgs.egg-info/SOURCES.txt'
[2.704s] writing manifest file 'ur_dashboard_msgs.egg-info/SOURCES.txt'
[2.836s] [100%] Built target ament_cmake_python_build_ur_dashboard_msgs_egg
[2.888s] Invoked command in '/home/armando30/robotsprj/build/ur_dashboard_msgs' returned '0': CMAKE_PREFIX_PATH=${CMAKE_PREFIX_PATH}:/opt/ros/humble /usr/bin/cmake --build /home/armando30/robotsprj/build/ur_dashboard_msgs -- -j8 -l8
[2.894s] Invoking command in '/home/armando30/robotsprj/build/ur_dashboard_msgs': CMAKE_PREFIX_PATH=${CMAKE_PREFIX_PATH}:/opt/ros/humble /usr/bin/cmake --install /home/armando30/robotsprj/build/ur_dashboard_msgs
[2.932s] -- Install configuration: ""
[2.934s] -- Execute custom install script
[2.935s] -- Up-to-date symlink: /home/armando30/robotsprj/install/ur_dashboard_msgs/share/ament_index/resource_index/rosidl_interfaces/ur_dashboard_msgs
[2.941s] -- Up-to-date symlink: /home/armando30/robotsprj/install/ur_dashboard_msgs/include/ur_dashboard_msgs/ur_dashboard_msgs/action/detail/set_mode__functions.h
[2.942s] -- Up-to-date symlink: /home/armando30/robotsprj/install/ur_dashboard_msgs/include/ur_dashboard_msgs/ur_dashboard_msgs/action/detail/set_mode__struct.h
[2.943s] -- Up-to-date symlink: /home/armando30/robotsprj/install/ur_dashboard_msgs/include/ur_dashboard_msgs/ur_dashboard_msgs/action/detail/set_mode__type_support.h
[2.944s] -- Up-to-date symlink: /home/armando30/robotsprj/install/ur_dashboard_msgs/include/ur_dashboard_msgs/ur_dashboard_msgs/action/set_mode.h
[2.945s] -- Up-to-date symlink: /home/armando30/robotsprj/install/ur_dashboard_msgs/include/ur_dashboard_msgs/ur_dashboard_msgs/msg/detail/program_state__functions.h
[2.946s] -- Up-to-date symlink: /home/armando30/robotsprj/install/ur_dashboard_msgs/include/ur_dashboard_msgs/ur_dashboard_msgs/msg/detail/program_state__struct.h
[2.946s] -- Up-to-date symlink: /home/armando30/robotsprj/install/ur_dashboard_msgs/include/ur_dashboard_msgs/ur_dashboard_msgs/msg/detail/program_state__type_support.h
[2.947s] -- Up-to-date symlink: /home/armando30/robotsprj/install/ur_dashboard_msgs/include/ur_dashboard_msgs/ur_dashboard_msgs/msg/detail/robot_mode__functions.h
[2.947s] -- Up-to-date symlink: /home/armando30/robotsprj/install/ur_dashboard_msgs/include/ur_dashboard_msgs/ur_dashboard_msgs/msg/detail/robot_mode__struct.h
[2.948s] -- Up-to-date symlink: /home/armando30/robotsprj/install/ur_dashboard_msgs/include/ur_dashboard_msgs/ur_dashboard_msgs/msg/detail/robot_mode__type_support.h
[2.949s] -- Up-to-date symlink: /home/armando30/robotsprj/install/ur_dashboard_msgs/include/ur_dashboard_msgs/ur_dashboard_msgs/msg/detail/safety_mode__functions.h
[2.949s] -- Up-to-date symlink: /home/armando30/robotsprj/install/ur_dashboard_msgs/include/ur_dashboard_msgs/ur_dashboard_msgs/msg/detail/safety_mode__struct.h
[2.950s] -- Up-to-date symlink: /home/armando30/robotsprj/install/ur_dashboard_msgs/include/ur_dashboard_msgs/ur_dashboard_msgs/msg/detail/safety_mode__type_support.h
[2.951s] -- Up-to-date symlink: /home/armando30/robotsprj/install/ur_dashboard_msgs/include/ur_dashboard_msgs/ur_dashboard_msgs/msg/program_state.h
[2.951s] -- Up-to-date symlink: /home/armando30/robotsprj/install/ur_dashboard_msgs/include/ur_dashboard_msgs/ur_dashboard_msgs/msg/robot_mode.h
[2.952s] -- Up-to-date symlink: /home/armando30/robotsprj/install/ur_dashboard_msgs/include/ur_dashboard_msgs/ur_dashboard_msgs/msg/rosidl_generator_c__visibility_control.h
[2.953s] -- Up-to-date symlink: /home/armando30/robotsprj/install/ur_dashboard_msgs/include/ur_dashboard_msgs/ur_dashboard_msgs/msg/safety_mode.h
[2.953s] -- Up-to-date symlink: /home/armando30/robotsprj/install/ur_dashboard_msgs/include/ur_dashboard_msgs/ur_dashboard_msgs/srv/add_to_log.h
[2.954s] -- Up-to-date symlink: /home/armando30/robotsprj/install/ur_dashboard_msgs/include/ur_dashboard_msgs/ur_dashboard_msgs/srv/detail/add_to_log__functions.h
[2.954s] -- Up-to-date symlink: /home/armando30/robotsprj/install/ur_dashboard_msgs/include/ur_dashboard_msgs/ur_dashboard_msgs/srv/detail/add_to_log__struct.h
[2.956s] -- Up-to-date symlink: /home/armando30/robotsprj/install/ur_dashboard_msgs/include/ur_dashboard_msgs/ur_dashboard_msgs/srv/detail/add_to_log__type_support.h
[2.957s] -- Up-to-date symlink: /home/armando30/robotsprj/install/ur_dashboard_msgs/include/ur_dashboard_msgs/ur_dashboard_msgs/srv/detail/get_loaded_program__functions.h
[2.957s] -- Up-to-date symlink: /home/armando30/robotsprj/install/ur_dashboard_msgs/include/ur_dashboard_msgs/ur_dashboard_msgs/srv/detail/get_loaded_program__struct.h
[2.958s] -- Up-to-date symlink: /home/armando30/robotsprj/install/ur_dashboard_msgs/include/ur_dashboard_msgs/ur_dashboard_msgs/srv/detail/get_loaded_program__type_support.h
[2.959s] -- Up-to-date symlink: /home/armando30/robotsprj/install/ur_dashboard_msgs/include/ur_dashboard_msgs/ur_dashboard_msgs/srv/detail/get_program_state__functions.h
[2.960s] -- Up-to-date symlink: /home/armando30/robotsprj/install/ur_dashboard_msgs/include/ur_dashboard_msgs/ur_dashboard_msgs/srv/detail/get_program_state__struct.h
[2.960s] -- Up-to-date symlink: /home/armando30/robotsprj/install/ur_dashboard_msgs/include/ur_dashboard_msgs/ur_dashboard_msgs/srv/detail/get_program_state__type_support.h
[2.961s] -- Up-to-date symlink: /home/armando30/robotsprj/install/ur_dashboard_msgs/include/ur_dashboard_msgs/ur_dashboard_msgs/srv/detail/get_robot_mode__functions.h
[2.963s] -- Up-to-date symlink: /home/armando30/robotsprj/install/ur_dashboard_msgs/include/ur_dashboard_msgs/ur_dashboard_msgs/srv/detail/get_robot_mode__struct.h
[2.964s] -- Up-to-date symlink: /home/armando30/robotsprj/install/ur_dashboard_msgs/include/ur_dashboard_msgs/ur_dashboard_msgs/srv/detail/get_robot_mode__type_support.h
[2.964s] -- Up-to-date symlink: /home/armando30/robotsprj/install/ur_dashboard_msgs/include/ur_dashboard_msgs/ur_dashboard_msgs/srv/detail/get_safety_mode__functions.h
[2.965s] -- Up-to-date symlink: /home/armando30/robotsprj/install/ur_dashboard_msgs/include/ur_dashboard_msgs/ur_dashboard_msgs/srv/detail/get_safety_mode__struct.h
[2.965s] -- Up-to-date symlink: /home/armando30/robotsprj/install/ur_dashboard_msgs/include/ur_dashboard_msgs/ur_dashboard_msgs/srv/detail/get_safety_mode__type_support.h
[2.966s] -- Up-to-date symlink: /home/armando30/robotsprj/install/ur_dashboard_msgs/include/ur_dashboard_msgs/ur_dashboard_msgs/srv/detail/is_in_remote_control__functions.h
[2.967s] -- Up-to-date symlink: /home/armando30/robotsprj/install/ur_dashboard_msgs/include/ur_dashboard_msgs/ur_dashboard_msgs/srv/detail/is_in_remote_control__struct.h
[2.967s] -- Up-to-date symlink: /home/armando30/robotsprj/install/ur_dashboard_msgs/include/ur_dashboard_msgs/ur_dashboard_msgs/srv/detail/is_in_remote_control__type_support.h
[2.968s] -- Up-to-date symlink: /home/armando30/robotsprj/install/ur_dashboard_msgs/include/ur_dashboard_msgs/ur_dashboard_msgs/srv/detail/is_program_running__functions.h
[2.969s] -- Up-to-date symlink: /home/armando30/robotsprj/install/ur_dashboard_msgs/include/ur_dashboard_msgs/ur_dashboard_msgs/srv/detail/is_program_running__struct.h
[2.969s] -- Up-to-date symlink: /home/armando30/robotsprj/install/ur_dashboard_msgs/include/ur_dashboard_msgs/ur_dashboard_msgs/srv/detail/is_program_running__type_support.h
[2.970s] -- Up-to-date symlink: /home/armando30/robotsprj/install/ur_dashboard_msgs/include/ur_dashboard_msgs/ur_dashboard_msgs/srv/detail/is_program_saved__functions.h
[2.970s] -- Up-to-date symlink: /home/armando30/robotsprj/install/ur_dashboard_msgs/include/ur_dashboard_msgs/ur_dashboard_msgs/srv/detail/is_program_saved__struct.h
[2.971s] -- Up-to-date symlink: /home/armando30/robotsprj/install/ur_dashboard_msgs/include/ur_dashboard_msgs/ur_dashboard_msgs/srv/detail/is_program_saved__type_support.h
[2.972s] -- Up-to-date symlink: /home/armando30/robotsprj/install/ur_dashboard_msgs/include/ur_dashboard_msgs/ur_dashboard_msgs/srv/detail/load__functions.h
[2.974s] -- Up-to-date symlink: /home/armando30/robotsprj/install/ur_dashboard_msgs/include/ur_dashboard_msgs/ur_dashboard_msgs/srv/detail/load__struct.h
[2.974s] -- Up-to-date symlink: /home/armando30/robotsprj/install/ur_dashboard_msgs/include/ur_dashboard_msgs/ur_dashboard_msgs/srv/detail/load__type_support.h
[2.975s] -- Up-to-date symlink: /home/armando30/robotsprj/install/ur_dashboard_msgs/include/ur_dashboard_msgs/ur_dashboard_msgs/srv/detail/popup__functions.h
[2.976s] -- Up-to-date symlink: /home/armando30/robotsprj/install/ur_dashboard_msgs/include/ur_dashboard_msgs/ur_dashboard_msgs/srv/detail/popup__struct.h
[2.977s] -- Up-to-date symlink: /home/armando30/robotsprj/install/ur_dashboard_msgs/include/ur_dashboard_msgs/ur_dashboard_msgs/srv/detail/popup__type_support.h
[2.977s] -- Up-to-date symlink: /home/armando30/robotsprj/install/ur_dashboard_msgs/include/ur_dashboard_msgs/ur_dashboard_msgs/srv/detail/raw_request__functions.h
[2.978s] -- Up-to-date symlink: /home/armando30/robotsprj/install/ur_dashboard_msgs/include/ur_dashboard_msgs/ur_dashboard_msgs/srv/detail/raw_request__struct.h
[2.979s] -- Up-to-date symlink: /home/armando30/robotsprj/install/ur_dashboard_msgs/include/ur_dashboard_msgs/ur_dashboard_msgs/srv/detail/raw_request__type_support.h
[2.979s] -- Up-to-date symlink: /home/armando30/robotsprj/install/ur_dashboard_msgs/include/ur_dashboard_msgs/ur_dashboard_msgs/srv/get_loaded_program.h
[2.980s] -- Up-to-date symlink: /home/armando30/robotsprj/install/ur_dashboard_msgs/include/ur_dashboard_msgs/ur_dashboard_msgs/srv/get_program_state.h
[2.980s] -- Up-to-date symlink: /home/armando30/robotsprj/install/ur_dashboard_msgs/include/ur_dashboard_msgs/ur_dashboard_msgs/srv/get_robot_mode.h
[2.981s] -- Up-to-date symlink: /home/armando30/robotsprj/install/ur_dashboard_msgs/include/ur_dashboard_msgs/ur_dashboard_msgs/srv/get_safety_mode.h
[2.982s] -- Up-to-date symlink: /home/armando30/robotsprj/install/ur_dashboard_msgs/include/ur_dashboard_msgs/ur_dashboard_msgs/srv/is_in_remote_control.h
[2.983s] -- Up-to-date symlink: /home/armando30/robotsprj/install/ur_dashboard_msgs/include/ur_dashboard_msgs/ur_dashboard_msgs/srv/is_program_running.h
[2.983s] -- Up-to-date symlink: /home/armando30/robotsprj/install/ur_dashboard_msgs/include/ur_dashboard_msgs/ur_dashboard_msgs/srv/is_program_saved.h
[2.984s] -- Up-to-date symlink: /home/armando30/robotsprj/install/ur_dashboard_msgs/include/ur_dashboard_msgs/ur_dashboard_msgs/srv/load.h
[2.984s] -- Up-to-date symlink: /home/armando30/robotsprj/install/ur_dashboard_msgs/include/ur_dashboard_msgs/ur_dashboard_msgs/srv/popup.h
[2.985s] -- Up-to-date symlink: /home/armando30/robotsprj/install/ur_dashboard_msgs/include/ur_dashboard_msgs/ur_dashboard_msgs/srv/raw_request.h
[2.985s] -- Up-to-date symlink: /home/armando30/robotsprj/install/ur_dashboard_msgs/share/ur_dashboard_msgs/environment/library_path.sh
[2.986s] -- Up-to-date symlink: /home/armando30/robotsprj/install/ur_dashboard_msgs/share/ur_dashboard_msgs/environment/library_path.dsv
[2.990s] -- Up-to-date symlink: /home/armando30/robotsprj/install/ur_dashboard_msgs/include/ur_dashboard_msgs/ur_dashboard_msgs/action/detail/set_mode__rosidl_typesupport_fastrtps_c.h
[2.992s] -- Up-to-date symlink: /home/armando30/robotsprj/install/ur_dashboard_msgs/include/ur_dashboard_msgs/ur_dashboard_msgs/msg/detail/program_state__rosidl_typesupport_fastrtps_c.h
[2.993s] -- Up-to-date symlink: /home/armando30/robotsprj/install/ur_dashboard_msgs/include/ur_dashboard_msgs/ur_dashboard_msgs/msg/detail/robot_mode__rosidl_typesupport_fastrtps_c.h
[2.993s] -- Up-to-date symlink: /home/armando30/robotsprj/install/ur_dashboard_msgs/include/ur_dashboard_msgs/ur_dashboard_msgs/msg/detail/safety_mode__rosidl_typesupport_fastrtps_c.h
[2.994s] -- Up-to-date symlink: /home/armando30/robotsprj/install/ur_dashboard_msgs/include/ur_dashboard_msgs/ur_dashboard_msgs/msg/rosidl_typesupport_fastrtps_c__visibility_control.h
[2.996s] -- Up-to-date symlink: /home/armando30/robotsprj/install/ur_dashboard_msgs/include/ur_dashboard_msgs/ur_dashboard_msgs/srv/detail/add_to_log__rosidl_typesupport_fastrtps_c.h
[2.998s] -- Up-to-date symlink: /home/armando30/robotsprj/install/ur_dashboard_msgs/include/ur_dashboard_msgs/ur_dashboard_msgs/srv/detail/get_loaded_program__rosidl_typesupport_fastrtps_c.h
[2.999s] -- Up-to-date symlink: /home/armando30/robotsprj/install/ur_dashboard_msgs/include/ur_dashboard_msgs/ur_dashboard_msgs/srv/detail/get_program_state__rosidl_typesupport_fastrtps_c.h
[3.000s] -- Up-to-date symlink: /home/armando30/robotsprj/install/ur_dashboard_msgs/include/ur_dashboard_msgs/ur_dashboard_msgs/srv/detail/get_robot_mode__rosidl_typesupport_fastrtps_c.h
[3.001s] -- Up-to-date symlink: /home/armando30/robotsprj/install/ur_dashboard_msgs/include/ur_dashboard_msgs/ur_dashboard_msgs/srv/detail/get_safety_mode__rosidl_typesupport_fastrtps_c.h
[3.001s] -- Up-to-date symlink: /home/armando30/robotsprj/install/ur_dashboard_msgs/include/ur_dashboard_msgs/ur_dashboard_msgs/srv/detail/is_in_remote_control__rosidl_typesupport_fastrtps_c.h
[3.002s] -- Up-to-date symlink: /home/armando30/robotsprj/install/ur_dashboard_msgs/include/ur_dashboard_msgs/ur_dashboard_msgs/srv/detail/is_program_running__rosidl_typesupport_fastrtps_c.h
[3.005s] -- Up-to-date symlink: /home/armando30/robotsprj/install/ur_dashboard_msgs/include/ur_dashboard_msgs/ur_dashboard_msgs/srv/detail/is_program_saved__rosidl_typesupport_fastrtps_c.h
[3.007s] -- Up-to-date symlink: /home/armando30/robotsprj/install/ur_dashboard_msgs/include/ur_dashboard_msgs/ur_dashboard_msgs/srv/detail/load__rosidl_typesupport_fastrtps_c.h
[3.010s] -- Up-to-date symlink: /home/armando30/robotsprj/install/ur_dashboard_msgs/include/ur_dashboard_msgs/ur_dashboard_msgs/srv/detail/popup__rosidl_typesupport_fastrtps_c.h
[3.014s] -- Up-to-date symlink: /home/armando30/robotsprj/install/ur_dashboard_msgs/include/ur_dashboard_msgs/ur_dashboard_msgs/srv/detail/raw_request__rosidl_typesupport_fastrtps_c.h
[3.015s] -- Up-to-date symlink: /home/armando30/robotsprj/install/ur_dashboard_msgs/include/ur_dashboard_msgs/ur_dashboard_msgs/action/detail/set_mode__rosidl_typesupport_introspection_c.h
[3.015s] -- Up-to-date symlink: /home/armando30/robotsprj/install/ur_dashboard_msgs/include/ur_dashboard_msgs/ur_dashboard_msgs/msg/detail/program_state__rosidl_typesupport_introspection_c.h
[3.016s] -- Up-to-date symlink: /home/armando30/robotsprj/install/ur_dashboard_msgs/include/ur_dashboard_msgs/ur_dashboard_msgs/msg/detail/robot_mode__rosidl_typesupport_introspection_c.h
[3.016s] -- Up-to-date symlink: /home/armando30/robotsprj/install/ur_dashboard_msgs/include/ur_dashboard_msgs/ur_dashboard_msgs/msg/detail/safety_mode__rosidl_typesupport_introspection_c.h
[3.016s] -- Up-to-date symlink: /home/armando30/robotsprj/install/ur_dashboard_msgs/include/ur_dashboard_msgs/ur_dashboard_msgs/msg/rosidl_typesupport_introspection_c__visibility_control.h
[3.017s] -- Up-to-date symlink: /home/armando30/robotsprj/install/ur_dashboard_msgs/include/ur_dashboard_msgs/ur_dashboard_msgs/srv/detail/add_to_log__rosidl_typesupport_introspection_c.h
[3.019s] -- Up-to-date symlink: /home/armando30/robotsprj/install/ur_dashboard_msgs/include/ur_dashboard_msgs/ur_dashboard_msgs/srv/detail/get_loaded_program__rosidl_typesupport_introspection_c.h
[3.020s] -- Up-to-date symlink: /home/armando30/robotsprj/install/ur_dashboard_msgs/include/ur_dashboard_msgs/ur_dashboard_msgs/srv/detail/get_program_state__rosidl_typesupport_introspection_c.h
[3.020s] -- Up-to-date symlink: /home/armando30/robotsprj/install/ur_dashboard_msgs/include/ur_dashboard_msgs/ur_dashboard_msgs/srv/detail/get_robot_mode__rosidl_typesupport_introspection_c.h
[3.020s] -- Up-to-date symlink: /home/armando30/robotsprj/install/ur_dashboard_msgs/include/ur_dashboard_msgs/ur_dashboard_msgs/srv/detail/get_safety_mode__rosidl_typesupport_introspection_c.h
[3.021s] -- Up-to-date symlink: /home/armando30/robotsprj/install/ur_dashboard_msgs/include/ur_dashboard_msgs/ur_dashboard_msgs/srv/detail/is_in_remote_control__rosidl_typesupport_introspection_c.h
[3.021s] -- Up-to-date symlink: /home/armando30/robotsprj/install/ur_dashboard_msgs/include/ur_dashboard_msgs/ur_dashboard_msgs/srv/detail/is_program_running__rosidl_typesupport_introspection_c.h
[3.021s] -- Up-to-date symlink: /home/armando30/robotsprj/install/ur_dashboard_msgs/include/ur_dashboard_msgs/ur_dashboard_msgs/srv/detail/is_program_saved__rosidl_typesupport_introspection_c.h
[3.022s] -- Up-to-date symlink: /home/armando30/robotsprj/install/ur_dashboard_msgs/include/ur_dashboard_msgs/ur_dashboard_msgs/srv/detail/load__rosidl_typesupport_introspection_c.h
[3.022s] -- Up-to-date symlink: /home/armando30/robotsprj/install/ur_dashboard_msgs/include/ur_dashboard_msgs/ur_dashboard_msgs/srv/detail/popup__rosidl_typesupport_introspection_c.h
[3.023s] -- Up-to-date symlink: /home/armando30/robotsprj/install/ur_dashboard_msgs/include/ur_dashboard_msgs/ur_dashboard_msgs/srv/detail/raw_request__rosidl_typesupport_introspection_c.h
[3.023s] -- Up-to-date symlink: /home/armando30/robotsprj/install/ur_dashboard_msgs/include/ur_dashboard_msgs/ur_dashboard_msgs/action/detail/set_mode__builder.hpp
[3.024s] -- Up-to-date symlink: /home/armando30/robotsprj/install/ur_dashboard_msgs/include/ur_dashboard_msgs/ur_dashboard_msgs/action/detail/set_mode__struct.hpp
[3.024s] -- Up-to-date symlink: /home/armando30/robotsprj/install/ur_dashboard_msgs/include/ur_dashboard_msgs/ur_dashboard_msgs/action/detail/set_mode__traits.hpp
[3.025s] -- Up-to-date symlink: /home/armando30/robotsprj/install/ur_dashboard_msgs/include/ur_dashboard_msgs/ur_dashboard_msgs/action/detail/set_mode__type_support.hpp
[3.025s] -- Up-to-date symlink: /home/armando30/robotsprj/install/ur_dashboard_msgs/include/ur_dashboard_msgs/ur_dashboard_msgs/action/set_mode.hpp
[3.026s] -- Up-to-date symlink: /home/armando30/robotsprj/install/ur_dashboard_msgs/include/ur_dashboard_msgs/ur_dashboard_msgs/msg/detail/program_state__builder.hpp
[3.026s] -- Up-to-date symlink: /home/armando30/robotsprj/install/ur_dashboard_msgs/include/ur_dashboard_msgs/ur_dashboard_msgs/msg/detail/program_state__struct.hpp
[3.027s] -- Up-to-date symlink: /home/armando30/robotsprj/install/ur_dashboard_msgs/include/ur_dashboard_msgs/ur_dashboard_msgs/msg/detail/program_state__traits.hpp
[3.027s] -- Up-to-date symlink: /home/armando30/robotsprj/install/ur_dashboard_msgs/include/ur_dashboard_msgs/ur_dashboard_msgs/msg/detail/program_state__type_support.hpp
[3.028s] -- Up-to-date symlink: /home/armando30/robotsprj/install/ur_dashboard_msgs/include/ur_dashboard_msgs/ur_dashboard_msgs/msg/detail/robot_mode__builder.hpp
[3.028s] -- Up-to-date symlink: /home/armando30/robotsprj/install/ur_dashboard_msgs/include/ur_dashboard_msgs/ur_dashboard_msgs/msg/detail/robot_mode__struct.hpp
[3.029s] -- Up-to-date symlink: /home/armando30/robotsprj/install/ur_dashboard_msgs/include/ur_dashboard_msgs/ur_dashboard_msgs/msg/detail/robot_mode__traits.hpp
[3.029s] -- Up-to-date symlink: /home/armando30/robotsprj/install/ur_dashboard_msgs/include/ur_dashboard_msgs/ur_dashboard_msgs/msg/detail/robot_mode__type_support.hpp
[3.030s] -- Up-to-date symlink: /home/armando30/robotsprj/install/ur_dashboard_msgs/include/ur_dashboard_msgs/ur_dashboard_msgs/msg/detail/safety_mode__builder.hpp
[3.031s] -- Up-to-date symlink: /home/armando30/robotsprj/install/ur_dashboard_msgs/include/ur_dashboard_msgs/ur_dashboard_msgs/msg/detail/safety_mode__struct.hpp
[3.031s] -- Up-to-date symlink: /home/armando30/robotsprj/install/ur_dashboard_msgs/include/ur_dashboard_msgs/ur_dashboard_msgs/msg/detail/safety_mode__traits.hpp
[3.032s] -- Up-to-date symlink: /home/armando30/robotsprj/install/ur_dashboard_msgs/include/ur_dashboard_msgs/ur_dashboard_msgs/msg/detail/safety_mode__type_support.hpp
[3.032s] -- Up-to-date symlink: /home/armando30/robotsprj/install/ur_dashboard_msgs/include/ur_dashboard_msgs/ur_dashboard_msgs/msg/program_state.hpp
[3.033s] -- Up-to-date symlink: /home/armando30/robotsprj/install/ur_dashboard_msgs/include/ur_dashboard_msgs/ur_dashboard_msgs/msg/robot_mode.hpp
[3.033s] -- Up-to-date symlink: /home/armando30/robotsprj/install/ur_dashboard_msgs/include/ur_dashboard_msgs/ur_dashboard_msgs/msg/rosidl_generator_cpp__visibility_control.hpp
[3.034s] -- Up-to-date symlink: /home/armando30/robotsprj/install/ur_dashboard_msgs/include/ur_dashboard_msgs/ur_dashboard_msgs/msg/safety_mode.hpp
[3.034s] -- Up-to-date symlink: /home/armando30/robotsprj/install/ur_dashboard_msgs/include/ur_dashboard_msgs/ur_dashboard_msgs/srv/add_to_log.hpp
[3.034s] -- Up-to-date symlink: /home/armando30/robotsprj/install/ur_dashboard_msgs/include/ur_dashboard_msgs/ur_dashboard_msgs/srv/detail/add_to_log__builder.hpp
[3.035s] -- Up-to-date symlink: /home/armando30/robotsprj/install/ur_dashboard_msgs/include/ur_dashboard_msgs/ur_dashboard_msgs/srv/detail/add_to_log__struct.hpp
[3.035s] -- Up-to-date symlink: /home/armando30/robotsprj/install/ur_dashboard_msgs/include/ur_dashboard_msgs/ur_dashboard_msgs/srv/detail/add_to_log__traits.hpp
[3.036s] -- Up-to-date symlink: /home/armando30/robotsprj/install/ur_dashboard_msgs/include/ur_dashboard_msgs/ur_dashboard_msgs/srv/detail/add_to_log__type_support.hpp
[3.037s] -- Up-to-date symlink: /home/armando30/robotsprj/install/ur_dashboard_msgs/include/ur_dashboard_msgs/ur_dashboard_msgs/srv/detail/get_loaded_program__builder.hpp
[3.037s] -- Up-to-date symlink: /home/armando30/robotsprj/install/ur_dashboard_msgs/include/ur_dashboard_msgs/ur_dashboard_msgs/srv/detail/get_loaded_program__struct.hpp
[3.038s] -- Up-to-date symlink: /home/armando30/robotsprj/install/ur_dashboard_msgs/include/ur_dashboard_msgs/ur_dashboard_msgs/srv/detail/get_loaded_program__traits.hpp
[3.039s] -- Up-to-date symlink: /home/armando30/robotsprj/install/ur_dashboard_msgs/include/ur_dashboard_msgs/ur_dashboard_msgs/srv/detail/get_loaded_program__type_support.hpp
[3.040s] -- Up-to-date symlink: /home/armando30/robotsprj/install/ur_dashboard_msgs/include/ur_dashboard_msgs/ur_dashboard_msgs/srv/detail/get_program_state__builder.hpp
[3.041s] -- Up-to-date symlink: /home/armando30/robotsprj/install/ur_dashboard_msgs/include/ur_dashboard_msgs/ur_dashboard_msgs/srv/detail/get_program_state__struct.hpp
[3.042s] -- Up-to-date symlink: /home/armando30/robotsprj/install/ur_dashboard_msgs/include/ur_dashboard_msgs/ur_dashboard_msgs/srv/detail/get_program_state__traits.hpp
[3.043s] -- Up-to-date symlink: /home/armando30/robotsprj/install/ur_dashboard_msgs/include/ur_dashboard_msgs/ur_dashboard_msgs/srv/detail/get_program_state__type_support.hpp
[3.043s] -- Up-to-date symlink: /home/armando30/robotsprj/install/ur_dashboard_msgs/include/ur_dashboard_msgs/ur_dashboard_msgs/srv/detail/get_robot_mode__builder.hpp
[3.044s] -- Up-to-date symlink: /home/armando30/robotsprj/install/ur_dashboard_msgs/include/ur_dashboard_msgs/ur_dashboard_msgs/srv/detail/get_robot_mode__struct.hpp
[3.045s] -- Up-to-date symlink: /home/armando30/robotsprj/install/ur_dashboard_msgs/include/ur_dashboard_msgs/ur_dashboard_msgs/srv/detail/get_robot_mode__traits.hpp
[3.046s] -- Up-to-date symlink: /home/armando30/robotsprj/install/ur_dashboard_msgs/include/ur_dashboard_msgs/ur_dashboard_msgs/srv/detail/get_robot_mode__type_support.hpp
[3.046s] -- Up-to-date symlink: /home/armando30/robotsprj/install/ur_dashboard_msgs/include/ur_dashboard_msgs/ur_dashboard_msgs/srv/detail/get_safety_mode__builder.hpp
[3.047s] -- Up-to-date symlink: /home/armando30/robotsprj/install/ur_dashboard_msgs/include/ur_dashboard_msgs/ur_dashboard_msgs/srv/detail/get_safety_mode__struct.hpp
[3.047s] -- Up-to-date symlink: /home/armando30/robotsprj/install/ur_dashboard_msgs/include/ur_dashboard_msgs/ur_dashboard_msgs/srv/detail/get_safety_mode__traits.hpp
[3.048s] -- Up-to-date symlink: /home/armando30/robotsprj/install/ur_dashboard_msgs/include/ur_dashboard_msgs/ur_dashboard_msgs/srv/detail/get_safety_mode__type_support.hpp
[3.049s] -- Up-to-date symlink: /home/armando30/robotsprj/install/ur_dashboard_msgs/include/ur_dashboard_msgs/ur_dashboard_msgs/srv/detail/is_in_remote_control__builder.hpp
[3.049s] -- Up-to-date symlink: /home/armando30/robotsprj/install/ur_dashboard_msgs/include/ur_dashboard_msgs/ur_dashboard_msgs/srv/detail/is_in_remote_control__struct.hpp
[3.050s] -- Up-to-date symlink: /home/armando30/robotsprj/install/ur_dashboard_msgs/include/ur_dashboard_msgs/ur_dashboard_msgs/srv/detail/is_in_remote_control__traits.hpp
[3.050s] -- Up-to-date symlink: /home/armando30/robotsprj/install/ur_dashboard_msgs/include/ur_dashboard_msgs/ur_dashboard_msgs/srv/detail/is_in_remote_control__type_support.hpp
[3.051s] -- Up-to-date symlink: /home/armando30/robotsprj/install/ur_dashboard_msgs/include/ur_dashboard_msgs/ur_dashboard_msgs/srv/detail/is_program_running__builder.hpp
[3.052s] -- Up-to-date symlink: /home/armando30/robotsprj/install/ur_dashboard_msgs/include/ur_dashboard_msgs/ur_dashboard_msgs/srv/detail/is_program_running__struct.hpp
[3.053s] -- Up-to-date symlink: /home/armando30/robotsprj/install/ur_dashboard_msgs/include/ur_dashboard_msgs/ur_dashboard_msgs/srv/detail/is_program_running__traits.hpp
[3.053s] -- Up-to-date symlink: /home/armando30/robotsprj/install/ur_dashboard_msgs/include/ur_dashboard_msgs/ur_dashboard_msgs/srv/detail/is_program_running__type_support.hpp
[3.054s] -- Up-to-date symlink: /home/armando30/robotsprj/install/ur_dashboard_msgs/include/ur_dashboard_msgs/ur_dashboard_msgs/srv/detail/is_program_saved__builder.hpp
[3.055s] -- Up-to-date symlink: /home/armando30/robotsprj/install/ur_dashboard_msgs/include/ur_dashboard_msgs/ur_dashboard_msgs/srv/detail/is_program_saved__struct.hpp
[3.056s] -- Up-to-date symlink: /home/armando30/robotsprj/install/ur_dashboard_msgs/include/ur_dashboard_msgs/ur_dashboard_msgs/srv/detail/is_program_saved__traits.hpp
[3.057s] -- Up-to-date symlink: /home/armando30/robotsprj/install/ur_dashboard_msgs/include/ur_dashboard_msgs/ur_dashboard_msgs/srv/detail/is_program_saved__type_support.hpp
[3.060s] -- Up-to-date symlink: /home/armando30/robotsprj/install/ur_dashboard_msgs/include/ur_dashboard_msgs/ur_dashboard_msgs/srv/detail/load__builder.hpp
[3.060s] -- Up-to-date symlink: /home/armando30/robotsprj/install/ur_dashboard_msgs/include/ur_dashboard_msgs/ur_dashboard_msgs/srv/detail/load__struct.hpp
[3.061s] -- Up-to-date symlink: /home/armando30/robotsprj/install/ur_dashboard_msgs/include/ur_dashboard_msgs/ur_dashboard_msgs/srv/detail/load__traits.hpp
[3.062s] -- Up-to-date symlink: /home/armando30/robotsprj/install/ur_dashboard_msgs/include/ur_dashboard_msgs/ur_dashboard_msgs/srv/detail/load__type_support.hpp
[3.063s] -- Up-to-date symlink: /home/armando30/robotsprj/install/ur_dashboard_msgs/include/ur_dashboard_msgs/ur_dashboard_msgs/srv/detail/popup__builder.hpp
[3.064s] -- Up-to-date symlink: /home/armando30/robotsprj/install/ur_dashboard_msgs/include/ur_dashboard_msgs/ur_dashboard_msgs/srv/detail/popup__struct.hpp
[3.064s] -- Up-to-date symlink: /home/armando30/robotsprj/install/ur_dashboard_msgs/include/ur_dashboard_msgs/ur_dashboard_msgs/srv/detail/popup__traits.hpp
[3.065s] -- Up-to-date symlink: /home/armando30/robotsprj/install/ur_dashboard_msgs/include/ur_dashboard_msgs/ur_dashboard_msgs/srv/detail/popup__type_support.hpp
[3.066s] -- Up-to-date symlink: /home/armando30/robotsprj/install/ur_dashboard_msgs/include/ur_dashboard_msgs/ur_dashboard_msgs/srv/detail/raw_request__builder.hpp
[3.067s] -- Up-to-date symlink: /home/armando30/robotsprj/install/ur_dashboard_msgs/include/ur_dashboard_msgs/ur_dashboard_msgs/srv/detail/raw_request__struct.hpp
[3.068s] -- Up-to-date symlink: /home/armando30/robotsprj/install/ur_dashboard_msgs/include/ur_dashboard_msgs/ur_dashboard_msgs/srv/detail/raw_request__traits.hpp
[3.068s] -- Up-to-date symlink: /home/armando30/robotsprj/install/ur_dashboard_msgs/include/ur_dashboard_msgs/ur_dashboard_msgs/srv/detail/raw_request__type_support.hpp
[3.069s] -- Up-to-date symlink: /home/armando30/robotsprj/install/ur_dashboard_msgs/include/ur_dashboard_msgs/ur_dashboard_msgs/srv/get_loaded_program.hpp
[3.072s] -- Up-to-date symlink: /home/armando30/robotsprj/install/ur_dashboard_msgs/include/ur_dashboard_msgs/ur_dashboard_msgs/srv/get_program_state.hpp
[3.073s] -- Up-to-date symlink: /home/armando30/robotsprj/install/ur_dashboard_msgs/include/ur_dashboard_msgs/ur_dashboard_msgs/srv/get_robot_mode.hpp
[3.074s] -- Up-to-date symlink: /home/armando30/robotsprj/install/ur_dashboard_msgs/include/ur_dashboard_msgs/ur_dashboard_msgs/srv/get_safety_mode.hpp
[3.075s] -- Up-to-date symlink: /home/armando30/robotsprj/install/ur_dashboard_msgs/include/ur_dashboard_msgs/ur_dashboard_msgs/srv/is_in_remote_control.hpp
[3.081s] -- Up-to-date symlink: /home/armando30/robotsprj/install/ur_dashboard_msgs/include/ur_dashboard_msgs/ur_dashboard_msgs/srv/is_program_running.hpp
[3.082s] -- Up-to-date symlink: /home/armando30/robotsprj/install/ur_dashboard_msgs/include/ur_dashboard_msgs/ur_dashboard_msgs/srv/is_program_saved.hpp
[3.084s] -- Up-to-date symlink: /home/armando30/robotsprj/install/ur_dashboard_msgs/include/ur_dashboard_msgs/ur_dashboard_msgs/srv/load.hpp
[3.085s] -- Up-to-date symlink: /home/armando30/robotsprj/install/ur_dashboard_msgs/include/ur_dashboard_msgs/ur_dashboard_msgs/srv/popup.hpp
[3.086s] -- Up-to-date symlink: /home/armando30/robotsprj/install/ur_dashboard_msgs/include/ur_dashboard_msgs/ur_dashboard_msgs/srv/raw_request.hpp
[3.089s] -- Up-to-date symlink: /home/armando30/robotsprj/install/ur_dashboard_msgs/include/ur_dashboard_msgs/ur_dashboard_msgs/action/detail/set_mode__rosidl_typesupport_fastrtps_cpp.hpp
[3.090s] -- Up-to-date symlink: /home/armando30/robotsprj/install/ur_dashboard_msgs/include/ur_dashboard_msgs/ur_dashboard_msgs/msg/detail/program_state__rosidl_typesupport_fastrtps_cpp.hpp
[3.090s] -- Up-to-date symlink: /home/armando30/robotsprj/install/ur_dashboard_msgs/include/ur_dashboard_msgs/ur_dashboard_msgs/msg/detail/robot_mode__rosidl_typesupport_fastrtps_cpp.hpp
[3.091s] -- Up-to-date symlink: /home/armando30/robotsprj/install/ur_dashboard_msgs/include/ur_dashboard_msgs/ur_dashboard_msgs/msg/detail/safety_mode__rosidl_typesupport_fastrtps_cpp.hpp
[3.093s] -- Up-to-date symlink: /home/armando30/robotsprj/install/ur_dashboard_msgs/include/ur_dashboard_msgs/ur_dashboard_msgs/msg/rosidl_typesupport_fastrtps_cpp__visibility_control.h
[3.093s] -- Up-to-date symlink: /home/armando30/robotsprj/install/ur_dashboard_msgs/include/ur_dashboard_msgs/ur_dashboard_msgs/srv/detail/add_to_log__rosidl_typesupport_fastrtps_cpp.hpp
[3.094s] -- Up-to-date symlink: /home/armando30/robotsprj/install/ur_dashboard_msgs/include/ur_dashboard_msgs/ur_dashboard_msgs/srv/detail/get_loaded_program__rosidl_typesupport_fastrtps_cpp.hpp
[3.094s] -- Up-to-date symlink: /home/armando30/robotsprj/install/ur_dashboard_msgs/include/ur_dashboard_msgs/ur_dashboard_msgs/srv/detail/get_program_state__rosidl_typesupport_fastrtps_cpp.hpp
[3.095s] -- Up-to-date symlink: /home/armando30/robotsprj/install/ur_dashboard_msgs/include/ur_dashboard_msgs/ur_dashboard_msgs/srv/detail/get_robot_mode__rosidl_typesupport_fastrtps_cpp.hpp
[3.096s] -- Up-to-date symlink: /home/armando30/robotsprj/install/ur_dashboard_msgs/include/ur_dashboard_msgs/ur_dashboard_msgs/srv/detail/get_safety_mode__rosidl_typesupport_fastrtps_cpp.hpp
[3.097s] -- Up-to-date symlink: /home/armando30/robotsprj/install/ur_dashboard_msgs/include/ur_dashboard_msgs/ur_dashboard_msgs/srv/detail/is_in_remote_control__rosidl_typesupport_fastrtps_cpp.hpp
[3.098s] -- Up-to-date symlink: /home/armando30/robotsprj/install/ur_dashboard_msgs/include/ur_dashboard_msgs/ur_dashboard_msgs/srv/detail/is_program_running__rosidl_typesupport_fastrtps_cpp.hpp
[3.099s] -- Up-to-date symlink: /home/armando30/robotsprj/install/ur_dashboard_msgs/include/ur_dashboard_msgs/ur_dashboard_msgs/srv/detail/is_program_saved__rosidl_typesupport_fastrtps_cpp.hpp
[3.099s] -- Up-to-date symlink: /home/armando30/robotsprj/install/ur_dashboard_msgs/include/ur_dashboard_msgs/ur_dashboard_msgs/srv/detail/load__rosidl_typesupport_fastrtps_cpp.hpp
[3.101s] -- Up-to-date symlink: /home/armando30/robotsprj/install/ur_dashboard_msgs/include/ur_dashboard_msgs/ur_dashboard_msgs/srv/detail/popup__rosidl_typesupport_fastrtps_cpp.hpp
[3.102s] -- Up-to-date symlink: /home/armando30/robotsprj/install/ur_dashboard_msgs/include/ur_dashboard_msgs/ur_dashboard_msgs/srv/detail/raw_request__rosidl_typesupport_fastrtps_cpp.hpp
[3.118s] -- Up-to-date symlink: /home/armando30/robotsprj/install/ur_dashboard_msgs/include/ur_dashboard_msgs/ur_dashboard_msgs/action/detail/set_mode__rosidl_typesupport_introspection_cpp.hpp
[3.125s] -- Up-to-date symlink: /home/armando30/robotsprj/install/ur_dashboard_msgs/include/ur_dashboard_msgs/ur_dashboard_msgs/msg/detail/program_state__rosidl_typesupport_introspection_cpp.hpp
[3.131s] -- Up-to-date symlink: /home/armando30/robotsprj/install/ur_dashboard_msgs/include/ur_dashboard_msgs/ur_dashboard_msgs/msg/detail/robot_mode__rosidl_typesupport_introspection_cpp.hpp
[3.147s] -- Up-to-date symlink: /home/armando30/robotsprj/install/ur_dashboard_msgs/include/ur_dashboard_msgs/ur_dashboard_msgs/msg/detail/safety_mode__rosidl_typesupport_introspection_cpp.hpp
[3.152s] -- Up-to-date symlink: /home/armando30/robotsprj/install/ur_dashboard_msgs/include/ur_dashboard_msgs/ur_dashboard_msgs/srv/detail/add_to_log__rosidl_typesupport_introspection_cpp.hpp
[3.153s] -- Up-to-date symlink: /home/armando30/robotsprj/install/ur_dashboard_msgs/include/ur_dashboard_msgs/ur_dashboard_msgs/srv/detail/get_loaded_program__rosidl_typesupport_introspection_cpp.hpp
[3.156s] -- Up-to-date symlink: /home/armando30/robotsprj/install/ur_dashboard_msgs/include/ur_dashboard_msgs/ur_dashboard_msgs/srv/detail/get_program_state__rosidl_typesupport_introspection_cpp.hpp
[3.162s] -- Up-to-date symlink: /home/armando30/robotsprj/install/ur_dashboard_msgs/include/ur_dashboard_msgs/ur_dashboard_msgs/srv/detail/get_robot_mode__rosidl_typesupport_introspection_cpp.hpp
[3.165s] -- Up-to-date symlink: /home/armando30/robotsprj/install/ur_dashboard_msgs/include/ur_dashboard_msgs/ur_dashboard_msgs/srv/detail/get_safety_mode__rosidl_typesupport_introspection_cpp.hpp
[3.170s] -- Up-to-date symlink: /home/armando30/robotsprj/install/ur_dashboard_msgs/include/ur_dashboard_msgs/ur_dashboard_msgs/srv/detail/is_in_remote_control__rosidl_typesupport_introspection_cpp.hpp
[3.171s] -- Up-to-date symlink: /home/armando30/robotsprj/install/ur_dashboard_msgs/include/ur_dashboard_msgs/ur_dashboard_msgs/srv/detail/is_program_running__rosidl_typesupport_introspection_cpp.hpp
[3.172s] -- Up-to-date symlink: /home/armando30/robotsprj/install/ur_dashboard_msgs/include/ur_dashboard_msgs/ur_dashboard_msgs/srv/detail/is_program_saved__rosidl_typesupport_introspection_cpp.hpp
[3.173s] -- Up-to-date symlink: /home/armando30/robotsprj/install/ur_dashboard_msgs/include/ur_dashboard_msgs/ur_dashboard_msgs/srv/detail/load__rosidl_typesupport_introspection_cpp.hpp
[3.174s] -- Up-to-date symlink: /home/armando30/robotsprj/install/ur_dashboard_msgs/include/ur_dashboard_msgs/ur_dashboard_msgs/srv/detail/popup__rosidl_typesupport_introspection_cpp.hpp
[3.179s] -- Up-to-date symlink: /home/armando30/robotsprj/install/ur_dashboard_msgs/include/ur_dashboard_msgs/ur_dashboard_msgs/srv/detail/raw_request__rosidl_typesupport_introspection_cpp.hpp
[3.186s] -- Up-to-date symlink: /home/armando30/robotsprj/install/ur_dashboard_msgs/share/ur_dashboard_msgs/environment/pythonpath.sh
[3.187s] -- Up-to-date symlink: /home/armando30/robotsprj/install/ur_dashboard_msgs/share/ur_dashboard_msgs/environment/pythonpath.dsv
[3.192s] -- Up-to-date symlink: /home/armando30/robotsprj/install/ur_dashboard_msgs/local/lib/python3.10/dist-packages/ur_dashboard_msgs-2.8.1-py3.10.egg-info/PKG-INFO
[3.194s] -- Up-to-date symlink: /home/armando30/robotsprj/install/ur_dashboard_msgs/local/lib/python3.10/dist-packages/ur_dashboard_msgs-2.8.1-py3.10.egg-info/SOURCES.txt
[3.195s] -- Up-to-date symlink: /home/armando30/robotsprj/install/ur_dashboard_msgs/local/lib/python3.10/dist-packages/ur_dashboard_msgs-2.8.1-py3.10.egg-info/dependency_links.txt
[3.197s] -- Up-to-date symlink: /home/armando30/robotsprj/install/ur_dashboard_msgs/local/lib/python3.10/dist-packages/ur_dashboard_msgs-2.8.1-py3.10.egg-info/top_level.txt
[3.217s] -- Up-to-date symlink: /home/armando30/robotsprj/install/ur_dashboard_msgs/local/lib/python3.10/dist-packages/ur_dashboard_msgs/__init__.py
[3.218s] -- Up-to-date symlink: /home/armando30/robotsprj/install/ur_dashboard_msgs/local/lib/python3.10/dist-packages/ur_dashboard_msgs/_ur_dashboard_msgs_s.ep.rosidl_typesupport_c.c
[3.219s] -- Up-to-date symlink: /home/armando30/robotsprj/install/ur_dashboard_msgs/local/lib/python3.10/dist-packages/ur_dashboard_msgs/_ur_dashboard_msgs_s.ep.rosidl_typesupport_fastrtps_c.c
[3.220s] -- Up-to-date symlink: /home/armando30/robotsprj/install/ur_dashboard_msgs/local/lib/python3.10/dist-packages/ur_dashboard_msgs/_ur_dashboard_msgs_s.ep.rosidl_typesupport_introspection_c.c
[3.220s] -- Up-to-date symlink: /home/armando30/robotsprj/install/ur_dashboard_msgs/local/lib/python3.10/dist-packages/ur_dashboard_msgs/action/__init__.py
[3.222s] -- Up-to-date symlink: /home/armando30/robotsprj/install/ur_dashboard_msgs/local/lib/python3.10/dist-packages/ur_dashboard_msgs/action/_set_mode.py
[3.224s] -- Up-to-date symlink: /home/armando30/robotsprj/install/ur_dashboard_msgs/local/lib/python3.10/dist-packages/ur_dashboard_msgs/action/_set_mode_s.c
[3.225s] -- Up-to-date symlink: /home/armando30/robotsprj/install/ur_dashboard_msgs/local/lib/python3.10/dist-packages/ur_dashboard_msgs/libur_dashboard_msgs__rosidl_generator_py.so
[3.226s] -- Up-to-date symlink: /home/armando30/robotsprj/install/ur_dashboard_msgs/local/lib/python3.10/dist-packages/ur_dashboard_msgs/msg/__init__.py
[3.228s] -- Up-to-date symlink: /home/armando30/robotsprj/install/ur_dashboard_msgs/local/lib/python3.10/dist-packages/ur_dashboard_msgs/msg/_program_state.py
[3.229s] -- Up-to-date symlink: /home/armando30/robotsprj/install/ur_dashboard_msgs/local/lib/python3.10/dist-packages/ur_dashboard_msgs/msg/_program_state_s.c
[3.236s] -- Up-to-date symlink: /home/armando30/robotsprj/install/ur_dashboard_msgs/local/lib/python3.10/dist-packages/ur_dashboard_msgs/msg/_robot_mode.py
[3.240s] -- Up-to-date symlink: /home/armando30/robotsprj/install/ur_dashboard_msgs/local/lib/python3.10/dist-packages/ur_dashboard_msgs/msg/_robot_mode_s.c
[3.241s] -- Up-to-date symlink: /home/armando30/robotsprj/install/ur_dashboard_msgs/local/lib/python3.10/dist-packages/ur_dashboard_msgs/msg/_safety_mode.py
[3.246s] -- Up-to-date symlink: /home/armando30/robotsprj/install/ur_dashboard_msgs/local/lib/python3.10/dist-packages/ur_dashboard_msgs/msg/_safety_mode_s.c
[3.253s] -- Up-to-date symlink: /home/armando30/robotsprj/install/ur_dashboard_msgs/local/lib/python3.10/dist-packages/ur_dashboard_msgs/srv/__init__.py
[3.262s] -- Up-to-date symlink: /home/armando30/robotsprj/install/ur_dashboard_msgs/local/lib/python3.10/dist-packages/ur_dashboard_msgs/srv/_add_to_log.py
[3.262s] -- Up-to-date symlink: /home/armando30/robotsprj/install/ur_dashboard_msgs/local/lib/python3.10/dist-packages/ur_dashboard_msgs/srv/_add_to_log_s.c
[3.262s] -- Up-to-date symlink: /home/armando30/robotsprj/install/ur_dashboard_msgs/local/lib/python3.10/dist-packages/ur_dashboard_msgs/srv/_get_loaded_program.py
[3.264s] -- Up-to-date symlink: /home/armando30/robotsprj/install/ur_dashboard_msgs/local/lib/python3.10/dist-packages/ur_dashboard_msgs/srv/_get_loaded_program_s.c
[3.265s] -- Up-to-date symlink: /home/armando30/robotsprj/install/ur_dashboard_msgs/local/lib/python3.10/dist-packages/ur_dashboard_msgs/srv/_get_program_state.py
[3.265s] -- Up-to-date symlink: /home/armando30/robotsprj/install/ur_dashboard_msgs/local/lib/python3.10/dist-packages/ur_dashboard_msgs/srv/_get_program_state_s.c
[3.267s] -- Up-to-date symlink: /home/armando30/robotsprj/install/ur_dashboard_msgs/local/lib/python3.10/dist-packages/ur_dashboard_msgs/srv/_get_robot_mode.py
[3.267s] -- Up-to-date symlink: /home/armando30/robotsprj/install/ur_dashboard_msgs/local/lib/python3.10/dist-packages/ur_dashboard_msgs/srv/_get_robot_mode_s.c
[3.269s] -- Up-to-date symlink: /home/armando30/robotsprj/install/ur_dashboard_msgs/local/lib/python3.10/dist-packages/ur_dashboard_msgs/srv/_get_safety_mode.py
[3.269s] -- Up-to-date symlink: /home/armando30/robotsprj/install/ur_dashboard_msgs/local/lib/python3.10/dist-packages/ur_dashboard_msgs/srv/_get_safety_mode_s.c
[3.270s] -- Up-to-date symlink: /home/armando30/robotsprj/install/ur_dashboard_msgs/local/lib/python3.10/dist-packages/ur_dashboard_msgs/srv/_is_in_remote_control.py
[3.271s] -- Up-to-date symlink: /home/armando30/robotsprj/install/ur_dashboard_msgs/local/lib/python3.10/dist-packages/ur_dashboard_msgs/srv/_is_in_remote_control_s.c
[3.271s] -- Up-to-date symlink: /home/armando30/robotsprj/install/ur_dashboard_msgs/local/lib/python3.10/dist-packages/ur_dashboard_msgs/srv/_is_program_running.py
[3.272s] -- Up-to-date symlink: /home/armando30/robotsprj/install/ur_dashboard_msgs/local/lib/python3.10/dist-packages/ur_dashboard_msgs/srv/_is_program_running_s.c
[3.273s] -- Up-to-date symlink: /home/armando30/robotsprj/install/ur_dashboard_msgs/local/lib/python3.10/dist-packages/ur_dashboard_msgs/srv/_is_program_saved.py
[3.275s] -- Up-to-date symlink: /home/armando30/robotsprj/install/ur_dashboard_msgs/local/lib/python3.10/dist-packages/ur_dashboard_msgs/srv/_is_program_saved_s.c
[3.281s] -- Up-to-date symlink: /home/armando30/robotsprj/install/ur_dashboard_msgs/local/lib/python3.10/dist-packages/ur_dashboard_msgs/srv/_load.py
[3.282s] -- Up-to-date symlink: /home/armando30/robotsprj/install/ur_dashboard_msgs/local/lib/python3.10/dist-packages/ur_dashboard_msgs/srv/_load_s.c
[3.287s] -- Up-to-date symlink: /home/armando30/robotsprj/install/ur_dashboard_msgs/local/lib/python3.10/dist-packages/ur_dashboard_msgs/srv/_popup.py
[3.287s] -- Up-to-date symlink: /home/armando30/robotsprj/install/ur_dashboard_msgs/local/lib/python3.10/dist-packages/ur_dashboard_msgs/srv/_popup_s.c
[3.288s] -- Up-to-date symlink: /home/armando30/robotsprj/install/ur_dashboard_msgs/local/lib/python3.10/dist-packages/ur_dashboard_msgs/srv/_raw_request.py
[3.289s] -- Up-to-date symlink: /home/armando30/robotsprj/install/ur_dashboard_msgs/local/lib/python3.10/dist-packages/ur_dashboard_msgs/srv/_raw_request_s.c
[3.290s] -- Up-to-date symlink: /home/armando30/robotsprj/install/ur_dashboard_msgs/local/lib/python3.10/dist-packages/ur_dashboard_msgs/ur_dashboard_msgs_s__rosidl_typesupport_c.cpython-310-x86_64-linux-gnu.so
[3.291s] -- Up-to-date symlink: /home/armando30/robotsprj/install/ur_dashboard_msgs/local/lib/python3.10/dist-packages/ur_dashboard_msgs/ur_dashboard_msgs_s__rosidl_typesupport_fastrtps_c.cpython-310-x86_64-linux-gnu.so
[3.292s] -- Up-to-date symlink: /home/armando30/robotsprj/install/ur_dashboard_msgs/local/lib/python3.10/dist-packages/ur_dashboard_msgs/ur_dashboard_msgs_s__rosidl_typesupport_introspection_c.cpython-310-x86_64-linux-gnu.so
[3.292s] -- Up-to-date symlink: /home/armando30/robotsprj/install/ur_dashboard_msgs/local/lib/python3.10/dist-packages/ur_dashboard_msgs/ur_dashboard_msgs_s__rosidl_typesupport_fastrtps_c.cpython-310-x86_64-linux-gnu.so
[3.293s] -- Up-to-date symlink: /home/armando30/robotsprj/install/ur_dashboard_msgs/local/lib/python3.10/dist-packages/ur_dashboard_msgs/ur_dashboard_msgs_s__rosidl_typesupport_introspection_c.cpython-310-x86_64-linux-gnu.so
[3.293s] -- Up-to-date symlink: /home/armando30/robotsprj/install/ur_dashboard_msgs/local/lib/python3.10/dist-packages/ur_dashboard_msgs/ur_dashboard_msgs_s__rosidl_typesupport_c.cpython-310-x86_64-linux-gnu.so
[3.294s] -- Up-to-date symlink: /home/armando30/robotsprj/install/ur_dashboard_msgs/share/ur_dashboard_msgs/msg/ProgramState.idl
[3.295s] -- Up-to-date symlink: /home/armando30/robotsprj/install/ur_dashboard_msgs/share/ur_dashboard_msgs/msg/RobotMode.idl
[3.297s] -- Up-to-date symlink: /home/armando30/robotsprj/install/ur_dashboard_msgs/share/ur_dashboard_msgs/msg/SafetyMode.idl
[3.298s] -- Up-to-date symlink: /home/armando30/robotsprj/install/ur_dashboard_msgs/share/ur_dashboard_msgs/srv/AddToLog.idl
[3.299s] -- Up-to-date symlink: /home/armando30/robotsprj/install/ur_dashboard_msgs/share/ur_dashboard_msgs/srv/GetLoadedProgram.idl
[3.300s] -- Up-to-date symlink: /home/armando30/robotsprj/install/ur_dashboard_msgs/share/ur_dashboard_msgs/srv/GetProgramState.idl
[3.300s] -- Up-to-date symlink: /home/armando30/robotsprj/install/ur_dashboard_msgs/share/ur_dashboard_msgs/srv/GetRobotMode.idl
[3.301s] -- Up-to-date symlink: /home/armando30/robotsprj/install/ur_dashboard_msgs/share/ur_dashboard_msgs/srv/GetSafetyMode.idl
[3.302s] -- Up-to-date symlink: /home/armando30/robotsprj/install/ur_dashboard_msgs/share/ur_dashboard_msgs/srv/IsProgramRunning.idl
[3.303s] -- Up-to-date symlink: /home/armando30/robotsprj/install/ur_dashboard_msgs/share/ur_dashboard_msgs/srv/IsProgramSaved.idl
[3.303s] -- Up-to-date symlink: /home/armando30/robotsprj/install/ur_dashboard_msgs/share/ur_dashboard_msgs/srv/Load.idl
[3.304s] -- Up-to-date symlink: /home/armando30/robotsprj/install/ur_dashboard_msgs/share/ur_dashboard_msgs/srv/Popup.idl
[3.305s] -- Up-to-date symlink: /home/armando30/robotsprj/install/ur_dashboard_msgs/share/ur_dashboard_msgs/srv/RawRequest.idl
[3.305s] -- Up-to-date symlink: /home/armando30/robotsprj/install/ur_dashboard_msgs/share/ur_dashboard_msgs/srv/IsInRemoteControl.idl
[3.306s] -- Up-to-date symlink: /home/armando30/robotsprj/install/ur_dashboard_msgs/share/ur_dashboard_msgs/action/SetMode.idl
[3.306s] -- Up-to-date symlink: /home/armando30/robotsprj/install/ur_dashboard_msgs/share/ur_dashboard_msgs/msg/ProgramState.msg
[3.307s] -- Up-to-date symlink: /home/armando30/robotsprj/install/ur_dashboard_msgs/share/ur_dashboard_msgs/msg/RobotMode.msg
[3.307s] -- Up-to-date symlink: /home/armando30/robotsprj/install/ur_dashboard_msgs/share/ur_dashboard_msgs/msg/SafetyMode.msg
[3.308s] -- Up-to-date symlink: /home/armando30/robotsprj/install/ur_dashboard_msgs/share/ur_dashboard_msgs/srv/AddToLog.srv
[3.309s] -- Up-to-date symlink: /home/armando30/robotsprj/install/ur_dashboard_msgs/share/ur_dashboard_msgs/srv/AddToLog_Request.msg
[3.309s] -- Up-to-date symlink: /home/armando30/robotsprj/install/ur_dashboard_msgs/share/ur_dashboard_msgs/srv/AddToLog_Response.msg
[3.311s] -- Up-to-date symlink: /home/armando30/robotsprj/install/ur_dashboard_msgs/share/ur_dashboard_msgs/srv/GetLoadedProgram.srv
[3.311s] -- Up-to-date symlink: /home/armando30/robotsprj/install/ur_dashboard_msgs/share/ur_dashboard_msgs/srv/GetLoadedProgram_Request.msg
[3.313s] -- Up-to-date symlink: /home/armando30/robotsprj/install/ur_dashboard_msgs/share/ur_dashboard_msgs/srv/GetLoadedProgram_Response.msg
[3.314s] -- Up-to-date symlink: /home/armando30/robotsprj/install/ur_dashboard_msgs/share/ur_dashboard_msgs/srv/GetProgramState.srv
[3.318s] -- Up-to-date symlink: /home/armando30/robotsprj/install/ur_dashboard_msgs/share/ur_dashboard_msgs/srv/GetProgramState_Request.msg
[3.320s] -- Up-to-date symlink: /home/armando30/robotsprj/install/ur_dashboard_msgs/share/ur_dashboard_msgs/srv/GetProgramState_Response.msg
[3.322s] -- Up-to-date symlink: /home/armando30/robotsprj/install/ur_dashboard_msgs/share/ur_dashboard_msgs/srv/GetRobotMode.srv
[3.323s] -- Up-to-date symlink: /home/armando30/robotsprj/install/ur_dashboard_msgs/share/ur_dashboard_msgs/srv/GetRobotMode_Request.msg
[3.327s] -- Up-to-date symlink: /home/armando30/robotsprj/install/ur_dashboard_msgs/share/ur_dashboard_msgs/srv/GetRobotMode_Response.msg
[3.328s] -- Up-to-date symlink: /home/armando30/robotsprj/install/ur_dashboard_msgs/share/ur_dashboard_msgs/srv/GetSafetyMode.srv
[3.329s] -- Up-to-date symlink: /home/armando30/robotsprj/install/ur_dashboard_msgs/share/ur_dashboard_msgs/srv/GetSafetyMode_Request.msg
[3.330s] -- Up-to-date symlink: /home/armando30/robotsprj/install/ur_dashboard_msgs/share/ur_dashboard_msgs/srv/GetSafetyMode_Response.msg
[3.332s] -- Up-to-date symlink: /home/armando30/robotsprj/install/ur_dashboard_msgs/share/ur_dashboard_msgs/srv/IsProgramRunning.srv
[3.332s] -- Up-to-date symlink: /home/armando30/robotsprj/install/ur_dashboard_msgs/share/ur_dashboard_msgs/srv/IsProgramRunning_Request.msg
[3.333s] -- Up-to-date symlink: /home/armando30/robotsprj/install/ur_dashboard_msgs/share/ur_dashboard_msgs/srv/IsProgramRunning_Response.msg
[3.335s] -- Up-to-date symlink: /home/armando30/robotsprj/install/ur_dashboard_msgs/share/ur_dashboard_msgs/srv/IsProgramSaved.srv
[3.336s] -- Up-to-date symlink: /home/armando30/robotsprj/install/ur_dashboard_msgs/share/ur_dashboard_msgs/srv/IsProgramSaved_Request.msg
[3.337s] -- Up-to-date symlink: /home/armando30/robotsprj/install/ur_dashboard_msgs/share/ur_dashboard_msgs/srv/IsProgramSaved_Response.msg
[3.337s] -- Up-to-date symlink: /home/armando30/robotsprj/install/ur_dashboard_msgs/share/ur_dashboard_msgs/srv/Load.srv
[3.340s] -- Up-to-date symlink: /home/armando30/robotsprj/install/ur_dashboard_msgs/share/ur_dashboard_msgs/srv/Load_Request.msg
[3.343s] -- Up-to-date symlink: /home/armando30/robotsprj/install/ur_dashboard_msgs/share/ur_dashboard_msgs/srv/Load_Response.msg
[3.344s] -- Up-to-date symlink: /home/armando30/robotsprj/install/ur_dashboard_msgs/share/ur_dashboard_msgs/srv/Popup.srv
[3.345s] -- Up-to-date symlink: /home/armando30/robotsprj/install/ur_dashboard_msgs/share/ur_dashboard_msgs/srv/Popup_Request.msg
[3.345s] -- Up-to-date symlink: /home/armando30/robotsprj/install/ur_dashboard_msgs/share/ur_dashboard_msgs/srv/Popup_Response.msg
[3.348s] -- Up-to-date symlink: /home/armando30/robotsprj/install/ur_dashboard_msgs/share/ur_dashboard_msgs/srv/RawRequest.srv
[3.350s] -- Up-to-date symlink: /home/armando30/robotsprj/install/ur_dashboard_msgs/share/ur_dashboard_msgs/srv/RawRequest_Request.msg
[3.353s] -- Up-to-date symlink: /home/armando30/robotsprj/install/ur_dashboard_msgs/share/ur_dashboard_msgs/srv/RawRequest_Response.msg
[3.355s] -- Up-to-date symlink: /home/armando30/robotsprj/install/ur_dashboard_msgs/share/ur_dashboard_msgs/srv/IsInRemoteControl.srv
[3.357s] -- Up-to-date symlink: /home/armando30/robotsprj/install/ur_dashboard_msgs/share/ur_dashboard_msgs/srv/IsInRemoteControl_Request.msg
[3.357s] -- Up-to-date symlink: /home/armando30/robotsprj/install/ur_dashboard_msgs/share/ur_dashboard_msgs/srv/IsInRemoteControl_Response.msg
[3.368s] -- Up-to-date symlink: /home/armando30/robotsprj/install/ur_dashboard_msgs/share/ur_dashboard_msgs/action/SetMode.action
[3.368s] -- Up-to-date symlink: /home/armando30/robotsprj/install/ur_dashboard_msgs/share/ament_index/resource_index/package_run_dependencies/ur_dashboard_msgs
[3.369s] -- Up-to-date symlink: /home/armando30/robotsprj/install/ur_dashboard_msgs/share/ament_index/resource_index/parent_prefix_path/ur_dashboard_msgs
[3.371s] -- Up-to-date symlink: /home/armando30/robotsprj/install/ur_dashboard_msgs/share/ur_dashboard_msgs/environment/ament_prefix_path.sh
[3.374s] -- Up-to-date symlink: /home/armando30/robotsprj/install/ur_dashboard_msgs/share/ur_dashboard_msgs/environment/ament_prefix_path.dsv
[3.375s] -- Up-to-date symlink: /home/armando30/robotsprj/install/ur_dashboard_msgs/share/ur_dashboard_msgs/environment/path.sh
[3.377s] -- Up-to-date symlink: /home/armando30/robotsprj/install/ur_dashboard_msgs/share/ur_dashboard_msgs/environment/path.dsv
[3.381s] -- Up-to-date symlink: /home/armando30/robotsprj/install/ur_dashboard_msgs/share/ur_dashboard_msgs/local_setup.bash
[3.381s] -- Up-to-date symlink: /home/armando30/robotsprj/install/ur_dashboard_msgs/share/ur_dashboard_msgs/local_setup.sh
[3.382s] -- Up-to-date symlink: /home/armando30/robotsprj/install/ur_dashboard_msgs/share/ur_dashboard_msgs/local_setup.zsh
[3.382s] -- Up-to-date symlink: /home/armando30/robotsprj/install/ur_dashboard_msgs/share/ur_dashboard_msgs/local_setup.dsv
[3.386s] -- Symlinking: /home/armando30/robotsprj/install/ur_dashboard_msgs/share/ur_dashboard_msgs/package.dsv
[3.388s] -- Up-to-date symlink: /home/armando30/robotsprj/install/ur_dashboard_msgs/share/ament_index/resource_index/packages/ur_dashboard_msgs
[3.389s] -- Up-to-date symlink: /home/armando30/robotsprj/install/ur_dashboard_msgs/share/ur_dashboard_msgs/cmake/rosidl_cmake-extras.cmake
[3.389s] -- Up-to-date symlink: /home/armando30/robotsprj/install/ur_dashboard_msgs/share/ur_dashboard_msgs/cmake/ament_cmake_export_dependencies-extras.cmake
[3.391s] -- Up-to-date symlink: /home/armando30/robotsprj/install/ur_dashboard_msgs/share/ur_dashboard_msgs/cmake/ament_cmake_export_include_directories-extras.cmake
[3.391s] -- Up-to-date symlink: /home/armando30/robotsprj/install/ur_dashboard_msgs/share/ur_dashboard_msgs/cmake/ament_cmake_export_libraries-extras.cmake
[3.392s] -- Up-to-date symlink: /home/armando30/robotsprj/install/ur_dashboard_msgs/share/ur_dashboard_msgs/cmake/ament_cmake_export_targets-extras.cmake
[3.392s] -- Up-to-date symlink: /home/armando30/robotsprj/install/ur_dashboard_msgs/share/ur_dashboard_msgs/cmake/rosidl_cmake_export_typesupport_targets-extras.cmake
[3.394s] -- Up-to-date symlink: /home/armando30/robotsprj/install/ur_dashboard_msgs/share/ur_dashboard_msgs/cmake/rosidl_cmake_export_typesupport_libraries-extras.cmake
[3.396s] -- Up-to-date symlink: /home/armando30/robotsprj/install/ur_dashboard_msgs/share/ur_dashboard_msgs/cmake/ur_dashboard_msgsConfig.cmake
[3.397s] -- Up-to-date symlink: /home/armando30/robotsprj/install/ur_dashboard_msgs/share/ur_dashboard_msgs/cmake/ur_dashboard_msgsConfig-version.cmake
[3.397s] -- Up-to-date symlink: /home/armando30/robotsprj/install/ur_dashboard_msgs/share/ur_dashboard_msgs/package.xml
[3.398s] -- Up-to-date: /home/armando30/robotsprj/install/ur_dashboard_msgs/lib/libur_dashboard_msgs__rosidl_generator_c.so
[3.398s] -- Up-to-date: /home/armando30/robotsprj/install/ur_dashboard_msgs/lib/libur_dashboard_msgs__rosidl_typesupport_fastrtps_c.so
[3.403s] -- Up-to-date: /home/armando30/robotsprj/install/ur_dashboard_msgs/lib/libur_dashboard_msgs__rosidl_typesupport_introspection_c.so
[3.405s] -- Up-to-date: /home/armando30/robotsprj/install/ur_dashboard_msgs/lib/libur_dashboard_msgs__rosidl_typesupport_c.so
[3.406s] -- Up-to-date: /home/armando30/robotsprj/install/ur_dashboard_msgs/lib/libur_dashboard_msgs__rosidl_typesupport_fastrtps_cpp.so
[3.407s] -- Up-to-date: /home/armando30/robotsprj/install/ur_dashboard_msgs/lib/libur_dashboard_msgs__rosidl_typesupport_introspection_cpp.so
[3.408s] -- Up-to-date: /home/armando30/robotsprj/install/ur_dashboard_msgs/lib/libur_dashboard_msgs__rosidl_typesupport_cpp.so
[3.426s] Listing '/home/armando30/robotsprj/install/ur_dashboard_msgs/local/lib/python3.10/dist-packages/ur_dashboard_msgs'...
[3.428s] Listing '/home/armando30/robotsprj/install/ur_dashboard_msgs/local/lib/python3.10/dist-packages/ur_dashboard_msgs/action'...
[3.428s] Listing '/home/armando30/robotsprj/install/ur_dashboard_msgs/local/lib/python3.10/dist-packages/ur_dashboard_msgs/msg'...
[3.430s] Listing '/home/armando30/robotsprj/install/ur_dashboard_msgs/local/lib/python3.10/dist-packages/ur_dashboard_msgs/srv'...
[3.454s] -- Up-to-date: /home/armando30/robotsprj/install/ur_dashboard_msgs/lib/libur_dashboard_msgs__rosidl_generator_py.so
[3.461s] -- Up-to-date: /home/armando30/robotsprj/install/ur_dashboard_msgs/share/ur_dashboard_msgs/cmake/export_ur_dashboard_msgs__rosidl_generator_cExport.cmake
[3.461s] -- Up-to-date: /home/armando30/robotsprj/install/ur_dashboard_msgs/share/ur_dashboard_msgs/cmake/export_ur_dashboard_msgs__rosidl_generator_cExport-noconfig.cmake
[3.462s] -- Up-to-date: /home/armando30/robotsprj/install/ur_dashboard_msgs/share/ur_dashboard_msgs/cmake/export_ur_dashboard_msgs__rosidl_typesupport_fastrtps_cExport.cmake
[3.463s] -- Up-to-date: /home/armando30/robotsprj/install/ur_dashboard_msgs/share/ur_dashboard_msgs/cmake/export_ur_dashboard_msgs__rosidl_typesupport_fastrtps_cExport-noconfig.cmake
[3.463s] -- Up-to-date: /home/armando30/robotsprj/install/ur_dashboard_msgs/share/ur_dashboard_msgs/cmake/ur_dashboard_msgs__rosidl_typesupport_introspection_cExport.cmake
[3.463s] -- Up-to-date: /home/armando30/robotsprj/install/ur_dashboard_msgs/share/ur_dashboard_msgs/cmake/ur_dashboard_msgs__rosidl_typesupport_introspection_cExport-noconfig.cmake
[3.464s] -- Up-to-date: /home/armando30/robotsprj/install/ur_dashboard_msgs/share/ur_dashboard_msgs/cmake/ur_dashboard_msgs__rosidl_typesupport_cExport.cmake
[3.464s] -- Up-to-date: /home/armando30/robotsprj/install/ur_dashboard_msgs/share/ur_dashboard_msgs/cmake/ur_dashboard_msgs__rosidl_typesupport_cExport-noconfig.cmake
[3.464s] -- Up-to-date: /home/armando30/robotsprj/install/ur_dashboard_msgs/share/ur_dashboard_msgs/cmake/export_ur_dashboard_msgs__rosidl_generator_cppExport.cmake
[3.465s] -- Up-to-date: /home/armando30/robotsprj/install/ur_dashboard_msgs/share/ur_dashboard_msgs/cmake/export_ur_dashboard_msgs__rosidl_typesupport_fastrtps_cppExport.cmake
[3.465s] -- Up-to-date: /home/armando30/robotsprj/install/ur_dashboard_msgs/share/ur_dashboard_msgs/cmake/export_ur_dashboard_msgs__rosidl_typesupport_fastrtps_cppExport-noconfig.cmake
[3.465s] -- Up-to-date: /home/armando30/robotsprj/install/ur_dashboard_msgs/share/ur_dashboard_msgs/cmake/ur_dashboard_msgs__rosidl_typesupport_introspection_cppExport.cmake
[3.466s] -- Up-to-date: /home/armando30/robotsprj/install/ur_dashboard_msgs/share/ur_dashboard_msgs/cmake/ur_dashboard_msgs__rosidl_typesupport_introspection_cppExport-noconfig.cmake
[3.466s] -- Up-to-date: /home/armando30/robotsprj/install/ur_dashboard_msgs/share/ur_dashboard_msgs/cmake/ur_dashboard_msgs__rosidl_typesupport_cppExport.cmake
[3.466s] -- Up-to-date: /home/armando30/robotsprj/install/ur_dashboard_msgs/share/ur_dashboard_msgs/cmake/ur_dashboard_msgs__rosidl_typesupport_cppExport-noconfig.cmake
[3.467s] -- Up-to-date: /home/armando30/robotsprj/install/ur_dashboard_msgs/share/ur_dashboard_msgs/cmake/export_ur_dashboard_msgs__rosidl_generator_pyExport.cmake
[3.467s] -- Up-to-date: /home/armando30/robotsprj/install/ur_dashboard_msgs/share/ur_dashboard_msgs/cmake/export_ur_dashboard_msgs__rosidl_generator_pyExport-noconfig.cmake
[3.573s] Invoked command in '/home/armando30/robotsprj/build/ur_dashboard_msgs' returned '0': CMAKE_PREFIX_PATH=${CMAKE_PREFIX_PATH}:/opt/ros/humble /usr/bin/cmake --install /home/armando30/robotsprj/build/ur_dashboard_msgs
