[0.094s] Invoking command in '/home/armando30/robotsprj/build/linkattacher_msgs': CMAKE_PREFIX_PATH=${CMAKE_PREFIX_PATH}:/opt/ros/humble /usr/bin/cmake --build /home/armando30/robotsprj/build/linkattacher_msgs -- -j8 -l8
[0.434s] [  2%] Built target linkattacher_msgs__cpp
[0.503s] [ 12%] Built target linkattacher_msgs__rosidl_generator_c
[0.552s] [ 12%] Built target ament_cmake_python_symlink_linkattacher_msgs
[0.792s] [ 23%] Built target linkattacher_msgs__rosidl_typesupport_fastrtps_cpp
[0.812s] [ 33%] Built target linkattacher_msgs__rosidl_typesupport_cpp
[0.850s] [ 43%] Built target linkattacher_msgs__rosidl_typesupport_introspection_cpp
[0.938s] [ 53%] Built target linkattacher_msgs__rosidl_typesupport_introspection_c
[0.958s] [ 64%] Built target linkattacher_msgs__rosidl_typesupport_c
[0.972s] [ 74%] Built target linkattacher_msgs__rosidl_typesupport_fastrtps_c
[1.139s] [ 74%] Built target linkattacher_msgs
[1.284s] [ 76%] Built target linkattacher_msgs__py
[1.420s] [ 84%] Built target linkattacher_msgs__rosidl_generator_py
[1.594s] [ 89%] Built target linkattacher_msgs__rosidl_typesupport_fastrtps_c__pyext
[1.688s] [ 94%] Built target linkattacher_msgs__rosidl_typesupport_introspection_c__pyext
[1.724s] [100%] Built target linkattacher_msgs__rosidl_typesupport_c__pyext
[2.469s] running egg_info
[2.472s] writing linkattacher_msgs.egg-info/PKG-INFO
[2.473s] writing dependency_links to linkattacher_msgs.egg-info/dependency_links.txt
[2.473s] writing top-level names to linkattacher_msgs.egg-info/top_level.txt
[2.483s] reading manifest file 'linkattacher_msgs.egg-info/SOURCES.txt'
[2.486s] writing manifest file 'linkattacher_msgs.egg-info/SOURCES.txt'
[2.592s] [100%] Built target ament_cmake_python_build_linkattacher_msgs_egg
[2.637s] Invoked command in '/home/armando30/robotsprj/build/linkattacher_msgs' returned '0': CMAKE_PREFIX_PATH=${CMAKE_PREFIX_PATH}:/opt/ros/humble /usr/bin/cmake --build /home/armando30/robotsprj/build/linkattacher_msgs -- -j8 -l8
[2.646s] Invoking command in '/home/armando30/robotsprj/build/linkattacher_msgs': CMAKE_PREFIX_PATH=${CMAKE_PREFIX_PATH}:/opt/ros/humble /usr/bin/cmake --install /home/armando30/robotsprj/build/linkattacher_msgs
[2.677s] -- Install configuration: ""
[2.678s] -- Execute custom install script
[2.679s] -- Up-to-date symlink: /home/armando30/robotsprj/install/linkattacher_msgs/share/linkattacher_msgs/srv/AttachLink.srv
[2.680s] -- Up-to-date symlink: /home/armando30/robotsprj/install/linkattacher_msgs/share/linkattacher_msgs/srv/DetachLink.srv
[2.681s] -- Up-to-date symlink: /home/armando30/robotsprj/install/linkattacher_msgs/share/ament_index/resource_index/rosidl_interfaces/linkattacher_msgs
[2.684s] -- Up-to-date symlink: /home/armando30/robotsprj/install/linkattacher_msgs/include/linkattacher_msgs/linkattacher_msgs/msg/rosidl_generator_c__visibility_control.h
[2.685s] -- Up-to-date symlink: /home/armando30/robotsprj/install/linkattacher_msgs/include/linkattacher_msgs/linkattacher_msgs/srv/attach_link.h
[2.686s] -- Up-to-date symlink: /home/armando30/robotsprj/install/linkattacher_msgs/include/linkattacher_msgs/linkattacher_msgs/srv/detach_link.h
[2.687s] -- Up-to-date symlink: /home/armando30/robotsprj/install/linkattacher_msgs/include/linkattacher_msgs/linkattacher_msgs/srv/detail/attach_link__functions.h
[2.688s] -- Up-to-date symlink: /home/armando30/robotsprj/install/linkattacher_msgs/include/linkattacher_msgs/linkattacher_msgs/srv/detail/attach_link__struct.h
[2.688s] -- Up-to-date symlink: /home/armando30/robotsprj/install/linkattacher_msgs/include/linkattacher_msgs/linkattacher_msgs/srv/detail/attach_link__type_support.h
[2.689s] -- Up-to-date symlink: /home/armando30/robotsprj/install/linkattacher_msgs/include/linkattacher_msgs/linkattacher_msgs/srv/detail/detach_link__functions.h
[2.689s] -- Up-to-date symlink: /home/armando30/robotsprj/install/linkattacher_msgs/include/linkattacher_msgs/linkattacher_msgs/srv/detail/detach_link__struct.h
[2.690s] -- Up-to-date symlink: /home/armando30/robotsprj/install/linkattacher_msgs/include/linkattacher_msgs/linkattacher_msgs/srv/detail/detach_link__type_support.h
[2.691s] -- Up-to-date symlink: /home/armando30/robotsprj/install/linkattacher_msgs/share/linkattacher_msgs/environment/library_path.sh
[2.692s] -- Up-to-date symlink: /home/armando30/robotsprj/install/linkattacher_msgs/share/linkattacher_msgs/environment/library_path.dsv
[2.693s] -- Up-to-date symlink: /home/armando30/robotsprj/install/linkattacher_msgs/include/linkattacher_msgs/linkattacher_msgs/msg/rosidl_typesupport_fastrtps_c__visibility_control.h
[2.694s] -- Up-to-date symlink: /home/armando30/robotsprj/install/linkattacher_msgs/include/linkattacher_msgs/linkattacher_msgs/srv/detail/attach_link__rosidl_typesupport_fastrtps_c.h
[2.694s] -- Up-to-date symlink: /home/armando30/robotsprj/install/linkattacher_msgs/include/linkattacher_msgs/linkattacher_msgs/srv/detail/detach_link__rosidl_typesupport_fastrtps_c.h
[2.696s] -- Up-to-date symlink: /home/armando30/robotsprj/install/linkattacher_msgs/include/linkattacher_msgs/linkattacher_msgs/msg/rosidl_typesupport_introspection_c__visibility_control.h
[2.696s] -- Up-to-date symlink: /home/armando30/robotsprj/install/linkattacher_msgs/include/linkattacher_msgs/linkattacher_msgs/srv/detail/attach_link__rosidl_typesupport_introspection_c.h
[2.698s] -- Up-to-date symlink: /home/armando30/robotsprj/install/linkattacher_msgs/include/linkattacher_msgs/linkattacher_msgs/srv/detail/detach_link__rosidl_typesupport_introspection_c.h
[2.699s] -- Up-to-date symlink: /home/armando30/robotsprj/install/linkattacher_msgs/include/linkattacher_msgs/linkattacher_msgs/msg/rosidl_generator_cpp__visibility_control.hpp
[2.700s] -- Up-to-date symlink: /home/armando30/robotsprj/install/linkattacher_msgs/include/linkattacher_msgs/linkattacher_msgs/srv/attach_link.hpp
[2.702s] -- Up-to-date symlink: /home/armando30/robotsprj/install/linkattacher_msgs/include/linkattacher_msgs/linkattacher_msgs/srv/detach_link.hpp
[2.703s] -- Up-to-date symlink: /home/armando30/robotsprj/install/linkattacher_msgs/include/linkattacher_msgs/linkattacher_msgs/srv/detail/attach_link__builder.hpp
[2.704s] -- Up-to-date symlink: /home/armando30/robotsprj/install/linkattacher_msgs/include/linkattacher_msgs/linkattacher_msgs/srv/detail/attach_link__struct.hpp
[2.704s] -- Up-to-date symlink: /home/armando30/robotsprj/install/linkattacher_msgs/include/linkattacher_msgs/linkattacher_msgs/srv/detail/attach_link__traits.hpp
[2.705s] -- Up-to-date symlink: /home/armando30/robotsprj/install/linkattacher_msgs/include/linkattacher_msgs/linkattacher_msgs/srv/detail/attach_link__type_support.hpp
[2.705s] -- Up-to-date symlink: /home/armando30/robotsprj/install/linkattacher_msgs/include/linkattacher_msgs/linkattacher_msgs/srv/detail/detach_link__builder.hpp
[2.706s] -- Up-to-date symlink: /home/armando30/robotsprj/install/linkattacher_msgs/include/linkattacher_msgs/linkattacher_msgs/srv/detail/detach_link__struct.hpp
[2.706s] -- Up-to-date symlink: /home/armando30/robotsprj/install/linkattacher_msgs/include/linkattacher_msgs/linkattacher_msgs/srv/detail/detach_link__traits.hpp
[2.706s] -- Up-to-date symlink: /home/armando30/robotsprj/install/linkattacher_msgs/include/linkattacher_msgs/linkattacher_msgs/srv/detail/detach_link__type_support.hpp
[2.708s] -- Up-to-date symlink: /home/armando30/robotsprj/install/linkattacher_msgs/include/linkattacher_msgs/linkattacher_msgs/msg/rosidl_typesupport_fastrtps_cpp__visibility_control.h
[2.710s] -- Up-to-date symlink: /home/armando30/robotsprj/install/linkattacher_msgs/include/linkattacher_msgs/linkattacher_msgs/srv/detail/attach_link__rosidl_typesupport_fastrtps_cpp.hpp
[2.710s] -- Up-to-date symlink: /home/armando30/robotsprj/install/linkattacher_msgs/include/linkattacher_msgs/linkattacher_msgs/srv/detail/detach_link__rosidl_typesupport_fastrtps_cpp.hpp
[2.711s] -- Up-to-date symlink: /home/armando30/robotsprj/install/linkattacher_msgs/include/linkattacher_msgs/linkattacher_msgs/srv/detail/attach_link__rosidl_typesupport_introspection_cpp.hpp
[2.711s] -- Up-to-date symlink: /home/armando30/robotsprj/install/linkattacher_msgs/include/linkattacher_msgs/linkattacher_msgs/srv/detail/detach_link__rosidl_typesupport_introspection_cpp.hpp
[2.712s] -- Up-to-date symlink: /home/armando30/robotsprj/install/linkattacher_msgs/share/linkattacher_msgs/environment/pythonpath.sh
[2.712s] -- Up-to-date symlink: /home/armando30/robotsprj/install/linkattacher_msgs/share/linkattacher_msgs/environment/pythonpath.dsv
[2.712s] -- Up-to-date symlink: /home/armando30/robotsprj/install/linkattacher_msgs/local/lib/python3.10/dist-packages/linkattacher_msgs-0.0.0-py3.10.egg-info/PKG-INFO
[2.713s] -- Up-to-date symlink: /home/armando30/robotsprj/install/linkattacher_msgs/local/lib/python3.10/dist-packages/linkattacher_msgs-0.0.0-py3.10.egg-info/SOURCES.txt
[2.713s] -- Up-to-date symlink: /home/armando30/robotsprj/install/linkattacher_msgs/local/lib/python3.10/dist-packages/linkattacher_msgs-0.0.0-py3.10.egg-info/dependency_links.txt
[2.714s] -- Up-to-date symlink: /home/armando30/robotsprj/install/linkattacher_msgs/local/lib/python3.10/dist-packages/linkattacher_msgs-0.0.0-py3.10.egg-info/top_level.txt
[2.717s] -- Up-to-date symlink: /home/armando30/robotsprj/install/linkattacher_msgs/local/lib/python3.10/dist-packages/linkattacher_msgs/__init__.py
[2.719s] -- Up-to-date symlink: /home/armando30/robotsprj/install/linkattacher_msgs/local/lib/python3.10/dist-packages/linkattacher_msgs/_linkattacher_msgs_s.ep.rosidl_typesupport_c.c
[2.721s] -- Up-to-date symlink: /home/armando30/robotsprj/install/linkattacher_msgs/local/lib/python3.10/dist-packages/linkattacher_msgs/_linkattacher_msgs_s.ep.rosidl_typesupport_fastrtps_c.c
[2.722s] -- Up-to-date symlink: /home/armando30/robotsprj/install/linkattacher_msgs/local/lib/python3.10/dist-packages/linkattacher_msgs/_linkattacher_msgs_s.ep.rosidl_typesupport_introspection_c.c
[2.723s] -- Up-to-date symlink: /home/armando30/robotsprj/install/linkattacher_msgs/local/lib/python3.10/dist-packages/linkattacher_msgs/liblinkattacher_msgs__rosidl_generator_py.so
[2.723s] -- Up-to-date symlink: /home/armando30/robotsprj/install/linkattacher_msgs/local/lib/python3.10/dist-packages/linkattacher_msgs/linkattacher_msgs_s__rosidl_typesupport_c.cpython-310-x86_64-linux-gnu.so
[2.724s] -- Up-to-date symlink: /home/armando30/robotsprj/install/linkattacher_msgs/local/lib/python3.10/dist-packages/linkattacher_msgs/linkattacher_msgs_s__rosidl_typesupport_fastrtps_c.cpython-310-x86_64-linux-gnu.so
[2.724s] -- Up-to-date symlink: /home/armando30/robotsprj/install/linkattacher_msgs/local/lib/python3.10/dist-packages/linkattacher_msgs/linkattacher_msgs_s__rosidl_typesupport_introspection_c.cpython-310-x86_64-linux-gnu.so
[2.726s] -- Up-to-date symlink: /home/armando30/robotsprj/install/linkattacher_msgs/local/lib/python3.10/dist-packages/linkattacher_msgs/srv/__init__.py
[2.726s] -- Up-to-date symlink: /home/armando30/robotsprj/install/linkattacher_msgs/local/lib/python3.10/dist-packages/linkattacher_msgs/srv/_attach_link.py
[2.727s] -- Up-to-date symlink: /home/armando30/robotsprj/install/linkattacher_msgs/local/lib/python3.10/dist-packages/linkattacher_msgs/srv/_attach_link_s.c
[2.727s] -- Up-to-date symlink: /home/armando30/robotsprj/install/linkattacher_msgs/local/lib/python3.10/dist-packages/linkattacher_msgs/srv/_detach_link.py
[2.728s] -- Up-to-date symlink: /home/armando30/robotsprj/install/linkattacher_msgs/local/lib/python3.10/dist-packages/linkattacher_msgs/srv/_detach_link_s.c
[2.728s] -- Up-to-date symlink: /home/armando30/robotsprj/install/linkattacher_msgs/local/lib/python3.10/dist-packages/linkattacher_msgs/linkattacher_msgs_s__rosidl_typesupport_fastrtps_c.cpython-310-x86_64-linux-gnu.so
[2.729s] -- Up-to-date symlink: /home/armando30/robotsprj/install/linkattacher_msgs/local/lib/python3.10/dist-packages/linkattacher_msgs/linkattacher_msgs_s__rosidl_typesupport_introspection_c.cpython-310-x86_64-linux-gnu.so
[2.730s] -- Up-to-date symlink: /home/armando30/robotsprj/install/linkattacher_msgs/local/lib/python3.10/dist-packages/linkattacher_msgs/linkattacher_msgs_s__rosidl_typesupport_c.cpython-310-x86_64-linux-gnu.so
[2.731s] -- Up-to-date symlink: /home/armando30/robotsprj/install/linkattacher_msgs/share/linkattacher_msgs/srv/AttachLink.idl
[2.732s] -- Up-to-date symlink: /home/armando30/robotsprj/install/linkattacher_msgs/share/linkattacher_msgs/srv/DetachLink.idl
[2.733s] -- Up-to-date symlink: /home/armando30/robotsprj/install/linkattacher_msgs/share/linkattacher_msgs/srv/AttachLink.srv
[2.734s] -- Up-to-date symlink: /home/armando30/robotsprj/install/linkattacher_msgs/share/linkattacher_msgs/srv/AttachLink_Request.msg
[2.734s] -- Up-to-date symlink: /home/armando30/robotsprj/install/linkattacher_msgs/share/linkattacher_msgs/srv/AttachLink_Response.msg
[2.735s] -- Up-to-date symlink: /home/armando30/robotsprj/install/linkattacher_msgs/share/linkattacher_msgs/srv/DetachLink.srv
[2.736s] -- Up-to-date symlink: /home/armando30/robotsprj/install/linkattacher_msgs/share/linkattacher_msgs/srv/DetachLink_Request.msg
[2.737s] -- Up-to-date symlink: /home/armando30/robotsprj/install/linkattacher_msgs/share/linkattacher_msgs/srv/DetachLink_Response.msg
[2.738s] -- Up-to-date symlink: /home/armando30/robotsprj/install/linkattacher_msgs/share/ament_index/resource_index/package_run_dependencies/linkattacher_msgs
[2.739s] -- Up-to-date symlink: /home/armando30/robotsprj/install/linkattacher_msgs/share/ament_index/resource_index/parent_prefix_path/linkattacher_msgs
[2.740s] -- Up-to-date symlink: /home/armando30/robotsprj/install/linkattacher_msgs/share/linkattacher_msgs/environment/ament_prefix_path.sh
[2.741s] -- Up-to-date symlink: /home/armando30/robotsprj/install/linkattacher_msgs/share/linkattacher_msgs/environment/ament_prefix_path.dsv
[2.743s] -- Up-to-date symlink: /home/armando30/robotsprj/install/linkattacher_msgs/share/linkattacher_msgs/environment/path.sh
[2.744s] -- Up-to-date symlink: /home/armando30/robotsprj/install/linkattacher_msgs/share/linkattacher_msgs/environment/path.dsv
[2.745s] -- Up-to-date symlink: /home/armando30/robotsprj/install/linkattacher_msgs/share/linkattacher_msgs/local_setup.bash
[2.745s] -- Up-to-date symlink: /home/armando30/robotsprj/install/linkattacher_msgs/share/linkattacher_msgs/local_setup.sh
[2.746s] -- Up-to-date symlink: /home/armando30/robotsprj/install/linkattacher_msgs/share/linkattacher_msgs/local_setup.zsh
[2.747s] -- Up-to-date symlink: /home/armando30/robotsprj/install/linkattacher_msgs/share/linkattacher_msgs/local_setup.dsv
[2.747s] -- Symlinking: /home/armando30/robotsprj/install/linkattacher_msgs/share/linkattacher_msgs/package.dsv
[2.784s] -- Up-to-date symlink: /home/armando30/robotsprj/install/linkattacher_msgs/share/ament_index/resource_index/packages/linkattacher_msgs
[2.785s] -- Up-to-date symlink: /home/armando30/robotsprj/install/linkattacher_msgs/share/linkattacher_msgs/cmake/rosidl_cmake-extras.cmake
[2.786s] -- Up-to-date symlink: /home/armando30/robotsprj/install/linkattacher_msgs/share/linkattacher_msgs/cmake/ament_cmake_export_include_directories-extras.cmake
[2.787s] -- Up-to-date symlink: /home/armando30/robotsprj/install/linkattacher_msgs/share/linkattacher_msgs/cmake/ament_cmake_export_libraries-extras.cmake
[2.788s] -- Up-to-date symlink: /home/armando30/robotsprj/install/linkattacher_msgs/share/linkattacher_msgs/cmake/ament_cmake_export_targets-extras.cmake
[2.791s] -- Up-to-date symlink: /home/armando30/robotsprj/install/linkattacher_msgs/share/linkattacher_msgs/cmake/rosidl_cmake_export_typesupport_targets-extras.cmake
[2.792s] -- Up-to-date symlink: /home/armando30/robotsprj/install/linkattacher_msgs/share/linkattacher_msgs/cmake/ament_cmake_export_dependencies-extras.cmake
[2.793s] -- Up-to-date symlink: /home/armando30/robotsprj/install/linkattacher_msgs/share/linkattacher_msgs/cmake/rosidl_cmake_export_typesupport_libraries-extras.cmake
[2.794s] -- Up-to-date symlink: /home/armando30/robotsprj/install/linkattacher_msgs/share/linkattacher_msgs/cmake/linkattacher_msgsConfig.cmake
[2.794s] -- Up-to-date symlink: /home/armando30/robotsprj/install/linkattacher_msgs/share/linkattacher_msgs/cmake/linkattacher_msgsConfig-version.cmake
[2.795s] -- Up-to-date symlink: /home/armando30/robotsprj/install/linkattacher_msgs/share/linkattacher_msgs/package.xml
[2.796s] -- Up-to-date: /home/armando30/robotsprj/install/linkattacher_msgs/lib/liblinkattacher_msgs__rosidl_generator_c.so
[2.797s] -- Up-to-date: /home/armando30/robotsprj/install/linkattacher_msgs/lib/liblinkattacher_msgs__rosidl_typesupport_fastrtps_c.so
[2.799s] -- Up-to-date: /home/armando30/robotsprj/install/linkattacher_msgs/lib/liblinkattacher_msgs__rosidl_typesupport_introspection_c.so
[2.800s] -- Up-to-date: /home/armando30/robotsprj/install/linkattacher_msgs/lib/liblinkattacher_msgs__rosidl_typesupport_c.so
[2.802s] -- Up-to-date: /home/armando30/robotsprj/install/linkattacher_msgs/lib/liblinkattacher_msgs__rosidl_typesupport_fastrtps_cpp.so
[2.804s] -- Up-to-date: /home/armando30/robotsprj/install/linkattacher_msgs/lib/liblinkattacher_msgs__rosidl_typesupport_introspection_cpp.so
[2.807s] -- Up-to-date: /home/armando30/robotsprj/install/linkattacher_msgs/lib/liblinkattacher_msgs__rosidl_typesupport_cpp.so
[2.990s] Listing '/home/armando30/robotsprj/install/linkattacher_msgs/local/lib/python3.10/dist-packages/linkattacher_msgs'...
[2.991s] Listing '/home/armando30/robotsprj/install/linkattacher_msgs/local/lib/python3.10/dist-packages/linkattacher_msgs/srv'...
[3.023s] -- Up-to-date: /home/armando30/robotsprj/install/linkattacher_msgs/lib/liblinkattacher_msgs__rosidl_generator_py.so
[3.025s] -- Up-to-date: /home/armando30/robotsprj/install/linkattacher_msgs/share/linkattacher_msgs/cmake/export_linkattacher_msgs__rosidl_generator_cExport.cmake
[3.027s] -- Up-to-date: /home/armando30/robotsprj/install/linkattacher_msgs/share/linkattacher_msgs/cmake/export_linkattacher_msgs__rosidl_generator_cExport-noconfig.cmake
[3.030s] -- Up-to-date: /home/armando30/robotsprj/install/linkattacher_msgs/share/linkattacher_msgs/cmake/export_linkattacher_msgs__rosidl_typesupport_fastrtps_cExport.cmake
[3.031s] -- Up-to-date: /home/armando30/robotsprj/install/linkattacher_msgs/share/linkattacher_msgs/cmake/export_linkattacher_msgs__rosidl_typesupport_fastrtps_cExport-noconfig.cmake
[3.031s] -- Up-to-date: /home/armando30/robotsprj/install/linkattacher_msgs/share/linkattacher_msgs/cmake/linkattacher_msgs__rosidl_typesupport_introspection_cExport.cmake
[3.032s] -- Up-to-date: /home/armando30/robotsprj/install/linkattacher_msgs/share/linkattacher_msgs/cmake/linkattacher_msgs__rosidl_typesupport_introspection_cExport-noconfig.cmake
[3.032s] -- Up-to-date: /home/armando30/robotsprj/install/linkattacher_msgs/share/linkattacher_msgs/cmake/linkattacher_msgs__rosidl_typesupport_cExport.cmake
[3.033s] -- Up-to-date: /home/armando30/robotsprj/install/linkattacher_msgs/share/linkattacher_msgs/cmake/linkattacher_msgs__rosidl_typesupport_cExport-noconfig.cmake
[3.073s] -- Up-to-date: /home/armando30/robotsprj/install/linkattacher_msgs/share/linkattacher_msgs/cmake/export_linkattacher_msgs__rosidl_generator_cppExport.cmake
[3.074s] -- Up-to-date: /home/armando30/robotsprj/install/linkattacher_msgs/share/linkattacher_msgs/cmake/export_linkattacher_msgs__rosidl_typesupport_fastrtps_cppExport.cmake
[3.074s] -- Up-to-date: /home/armando30/robotsprj/install/linkattacher_msgs/share/linkattacher_msgs/cmake/export_linkattacher_msgs__rosidl_typesupport_fastrtps_cppExport-noconfig.cmake
[3.075s] -- Up-to-date: /home/armando30/robotsprj/install/linkattacher_msgs/share/linkattacher_msgs/cmake/linkattacher_msgs__rosidl_typesupport_introspection_cppExport.cmake
[3.078s] -- Up-to-date: /home/armando30/robotsprj/install/linkattacher_msgs/share/linkattacher_msgs/cmake/linkattacher_msgs__rosidl_typesupport_introspection_cppExport-noconfig.cmake
[3.079s] -- Up-to-date: /home/armando30/robotsprj/install/linkattacher_msgs/share/linkattacher_msgs/cmake/linkattacher_msgs__rosidl_typesupport_cppExport.cmake
[3.084s] -- Up-to-date: /home/armando30/robotsprj/install/linkattacher_msgs/share/linkattacher_msgs/cmake/linkattacher_msgs__rosidl_typesupport_cppExport-noconfig.cmake
[3.086s] -- Up-to-date: /home/armando30/robotsprj/install/linkattacher_msgs/share/linkattacher_msgs/cmake/export_linkattacher_msgs__rosidl_generator_pyExport.cmake
[3.088s] -- Up-to-date: /home/armando30/robotsprj/install/linkattacher_msgs/share/linkattacher_msgs/cmake/export_linkattacher_msgs__rosidl_generator_pyExport-noconfig.cmake
[3.203s] Invoked command in '/home/armando30/robotsprj/build/linkattacher_msgs' returned '0': CMAKE_PREFIX_PATH=${CMAKE_PREFIX_PATH}:/opt/ros/humble /usr/bin/cmake --install /home/armando30/robotsprj/build/linkattacher_msgs
