[0.064s] Invoking command in '/home/armando30/robotsprj/build/ur': CMAKE_PREFIX_PATH=/home/armando30/robotsprj/install/ur_calibration:/home/armando30/robotsprj/install/ur_robot_driver:/home/armando30/robotsprj/install/ur_controllers:/home/armando30/robotsprj/install/ur_moveit_config:/home/armando30/robotsprj/install/ur_dashboard_msgs:/home/armando30/robotsprj/install/ur:/home/armando30/robotsprj/install/ur_bringup:/home/armando30/robotsprj/install/ros2_linkattacher:/home/armando30/robotsprj/install/ros2_conveyorbelt:/home/armando30/robotsprj/install/linkattacher_msgs:/home/armando30/robotsprj/install/conveyorbelt_msgs:/home/armando30/robotsprj/install/conveyorbelt_gazebo:/opt/ros/humble /usr/bin/cmake --build /home/armando30/robotsprj/build/ur -- -j8 -l8
[0.195s] Invoked command in '/home/armando30/robotsprj/build/ur' returned '0': CMAKE_PREFIX_PATH=/home/armando30/robotsprj/install/ur_calibration:/home/armando30/robotsprj/install/ur_robot_driver:/home/armando30/robotsprj/install/ur_controllers:/home/armando30/robotsprj/install/ur_moveit_config:/home/armando30/robotsprj/install/ur_dashboard_msgs:/home/armando30/robotsprj/install/ur:/home/armando30/robotsprj/install/ur_bringup:/home/armando30/robotsprj/install/ros2_linkattacher:/home/armando30/robotsprj/install/ros2_conveyorbelt:/home/armando30/robotsprj/install/linkattacher_msgs:/home/armando30/robotsprj/install/conveyorbelt_msgs:/home/armando30/robotsprj/install/conveyorbelt_gazebo:/opt/ros/humble /usr/bin/cmake --build /home/armando30/robotsprj/build/ur -- -j8 -l8
[0.201s] Invoking command in '/home/armando30/robotsprj/build/ur': CMAKE_PREFIX_PATH=/home/armando30/robotsprj/install/ur_calibration:/home/armando30/robotsprj/install/ur_robot_driver:/home/armando30/robotsprj/install/ur_controllers:/home/armando30/robotsprj/install/ur_moveit_config:/home/armando30/robotsprj/install/ur_dashboard_msgs:/home/armando30/robotsprj/install/ur:/home/armando30/robotsprj/install/ur_bringup:/home/armando30/robotsprj/install/ros2_linkattacher:/home/armando30/robotsprj/install/ros2_conveyorbelt:/home/armando30/robotsprj/install/linkattacher_msgs:/home/armando30/robotsprj/install/conveyorbelt_msgs:/home/armando30/robotsprj/install/conveyorbelt_gazebo:/opt/ros/humble /usr/bin/cmake --install /home/armando30/robotsprj/build/ur
[0.226s] -- Install configuration: ""
[0.228s] -- Execute custom install script
[0.229s] -- Up-to-date symlink: /home/armando30/robotsprj/install/ur/share/ament_index/resource_index/package_run_dependencies/ur
[0.230s] -- Up-to-date symlink: /home/armando30/robotsprj/install/ur/share/ament_index/resource_index/parent_prefix_path/ur
[0.231s] -- Up-to-date symlink: /home/armando30/robotsprj/install/ur/share/ur/environment/ament_prefix_path.sh
[0.231s] -- Up-to-date symlink: /home/armando30/robotsprj/install/ur/share/ur/environment/ament_prefix_path.dsv
[0.232s] -- Up-to-date symlink: /home/armando30/robotsprj/install/ur/share/ur/environment/path.sh
[0.233s] -- Up-to-date symlink: /home/armando30/robotsprj/install/ur/share/ur/environment/path.dsv
[0.234s] -- Up-to-date symlink: /home/armando30/robotsprj/install/ur/share/ur/local_setup.bash
[0.235s] -- Up-to-date symlink: /home/armando30/robotsprj/install/ur/share/ur/local_setup.sh
[0.235s] -- Up-to-date symlink: /home/armando30/robotsprj/install/ur/share/ur/local_setup.zsh
[0.236s] -- Up-to-date symlink: /home/armando30/robotsprj/install/ur/share/ur/local_setup.dsv
[0.236s] -- Symlinking: /home/armando30/robotsprj/install/ur/share/ur/package.dsv
[0.266s] -- Up-to-date symlink: /home/armando30/robotsprj/install/ur/share/ament_index/resource_index/packages/ur
[0.267s] -- Up-to-date symlink: /home/armando30/robotsprj/install/ur/share/ur/cmake/urConfig.cmake
[0.267s] -- Up-to-date symlink: /home/armando30/robotsprj/install/ur/share/ur/cmake/urConfig-version.cmake
[0.268s] -- Up-to-date symlink: /home/armando30/robotsprj/install/ur/share/ur/package.xml
[0.276s] Invoked command in '/home/armando30/robotsprj/build/ur' returned '0': CMAKE_PREFIX_PATH=/home/armando30/robotsprj/install/ur_calibration:/home/armando30/robotsprj/install/ur_robot_driver:/home/armando30/robotsprj/install/ur_controllers:/home/armando30/robotsprj/install/ur_moveit_config:/home/armando30/robotsprj/install/ur_dashboard_msgs:/home/armando30/robotsprj/install/ur:/home/armando30/robotsprj/install/ur_bringup:/home/armando30/robotsprj/install/ros2_linkattacher:/home/armando30/robotsprj/install/ros2_conveyorbelt:/home/armando30/robotsprj/install/linkattacher_msgs:/home/armando30/robotsprj/install/conveyorbelt_msgs:/home/armando30/robotsprj/install/conveyorbelt_gazebo:/opt/ros/humble /usr/bin/cmake --install /home/armando30/robotsprj/build/ur
