[0.132s] Invoking command in '/home/armando30/robotsprj/build/conveyorbelt_msgs': CMAKE_PREFIX_PATH=${CMAKE_PREFIX_PATH}:/opt/ros/humble /usr/bin/cmake --build /home/armando30/robotsprj/build/conveyorbelt_msgs -- -j8 -l8
[0.476s] [35m[1mConsolidate compiler generated dependencies of target conveyorbelt_msgs__rosidl_generator_c[0m
[0.480s] [  2%] Built target conveyorbelt_msgs__cpp
[0.575s] [  2%] Built target ament_cmake_python_symlink_conveyorbelt_msgs
[0.640s] [ 12%] Built target conveyorbelt_msgs__rosidl_generator_c
[0.656s] [35m[1mConsolidate compiler generated dependencies of target conveyorbelt_msgs__rosidl_typesupport_fastrtps_cpp[0m
[0.722s] [35m[1mConsolidate compiler generated dependencies of target conveyorbelt_msgs__rosidl_typesupport_cpp[0m
[0.763s] [35m[1mConsolidate compiler generated dependencies of target conveyorbelt_msgs__rosidl_typesupport_introspection_cpp[0m
[0.816s] [ 23%] Built target conveyorbelt_msgs__rosidl_typesupport_fastrtps_cpp
[0.874s] [ 33%] Built target conveyorbelt_msgs__rosidl_typesupport_cpp
[0.878s] [ 43%] Built target conveyorbelt_msgs__rosidl_typesupport_introspection_cpp
[0.949s] [35m[1mConsolidate compiler generated dependencies of target conveyorbelt_msgs__rosidl_typesupport_c[0m
[0.960s] [35m[1mConsolidate compiler generated dependencies of target conveyorbelt_msgs__rosidl_typesupport_introspection_c[0m
[1.014s] [ 53%] Built target conveyorbelt_msgs__rosidl_typesupport_c
[1.020s] [ 64%] Built target conveyorbelt_msgs__rosidl_typesupport_introspection_c
[1.046s] [35m[1mConsolidate compiler generated dependencies of target conveyorbelt_msgs__rosidl_typesupport_fastrtps_c[0m
[1.180s] [ 74%] Built target conveyorbelt_msgs__rosidl_typesupport_fastrtps_c
[1.456s] [ 74%] Built target conveyorbelt_msgs
[1.669s] [ 76%] Built target conveyorbelt_msgs__py
[1.830s] [35m[1mConsolidate compiler generated dependencies of target conveyorbelt_msgs__rosidl_generator_py[0m
[1.942s] [ 84%] Built target conveyorbelt_msgs__rosidl_generator_py
[2.040s] [35m[1mConsolidate compiler generated dependencies of target conveyorbelt_msgs__rosidl_typesupport_fastrtps_c__pyext[0m
[2.062s] [35m[1mConsolidate compiler generated dependencies of target conveyorbelt_msgs__rosidl_typesupport_introspection_c__pyext[0m
[2.065s] [35m[1mConsolidate compiler generated dependencies of target conveyorbelt_msgs__rosidl_typesupport_c__pyext[0m
[2.160s] [ 89%] Built target conveyorbelt_msgs__rosidl_typesupport_fastrtps_c__pyext
[2.162s] [ 94%] Built target conveyorbelt_msgs__rosidl_typesupport_c__pyext
[2.172s] [100%] Built target conveyorbelt_msgs__rosidl_typesupport_introspection_c__pyext
[2.826s] running egg_info
[2.829s] writing conveyorbelt_msgs.egg-info/PKG-INFO
[2.831s] writing dependency_links to conveyorbelt_msgs.egg-info/dependency_links.txt
[2.832s] writing top-level names to conveyorbelt_msgs.egg-info/top_level.txt
[2.843s] reading manifest file 'conveyorbelt_msgs.egg-info/SOURCES.txt'
[2.855s] writing manifest file 'conveyorbelt_msgs.egg-info/SOURCES.txt'
[2.965s] [100%] Built target ament_cmake_python_build_conveyorbelt_msgs_egg
[3.015s] Invoked command in '/home/armando30/robotsprj/build/conveyorbelt_msgs' returned '0': CMAKE_PREFIX_PATH=${CMAKE_PREFIX_PATH}:/opt/ros/humble /usr/bin/cmake --build /home/armando30/robotsprj/build/conveyorbelt_msgs -- -j8 -l8
[3.137s] Invoking command in '/home/armando30/robotsprj/build/conveyorbelt_msgs': CMAKE_PREFIX_PATH=${CMAKE_PREFIX_PATH}:/opt/ros/humble /usr/bin/cmake --install /home/armando30/robotsprj/build/conveyorbelt_msgs
[3.177s] -- Install configuration: ""
[3.210s] -- Execute custom install script
[3.214s] -- Up-to-date symlink: /home/armando30/robotsprj/install/conveyorbelt_msgs/share/conveyorbelt_msgs/msg/ConveyorBeltState.msg
[3.215s] -- Up-to-date symlink: /home/armando30/robotsprj/install/conveyorbelt_msgs/share/conveyorbelt_msgs/srv/ConveyorBeltControl.srv
[3.216s] -- Up-to-date symlink: /home/armando30/robotsprj/install/conveyorbelt_msgs/share/ament_index/resource_index/rosidl_interfaces/conveyorbelt_msgs
[3.220s] -- Up-to-date symlink: /home/armando30/robotsprj/install/conveyorbelt_msgs/include/conveyorbelt_msgs/conveyorbelt_msgs/msg/conveyor_belt_state.h
[3.220s] -- Up-to-date symlink: /home/armando30/robotsprj/install/conveyorbelt_msgs/include/conveyorbelt_msgs/conveyorbelt_msgs/msg/detail/conveyor_belt_state__functions.h
[3.221s] -- Up-to-date symlink: /home/armando30/robotsprj/install/conveyorbelt_msgs/include/conveyorbelt_msgs/conveyorbelt_msgs/msg/detail/conveyor_belt_state__struct.h
[3.222s] -- Up-to-date symlink: /home/armando30/robotsprj/install/conveyorbelt_msgs/include/conveyorbelt_msgs/conveyorbelt_msgs/msg/detail/conveyor_belt_state__type_support.h
[3.222s] -- Up-to-date symlink: /home/armando30/robotsprj/install/conveyorbelt_msgs/include/conveyorbelt_msgs/conveyorbelt_msgs/msg/rosidl_generator_c__visibility_control.h
[3.224s] -- Up-to-date symlink: /home/armando30/robotsprj/install/conveyorbelt_msgs/include/conveyorbelt_msgs/conveyorbelt_msgs/srv/conveyor_belt_control.h
[3.226s] -- Up-to-date symlink: /home/armando30/robotsprj/install/conveyorbelt_msgs/include/conveyorbelt_msgs/conveyorbelt_msgs/srv/detail/conveyor_belt_control__functions.h
[3.228s] -- Up-to-date symlink: /home/armando30/robotsprj/install/conveyorbelt_msgs/include/conveyorbelt_msgs/conveyorbelt_msgs/srv/detail/conveyor_belt_control__struct.h
[3.231s] -- Up-to-date symlink: /home/armando30/robotsprj/install/conveyorbelt_msgs/include/conveyorbelt_msgs/conveyorbelt_msgs/srv/detail/conveyor_belt_control__type_support.h
[3.236s] -- Up-to-date symlink: /home/armando30/robotsprj/install/conveyorbelt_msgs/share/conveyorbelt_msgs/environment/library_path.sh
[3.238s] -- Up-to-date symlink: /home/armando30/robotsprj/install/conveyorbelt_msgs/share/conveyorbelt_msgs/environment/library_path.dsv
[3.242s] -- Up-to-date symlink: /home/armando30/robotsprj/install/conveyorbelt_msgs/include/conveyorbelt_msgs/conveyorbelt_msgs/msg/detail/conveyor_belt_state__rosidl_typesupport_fastrtps_c.h
[3.244s] -- Up-to-date symlink: /home/armando30/robotsprj/install/conveyorbelt_msgs/include/conveyorbelt_msgs/conveyorbelt_msgs/msg/rosidl_typesupport_fastrtps_c__visibility_control.h
[3.245s] -- Up-to-date symlink: /home/armando30/robotsprj/install/conveyorbelt_msgs/include/conveyorbelt_msgs/conveyorbelt_msgs/srv/detail/conveyor_belt_control__rosidl_typesupport_fastrtps_c.h
[3.250s] -- Up-to-date symlink: /home/armando30/robotsprj/install/conveyorbelt_msgs/include/conveyorbelt_msgs/conveyorbelt_msgs/msg/detail/conveyor_belt_state__rosidl_typesupport_introspection_c.h
[3.256s] -- Up-to-date symlink: /home/armando30/robotsprj/install/conveyorbelt_msgs/include/conveyorbelt_msgs/conveyorbelt_msgs/msg/rosidl_typesupport_introspection_c__visibility_control.h
[3.256s] -- Up-to-date symlink: /home/armando30/robotsprj/install/conveyorbelt_msgs/include/conveyorbelt_msgs/conveyorbelt_msgs/srv/detail/conveyor_belt_control__rosidl_typesupport_introspection_c.h
[3.259s] -- Up-to-date symlink: /home/armando30/robotsprj/install/conveyorbelt_msgs/include/conveyorbelt_msgs/conveyorbelt_msgs/msg/conveyor_belt_state.hpp
[3.263s] -- Up-to-date symlink: /home/armando30/robotsprj/install/conveyorbelt_msgs/include/conveyorbelt_msgs/conveyorbelt_msgs/msg/detail/conveyor_belt_state__builder.hpp
[3.267s] -- Up-to-date symlink: /home/armando30/robotsprj/install/conveyorbelt_msgs/include/conveyorbelt_msgs/conveyorbelt_msgs/msg/detail/conveyor_belt_state__struct.hpp
[3.268s] -- Up-to-date symlink: /home/armando30/robotsprj/install/conveyorbelt_msgs/include/conveyorbelt_msgs/conveyorbelt_msgs/msg/detail/conveyor_belt_state__traits.hpp
[3.269s] -- Up-to-date symlink: /home/armando30/robotsprj/install/conveyorbelt_msgs/include/conveyorbelt_msgs/conveyorbelt_msgs/msg/detail/conveyor_belt_state__type_support.hpp
[3.270s] -- Up-to-date symlink: /home/armando30/robotsprj/install/conveyorbelt_msgs/include/conveyorbelt_msgs/conveyorbelt_msgs/msg/rosidl_generator_cpp__visibility_control.hpp
[3.271s] -- Up-to-date symlink: /home/armando30/robotsprj/install/conveyorbelt_msgs/include/conveyorbelt_msgs/conveyorbelt_msgs/srv/conveyor_belt_control.hpp
[3.273s] -- Up-to-date symlink: /home/armando30/robotsprj/install/conveyorbelt_msgs/include/conveyorbelt_msgs/conveyorbelt_msgs/srv/detail/conveyor_belt_control__builder.hpp
[3.274s] -- Up-to-date symlink: /home/armando30/robotsprj/install/conveyorbelt_msgs/include/conveyorbelt_msgs/conveyorbelt_msgs/srv/detail/conveyor_belt_control__struct.hpp
[3.276s] -- Up-to-date symlink: /home/armando30/robotsprj/install/conveyorbelt_msgs/include/conveyorbelt_msgs/conveyorbelt_msgs/srv/detail/conveyor_belt_control__traits.hpp
[3.278s] -- Up-to-date symlink: /home/armando30/robotsprj/install/conveyorbelt_msgs/include/conveyorbelt_msgs/conveyorbelt_msgs/srv/detail/conveyor_belt_control__type_support.hpp
[3.279s] -- Up-to-date symlink: /home/armando30/robotsprj/install/conveyorbelt_msgs/include/conveyorbelt_msgs/conveyorbelt_msgs/msg/detail/conveyor_belt_state__rosidl_typesupport_fastrtps_cpp.hpp
[3.280s] -- Up-to-date symlink: /home/armando30/robotsprj/install/conveyorbelt_msgs/include/conveyorbelt_msgs/conveyorbelt_msgs/msg/rosidl_typesupport_fastrtps_cpp__visibility_control.h
[3.282s] -- Up-to-date symlink: /home/armando30/robotsprj/install/conveyorbelt_msgs/include/conveyorbelt_msgs/conveyorbelt_msgs/srv/detail/conveyor_belt_control__rosidl_typesupport_fastrtps_cpp.hpp
[3.283s] -- Up-to-date symlink: /home/armando30/robotsprj/install/conveyorbelt_msgs/include/conveyorbelt_msgs/conveyorbelt_msgs/msg/detail/conveyor_belt_state__rosidl_typesupport_introspection_cpp.hpp
[3.283s] -- Up-to-date symlink: /home/armando30/robotsprj/install/conveyorbelt_msgs/include/conveyorbelt_msgs/conveyorbelt_msgs/srv/detail/conveyor_belt_control__rosidl_typesupport_introspection_cpp.hpp
[3.284s] -- Up-to-date symlink: /home/armando30/robotsprj/install/conveyorbelt_msgs/share/conveyorbelt_msgs/environment/pythonpath.sh
[3.285s] -- Up-to-date symlink: /home/armando30/robotsprj/install/conveyorbelt_msgs/share/conveyorbelt_msgs/environment/pythonpath.dsv
[3.287s] -- Up-to-date symlink: /home/armando30/robotsprj/install/conveyorbelt_msgs/local/lib/python3.10/dist-packages/conveyorbelt_msgs-0.0.0-py3.10.egg-info/PKG-INFO
[3.288s] -- Up-to-date symlink: /home/armando30/robotsprj/install/conveyorbelt_msgs/local/lib/python3.10/dist-packages/conveyorbelt_msgs-0.0.0-py3.10.egg-info/SOURCES.txt
[3.293s] -- Up-to-date symlink: /home/armando30/robotsprj/install/conveyorbelt_msgs/local/lib/python3.10/dist-packages/conveyorbelt_msgs-0.0.0-py3.10.egg-info/dependency_links.txt
[3.295s] -- Up-to-date symlink: /home/armando30/robotsprj/install/conveyorbelt_msgs/local/lib/python3.10/dist-packages/conveyorbelt_msgs-0.0.0-py3.10.egg-info/top_level.txt
[3.298s] -- Up-to-date symlink: /home/armando30/robotsprj/install/conveyorbelt_msgs/local/lib/python3.10/dist-packages/conveyorbelt_msgs/__init__.py
[3.300s] -- Up-to-date symlink: /home/armando30/robotsprj/install/conveyorbelt_msgs/local/lib/python3.10/dist-packages/conveyorbelt_msgs/_conveyorbelt_msgs_s.ep.rosidl_typesupport_c.c
[3.301s] -- Up-to-date symlink: /home/armando30/robotsprj/install/conveyorbelt_msgs/local/lib/python3.10/dist-packages/conveyorbelt_msgs/_conveyorbelt_msgs_s.ep.rosidl_typesupport_fastrtps_c.c
[3.302s] -- Up-to-date symlink: /home/armando30/robotsprj/install/conveyorbelt_msgs/local/lib/python3.10/dist-packages/conveyorbelt_msgs/_conveyorbelt_msgs_s.ep.rosidl_typesupport_introspection_c.c
[3.303s] -- Up-to-date symlink: /home/armando30/robotsprj/install/conveyorbelt_msgs/local/lib/python3.10/dist-packages/conveyorbelt_msgs/conveyorbelt_msgs_s__rosidl_typesupport_c.cpython-310-x86_64-linux-gnu.so
[3.304s] -- Up-to-date symlink: /home/armando30/robotsprj/install/conveyorbelt_msgs/local/lib/python3.10/dist-packages/conveyorbelt_msgs/conveyorbelt_msgs_s__rosidl_typesupport_fastrtps_c.cpython-310-x86_64-linux-gnu.so
[3.304s] -- Up-to-date symlink: /home/armando30/robotsprj/install/conveyorbelt_msgs/local/lib/python3.10/dist-packages/conveyorbelt_msgs/conveyorbelt_msgs_s__rosidl_typesupport_introspection_c.cpython-310-x86_64-linux-gnu.so
[3.305s] -- Up-to-date symlink: /home/armando30/robotsprj/install/conveyorbelt_msgs/local/lib/python3.10/dist-packages/conveyorbelt_msgs/libconveyorbelt_msgs__rosidl_generator_py.so
[3.305s] -- Up-to-date symlink: /home/armando30/robotsprj/install/conveyorbelt_msgs/local/lib/python3.10/dist-packages/conveyorbelt_msgs/msg/__init__.py
[3.306s] -- Up-to-date symlink: /home/armando30/robotsprj/install/conveyorbelt_msgs/local/lib/python3.10/dist-packages/conveyorbelt_msgs/msg/_conveyor_belt_state.py
[3.307s] -- Up-to-date symlink: /home/armando30/robotsprj/install/conveyorbelt_msgs/local/lib/python3.10/dist-packages/conveyorbelt_msgs/msg/_conveyor_belt_state_s.c
[3.307s] -- Up-to-date symlink: /home/armando30/robotsprj/install/conveyorbelt_msgs/local/lib/python3.10/dist-packages/conveyorbelt_msgs/srv/__init__.py
[3.308s] -- Up-to-date symlink: /home/armando30/robotsprj/install/conveyorbelt_msgs/local/lib/python3.10/dist-packages/conveyorbelt_msgs/srv/_conveyor_belt_control.py
[3.308s] -- Up-to-date symlink: /home/armando30/robotsprj/install/conveyorbelt_msgs/local/lib/python3.10/dist-packages/conveyorbelt_msgs/srv/_conveyor_belt_control_s.c
[3.309s] -- Up-to-date symlink: /home/armando30/robotsprj/install/conveyorbelt_msgs/local/lib/python3.10/dist-packages/conveyorbelt_msgs/conveyorbelt_msgs_s__rosidl_typesupport_fastrtps_c.cpython-310-x86_64-linux-gnu.so
[3.310s] -- Up-to-date symlink: /home/armando30/robotsprj/install/conveyorbelt_msgs/local/lib/python3.10/dist-packages/conveyorbelt_msgs/conveyorbelt_msgs_s__rosidl_typesupport_introspection_c.cpython-310-x86_64-linux-gnu.so
[3.312s] -- Up-to-date symlink: /home/armando30/robotsprj/install/conveyorbelt_msgs/local/lib/python3.10/dist-packages/conveyorbelt_msgs/conveyorbelt_msgs_s__rosidl_typesupport_c.cpython-310-x86_64-linux-gnu.so
[3.314s] -- Up-to-date symlink: /home/armando30/robotsprj/install/conveyorbelt_msgs/share/conveyorbelt_msgs/msg/ConveyorBeltState.idl
[3.316s] -- Up-to-date symlink: /home/armando30/robotsprj/install/conveyorbelt_msgs/share/conveyorbelt_msgs/srv/ConveyorBeltControl.idl
[3.319s] -- Up-to-date symlink: /home/armando30/robotsprj/install/conveyorbelt_msgs/share/conveyorbelt_msgs/msg/ConveyorBeltState.msg
[3.322s] -- Up-to-date symlink: /home/armando30/robotsprj/install/conveyorbelt_msgs/share/conveyorbelt_msgs/srv/ConveyorBeltControl.srv
[3.325s] -- Up-to-date symlink: /home/armando30/robotsprj/install/conveyorbelt_msgs/share/conveyorbelt_msgs/srv/ConveyorBeltControl_Request.msg
[3.329s] -- Up-to-date symlink: /home/armando30/robotsprj/install/conveyorbelt_msgs/share/conveyorbelt_msgs/srv/ConveyorBeltControl_Response.msg
[3.331s] -- Up-to-date symlink: /home/armando30/robotsprj/install/conveyorbelt_msgs/share/ament_index/resource_index/package_run_dependencies/conveyorbelt_msgs
[3.350s] -- Up-to-date symlink: /home/armando30/robotsprj/install/conveyorbelt_msgs/share/ament_index/resource_index/parent_prefix_path/conveyorbelt_msgs
[3.355s] -- Up-to-date symlink: /home/armando30/robotsprj/install/conveyorbelt_msgs/share/conveyorbelt_msgs/environment/ament_prefix_path.sh
[3.355s] -- Up-to-date symlink: /home/armando30/robotsprj/install/conveyorbelt_msgs/share/conveyorbelt_msgs/environment/ament_prefix_path.dsv
[3.359s] -- Up-to-date symlink: /home/armando30/robotsprj/install/conveyorbelt_msgs/share/conveyorbelt_msgs/environment/path.sh
[3.367s] -- Up-to-date symlink: /home/armando30/robotsprj/install/conveyorbelt_msgs/share/conveyorbelt_msgs/environment/path.dsv
[3.369s] -- Up-to-date symlink: /home/armando30/robotsprj/install/conveyorbelt_msgs/share/conveyorbelt_msgs/local_setup.bash
[3.377s] -- Up-to-date symlink: /home/armando30/robotsprj/install/conveyorbelt_msgs/share/conveyorbelt_msgs/local_setup.sh
[3.379s] -- Up-to-date symlink: /home/armando30/robotsprj/install/conveyorbelt_msgs/share/conveyorbelt_msgs/local_setup.zsh
[3.379s] -- Up-to-date symlink: /home/armando30/robotsprj/install/conveyorbelt_msgs/share/conveyorbelt_msgs/local_setup.dsv
[3.382s] -- Symlinking: /home/armando30/robotsprj/install/conveyorbelt_msgs/share/conveyorbelt_msgs/package.dsv
[3.411s] -- Up-to-date symlink: /home/armando30/robotsprj/install/conveyorbelt_msgs/share/ament_index/resource_index/packages/conveyorbelt_msgs
[3.412s] -- Up-to-date symlink: /home/armando30/robotsprj/install/conveyorbelt_msgs/share/conveyorbelt_msgs/cmake/rosidl_cmake-extras.cmake
[3.414s] -- Up-to-date symlink: /home/armando30/robotsprj/install/conveyorbelt_msgs/share/conveyorbelt_msgs/cmake/ament_cmake_export_include_directories-extras.cmake
[3.415s] -- Up-to-date symlink: /home/armando30/robotsprj/install/conveyorbelt_msgs/share/conveyorbelt_msgs/cmake/ament_cmake_export_libraries-extras.cmake
[3.416s] -- Up-to-date symlink: /home/armando30/robotsprj/install/conveyorbelt_msgs/share/conveyorbelt_msgs/cmake/ament_cmake_export_targets-extras.cmake
[3.418s] -- Up-to-date symlink: /home/armando30/robotsprj/install/conveyorbelt_msgs/share/conveyorbelt_msgs/cmake/rosidl_cmake_export_typesupport_targets-extras.cmake
[3.419s] -- Up-to-date symlink: /home/armando30/robotsprj/install/conveyorbelt_msgs/share/conveyorbelt_msgs/cmake/ament_cmake_export_dependencies-extras.cmake
[3.421s] -- Up-to-date symlink: /home/armando30/robotsprj/install/conveyorbelt_msgs/share/conveyorbelt_msgs/cmake/rosidl_cmake_export_typesupport_libraries-extras.cmake
[3.422s] -- Up-to-date symlink: /home/armando30/robotsprj/install/conveyorbelt_msgs/share/conveyorbelt_msgs/cmake/conveyorbelt_msgsConfig.cmake
[3.422s] -- Up-to-date symlink: /home/armando30/robotsprj/install/conveyorbelt_msgs/share/conveyorbelt_msgs/cmake/conveyorbelt_msgsConfig-version.cmake
[3.423s] -- Up-to-date symlink: /home/armando30/robotsprj/install/conveyorbelt_msgs/share/conveyorbelt_msgs/package.xml
[3.424s] -- Up-to-date: /home/armando30/robotsprj/install/conveyorbelt_msgs/lib/libconveyorbelt_msgs__rosidl_generator_c.so
[3.425s] -- Up-to-date: /home/armando30/robotsprj/install/conveyorbelt_msgs/lib/libconveyorbelt_msgs__rosidl_typesupport_fastrtps_c.so
[3.426s] -- Up-to-date: /home/armando30/robotsprj/install/conveyorbelt_msgs/lib/libconveyorbelt_msgs__rosidl_typesupport_introspection_c.so
[3.427s] -- Up-to-date: /home/armando30/robotsprj/install/conveyorbelt_msgs/lib/libconveyorbelt_msgs__rosidl_typesupport_c.so
[3.429s] -- Up-to-date: /home/armando30/robotsprj/install/conveyorbelt_msgs/lib/libconveyorbelt_msgs__rosidl_typesupport_fastrtps_cpp.so
[3.431s] -- Up-to-date: /home/armando30/robotsprj/install/conveyorbelt_msgs/lib/libconveyorbelt_msgs__rosidl_typesupport_introspection_cpp.so
[3.432s] -- Up-to-date: /home/armando30/robotsprj/install/conveyorbelt_msgs/lib/libconveyorbelt_msgs__rosidl_typesupport_cpp.so
[3.562s] Listing '/home/armando30/robotsprj/install/conveyorbelt_msgs/local/lib/python3.10/dist-packages/conveyorbelt_msgs'...
[3.563s] Listing '/home/armando30/robotsprj/install/conveyorbelt_msgs/local/lib/python3.10/dist-packages/conveyorbelt_msgs/msg'...
[3.563s] Listing '/home/armando30/robotsprj/install/conveyorbelt_msgs/local/lib/python3.10/dist-packages/conveyorbelt_msgs/srv'...
[3.566s] -- Up-to-date: /home/armando30/robotsprj/install/conveyorbelt_msgs/lib/libconveyorbelt_msgs__rosidl_generator_py.so
[3.567s] -- Up-to-date: /home/armando30/robotsprj/install/conveyorbelt_msgs/share/conveyorbelt_msgs/cmake/export_conveyorbelt_msgs__rosidl_generator_cExport.cmake
[3.567s] -- Up-to-date: /home/armando30/robotsprj/install/conveyorbelt_msgs/share/conveyorbelt_msgs/cmake/export_conveyorbelt_msgs__rosidl_generator_cExport-noconfig.cmake
[3.568s] -- Up-to-date: /home/armando30/robotsprj/install/conveyorbelt_msgs/share/conveyorbelt_msgs/cmake/export_conveyorbelt_msgs__rosidl_typesupport_fastrtps_cExport.cmake
[3.568s] -- Up-to-date: /home/armando30/robotsprj/install/conveyorbelt_msgs/share/conveyorbelt_msgs/cmake/export_conveyorbelt_msgs__rosidl_typesupport_fastrtps_cExport-noconfig.cmake
[3.569s] -- Up-to-date: /home/armando30/robotsprj/install/conveyorbelt_msgs/share/conveyorbelt_msgs/cmake/conveyorbelt_msgs__rosidl_typesupport_introspection_cExport.cmake
[3.569s] -- Up-to-date: /home/armando30/robotsprj/install/conveyorbelt_msgs/share/conveyorbelt_msgs/cmake/conveyorbelt_msgs__rosidl_typesupport_introspection_cExport-noconfig.cmake
[3.569s] -- Up-to-date: /home/armando30/robotsprj/install/conveyorbelt_msgs/share/conveyorbelt_msgs/cmake/conveyorbelt_msgs__rosidl_typesupport_cExport.cmake
[3.570s] -- Up-to-date: /home/armando30/robotsprj/install/conveyorbelt_msgs/share/conveyorbelt_msgs/cmake/conveyorbelt_msgs__rosidl_typesupport_cExport-noconfig.cmake
[3.570s] -- Up-to-date: /home/armando30/robotsprj/install/conveyorbelt_msgs/share/conveyorbelt_msgs/cmake/export_conveyorbelt_msgs__rosidl_generator_cppExport.cmake
[3.571s] -- Up-to-date: /home/armando30/robotsprj/install/conveyorbelt_msgs/share/conveyorbelt_msgs/cmake/export_conveyorbelt_msgs__rosidl_typesupport_fastrtps_cppExport.cmake
[3.571s] -- Up-to-date: /home/armando30/robotsprj/install/conveyorbelt_msgs/share/conveyorbelt_msgs/cmake/export_conveyorbelt_msgs__rosidl_typesupport_fastrtps_cppExport-noconfig.cmake
[3.572s] -- Up-to-date: /home/armando30/robotsprj/install/conveyorbelt_msgs/share/conveyorbelt_msgs/cmake/conveyorbelt_msgs__rosidl_typesupport_introspection_cppExport.cmake
[3.573s] -- Up-to-date: /home/armando30/robotsprj/install/conveyorbelt_msgs/share/conveyorbelt_msgs/cmake/conveyorbelt_msgs__rosidl_typesupport_introspection_cppExport-noconfig.cmake
[3.573s] -- Up-to-date: /home/armando30/robotsprj/install/conveyorbelt_msgs/share/conveyorbelt_msgs/cmake/conveyorbelt_msgs__rosidl_typesupport_cppExport.cmake
[3.573s] -- Up-to-date: /home/armando30/robotsprj/install/conveyorbelt_msgs/share/conveyorbelt_msgs/cmake/conveyorbelt_msgs__rosidl_typesupport_cppExport-noconfig.cmake
[3.574s] -- Up-to-date: /home/armando30/robotsprj/install/conveyorbelt_msgs/share/conveyorbelt_msgs/cmake/export_conveyorbelt_msgs__rosidl_generator_pyExport.cmake
[3.574s] -- Up-to-date: /home/armando30/robotsprj/install/conveyorbelt_msgs/share/conveyorbelt_msgs/cmake/export_conveyorbelt_msgs__rosidl_generator_pyExport-noconfig.cmake
[3.692s] Invoked command in '/home/armando30/robotsprj/build/conveyorbelt_msgs' returned '0': CMAKE_PREFIX_PATH=${CMAKE_PREFIX_PATH}:/opt/ros/humble /usr/bin/cmake --install /home/armando30/robotsprj/build/conveyorbelt_msgs
