[0.066s] Invoking command in '/home/armando30/robotsprj/build/ur_controllers': CMAKE_PREFIX_PATH=/home/armando30/robotsprj/install/ur_dashboard_msgs:/home/armando30/robotsprj/install/ur:/home/armando30/robotsprj/install/ur_calibration:/home/armando30/robotsprj/install/ur_robot_driver:/home/armando30/robotsprj/install/ur_moveit_config:/home/armando30/robotsprj/install/ur_bringup:/home/armando30/robotsprj/install/ur_controllers:/home/armando30/robotsprj/install/ros2_linkattacher:/home/armando30/robotsprj/install/ros2_conveyorbelt:/home/armando30/robotsprj/install/linkattacher_msgs:/home/armando30/robotsprj/install/conveyorbelt_msgs:/home/armando30/robotsprj/install/conveyorbelt_gazebo:/opt/ros/humble LD_LIBRARY_PATH=/home/armando30/robotsprj/install/ur_dashboard_msgs/lib:/home/armando30/robotsprj/install/ur_robot_driver/lib:/home/armando30/robotsprj/install/ur_controllers/lib:/home/armando30/robotsprj/install/ros2_linkattacher/lib:/home/armando30/robotsprj/install/ros2_conveyorbelt/lib:/home/armando30/robotsprj/install/linkattacher_msgs/lib:/home/armando30/robotsprj/install/conveyorbelt_msgs/lib:/opt/ros/humble/opt/rviz_ogre_vendor/lib:/opt/ros/humble/lib/x86_64-linux-gnu:/opt/ros/humble/lib /usr/bin/cmake --build /home/armando30/robotsprj/build/ur_controllers -- -j8 -l8
[0.420s] [  5%] Built target tool_contact_controller_parameters
[0.422s] [ 11%] Built target force_mode_controller_parameters
[0.426s] [ 17%] Built target speed_scaling_state_broadcaster_parameters
[0.437s] [ 23%] Built target scaled_joint_trajectory_controller_parameters
[0.439s] [ 29%] Built target gpio_controller_parameters
[0.441s] [ 35%] Built target ur_configuration_controller_parameters
[0.449s] [ 41%] Built target freedrive_mode_controller_parameters
[0.450s] [ 47%] Built target passthrough_trajectory_controller_parameters
[0.550s] [35m[1mConsolidate compiler generated dependencies of target gmock_main[0m
[0.587s] [35m[1mConsolidate compiler generated dependencies of target gmock[0m
[0.599s] [ 52%] Built target gmock_main
[0.640s] [ 61%] Built target gmock
[0.820s] [35m[1mConsolidate compiler generated dependencies of target ur_controllers[0m
[0.973s] [ 88%] Built target ur_controllers
[1.064s] [35m[1mConsolidate compiler generated dependencies of target test_load_freedrive_mode_controller[0m
[1.068s] [35m[1mConsolidate compiler generated dependencies of target test_load_force_mode_controller[0m
[1.162s] [100%] Built target test_load_force_mode_controller
[1.163s] [100%] Built target test_load_freedrive_mode_controller
[1.216s] Invoked command in '/home/armando30/robotsprj/build/ur_controllers' returned '0': CMAKE_PREFIX_PATH=/home/armando30/robotsprj/install/ur_dashboard_msgs:/home/armando30/robotsprj/install/ur:/home/armando30/robotsprj/install/ur_calibration:/home/armando30/robotsprj/install/ur_robot_driver:/home/armando30/robotsprj/install/ur_moveit_config:/home/armando30/robotsprj/install/ur_bringup:/home/armando30/robotsprj/install/ur_controllers:/home/armando30/robotsprj/install/ros2_linkattacher:/home/armando30/robotsprj/install/ros2_conveyorbelt:/home/armando30/robotsprj/install/linkattacher_msgs:/home/armando30/robotsprj/install/conveyorbelt_msgs:/home/armando30/robotsprj/install/conveyorbelt_gazebo:/opt/ros/humble LD_LIBRARY_PATH=/home/armando30/robotsprj/install/ur_dashboard_msgs/lib:/home/armando30/robotsprj/install/ur_robot_driver/lib:/home/armando30/robotsprj/install/ur_controllers/lib:/home/armando30/robotsprj/install/ros2_linkattacher/lib:/home/armando30/robotsprj/install/ros2_conveyorbelt/lib:/home/armando30/robotsprj/install/linkattacher_msgs/lib:/home/armando30/robotsprj/install/conveyorbelt_msgs/lib:/opt/ros/humble/opt/rviz_ogre_vendor/lib:/opt/ros/humble/lib/x86_64-linux-gnu:/opt/ros/humble/lib /usr/bin/cmake --build /home/armando30/robotsprj/build/ur_controllers -- -j8 -l8
[1.238s] Invoking command in '/home/armando30/robotsprj/build/ur_controllers': CMAKE_PREFIX_PATH=/home/armando30/robotsprj/install/ur_dashboard_msgs:/home/armando30/robotsprj/install/ur:/home/armando30/robotsprj/install/ur_calibration:/home/armando30/robotsprj/install/ur_robot_driver:/home/armando30/robotsprj/install/ur_moveit_config:/home/armando30/robotsprj/install/ur_bringup:/home/armando30/robotsprj/install/ur_controllers:/home/armando30/robotsprj/install/ros2_linkattacher:/home/armando30/robotsprj/install/ros2_conveyorbelt:/home/armando30/robotsprj/install/linkattacher_msgs:/home/armando30/robotsprj/install/conveyorbelt_msgs:/home/armando30/robotsprj/install/conveyorbelt_gazebo:/opt/ros/humble LD_LIBRARY_PATH=/home/armando30/robotsprj/install/ur_dashboard_msgs/lib:/home/armando30/robotsprj/install/ur_robot_driver/lib:/home/armando30/robotsprj/install/ur_controllers/lib:/home/armando30/robotsprj/install/ros2_linkattacher/lib:/home/armando30/robotsprj/install/ros2_conveyorbelt/lib:/home/armando30/robotsprj/install/linkattacher_msgs/lib:/home/armando30/robotsprj/install/conveyorbelt_msgs/lib:/opt/ros/humble/opt/rviz_ogre_vendor/lib:/opt/ros/humble/lib/x86_64-linux-gnu:/opt/ros/humble/lib /usr/bin/cmake --install /home/armando30/robotsprj/build/ur_controllers
[1.269s] -- Install configuration: ""
[1.281s] -- Execute custom install script
[1.282s] -- Up-to-date symlink: /home/armando30/robotsprj/install/ur_controllers/include/ur_controllers/force_mode_controller_parameters.hpp
[1.283s] -- Up-to-date symlink: /home/armando30/robotsprj/install/ur_controllers/include/ur_controllers/freedrive_mode_controller_parameters.hpp
[1.283s] -- Up-to-date symlink: /home/armando30/robotsprj/install/ur_controllers/include/ur_controllers/gpio_controller_parameters.hpp
[1.284s] -- Up-to-date symlink: /home/armando30/robotsprj/install/ur_controllers/include/ur_controllers/passthrough_trajectory_controller_parameters.hpp
[1.284s] -- Up-to-date symlink: /home/armando30/robotsprj/install/ur_controllers/include/ur_controllers/scaled_joint_trajectory_controller_parameters.hpp
[1.284s] -- Up-to-date symlink: /home/armando30/robotsprj/install/ur_controllers/include/ur_controllers/speed_scaling_state_broadcaster_parameters.hpp
[1.285s] -- Up-to-date symlink: /home/armando30/robotsprj/install/ur_controllers/include/ur_controllers/tool_contact_controller_parameters.hpp
[1.285s] -- Up-to-date symlink: /home/armando30/robotsprj/install/ur_controllers/include/ur_controllers/ur_configuration_controller_parameters.hpp
[1.286s] -- Up-to-date symlink: /home/armando30/robotsprj/install/ur_controllers/include/ur_controllers/force_mode_controller_parameters.hpp
[1.287s] -- Up-to-date symlink: /home/armando30/robotsprj/install/ur_controllers/include/ur_controllers/freedrive_mode_controller_parameters.hpp
[1.287s] -- Up-to-date symlink: /home/armando30/robotsprj/install/ur_controllers/include/ur_controllers/gpio_controller_parameters.hpp
[1.288s] -- Up-to-date symlink: /home/armando30/robotsprj/install/ur_controllers/include/ur_controllers/passthrough_trajectory_controller_parameters.hpp
[1.288s] -- Up-to-date symlink: /home/armando30/robotsprj/install/ur_controllers/include/ur_controllers/scaled_joint_trajectory_controller_parameters.hpp
[1.288s] -- Up-to-date symlink: /home/armando30/robotsprj/install/ur_controllers/include/ur_controllers/speed_scaling_state_broadcaster_parameters.hpp
[1.289s] -- Up-to-date symlink: /home/armando30/robotsprj/install/ur_controllers/include/ur_controllers/tool_contact_controller_parameters.hpp
[1.289s] -- Up-to-date symlink: /home/armando30/robotsprj/install/ur_controllers/include/ur_controllers/ur_configuration_controller_parameters.hpp
[1.290s] -- Up-to-date symlink: /home/armando30/robotsprj/install/ur_controllers/include/ur_controllers/force_mode_controller_parameters.hpp
[1.291s] -- Up-to-date symlink: /home/armando30/robotsprj/install/ur_controllers/include/ur_controllers/freedrive_mode_controller_parameters.hpp
[1.291s] -- Up-to-date symlink: /home/armando30/robotsprj/install/ur_controllers/include/ur_controllers/gpio_controller_parameters.hpp
[1.292s] -- Up-to-date symlink: /home/armando30/robotsprj/install/ur_controllers/include/ur_controllers/passthrough_trajectory_controller_parameters.hpp
[1.292s] -- Up-to-date symlink: /home/armando30/robotsprj/install/ur_controllers/include/ur_controllers/scaled_joint_trajectory_controller_parameters.hpp
[1.293s] -- Up-to-date symlink: /home/armando30/robotsprj/install/ur_controllers/include/ur_controllers/speed_scaling_state_broadcaster_parameters.hpp
[1.293s] -- Up-to-date symlink: /home/armando30/robotsprj/install/ur_controllers/include/ur_controllers/tool_contact_controller_parameters.hpp
[1.294s] -- Up-to-date symlink: /home/armando30/robotsprj/install/ur_controllers/include/ur_controllers/ur_configuration_controller_parameters.hpp
[1.296s] -- Up-to-date symlink: /home/armando30/robotsprj/install/ur_controllers/include/ur_controllers/force_mode_controller_parameters.hpp
[1.296s] -- Up-to-date symlink: /home/armando30/robotsprj/install/ur_controllers/include/ur_controllers/freedrive_mode_controller_parameters.hpp
[1.297s] -- Up-to-date symlink: /home/armando30/robotsprj/install/ur_controllers/include/ur_controllers/gpio_controller_parameters.hpp
[1.297s] -- Up-to-date symlink: /home/armando30/robotsprj/install/ur_controllers/include/ur_controllers/passthrough_trajectory_controller_parameters.hpp
[1.298s] -- Up-to-date symlink: /home/armando30/robotsprj/install/ur_controllers/include/ur_controllers/scaled_joint_trajectory_controller_parameters.hpp
[1.298s] -- Up-to-date symlink: /home/armando30/robotsprj/install/ur_controllers/include/ur_controllers/speed_scaling_state_broadcaster_parameters.hpp
[1.299s] -- Up-to-date symlink: /home/armando30/robotsprj/install/ur_controllers/include/ur_controllers/tool_contact_controller_parameters.hpp
[1.299s] -- Up-to-date symlink: /home/armando30/robotsprj/install/ur_controllers/include/ur_controllers/ur_configuration_controller_parameters.hpp
[1.300s] -- Up-to-date symlink: /home/armando30/robotsprj/install/ur_controllers/include/ur_controllers/force_mode_controller_parameters.hpp
[1.300s] -- Up-to-date symlink: /home/armando30/robotsprj/install/ur_controllers/include/ur_controllers/freedrive_mode_controller_parameters.hpp
[1.300s] -- Up-to-date symlink: /home/armando30/robotsprj/install/ur_controllers/include/ur_controllers/gpio_controller_parameters.hpp
[1.301s] -- Up-to-date symlink: /home/armando30/robotsprj/install/ur_controllers/include/ur_controllers/passthrough_trajectory_controller_parameters.hpp
[1.301s] -- Up-to-date symlink: /home/armando30/robotsprj/install/ur_controllers/include/ur_controllers/scaled_joint_trajectory_controller_parameters.hpp
[1.302s] -- Up-to-date symlink: /home/armando30/robotsprj/install/ur_controllers/include/ur_controllers/speed_scaling_state_broadcaster_parameters.hpp
[1.302s] -- Up-to-date symlink: /home/armando30/robotsprj/install/ur_controllers/include/ur_controllers/tool_contact_controller_parameters.hpp
[1.303s] -- Up-to-date symlink: /home/armando30/robotsprj/install/ur_controllers/include/ur_controllers/ur_configuration_controller_parameters.hpp
[1.304s] -- Up-to-date symlink: /home/armando30/robotsprj/install/ur_controllers/include/ur_controllers/force_mode_controller_parameters.hpp
[1.304s] -- Up-to-date symlink: /home/armando30/robotsprj/install/ur_controllers/include/ur_controllers/freedrive_mode_controller_parameters.hpp
[1.305s] -- Up-to-date symlink: /home/armando30/robotsprj/install/ur_controllers/include/ur_controllers/gpio_controller_parameters.hpp
[1.306s] -- Up-to-date symlink: /home/armando30/robotsprj/install/ur_controllers/include/ur_controllers/passthrough_trajectory_controller_parameters.hpp
[1.306s] -- Up-to-date symlink: /home/armando30/robotsprj/install/ur_controllers/include/ur_controllers/scaled_joint_trajectory_controller_parameters.hpp
[1.306s] -- Up-to-date symlink: /home/armando30/robotsprj/install/ur_controllers/include/ur_controllers/speed_scaling_state_broadcaster_parameters.hpp
[1.307s] -- Up-to-date symlink: /home/armando30/robotsprj/install/ur_controllers/include/ur_controllers/tool_contact_controller_parameters.hpp
[1.307s] -- Up-to-date symlink: /home/armando30/robotsprj/install/ur_controllers/include/ur_controllers/ur_configuration_controller_parameters.hpp
[1.308s] -- Up-to-date symlink: /home/armando30/robotsprj/install/ur_controllers/include/ur_controllers/force_mode_controller_parameters.hpp
[1.309s] -- Up-to-date symlink: /home/armando30/robotsprj/install/ur_controllers/include/ur_controllers/freedrive_mode_controller_parameters.hpp
[1.309s] -- Up-to-date symlink: /home/armando30/robotsprj/install/ur_controllers/include/ur_controllers/gpio_controller_parameters.hpp
[1.310s] -- Up-to-date symlink: /home/armando30/robotsprj/install/ur_controllers/include/ur_controllers/passthrough_trajectory_controller_parameters.hpp
[1.310s] -- Up-to-date symlink: /home/armando30/robotsprj/install/ur_controllers/include/ur_controllers/scaled_joint_trajectory_controller_parameters.hpp
[1.311s] -- Up-to-date symlink: /home/armando30/robotsprj/install/ur_controllers/include/ur_controllers/speed_scaling_state_broadcaster_parameters.hpp
[1.311s] -- Up-to-date symlink: /home/armando30/robotsprj/install/ur_controllers/include/ur_controllers/tool_contact_controller_parameters.hpp
[1.312s] -- Up-to-date symlink: /home/armando30/robotsprj/install/ur_controllers/include/ur_controllers/ur_configuration_controller_parameters.hpp
[1.313s] -- Up-to-date symlink: /home/armando30/robotsprj/install/ur_controllers/include/ur_controllers/force_mode_controller_parameters.hpp
[1.313s] -- Up-to-date symlink: /home/armando30/robotsprj/install/ur_controllers/include/ur_controllers/freedrive_mode_controller_parameters.hpp
[1.314s] -- Up-to-date symlink: /home/armando30/robotsprj/install/ur_controllers/include/ur_controllers/gpio_controller_parameters.hpp
[1.314s] -- Up-to-date symlink: /home/armando30/robotsprj/install/ur_controllers/include/ur_controllers/passthrough_trajectory_controller_parameters.hpp
[1.315s] -- Up-to-date symlink: /home/armando30/robotsprj/install/ur_controllers/include/ur_controllers/scaled_joint_trajectory_controller_parameters.hpp
[1.315s] -- Up-to-date symlink: /home/armando30/robotsprj/install/ur_controllers/include/ur_controllers/speed_scaling_state_broadcaster_parameters.hpp
[1.315s] -- Up-to-date symlink: /home/armando30/robotsprj/install/ur_controllers/include/ur_controllers/tool_contact_controller_parameters.hpp
[1.316s] -- Up-to-date symlink: /home/armando30/robotsprj/install/ur_controllers/include/ur_controllers/ur_configuration_controller_parameters.hpp
[1.317s] -- Up-to-date symlink: /home/armando30/robotsprj/install/ur_controllers/share/ur_controllers//controller_plugins.xml
[1.318s] -- Up-to-date symlink: /home/armando30/robotsprj/install/ur_controllers/lib/libur_controllers.so
[1.319s] -- Up-to-date symlink: /home/armando30/robotsprj/install/ur_controllers/include/ur_controllers/force_mode_controller.hpp
[1.320s] -- Up-to-date symlink: /home/armando30/robotsprj/install/ur_controllers/include/ur_controllers/freedrive_mode_controller.hpp
[1.320s] -- Up-to-date symlink: /home/armando30/robotsprj/install/ur_controllers/include/ur_controllers/gpio_controller.hpp
[1.321s] -- Up-to-date symlink: /home/armando30/robotsprj/install/ur_controllers/include/ur_controllers/passthrough_trajectory_controller.hpp
[1.321s] -- Up-to-date symlink: /home/armando30/robotsprj/install/ur_controllers/include/ur_controllers/scaled_joint_trajectory_controller.hpp
[1.322s] -- Up-to-date symlink: /home/armando30/robotsprj/install/ur_controllers/include/ur_controllers/speed_scaling_state_broadcaster.hpp
[1.322s] -- Up-to-date symlink: /home/armando30/robotsprj/install/ur_controllers/include/ur_controllers/tool_contact_controller.hpp
[1.323s] -- Up-to-date symlink: /home/armando30/robotsprj/install/ur_controllers/include/ur_controllers/ur_configuration_controller.hpp
[1.323s] -- Up-to-date symlink: /home/armando30/robotsprj/install/ur_controllers/share/ur_controllers/controller_plugins.xml
[1.324s] -- Up-to-date symlink: /home/armando30/robotsprj/install/ur_controllers/share/ur_controllers/environment/library_path.sh
[1.325s] -- Up-to-date symlink: /home/armando30/robotsprj/install/ur_controllers/share/ur_controllers/environment/library_path.dsv
[1.326s] -- Up-to-date symlink: /home/armando30/robotsprj/install/ur_controllers/share/ament_index/resource_index/package_run_dependencies/ur_controllers
[1.326s] -- Up-to-date symlink: /home/armando30/robotsprj/install/ur_controllers/share/ament_index/resource_index/parent_prefix_path/ur_controllers
[1.327s] -- Up-to-date symlink: /home/armando30/robotsprj/install/ur_controllers/share/ur_controllers/environment/ament_prefix_path.sh
[1.328s] -- Up-to-date symlink: /home/armando30/robotsprj/install/ur_controllers/share/ur_controllers/environment/ament_prefix_path.dsv
[1.328s] -- Up-to-date symlink: /home/armando30/robotsprj/install/ur_controllers/share/ur_controllers/environment/path.sh
[1.329s] -- Up-to-date symlink: /home/armando30/robotsprj/install/ur_controllers/share/ur_controllers/environment/path.dsv
[1.330s] -- Up-to-date symlink: /home/armando30/robotsprj/install/ur_controllers/share/ur_controllers/local_setup.bash
[1.330s] -- Up-to-date symlink: /home/armando30/robotsprj/install/ur_controllers/share/ur_controllers/local_setup.sh
[1.331s] -- Up-to-date symlink: /home/armando30/robotsprj/install/ur_controllers/share/ur_controllers/local_setup.zsh
[1.331s] -- Up-to-date symlink: /home/armando30/robotsprj/install/ur_controllers/share/ur_controllers/local_setup.dsv
[1.332s] -- Symlinking: /home/armando30/robotsprj/install/ur_controllers/share/ur_controllers/package.dsv
[1.361s] -- Up-to-date symlink: /home/armando30/robotsprj/install/ur_controllers/share/ament_index/resource_index/packages/ur_controllers
[1.362s] -- Up-to-date symlink: /home/armando30/robotsprj/install/ur_controllers/share/ament_index/resource_index/controller_interface__pluginlib__plugin/ur_controllers
[1.363s] -- Up-to-date symlink: /home/armando30/robotsprj/install/ur_controllers/share/ur_controllers/cmake/ament_cmake_export_dependencies-extras.cmake
[1.364s] -- Up-to-date symlink: /home/armando30/robotsprj/install/ur_controllers/share/ur_controllers/cmake/ament_cmake_export_include_directories-extras.cmake
[1.364s] -- Up-to-date symlink: /home/armando30/robotsprj/install/ur_controllers/share/ur_controllers/cmake/ament_cmake_export_libraries-extras.cmake
[1.365s] -- Up-to-date symlink: /home/armando30/robotsprj/install/ur_controllers/share/ur_controllers/cmake/ur_controllersConfig.cmake
[1.365s] -- Up-to-date symlink: /home/armando30/robotsprj/install/ur_controllers/share/ur_controllers/cmake/ur_controllersConfig-version.cmake
[1.366s] -- Up-to-date symlink: /home/armando30/robotsprj/install/ur_controllers/share/ur_controllers/package.xml
[1.376s] Invoked command in '/home/armando30/robotsprj/build/ur_controllers' returned '0': CMAKE_PREFIX_PATH=/home/armando30/robotsprj/install/ur_dashboard_msgs:/home/armando30/robotsprj/install/ur:/home/armando30/robotsprj/install/ur_calibration:/home/armando30/robotsprj/install/ur_robot_driver:/home/armando30/robotsprj/install/ur_moveit_config:/home/armando30/robotsprj/install/ur_bringup:/home/armando30/robotsprj/install/ur_controllers:/home/armando30/robotsprj/install/ros2_linkattacher:/home/armando30/robotsprj/install/ros2_conveyorbelt:/home/armando30/robotsprj/install/linkattacher_msgs:/home/armando30/robotsprj/install/conveyorbelt_msgs:/home/armando30/robotsprj/install/conveyorbelt_gazebo:/opt/ros/humble LD_LIBRARY_PATH=/home/armando30/robotsprj/install/ur_dashboard_msgs/lib:/home/armando30/robotsprj/install/ur_robot_driver/lib:/home/armando30/robotsprj/install/ur_controllers/lib:/home/armando30/robotsprj/install/ros2_linkattacher/lib:/home/armando30/robotsprj/install/ros2_conveyorbelt/lib:/home/armando30/robotsprj/install/linkattacher_msgs/lib:/home/armando30/robotsprj/install/conveyorbelt_msgs/lib:/opt/ros/humble/opt/rviz_ogre_vendor/lib:/opt/ros/humble/lib/x86_64-linux-gnu:/opt/ros/humble/lib /usr/bin/cmake --install /home/armando30/robotsprj/build/ur_controllers
