[0.166s] Invoking command in '/home/armando30/robotsprj/build/ur_dashboard_msgs': CMAKE_PREFIX_PATH=${CMAKE_PREFIX_PATH}:/opt/ros/humble /usr/bin/cmake --build /home/armando30/robotsprj/build/ur_dashboard_msgs -- -j8 -l8
[0.568s] [  0%] Built target ament_cmake_python_symlink_ur_dashboard_msgs
[0.588s] [  0%] Built target ur_dashboard_msgs__cpp
[0.598s] [ 12%] Built target ur_dashboard_msgs__rosidl_generator_c
[0.833s] [ 24%] Built target ur_dashboard_msgs__rosidl_typesupport_cpp
[0.943s] [ 36%] Built target ur_dashboard_msgs__rosidl_typesupport_introspection_cpp
[1.005s] [ 48%] Built target ur_dashboard_msgs__rosidl_typesupport_fastrtps_cpp
[1.075s] [ 60%] Built target ur_dashboard_msgs__rosidl_typesupport_introspection_c
[1.086s] [ 72%] Built target ur_dashboard_msgs__rosidl_typesupport_c
[1.140s] [ 84%] Built target ur_dashboard_msgs__rosidl_typesupport_fastrtps_c
[1.289s] [ 84%] Built target ur_dashboard_msgs
[1.504s] [ 85%] Built target ur_dashboard_msgs__py
[1.741s] [ 96%] Built target ur_dashboard_msgs__rosidl_generator_py
[1.870s] [ 97%] Built target ur_dashboard_msgs__rosidl_typesupport_fastrtps_c__pyext
[1.895s] [ 99%] Built target ur_dashboard_msgs__rosidl_typesupport_introspection_c__pyext
[1.921s] [100%] Built target ur_dashboard_msgs__rosidl_typesupport_c__pyext
[2.482s] running egg_info
[2.487s] writing ur_dashboard_msgs.egg-info/PKG-INFO
[2.492s] writing dependency_links to ur_dashboard_msgs.egg-info/dependency_links.txt
[2.493s] writing top-level names to ur_dashboard_msgs.egg-info/top_level.txt
[2.498s] reading manifest file 'ur_dashboard_msgs.egg-info/SOURCES.txt'
[2.502s] writing manifest file 'ur_dashboard_msgs.egg-info/SOURCES.txt'
[2.595s] [100%] Built target ament_cmake_python_build_ur_dashboard_msgs_egg
[2.696s] Invoked command in '/home/armando30/robotsprj/build/ur_dashboard_msgs' returned '0': CMAKE_PREFIX_PATH=${CMAKE_PREFIX_PATH}:/opt/ros/humble /usr/bin/cmake --build /home/armando30/robotsprj/build/ur_dashboard_msgs -- -j8 -l8
[2.702s] Invoking command in '/home/armando30/robotsprj/build/ur_dashboard_msgs': CMAKE_PREFIX_PATH=${CMAKE_PREFIX_PATH}:/opt/ros/humble /usr/bin/cmake --install /home/armando30/robotsprj/build/ur_dashboard_msgs
[2.746s] -- Install configuration: ""
[2.751s] -- Execute custom install script
[2.752s] -- Up-to-date symlink: /home/armando30/robotsprj/install/ur_dashboard_msgs/share/ament_index/resource_index/rosidl_interfaces/ur_dashboard_msgs
[2.755s] -- Up-to-date symlink: /home/armando30/robotsprj/install/ur_dashboard_msgs/include/ur_dashboard_msgs/ur_dashboard_msgs/action/detail/set_mode__functions.h
[2.759s] -- Up-to-date symlink: /home/armando30/robotsprj/install/ur_dashboard_msgs/include/ur_dashboard_msgs/ur_dashboard_msgs/action/detail/set_mode__struct.h
[2.760s] -- Up-to-date symlink: /home/armando30/robotsprj/install/ur_dashboard_msgs/include/ur_dashboard_msgs/ur_dashboard_msgs/action/detail/set_mode__type_support.h
[2.760s] -- Up-to-date symlink: /home/armando30/robotsprj/install/ur_dashboard_msgs/include/ur_dashboard_msgs/ur_dashboard_msgs/action/set_mode.h
[2.761s] -- Up-to-date symlink: /home/armando30/robotsprj/install/ur_dashboard_msgs/include/ur_dashboard_msgs/ur_dashboard_msgs/msg/detail/program_state__functions.h
[2.762s] -- Up-to-date symlink: /home/armando30/robotsprj/install/ur_dashboard_msgs/include/ur_dashboard_msgs/ur_dashboard_msgs/msg/detail/program_state__struct.h
[2.766s] -- Up-to-date symlink: /home/armando30/robotsprj/install/ur_dashboard_msgs/include/ur_dashboard_msgs/ur_dashboard_msgs/msg/detail/program_state__type_support.h
[2.767s] -- Up-to-date symlink: /home/armando30/robotsprj/install/ur_dashboard_msgs/include/ur_dashboard_msgs/ur_dashboard_msgs/msg/detail/robot_mode__functions.h
[2.767s] -- Up-to-date symlink: /home/armando30/robotsprj/install/ur_dashboard_msgs/include/ur_dashboard_msgs/ur_dashboard_msgs/msg/detail/robot_mode__struct.h
[2.768s] -- Up-to-date symlink: /home/armando30/robotsprj/install/ur_dashboard_msgs/include/ur_dashboard_msgs/ur_dashboard_msgs/msg/detail/robot_mode__type_support.h
[2.772s] -- Up-to-date symlink: /home/armando30/robotsprj/install/ur_dashboard_msgs/include/ur_dashboard_msgs/ur_dashboard_msgs/msg/detail/safety_mode__functions.h
[2.773s] -- Up-to-date symlink: /home/armando30/robotsprj/install/ur_dashboard_msgs/include/ur_dashboard_msgs/ur_dashboard_msgs/msg/detail/safety_mode__struct.h
[2.773s] -- Up-to-date symlink: /home/armando30/robotsprj/install/ur_dashboard_msgs/include/ur_dashboard_msgs/ur_dashboard_msgs/msg/detail/safety_mode__type_support.h
[2.774s] -- Up-to-date symlink: /home/armando30/robotsprj/install/ur_dashboard_msgs/include/ur_dashboard_msgs/ur_dashboard_msgs/msg/program_state.h
[2.778s] -- Up-to-date symlink: /home/armando30/robotsprj/install/ur_dashboard_msgs/include/ur_dashboard_msgs/ur_dashboard_msgs/msg/robot_mode.h
[2.780s] -- Up-to-date symlink: /home/armando30/robotsprj/install/ur_dashboard_msgs/include/ur_dashboard_msgs/ur_dashboard_msgs/msg/rosidl_generator_c__visibility_control.h
[2.781s] -- Up-to-date symlink: /home/armando30/robotsprj/install/ur_dashboard_msgs/include/ur_dashboard_msgs/ur_dashboard_msgs/msg/safety_mode.h
[2.781s] -- Up-to-date symlink: /home/armando30/robotsprj/install/ur_dashboard_msgs/include/ur_dashboard_msgs/ur_dashboard_msgs/srv/add_to_log.h
[2.785s] -- Up-to-date symlink: /home/armando30/robotsprj/install/ur_dashboard_msgs/include/ur_dashboard_msgs/ur_dashboard_msgs/srv/detail/add_to_log__functions.h
[2.786s] -- Up-to-date symlink: /home/armando30/robotsprj/install/ur_dashboard_msgs/include/ur_dashboard_msgs/ur_dashboard_msgs/srv/detail/add_to_log__struct.h
[2.787s] -- Up-to-date symlink: /home/armando30/robotsprj/install/ur_dashboard_msgs/include/ur_dashboard_msgs/ur_dashboard_msgs/srv/detail/add_to_log__type_support.h
[2.789s] -- Up-to-date symlink: /home/armando30/robotsprj/install/ur_dashboard_msgs/include/ur_dashboard_msgs/ur_dashboard_msgs/srv/detail/get_loaded_program__functions.h
[2.790s] -- Up-to-date symlink: /home/armando30/robotsprj/install/ur_dashboard_msgs/include/ur_dashboard_msgs/ur_dashboard_msgs/srv/detail/get_loaded_program__struct.h
[2.790s] -- Up-to-date symlink: /home/armando30/robotsprj/install/ur_dashboard_msgs/include/ur_dashboard_msgs/ur_dashboard_msgs/srv/detail/get_loaded_program__type_support.h
[2.791s] -- Up-to-date symlink: /home/armando30/robotsprj/install/ur_dashboard_msgs/include/ur_dashboard_msgs/ur_dashboard_msgs/srv/detail/get_program_state__functions.h
[2.792s] -- Up-to-date symlink: /home/armando30/robotsprj/install/ur_dashboard_msgs/include/ur_dashboard_msgs/ur_dashboard_msgs/srv/detail/get_program_state__struct.h
[2.793s] -- Up-to-date symlink: /home/armando30/robotsprj/install/ur_dashboard_msgs/include/ur_dashboard_msgs/ur_dashboard_msgs/srv/detail/get_program_state__type_support.h
[2.793s] -- Up-to-date symlink: /home/armando30/robotsprj/install/ur_dashboard_msgs/include/ur_dashboard_msgs/ur_dashboard_msgs/srv/detail/get_robot_mode__functions.h
[2.795s] -- Up-to-date symlink: /home/armando30/robotsprj/install/ur_dashboard_msgs/include/ur_dashboard_msgs/ur_dashboard_msgs/srv/detail/get_robot_mode__struct.h
[2.795s] -- Up-to-date symlink: /home/armando30/robotsprj/install/ur_dashboard_msgs/include/ur_dashboard_msgs/ur_dashboard_msgs/srv/detail/get_robot_mode__type_support.h
[2.796s] -- Up-to-date symlink: /home/armando30/robotsprj/install/ur_dashboard_msgs/include/ur_dashboard_msgs/ur_dashboard_msgs/srv/detail/get_safety_mode__functions.h
[2.797s] -- Up-to-date symlink: /home/armando30/robotsprj/install/ur_dashboard_msgs/include/ur_dashboard_msgs/ur_dashboard_msgs/srv/detail/get_safety_mode__struct.h
[2.797s] -- Up-to-date symlink: /home/armando30/robotsprj/install/ur_dashboard_msgs/include/ur_dashboard_msgs/ur_dashboard_msgs/srv/detail/get_safety_mode__type_support.h
[2.799s] -- Up-to-date symlink: /home/armando30/robotsprj/install/ur_dashboard_msgs/include/ur_dashboard_msgs/ur_dashboard_msgs/srv/detail/is_in_remote_control__functions.h
[2.799s] -- Up-to-date symlink: /home/armando30/robotsprj/install/ur_dashboard_msgs/include/ur_dashboard_msgs/ur_dashboard_msgs/srv/detail/is_in_remote_control__struct.h
[2.800s] -- Up-to-date symlink: /home/armando30/robotsprj/install/ur_dashboard_msgs/include/ur_dashboard_msgs/ur_dashboard_msgs/srv/detail/is_in_remote_control__type_support.h
[2.802s] -- Up-to-date symlink: /home/armando30/robotsprj/install/ur_dashboard_msgs/include/ur_dashboard_msgs/ur_dashboard_msgs/srv/detail/is_program_running__functions.h
[2.803s] -- Up-to-date symlink: /home/armando30/robotsprj/install/ur_dashboard_msgs/include/ur_dashboard_msgs/ur_dashboard_msgs/srv/detail/is_program_running__struct.h
[2.804s] -- Up-to-date symlink: /home/armando30/robotsprj/install/ur_dashboard_msgs/include/ur_dashboard_msgs/ur_dashboard_msgs/srv/detail/is_program_running__type_support.h
[2.804s] -- Up-to-date symlink: /home/armando30/robotsprj/install/ur_dashboard_msgs/include/ur_dashboard_msgs/ur_dashboard_msgs/srv/detail/is_program_saved__functions.h
[2.805s] -- Up-to-date symlink: /home/armando30/robotsprj/install/ur_dashboard_msgs/include/ur_dashboard_msgs/ur_dashboard_msgs/srv/detail/is_program_saved__struct.h
[2.806s] -- Up-to-date symlink: /home/armando30/robotsprj/install/ur_dashboard_msgs/include/ur_dashboard_msgs/ur_dashboard_msgs/srv/detail/is_program_saved__type_support.h
[2.806s] -- Up-to-date symlink: /home/armando30/robotsprj/install/ur_dashboard_msgs/include/ur_dashboard_msgs/ur_dashboard_msgs/srv/detail/load__functions.h
[2.807s] -- Up-to-date symlink: /home/armando30/robotsprj/install/ur_dashboard_msgs/include/ur_dashboard_msgs/ur_dashboard_msgs/srv/detail/load__struct.h
[2.808s] -- Up-to-date symlink: /home/armando30/robotsprj/install/ur_dashboard_msgs/include/ur_dashboard_msgs/ur_dashboard_msgs/srv/detail/load__type_support.h
[2.809s] -- Up-to-date symlink: /home/armando30/robotsprj/install/ur_dashboard_msgs/include/ur_dashboard_msgs/ur_dashboard_msgs/srv/detail/popup__functions.h
[2.811s] -- Up-to-date symlink: /home/armando30/robotsprj/install/ur_dashboard_msgs/include/ur_dashboard_msgs/ur_dashboard_msgs/srv/detail/popup__struct.h
[2.812s] -- Up-to-date symlink: /home/armando30/robotsprj/install/ur_dashboard_msgs/include/ur_dashboard_msgs/ur_dashboard_msgs/srv/detail/popup__type_support.h
[2.815s] -- Up-to-date symlink: /home/armando30/robotsprj/install/ur_dashboard_msgs/include/ur_dashboard_msgs/ur_dashboard_msgs/srv/detail/raw_request__functions.h
[2.815s] -- Up-to-date symlink: /home/armando30/robotsprj/install/ur_dashboard_msgs/include/ur_dashboard_msgs/ur_dashboard_msgs/srv/detail/raw_request__struct.h
[2.817s] -- Up-to-date symlink: /home/armando30/robotsprj/install/ur_dashboard_msgs/include/ur_dashboard_msgs/ur_dashboard_msgs/srv/detail/raw_request__type_support.h
[2.818s] -- Up-to-date symlink: /home/armando30/robotsprj/install/ur_dashboard_msgs/include/ur_dashboard_msgs/ur_dashboard_msgs/srv/get_loaded_program.h
[2.819s] -- Up-to-date symlink: /home/armando30/robotsprj/install/ur_dashboard_msgs/include/ur_dashboard_msgs/ur_dashboard_msgs/srv/get_program_state.h
[2.820s] -- Up-to-date symlink: /home/armando30/robotsprj/install/ur_dashboard_msgs/include/ur_dashboard_msgs/ur_dashboard_msgs/srv/get_robot_mode.h
[2.820s] -- Up-to-date symlink: /home/armando30/robotsprj/install/ur_dashboard_msgs/include/ur_dashboard_msgs/ur_dashboard_msgs/srv/get_safety_mode.h
[2.821s] -- Up-to-date symlink: /home/armando30/robotsprj/install/ur_dashboard_msgs/include/ur_dashboard_msgs/ur_dashboard_msgs/srv/is_in_remote_control.h
[2.823s] -- Up-to-date symlink: /home/armando30/robotsprj/install/ur_dashboard_msgs/include/ur_dashboard_msgs/ur_dashboard_msgs/srv/is_program_running.h
[2.825s] -- Up-to-date symlink: /home/armando30/robotsprj/install/ur_dashboard_msgs/include/ur_dashboard_msgs/ur_dashboard_msgs/srv/is_program_saved.h
[2.826s] -- Up-to-date symlink: /home/armando30/robotsprj/install/ur_dashboard_msgs/include/ur_dashboard_msgs/ur_dashboard_msgs/srv/load.h
[2.829s] -- Up-to-date symlink: /home/armando30/robotsprj/install/ur_dashboard_msgs/include/ur_dashboard_msgs/ur_dashboard_msgs/srv/popup.h
[2.830s] -- Up-to-date symlink: /home/armando30/robotsprj/install/ur_dashboard_msgs/include/ur_dashboard_msgs/ur_dashboard_msgs/srv/raw_request.h
[2.835s] -- Up-to-date symlink: /home/armando30/robotsprj/install/ur_dashboard_msgs/share/ur_dashboard_msgs/environment/library_path.sh
[2.835s] -- Up-to-date symlink: /home/armando30/robotsprj/install/ur_dashboard_msgs/share/ur_dashboard_msgs/environment/library_path.dsv
[2.859s] -- Up-to-date symlink: /home/armando30/robotsprj/install/ur_dashboard_msgs/include/ur_dashboard_msgs/ur_dashboard_msgs/action/detail/set_mode__rosidl_typesupport_fastrtps_c.h
[2.861s] -- Up-to-date symlink: /home/armando30/robotsprj/install/ur_dashboard_msgs/include/ur_dashboard_msgs/ur_dashboard_msgs/msg/detail/program_state__rosidl_typesupport_fastrtps_c.h
[2.866s] -- Up-to-date symlink: /home/armando30/robotsprj/install/ur_dashboard_msgs/include/ur_dashboard_msgs/ur_dashboard_msgs/msg/detail/robot_mode__rosidl_typesupport_fastrtps_c.h
[2.874s] -- Up-to-date symlink: /home/armando30/robotsprj/install/ur_dashboard_msgs/include/ur_dashboard_msgs/ur_dashboard_msgs/msg/detail/safety_mode__rosidl_typesupport_fastrtps_c.h
[2.876s] -- Up-to-date symlink: /home/armando30/robotsprj/install/ur_dashboard_msgs/include/ur_dashboard_msgs/ur_dashboard_msgs/msg/rosidl_typesupport_fastrtps_c__visibility_control.h
[2.876s] -- Up-to-date symlink: /home/armando30/robotsprj/install/ur_dashboard_msgs/include/ur_dashboard_msgs/ur_dashboard_msgs/srv/detail/add_to_log__rosidl_typesupport_fastrtps_c.h
[2.882s] -- Up-to-date symlink: /home/armando30/robotsprj/install/ur_dashboard_msgs/include/ur_dashboard_msgs/ur_dashboard_msgs/srv/detail/get_loaded_program__rosidl_typesupport_fastrtps_c.h
[2.883s] -- Up-to-date symlink: /home/armando30/robotsprj/install/ur_dashboard_msgs/include/ur_dashboard_msgs/ur_dashboard_msgs/srv/detail/get_program_state__rosidl_typesupport_fastrtps_c.h
[2.892s] -- Up-to-date symlink: /home/armando30/robotsprj/install/ur_dashboard_msgs/include/ur_dashboard_msgs/ur_dashboard_msgs/srv/detail/get_robot_mode__rosidl_typesupport_fastrtps_c.h
[2.897s] -- Up-to-date symlink: /home/armando30/robotsprj/install/ur_dashboard_msgs/include/ur_dashboard_msgs/ur_dashboard_msgs/srv/detail/get_safety_mode__rosidl_typesupport_fastrtps_c.h
[2.897s] -- Up-to-date symlink: /home/armando30/robotsprj/install/ur_dashboard_msgs/include/ur_dashboard_msgs/ur_dashboard_msgs/srv/detail/is_in_remote_control__rosidl_typesupport_fastrtps_c.h
[2.899s] -- Up-to-date symlink: /home/armando30/robotsprj/install/ur_dashboard_msgs/include/ur_dashboard_msgs/ur_dashboard_msgs/srv/detail/is_program_running__rosidl_typesupport_fastrtps_c.h
[2.903s] -- Up-to-date symlink: /home/armando30/robotsprj/install/ur_dashboard_msgs/include/ur_dashboard_msgs/ur_dashboard_msgs/srv/detail/is_program_saved__rosidl_typesupport_fastrtps_c.h
[2.915s] -- Up-to-date symlink: /home/armando30/robotsprj/install/ur_dashboard_msgs/include/ur_dashboard_msgs/ur_dashboard_msgs/srv/detail/load__rosidl_typesupport_fastrtps_c.h
[2.917s] -- Up-to-date symlink: /home/armando30/robotsprj/install/ur_dashboard_msgs/include/ur_dashboard_msgs/ur_dashboard_msgs/srv/detail/popup__rosidl_typesupport_fastrtps_c.h
[2.917s] -- Up-to-date symlink: /home/armando30/robotsprj/install/ur_dashboard_msgs/include/ur_dashboard_msgs/ur_dashboard_msgs/srv/detail/raw_request__rosidl_typesupport_fastrtps_c.h
[2.921s] -- Up-to-date symlink: /home/armando30/robotsprj/install/ur_dashboard_msgs/include/ur_dashboard_msgs/ur_dashboard_msgs/action/detail/set_mode__rosidl_typesupport_introspection_c.h
[2.922s] -- Up-to-date symlink: /home/armando30/robotsprj/install/ur_dashboard_msgs/include/ur_dashboard_msgs/ur_dashboard_msgs/msg/detail/program_state__rosidl_typesupport_introspection_c.h
[2.922s] -- Up-to-date symlink: /home/armando30/robotsprj/install/ur_dashboard_msgs/include/ur_dashboard_msgs/ur_dashboard_msgs/msg/detail/robot_mode__rosidl_typesupport_introspection_c.h
[2.923s] -- Up-to-date symlink: /home/armando30/robotsprj/install/ur_dashboard_msgs/include/ur_dashboard_msgs/ur_dashboard_msgs/msg/detail/safety_mode__rosidl_typesupport_introspection_c.h
[2.927s] -- Up-to-date symlink: /home/armando30/robotsprj/install/ur_dashboard_msgs/include/ur_dashboard_msgs/ur_dashboard_msgs/msg/rosidl_typesupport_introspection_c__visibility_control.h
[2.944s] -- Up-to-date symlink: /home/armando30/robotsprj/install/ur_dashboard_msgs/include/ur_dashboard_msgs/ur_dashboard_msgs/srv/detail/add_to_log__rosidl_typesupport_introspection_c.h
[2.949s] -- Up-to-date symlink: /home/armando30/robotsprj/install/ur_dashboard_msgs/include/ur_dashboard_msgs/ur_dashboard_msgs/srv/detail/get_loaded_program__rosidl_typesupport_introspection_c.h
[2.952s] -- Up-to-date symlink: /home/armando30/robotsprj/install/ur_dashboard_msgs/include/ur_dashboard_msgs/ur_dashboard_msgs/srv/detail/get_program_state__rosidl_typesupport_introspection_c.h
[2.953s] -- Up-to-date symlink: /home/armando30/robotsprj/install/ur_dashboard_msgs/include/ur_dashboard_msgs/ur_dashboard_msgs/srv/detail/get_robot_mode__rosidl_typesupport_introspection_c.h
[2.960s] -- Up-to-date symlink: /home/armando30/robotsprj/install/ur_dashboard_msgs/include/ur_dashboard_msgs/ur_dashboard_msgs/srv/detail/get_safety_mode__rosidl_typesupport_introspection_c.h
[2.962s] -- Up-to-date symlink: /home/armando30/robotsprj/install/ur_dashboard_msgs/include/ur_dashboard_msgs/ur_dashboard_msgs/srv/detail/is_in_remote_control__rosidl_typesupport_introspection_c.h
[2.963s] -- Up-to-date symlink: /home/armando30/robotsprj/install/ur_dashboard_msgs/include/ur_dashboard_msgs/ur_dashboard_msgs/srv/detail/is_program_running__rosidl_typesupport_introspection_c.h
[2.967s] -- Up-to-date symlink: /home/armando30/robotsprj/install/ur_dashboard_msgs/include/ur_dashboard_msgs/ur_dashboard_msgs/srv/detail/is_program_saved__rosidl_typesupport_introspection_c.h
[2.972s] -- Up-to-date symlink: /home/armando30/robotsprj/install/ur_dashboard_msgs/include/ur_dashboard_msgs/ur_dashboard_msgs/srv/detail/load__rosidl_typesupport_introspection_c.h
[2.973s] -- Up-to-date symlink: /home/armando30/robotsprj/install/ur_dashboard_msgs/include/ur_dashboard_msgs/ur_dashboard_msgs/srv/detail/popup__rosidl_typesupport_introspection_c.h
[2.974s] -- Up-to-date symlink: /home/armando30/robotsprj/install/ur_dashboard_msgs/include/ur_dashboard_msgs/ur_dashboard_msgs/srv/detail/raw_request__rosidl_typesupport_introspection_c.h
[2.979s] -- Up-to-date symlink: /home/armando30/robotsprj/install/ur_dashboard_msgs/include/ur_dashboard_msgs/ur_dashboard_msgs/action/detail/set_mode__builder.hpp
[2.985s] -- Up-to-date symlink: /home/armando30/robotsprj/install/ur_dashboard_msgs/include/ur_dashboard_msgs/ur_dashboard_msgs/action/detail/set_mode__struct.hpp
[2.986s] -- Up-to-date symlink: /home/armando30/robotsprj/install/ur_dashboard_msgs/include/ur_dashboard_msgs/ur_dashboard_msgs/action/detail/set_mode__traits.hpp
[2.991s] -- Up-to-date symlink: /home/armando30/robotsprj/install/ur_dashboard_msgs/include/ur_dashboard_msgs/ur_dashboard_msgs/action/detail/set_mode__type_support.hpp
[3.004s] -- Up-to-date symlink: /home/armando30/robotsprj/install/ur_dashboard_msgs/include/ur_dashboard_msgs/ur_dashboard_msgs/action/set_mode.hpp
[3.004s] -- Up-to-date symlink: /home/armando30/robotsprj/install/ur_dashboard_msgs/include/ur_dashboard_msgs/ur_dashboard_msgs/msg/detail/program_state__builder.hpp
[3.005s] -- Up-to-date symlink: /home/armando30/robotsprj/install/ur_dashboard_msgs/include/ur_dashboard_msgs/ur_dashboard_msgs/msg/detail/program_state__struct.hpp
[3.006s] -- Up-to-date symlink: /home/armando30/robotsprj/install/ur_dashboard_msgs/include/ur_dashboard_msgs/ur_dashboard_msgs/msg/detail/program_state__traits.hpp
[3.007s] -- Up-to-date symlink: /home/armando30/robotsprj/install/ur_dashboard_msgs/include/ur_dashboard_msgs/ur_dashboard_msgs/msg/detail/program_state__type_support.hpp
[3.011s] -- Up-to-date symlink: /home/armando30/robotsprj/install/ur_dashboard_msgs/include/ur_dashboard_msgs/ur_dashboard_msgs/msg/detail/robot_mode__builder.hpp
[3.016s] -- Up-to-date symlink: /home/armando30/robotsprj/install/ur_dashboard_msgs/include/ur_dashboard_msgs/ur_dashboard_msgs/msg/detail/robot_mode__struct.hpp
[3.016s] -- Up-to-date symlink: /home/armando30/robotsprj/install/ur_dashboard_msgs/include/ur_dashboard_msgs/ur_dashboard_msgs/msg/detail/robot_mode__traits.hpp
[3.020s] -- Up-to-date symlink: /home/armando30/robotsprj/install/ur_dashboard_msgs/include/ur_dashboard_msgs/ur_dashboard_msgs/msg/detail/robot_mode__type_support.hpp
[3.021s] -- Up-to-date symlink: /home/armando30/robotsprj/install/ur_dashboard_msgs/include/ur_dashboard_msgs/ur_dashboard_msgs/msg/detail/safety_mode__builder.hpp
[3.023s] -- Up-to-date symlink: /home/armando30/robotsprj/install/ur_dashboard_msgs/include/ur_dashboard_msgs/ur_dashboard_msgs/msg/detail/safety_mode__struct.hpp
[3.024s] -- Up-to-date symlink: /home/armando30/robotsprj/install/ur_dashboard_msgs/include/ur_dashboard_msgs/ur_dashboard_msgs/msg/detail/safety_mode__traits.hpp
[3.026s] -- Up-to-date symlink: /home/armando30/robotsprj/install/ur_dashboard_msgs/include/ur_dashboard_msgs/ur_dashboard_msgs/msg/detail/safety_mode__type_support.hpp
[3.028s] -- Up-to-date symlink: /home/armando30/robotsprj/install/ur_dashboard_msgs/include/ur_dashboard_msgs/ur_dashboard_msgs/msg/program_state.hpp
[3.029s] -- Up-to-date symlink: /home/armando30/robotsprj/install/ur_dashboard_msgs/include/ur_dashboard_msgs/ur_dashboard_msgs/msg/robot_mode.hpp
[3.030s] -- Up-to-date symlink: /home/armando30/robotsprj/install/ur_dashboard_msgs/include/ur_dashboard_msgs/ur_dashboard_msgs/msg/rosidl_generator_cpp__visibility_control.hpp
[3.031s] -- Up-to-date symlink: /home/armando30/robotsprj/install/ur_dashboard_msgs/include/ur_dashboard_msgs/ur_dashboard_msgs/msg/safety_mode.hpp
[3.032s] -- Up-to-date symlink: /home/armando30/robotsprj/install/ur_dashboard_msgs/include/ur_dashboard_msgs/ur_dashboard_msgs/srv/add_to_log.hpp
[3.052s] -- Up-to-date symlink: /home/armando30/robotsprj/install/ur_dashboard_msgs/include/ur_dashboard_msgs/ur_dashboard_msgs/srv/detail/add_to_log__builder.hpp
[3.053s] -- Up-to-date symlink: /home/armando30/robotsprj/install/ur_dashboard_msgs/include/ur_dashboard_msgs/ur_dashboard_msgs/srv/detail/add_to_log__struct.hpp
[3.056s] -- Up-to-date symlink: /home/armando30/robotsprj/install/ur_dashboard_msgs/include/ur_dashboard_msgs/ur_dashboard_msgs/srv/detail/add_to_log__traits.hpp
[3.056s] -- Up-to-date symlink: /home/armando30/robotsprj/install/ur_dashboard_msgs/include/ur_dashboard_msgs/ur_dashboard_msgs/srv/detail/add_to_log__type_support.hpp
[3.058s] -- Up-to-date symlink: /home/armando30/robotsprj/install/ur_dashboard_msgs/include/ur_dashboard_msgs/ur_dashboard_msgs/srv/detail/get_loaded_program__builder.hpp
[3.061s] -- Up-to-date symlink: /home/armando30/robotsprj/install/ur_dashboard_msgs/include/ur_dashboard_msgs/ur_dashboard_msgs/srv/detail/get_loaded_program__struct.hpp
[3.062s] -- Up-to-date symlink: /home/armando30/robotsprj/install/ur_dashboard_msgs/include/ur_dashboard_msgs/ur_dashboard_msgs/srv/detail/get_loaded_program__traits.hpp
[3.064s] -- Up-to-date symlink: /home/armando30/robotsprj/install/ur_dashboard_msgs/include/ur_dashboard_msgs/ur_dashboard_msgs/srv/detail/get_loaded_program__type_support.hpp
[3.071s] -- Up-to-date symlink: /home/armando30/robotsprj/install/ur_dashboard_msgs/include/ur_dashboard_msgs/ur_dashboard_msgs/srv/detail/get_program_state__builder.hpp
[3.074s] -- Up-to-date symlink: /home/armando30/robotsprj/install/ur_dashboard_msgs/include/ur_dashboard_msgs/ur_dashboard_msgs/srv/detail/get_program_state__struct.hpp
[3.074s] -- Up-to-date symlink: /home/armando30/robotsprj/install/ur_dashboard_msgs/include/ur_dashboard_msgs/ur_dashboard_msgs/srv/detail/get_program_state__traits.hpp
[3.076s] -- Up-to-date symlink: /home/armando30/robotsprj/install/ur_dashboard_msgs/include/ur_dashboard_msgs/ur_dashboard_msgs/srv/detail/get_program_state__type_support.hpp
[3.077s] -- Up-to-date symlink: /home/armando30/robotsprj/install/ur_dashboard_msgs/include/ur_dashboard_msgs/ur_dashboard_msgs/srv/detail/get_robot_mode__builder.hpp
[3.078s] -- Up-to-date symlink: /home/armando30/robotsprj/install/ur_dashboard_msgs/include/ur_dashboard_msgs/ur_dashboard_msgs/srv/detail/get_robot_mode__struct.hpp
[3.080s] -- Up-to-date symlink: /home/armando30/robotsprj/install/ur_dashboard_msgs/include/ur_dashboard_msgs/ur_dashboard_msgs/srv/detail/get_robot_mode__traits.hpp
[3.088s] -- Up-to-date symlink: /home/armando30/robotsprj/install/ur_dashboard_msgs/include/ur_dashboard_msgs/ur_dashboard_msgs/srv/detail/get_robot_mode__type_support.hpp
[3.090s] -- Up-to-date symlink: /home/armando30/robotsprj/install/ur_dashboard_msgs/include/ur_dashboard_msgs/ur_dashboard_msgs/srv/detail/get_safety_mode__builder.hpp
[3.091s] -- Up-to-date symlink: /home/armando30/robotsprj/install/ur_dashboard_msgs/include/ur_dashboard_msgs/ur_dashboard_msgs/srv/detail/get_safety_mode__struct.hpp
[3.096s] -- Up-to-date symlink: /home/armando30/robotsprj/install/ur_dashboard_msgs/include/ur_dashboard_msgs/ur_dashboard_msgs/srv/detail/get_safety_mode__traits.hpp
[3.097s] -- Up-to-date symlink: /home/armando30/robotsprj/install/ur_dashboard_msgs/include/ur_dashboard_msgs/ur_dashboard_msgs/srv/detail/get_safety_mode__type_support.hpp
[3.098s] -- Up-to-date symlink: /home/armando30/robotsprj/install/ur_dashboard_msgs/include/ur_dashboard_msgs/ur_dashboard_msgs/srv/detail/is_in_remote_control__builder.hpp
[3.100s] -- Up-to-date symlink: /home/armando30/robotsprj/install/ur_dashboard_msgs/include/ur_dashboard_msgs/ur_dashboard_msgs/srv/detail/is_in_remote_control__struct.hpp
[3.101s] -- Up-to-date symlink: /home/armando30/robotsprj/install/ur_dashboard_msgs/include/ur_dashboard_msgs/ur_dashboard_msgs/srv/detail/is_in_remote_control__traits.hpp
[3.101s] -- Up-to-date symlink: /home/armando30/robotsprj/install/ur_dashboard_msgs/include/ur_dashboard_msgs/ur_dashboard_msgs/srv/detail/is_in_remote_control__type_support.hpp
[3.102s] -- Up-to-date symlink: /home/armando30/robotsprj/install/ur_dashboard_msgs/include/ur_dashboard_msgs/ur_dashboard_msgs/srv/detail/is_program_running__builder.hpp
[3.103s] -- Up-to-date symlink: /home/armando30/robotsprj/install/ur_dashboard_msgs/include/ur_dashboard_msgs/ur_dashboard_msgs/srv/detail/is_program_running__struct.hpp
[3.104s] -- Up-to-date symlink: /home/armando30/robotsprj/install/ur_dashboard_msgs/include/ur_dashboard_msgs/ur_dashboard_msgs/srv/detail/is_program_running__traits.hpp
[3.105s] -- Up-to-date symlink: /home/armando30/robotsprj/install/ur_dashboard_msgs/include/ur_dashboard_msgs/ur_dashboard_msgs/srv/detail/is_program_running__type_support.hpp
[3.105s] -- Up-to-date symlink: /home/armando30/robotsprj/install/ur_dashboard_msgs/include/ur_dashboard_msgs/ur_dashboard_msgs/srv/detail/is_program_saved__builder.hpp
[3.106s] -- Up-to-date symlink: /home/armando30/robotsprj/install/ur_dashboard_msgs/include/ur_dashboard_msgs/ur_dashboard_msgs/srv/detail/is_program_saved__struct.hpp
[3.107s] -- Up-to-date symlink: /home/armando30/robotsprj/install/ur_dashboard_msgs/include/ur_dashboard_msgs/ur_dashboard_msgs/srv/detail/is_program_saved__traits.hpp
[3.109s] -- Up-to-date symlink: /home/armando30/robotsprj/install/ur_dashboard_msgs/include/ur_dashboard_msgs/ur_dashboard_msgs/srv/detail/is_program_saved__type_support.hpp
[3.109s] -- Up-to-date symlink: /home/armando30/robotsprj/install/ur_dashboard_msgs/include/ur_dashboard_msgs/ur_dashboard_msgs/srv/detail/load__builder.hpp
[3.110s] -- Up-to-date symlink: /home/armando30/robotsprj/install/ur_dashboard_msgs/include/ur_dashboard_msgs/ur_dashboard_msgs/srv/detail/load__struct.hpp
[3.110s] -- Up-to-date symlink: /home/armando30/robotsprj/install/ur_dashboard_msgs/include/ur_dashboard_msgs/ur_dashboard_msgs/srv/detail/load__traits.hpp
[3.111s] -- Up-to-date symlink: /home/armando30/robotsprj/install/ur_dashboard_msgs/include/ur_dashboard_msgs/ur_dashboard_msgs/srv/detail/load__type_support.hpp
[3.111s] -- Up-to-date symlink: /home/armando30/robotsprj/install/ur_dashboard_msgs/include/ur_dashboard_msgs/ur_dashboard_msgs/srv/detail/popup__builder.hpp
[3.114s] -- Up-to-date symlink: /home/armando30/robotsprj/install/ur_dashboard_msgs/include/ur_dashboard_msgs/ur_dashboard_msgs/srv/detail/popup__struct.hpp
[3.115s] -- Up-to-date symlink: /home/armando30/robotsprj/install/ur_dashboard_msgs/include/ur_dashboard_msgs/ur_dashboard_msgs/srv/detail/popup__traits.hpp
[3.116s] -- Up-to-date symlink: /home/armando30/robotsprj/install/ur_dashboard_msgs/include/ur_dashboard_msgs/ur_dashboard_msgs/srv/detail/popup__type_support.hpp
[3.116s] -- Up-to-date symlink: /home/armando30/robotsprj/install/ur_dashboard_msgs/include/ur_dashboard_msgs/ur_dashboard_msgs/srv/detail/raw_request__builder.hpp
[3.117s] -- Up-to-date symlink: /home/armando30/robotsprj/install/ur_dashboard_msgs/include/ur_dashboard_msgs/ur_dashboard_msgs/srv/detail/raw_request__struct.hpp
[3.117s] -- Up-to-date symlink: /home/armando30/robotsprj/install/ur_dashboard_msgs/include/ur_dashboard_msgs/ur_dashboard_msgs/srv/detail/raw_request__traits.hpp
[3.118s] -- Up-to-date symlink: /home/armando30/robotsprj/install/ur_dashboard_msgs/include/ur_dashboard_msgs/ur_dashboard_msgs/srv/detail/raw_request__type_support.hpp
[3.118s] -- Up-to-date symlink: /home/armando30/robotsprj/install/ur_dashboard_msgs/include/ur_dashboard_msgs/ur_dashboard_msgs/srv/get_loaded_program.hpp
[3.119s] -- Up-to-date symlink: /home/armando30/robotsprj/install/ur_dashboard_msgs/include/ur_dashboard_msgs/ur_dashboard_msgs/srv/get_program_state.hpp
[3.119s] -- Up-to-date symlink: /home/armando30/robotsprj/install/ur_dashboard_msgs/include/ur_dashboard_msgs/ur_dashboard_msgs/srv/get_robot_mode.hpp
[3.120s] -- Up-to-date symlink: /home/armando30/robotsprj/install/ur_dashboard_msgs/include/ur_dashboard_msgs/ur_dashboard_msgs/srv/get_safety_mode.hpp
[3.120s] -- Up-to-date symlink: /home/armando30/robotsprj/install/ur_dashboard_msgs/include/ur_dashboard_msgs/ur_dashboard_msgs/srv/is_in_remote_control.hpp
[3.121s] -- Up-to-date symlink: /home/armando30/robotsprj/install/ur_dashboard_msgs/include/ur_dashboard_msgs/ur_dashboard_msgs/srv/is_program_running.hpp
[3.121s] -- Up-to-date symlink: /home/armando30/robotsprj/install/ur_dashboard_msgs/include/ur_dashboard_msgs/ur_dashboard_msgs/srv/is_program_saved.hpp
[3.122s] -- Up-to-date symlink: /home/armando30/robotsprj/install/ur_dashboard_msgs/include/ur_dashboard_msgs/ur_dashboard_msgs/srv/load.hpp
[3.122s] -- Up-to-date symlink: /home/armando30/robotsprj/install/ur_dashboard_msgs/include/ur_dashboard_msgs/ur_dashboard_msgs/srv/popup.hpp
[3.123s] -- Up-to-date symlink: /home/armando30/robotsprj/install/ur_dashboard_msgs/include/ur_dashboard_msgs/ur_dashboard_msgs/srv/raw_request.hpp
[3.123s] -- Up-to-date symlink: /home/armando30/robotsprj/install/ur_dashboard_msgs/include/ur_dashboard_msgs/ur_dashboard_msgs/action/detail/set_mode__rosidl_typesupport_fastrtps_cpp.hpp
[3.124s] -- Up-to-date symlink: /home/armando30/robotsprj/install/ur_dashboard_msgs/include/ur_dashboard_msgs/ur_dashboard_msgs/msg/detail/program_state__rosidl_typesupport_fastrtps_cpp.hpp
[3.125s] -- Up-to-date symlink: /home/armando30/robotsprj/install/ur_dashboard_msgs/include/ur_dashboard_msgs/ur_dashboard_msgs/msg/detail/robot_mode__rosidl_typesupport_fastrtps_cpp.hpp
[3.125s] -- Up-to-date symlink: /home/armando30/robotsprj/install/ur_dashboard_msgs/include/ur_dashboard_msgs/ur_dashboard_msgs/msg/detail/safety_mode__rosidl_typesupport_fastrtps_cpp.hpp
[3.126s] -- Up-to-date symlink: /home/armando30/robotsprj/install/ur_dashboard_msgs/include/ur_dashboard_msgs/ur_dashboard_msgs/msg/rosidl_typesupport_fastrtps_cpp__visibility_control.h
[3.126s] -- Up-to-date symlink: /home/armando30/robotsprj/install/ur_dashboard_msgs/include/ur_dashboard_msgs/ur_dashboard_msgs/srv/detail/add_to_log__rosidl_typesupport_fastrtps_cpp.hpp
[3.127s] -- Up-to-date symlink: /home/armando30/robotsprj/install/ur_dashboard_msgs/include/ur_dashboard_msgs/ur_dashboard_msgs/srv/detail/get_loaded_program__rosidl_typesupport_fastrtps_cpp.hpp
[3.127s] -- Up-to-date symlink: /home/armando30/robotsprj/install/ur_dashboard_msgs/include/ur_dashboard_msgs/ur_dashboard_msgs/srv/detail/get_program_state__rosidl_typesupport_fastrtps_cpp.hpp
[3.128s] -- Up-to-date symlink: /home/armando30/robotsprj/install/ur_dashboard_msgs/include/ur_dashboard_msgs/ur_dashboard_msgs/srv/detail/get_robot_mode__rosidl_typesupport_fastrtps_cpp.hpp
[3.128s] -- Up-to-date symlink: /home/armando30/robotsprj/install/ur_dashboard_msgs/include/ur_dashboard_msgs/ur_dashboard_msgs/srv/detail/get_safety_mode__rosidl_typesupport_fastrtps_cpp.hpp
[3.129s] -- Up-to-date symlink: /home/armando30/robotsprj/install/ur_dashboard_msgs/include/ur_dashboard_msgs/ur_dashboard_msgs/srv/detail/is_in_remote_control__rosidl_typesupport_fastrtps_cpp.hpp
[3.130s] -- Up-to-date symlink: /home/armando30/robotsprj/install/ur_dashboard_msgs/include/ur_dashboard_msgs/ur_dashboard_msgs/srv/detail/is_program_running__rosidl_typesupport_fastrtps_cpp.hpp
[3.131s] -- Up-to-date symlink: /home/armando30/robotsprj/install/ur_dashboard_msgs/include/ur_dashboard_msgs/ur_dashboard_msgs/srv/detail/is_program_saved__rosidl_typesupport_fastrtps_cpp.hpp
[3.131s] -- Up-to-date symlink: /home/armando30/robotsprj/install/ur_dashboard_msgs/include/ur_dashboard_msgs/ur_dashboard_msgs/srv/detail/load__rosidl_typesupport_fastrtps_cpp.hpp
[3.132s] -- Up-to-date symlink: /home/armando30/robotsprj/install/ur_dashboard_msgs/include/ur_dashboard_msgs/ur_dashboard_msgs/srv/detail/popup__rosidl_typesupport_fastrtps_cpp.hpp
[3.132s] -- Up-to-date symlink: /home/armando30/robotsprj/install/ur_dashboard_msgs/include/ur_dashboard_msgs/ur_dashboard_msgs/srv/detail/raw_request__rosidl_typesupport_fastrtps_cpp.hpp
[3.133s] -- Up-to-date symlink: /home/armando30/robotsprj/install/ur_dashboard_msgs/include/ur_dashboard_msgs/ur_dashboard_msgs/action/detail/set_mode__rosidl_typesupport_introspection_cpp.hpp
[3.133s] -- Up-to-date symlink: /home/armando30/robotsprj/install/ur_dashboard_msgs/include/ur_dashboard_msgs/ur_dashboard_msgs/msg/detail/program_state__rosidl_typesupport_introspection_cpp.hpp
[3.134s] -- Up-to-date symlink: /home/armando30/robotsprj/install/ur_dashboard_msgs/include/ur_dashboard_msgs/ur_dashboard_msgs/msg/detail/robot_mode__rosidl_typesupport_introspection_cpp.hpp
[3.134s] -- Up-to-date symlink: /home/armando30/robotsprj/install/ur_dashboard_msgs/include/ur_dashboard_msgs/ur_dashboard_msgs/msg/detail/safety_mode__rosidl_typesupport_introspection_cpp.hpp
[3.135s] -- Up-to-date symlink: /home/armando30/robotsprj/install/ur_dashboard_msgs/include/ur_dashboard_msgs/ur_dashboard_msgs/srv/detail/add_to_log__rosidl_typesupport_introspection_cpp.hpp
[3.135s] -- Up-to-date symlink: /home/armando30/robotsprj/install/ur_dashboard_msgs/include/ur_dashboard_msgs/ur_dashboard_msgs/srv/detail/get_loaded_program__rosidl_typesupport_introspection_cpp.hpp
[3.136s] -- Up-to-date symlink: /home/armando30/robotsprj/install/ur_dashboard_msgs/include/ur_dashboard_msgs/ur_dashboard_msgs/srv/detail/get_program_state__rosidl_typesupport_introspection_cpp.hpp
[3.137s] -- Up-to-date symlink: /home/armando30/robotsprj/install/ur_dashboard_msgs/include/ur_dashboard_msgs/ur_dashboard_msgs/srv/detail/get_robot_mode__rosidl_typesupport_introspection_cpp.hpp
[3.137s] -- Up-to-date symlink: /home/armando30/robotsprj/install/ur_dashboard_msgs/include/ur_dashboard_msgs/ur_dashboard_msgs/srv/detail/get_safety_mode__rosidl_typesupport_introspection_cpp.hpp
[3.138s] -- Up-to-date symlink: /home/armando30/robotsprj/install/ur_dashboard_msgs/include/ur_dashboard_msgs/ur_dashboard_msgs/srv/detail/is_in_remote_control__rosidl_typesupport_introspection_cpp.hpp
[3.138s] -- Up-to-date symlink: /home/armando30/robotsprj/install/ur_dashboard_msgs/include/ur_dashboard_msgs/ur_dashboard_msgs/srv/detail/is_program_running__rosidl_typesupport_introspection_cpp.hpp
[3.139s] -- Up-to-date symlink: /home/armando30/robotsprj/install/ur_dashboard_msgs/include/ur_dashboard_msgs/ur_dashboard_msgs/srv/detail/is_program_saved__rosidl_typesupport_introspection_cpp.hpp
[3.139s] -- Up-to-date symlink: /home/armando30/robotsprj/install/ur_dashboard_msgs/include/ur_dashboard_msgs/ur_dashboard_msgs/srv/detail/load__rosidl_typesupport_introspection_cpp.hpp
[3.140s] -- Up-to-date symlink: /home/armando30/robotsprj/install/ur_dashboard_msgs/include/ur_dashboard_msgs/ur_dashboard_msgs/srv/detail/popup__rosidl_typesupport_introspection_cpp.hpp
[3.142s] -- Up-to-date symlink: /home/armando30/robotsprj/install/ur_dashboard_msgs/include/ur_dashboard_msgs/ur_dashboard_msgs/srv/detail/raw_request__rosidl_typesupport_introspection_cpp.hpp
[3.142s] -- Up-to-date symlink: /home/armando30/robotsprj/install/ur_dashboard_msgs/share/ur_dashboard_msgs/environment/pythonpath.sh
[3.145s] -- Up-to-date symlink: /home/armando30/robotsprj/install/ur_dashboard_msgs/share/ur_dashboard_msgs/environment/pythonpath.dsv
[3.147s] -- Up-to-date symlink: /home/armando30/robotsprj/install/ur_dashboard_msgs/local/lib/python3.10/dist-packages/ur_dashboard_msgs-2.8.1-py3.10.egg-info/PKG-INFO
[3.150s] -- Up-to-date symlink: /home/armando30/robotsprj/install/ur_dashboard_msgs/local/lib/python3.10/dist-packages/ur_dashboard_msgs-2.8.1-py3.10.egg-info/SOURCES.txt
[3.151s] -- Up-to-date symlink: /home/armando30/robotsprj/install/ur_dashboard_msgs/local/lib/python3.10/dist-packages/ur_dashboard_msgs-2.8.1-py3.10.egg-info/dependency_links.txt
[3.152s] -- Up-to-date symlink: /home/armando30/robotsprj/install/ur_dashboard_msgs/local/lib/python3.10/dist-packages/ur_dashboard_msgs-2.8.1-py3.10.egg-info/top_level.txt
[3.160s] -- Up-to-date symlink: /home/armando30/robotsprj/install/ur_dashboard_msgs/local/lib/python3.10/dist-packages/ur_dashboard_msgs/__init__.py
[3.166s] -- Up-to-date symlink: /home/armando30/robotsprj/install/ur_dashboard_msgs/local/lib/python3.10/dist-packages/ur_dashboard_msgs/_ur_dashboard_msgs_s.ep.rosidl_typesupport_c.c
[3.169s] -- Up-to-date symlink: /home/armando30/robotsprj/install/ur_dashboard_msgs/local/lib/python3.10/dist-packages/ur_dashboard_msgs/_ur_dashboard_msgs_s.ep.rosidl_typesupport_fastrtps_c.c
[3.172s] -- Up-to-date symlink: /home/armando30/robotsprj/install/ur_dashboard_msgs/local/lib/python3.10/dist-packages/ur_dashboard_msgs/_ur_dashboard_msgs_s.ep.rosidl_typesupport_introspection_c.c
[3.173s] -- Up-to-date symlink: /home/armando30/robotsprj/install/ur_dashboard_msgs/local/lib/python3.10/dist-packages/ur_dashboard_msgs/action/__init__.py
[3.178s] -- Up-to-date symlink: /home/armando30/robotsprj/install/ur_dashboard_msgs/local/lib/python3.10/dist-packages/ur_dashboard_msgs/action/_set_mode.py
[3.181s] -- Up-to-date symlink: /home/armando30/robotsprj/install/ur_dashboard_msgs/local/lib/python3.10/dist-packages/ur_dashboard_msgs/action/_set_mode_s.c
[3.182s] -- Up-to-date symlink: /home/armando30/robotsprj/install/ur_dashboard_msgs/local/lib/python3.10/dist-packages/ur_dashboard_msgs/libur_dashboard_msgs__rosidl_generator_py.so
[3.183s] -- Up-to-date symlink: /home/armando30/robotsprj/install/ur_dashboard_msgs/local/lib/python3.10/dist-packages/ur_dashboard_msgs/msg/__init__.py
[3.185s] -- Up-to-date symlink: /home/armando30/robotsprj/install/ur_dashboard_msgs/local/lib/python3.10/dist-packages/ur_dashboard_msgs/msg/_program_state.py
[3.186s] -- Up-to-date symlink: /home/armando30/robotsprj/install/ur_dashboard_msgs/local/lib/python3.10/dist-packages/ur_dashboard_msgs/msg/_program_state_s.c
[3.186s] -- Up-to-date symlink: /home/armando30/robotsprj/install/ur_dashboard_msgs/local/lib/python3.10/dist-packages/ur_dashboard_msgs/msg/_robot_mode.py
[3.187s] -- Up-to-date symlink: /home/armando30/robotsprj/install/ur_dashboard_msgs/local/lib/python3.10/dist-packages/ur_dashboard_msgs/msg/_robot_mode_s.c
[3.187s] -- Up-to-date symlink: /home/armando30/robotsprj/install/ur_dashboard_msgs/local/lib/python3.10/dist-packages/ur_dashboard_msgs/msg/_safety_mode.py
[3.191s] -- Up-to-date symlink: /home/armando30/robotsprj/install/ur_dashboard_msgs/local/lib/python3.10/dist-packages/ur_dashboard_msgs/msg/_safety_mode_s.c
[3.198s] -- Up-to-date symlink: /home/armando30/robotsprj/install/ur_dashboard_msgs/local/lib/python3.10/dist-packages/ur_dashboard_msgs/srv/__init__.py
[3.199s] -- Up-to-date symlink: /home/armando30/robotsprj/install/ur_dashboard_msgs/local/lib/python3.10/dist-packages/ur_dashboard_msgs/srv/_add_to_log.py
[3.205s] -- Up-to-date symlink: /home/armando30/robotsprj/install/ur_dashboard_msgs/local/lib/python3.10/dist-packages/ur_dashboard_msgs/srv/_add_to_log_s.c
[3.205s] -- Up-to-date symlink: /home/armando30/robotsprj/install/ur_dashboard_msgs/local/lib/python3.10/dist-packages/ur_dashboard_msgs/srv/_get_loaded_program.py
[3.206s] -- Up-to-date symlink: /home/armando30/robotsprj/install/ur_dashboard_msgs/local/lib/python3.10/dist-packages/ur_dashboard_msgs/srv/_get_loaded_program_s.c
[3.206s] -- Up-to-date symlink: /home/armando30/robotsprj/install/ur_dashboard_msgs/local/lib/python3.10/dist-packages/ur_dashboard_msgs/srv/_get_program_state.py
[3.207s] -- Up-to-date symlink: /home/armando30/robotsprj/install/ur_dashboard_msgs/local/lib/python3.10/dist-packages/ur_dashboard_msgs/srv/_get_program_state_s.c
[3.207s] -- Up-to-date symlink: /home/armando30/robotsprj/install/ur_dashboard_msgs/local/lib/python3.10/dist-packages/ur_dashboard_msgs/srv/_get_robot_mode.py
[3.208s] -- Up-to-date symlink: /home/armando30/robotsprj/install/ur_dashboard_msgs/local/lib/python3.10/dist-packages/ur_dashboard_msgs/srv/_get_robot_mode_s.c
[3.208s] -- Up-to-date symlink: /home/armando30/robotsprj/install/ur_dashboard_msgs/local/lib/python3.10/dist-packages/ur_dashboard_msgs/srv/_get_safety_mode.py
[3.215s] -- Up-to-date symlink: /home/armando30/robotsprj/install/ur_dashboard_msgs/local/lib/python3.10/dist-packages/ur_dashboard_msgs/srv/_get_safety_mode_s.c
[3.217s] -- Up-to-date symlink: /home/armando30/robotsprj/install/ur_dashboard_msgs/local/lib/python3.10/dist-packages/ur_dashboard_msgs/srv/_is_in_remote_control.py
[3.218s] -- Up-to-date symlink: /home/armando30/robotsprj/install/ur_dashboard_msgs/local/lib/python3.10/dist-packages/ur_dashboard_msgs/srv/_is_in_remote_control_s.c
[3.219s] -- Up-to-date symlink: /home/armando30/robotsprj/install/ur_dashboard_msgs/local/lib/python3.10/dist-packages/ur_dashboard_msgs/srv/_is_program_running.py
[3.219s] -- Up-to-date symlink: /home/armando30/robotsprj/install/ur_dashboard_msgs/local/lib/python3.10/dist-packages/ur_dashboard_msgs/srv/_is_program_running_s.c
[3.220s] -- Up-to-date symlink: /home/armando30/robotsprj/install/ur_dashboard_msgs/local/lib/python3.10/dist-packages/ur_dashboard_msgs/srv/_is_program_saved.py
[3.220s] -- Up-to-date symlink: /home/armando30/robotsprj/install/ur_dashboard_msgs/local/lib/python3.10/dist-packages/ur_dashboard_msgs/srv/_is_program_saved_s.c
[3.221s] -- Up-to-date symlink: /home/armando30/robotsprj/install/ur_dashboard_msgs/local/lib/python3.10/dist-packages/ur_dashboard_msgs/srv/_load.py
[3.221s] -- Up-to-date symlink: /home/armando30/robotsprj/install/ur_dashboard_msgs/local/lib/python3.10/dist-packages/ur_dashboard_msgs/srv/_load_s.c
[3.226s] -- Up-to-date symlink: /home/armando30/robotsprj/install/ur_dashboard_msgs/local/lib/python3.10/dist-packages/ur_dashboard_msgs/srv/_popup.py
[3.226s] -- Up-to-date symlink: /home/armando30/robotsprj/install/ur_dashboard_msgs/local/lib/python3.10/dist-packages/ur_dashboard_msgs/srv/_popup_s.c
[3.227s] -- Up-to-date symlink: /home/armando30/robotsprj/install/ur_dashboard_msgs/local/lib/python3.10/dist-packages/ur_dashboard_msgs/srv/_raw_request.py
[3.227s] -- Up-to-date symlink: /home/armando30/robotsprj/install/ur_dashboard_msgs/local/lib/python3.10/dist-packages/ur_dashboard_msgs/srv/_raw_request_s.c
[3.232s] -- Up-to-date symlink: /home/armando30/robotsprj/install/ur_dashboard_msgs/local/lib/python3.10/dist-packages/ur_dashboard_msgs/ur_dashboard_msgs_s__rosidl_typesupport_c.cpython-310-x86_64-linux-gnu.so
[3.233s] -- Up-to-date symlink: /home/armando30/robotsprj/install/ur_dashboard_msgs/local/lib/python3.10/dist-packages/ur_dashboard_msgs/ur_dashboard_msgs_s__rosidl_typesupport_fastrtps_c.cpython-310-x86_64-linux-gnu.so
[3.234s] -- Up-to-date symlink: /home/armando30/robotsprj/install/ur_dashboard_msgs/local/lib/python3.10/dist-packages/ur_dashboard_msgs/ur_dashboard_msgs_s__rosidl_typesupport_introspection_c.cpython-310-x86_64-linux-gnu.so
[3.237s] -- Up-to-date symlink: /home/armando30/robotsprj/install/ur_dashboard_msgs/local/lib/python3.10/dist-packages/ur_dashboard_msgs/ur_dashboard_msgs_s__rosidl_typesupport_fastrtps_c.cpython-310-x86_64-linux-gnu.so
[3.238s] -- Up-to-date symlink: /home/armando30/robotsprj/install/ur_dashboard_msgs/local/lib/python3.10/dist-packages/ur_dashboard_msgs/ur_dashboard_msgs_s__rosidl_typesupport_introspection_c.cpython-310-x86_64-linux-gnu.so
[3.241s] -- Up-to-date symlink: /home/armando30/robotsprj/install/ur_dashboard_msgs/local/lib/python3.10/dist-packages/ur_dashboard_msgs/ur_dashboard_msgs_s__rosidl_typesupport_c.cpython-310-x86_64-linux-gnu.so
[3.242s] -- Up-to-date symlink: /home/armando30/robotsprj/install/ur_dashboard_msgs/share/ur_dashboard_msgs/msg/ProgramState.idl
[3.243s] -- Up-to-date symlink: /home/armando30/robotsprj/install/ur_dashboard_msgs/share/ur_dashboard_msgs/msg/RobotMode.idl
[3.243s] -- Up-to-date symlink: /home/armando30/robotsprj/install/ur_dashboard_msgs/share/ur_dashboard_msgs/msg/SafetyMode.idl
[3.244s] -- Up-to-date symlink: /home/armando30/robotsprj/install/ur_dashboard_msgs/share/ur_dashboard_msgs/srv/AddToLog.idl
[3.244s] -- Up-to-date symlink: /home/armando30/robotsprj/install/ur_dashboard_msgs/share/ur_dashboard_msgs/srv/GetLoadedProgram.idl
[3.246s] -- Up-to-date symlink: /home/armando30/robotsprj/install/ur_dashboard_msgs/share/ur_dashboard_msgs/srv/GetProgramState.idl
[3.246s] -- Up-to-date symlink: /home/armando30/robotsprj/install/ur_dashboard_msgs/share/ur_dashboard_msgs/srv/GetRobotMode.idl
[3.253s] -- Up-to-date symlink: /home/armando30/robotsprj/install/ur_dashboard_msgs/share/ur_dashboard_msgs/srv/GetSafetyMode.idl
[3.253s] -- Up-to-date symlink: /home/armando30/robotsprj/install/ur_dashboard_msgs/share/ur_dashboard_msgs/srv/IsProgramRunning.idl
[3.254s] -- Up-to-date symlink: /home/armando30/robotsprj/install/ur_dashboard_msgs/share/ur_dashboard_msgs/srv/IsProgramSaved.idl
[3.254s] -- Up-to-date symlink: /home/armando30/robotsprj/install/ur_dashboard_msgs/share/ur_dashboard_msgs/srv/Load.idl
[3.255s] -- Up-to-date symlink: /home/armando30/robotsprj/install/ur_dashboard_msgs/share/ur_dashboard_msgs/srv/Popup.idl
[3.255s] -- Up-to-date symlink: /home/armando30/robotsprj/install/ur_dashboard_msgs/share/ur_dashboard_msgs/srv/RawRequest.idl
[3.256s] -- Up-to-date symlink: /home/armando30/robotsprj/install/ur_dashboard_msgs/share/ur_dashboard_msgs/srv/IsInRemoteControl.idl
[3.261s] -- Up-to-date symlink: /home/armando30/robotsprj/install/ur_dashboard_msgs/share/ur_dashboard_msgs/action/SetMode.idl
[3.261s] -- Up-to-date symlink: /home/armando30/robotsprj/install/ur_dashboard_msgs/share/ur_dashboard_msgs/msg/ProgramState.msg
[3.262s] -- Up-to-date symlink: /home/armando30/robotsprj/install/ur_dashboard_msgs/share/ur_dashboard_msgs/msg/RobotMode.msg
[3.262s] -- Up-to-date symlink: /home/armando30/robotsprj/install/ur_dashboard_msgs/share/ur_dashboard_msgs/msg/SafetyMode.msg
[3.263s] -- Up-to-date symlink: /home/armando30/robotsprj/install/ur_dashboard_msgs/share/ur_dashboard_msgs/srv/AddToLog.srv
[3.263s] -- Up-to-date symlink: /home/armando30/robotsprj/install/ur_dashboard_msgs/share/ur_dashboard_msgs/srv/AddToLog_Request.msg
[3.264s] -- Up-to-date symlink: /home/armando30/robotsprj/install/ur_dashboard_msgs/share/ur_dashboard_msgs/srv/AddToLog_Response.msg
[3.269s] -- Up-to-date symlink: /home/armando30/robotsprj/install/ur_dashboard_msgs/share/ur_dashboard_msgs/srv/GetLoadedProgram.srv
[3.269s] -- Up-to-date symlink: /home/armando30/robotsprj/install/ur_dashboard_msgs/share/ur_dashboard_msgs/srv/GetLoadedProgram_Request.msg
[3.270s] -- Up-to-date symlink: /home/armando30/robotsprj/install/ur_dashboard_msgs/share/ur_dashboard_msgs/srv/GetLoadedProgram_Response.msg
[3.271s] -- Up-to-date symlink: /home/armando30/robotsprj/install/ur_dashboard_msgs/share/ur_dashboard_msgs/srv/GetProgramState.srv
[3.271s] -- Up-to-date symlink: /home/armando30/robotsprj/install/ur_dashboard_msgs/share/ur_dashboard_msgs/srv/GetProgramState_Request.msg
[3.272s] -- Up-to-date symlink: /home/armando30/robotsprj/install/ur_dashboard_msgs/share/ur_dashboard_msgs/srv/GetProgramState_Response.msg
[3.272s] -- Up-to-date symlink: /home/armando30/robotsprj/install/ur_dashboard_msgs/share/ur_dashboard_msgs/srv/GetRobotMode.srv
[3.278s] -- Up-to-date symlink: /home/armando30/robotsprj/install/ur_dashboard_msgs/share/ur_dashboard_msgs/srv/GetRobotMode_Request.msg
[3.279s] -- Up-to-date symlink: /home/armando30/robotsprj/install/ur_dashboard_msgs/share/ur_dashboard_msgs/srv/GetRobotMode_Response.msg
[3.284s] -- Up-to-date symlink: /home/armando30/robotsprj/install/ur_dashboard_msgs/share/ur_dashboard_msgs/srv/GetSafetyMode.srv
[3.289s] -- Up-to-date symlink: /home/armando30/robotsprj/install/ur_dashboard_msgs/share/ur_dashboard_msgs/srv/GetSafetyMode_Request.msg
[3.290s] -- Up-to-date symlink: /home/armando30/robotsprj/install/ur_dashboard_msgs/share/ur_dashboard_msgs/srv/GetSafetyMode_Response.msg
[3.291s] -- Up-to-date symlink: /home/armando30/robotsprj/install/ur_dashboard_msgs/share/ur_dashboard_msgs/srv/IsProgramRunning.srv
[3.291s] -- Up-to-date symlink: /home/armando30/robotsprj/install/ur_dashboard_msgs/share/ur_dashboard_msgs/srv/IsProgramRunning_Request.msg
[3.292s] -- Up-to-date symlink: /home/armando30/robotsprj/install/ur_dashboard_msgs/share/ur_dashboard_msgs/srv/IsProgramRunning_Response.msg
[3.292s] -- Up-to-date symlink: /home/armando30/robotsprj/install/ur_dashboard_msgs/share/ur_dashboard_msgs/srv/IsProgramSaved.srv
[3.293s] -- Up-to-date symlink: /home/armando30/robotsprj/install/ur_dashboard_msgs/share/ur_dashboard_msgs/srv/IsProgramSaved_Request.msg
[3.294s] -- Up-to-date symlink: /home/armando30/robotsprj/install/ur_dashboard_msgs/share/ur_dashboard_msgs/srv/IsProgramSaved_Response.msg
[3.295s] -- Up-to-date symlink: /home/armando30/robotsprj/install/ur_dashboard_msgs/share/ur_dashboard_msgs/srv/Load.srv
[3.297s] -- Up-to-date symlink: /home/armando30/robotsprj/install/ur_dashboard_msgs/share/ur_dashboard_msgs/srv/Load_Request.msg
[3.298s] -- Up-to-date symlink: /home/armando30/robotsprj/install/ur_dashboard_msgs/share/ur_dashboard_msgs/srv/Load_Response.msg
[3.300s] -- Up-to-date symlink: /home/armando30/robotsprj/install/ur_dashboard_msgs/share/ur_dashboard_msgs/srv/Popup.srv
[3.302s] -- Up-to-date symlink: /home/armando30/robotsprj/install/ur_dashboard_msgs/share/ur_dashboard_msgs/srv/Popup_Request.msg
[3.302s] -- Up-to-date symlink: /home/armando30/robotsprj/install/ur_dashboard_msgs/share/ur_dashboard_msgs/srv/Popup_Response.msg
[3.304s] -- Up-to-date symlink: /home/armando30/robotsprj/install/ur_dashboard_msgs/share/ur_dashboard_msgs/srv/RawRequest.srv
[3.304s] -- Up-to-date symlink: /home/armando30/robotsprj/install/ur_dashboard_msgs/share/ur_dashboard_msgs/srv/RawRequest_Request.msg
[3.306s] -- Up-to-date symlink: /home/armando30/robotsprj/install/ur_dashboard_msgs/share/ur_dashboard_msgs/srv/RawRequest_Response.msg
[3.308s] -- Up-to-date symlink: /home/armando30/robotsprj/install/ur_dashboard_msgs/share/ur_dashboard_msgs/srv/IsInRemoteControl.srv
[3.308s] -- Up-to-date symlink: /home/armando30/robotsprj/install/ur_dashboard_msgs/share/ur_dashboard_msgs/srv/IsInRemoteControl_Request.msg
[3.309s] -- Up-to-date symlink: /home/armando30/robotsprj/install/ur_dashboard_msgs/share/ur_dashboard_msgs/srv/IsInRemoteControl_Response.msg
[3.310s] -- Up-to-date symlink: /home/armando30/robotsprj/install/ur_dashboard_msgs/share/ur_dashboard_msgs/action/SetMode.action
[3.311s] -- Up-to-date symlink: /home/armando30/robotsprj/install/ur_dashboard_msgs/share/ament_index/resource_index/package_run_dependencies/ur_dashboard_msgs
[3.312s] -- Up-to-date symlink: /home/armando30/robotsprj/install/ur_dashboard_msgs/share/ament_index/resource_index/parent_prefix_path/ur_dashboard_msgs
[3.315s] -- Up-to-date symlink: /home/armando30/robotsprj/install/ur_dashboard_msgs/share/ur_dashboard_msgs/environment/ament_prefix_path.sh
[3.315s] -- Up-to-date symlink: /home/armando30/robotsprj/install/ur_dashboard_msgs/share/ur_dashboard_msgs/environment/ament_prefix_path.dsv
[3.317s] -- Up-to-date symlink: /home/armando30/robotsprj/install/ur_dashboard_msgs/share/ur_dashboard_msgs/environment/path.sh
[3.318s] -- Up-to-date symlink: /home/armando30/robotsprj/install/ur_dashboard_msgs/share/ur_dashboard_msgs/environment/path.dsv
[3.319s] -- Up-to-date symlink: /home/armando30/robotsprj/install/ur_dashboard_msgs/share/ur_dashboard_msgs/local_setup.bash
[3.321s] -- Up-to-date symlink: /home/armando30/robotsprj/install/ur_dashboard_msgs/share/ur_dashboard_msgs/local_setup.sh
[3.322s] -- Up-to-date symlink: /home/armando30/robotsprj/install/ur_dashboard_msgs/share/ur_dashboard_msgs/local_setup.zsh
[3.323s] -- Up-to-date symlink: /home/armando30/robotsprj/install/ur_dashboard_msgs/share/ur_dashboard_msgs/local_setup.dsv
[3.324s] -- Symlinking: /home/armando30/robotsprj/install/ur_dashboard_msgs/share/ur_dashboard_msgs/package.dsv
[3.325s] -- Up-to-date symlink: /home/armando30/robotsprj/install/ur_dashboard_msgs/share/ament_index/resource_index/packages/ur_dashboard_msgs
[3.326s] -- Up-to-date symlink: /home/armando30/robotsprj/install/ur_dashboard_msgs/share/ur_dashboard_msgs/cmake/rosidl_cmake-extras.cmake
[3.332s] -- Up-to-date symlink: /home/armando30/robotsprj/install/ur_dashboard_msgs/share/ur_dashboard_msgs/cmake/ament_cmake_export_dependencies-extras.cmake
[3.335s] -- Up-to-date symlink: /home/armando30/robotsprj/install/ur_dashboard_msgs/share/ur_dashboard_msgs/cmake/ament_cmake_export_include_directories-extras.cmake
[3.336s] -- Up-to-date symlink: /home/armando30/robotsprj/install/ur_dashboard_msgs/share/ur_dashboard_msgs/cmake/ament_cmake_export_libraries-extras.cmake
[3.337s] -- Up-to-date symlink: /home/armando30/robotsprj/install/ur_dashboard_msgs/share/ur_dashboard_msgs/cmake/ament_cmake_export_targets-extras.cmake
[3.340s] -- Up-to-date symlink: /home/armando30/robotsprj/install/ur_dashboard_msgs/share/ur_dashboard_msgs/cmake/rosidl_cmake_export_typesupport_targets-extras.cmake
[3.341s] -- Up-to-date symlink: /home/armando30/robotsprj/install/ur_dashboard_msgs/share/ur_dashboard_msgs/cmake/rosidl_cmake_export_typesupport_libraries-extras.cmake
[3.341s] -- Up-to-date symlink: /home/armando30/robotsprj/install/ur_dashboard_msgs/share/ur_dashboard_msgs/cmake/ur_dashboard_msgsConfig.cmake
[3.343s] -- Up-to-date symlink: /home/armando30/robotsprj/install/ur_dashboard_msgs/share/ur_dashboard_msgs/cmake/ur_dashboard_msgsConfig-version.cmake
[3.346s] -- Up-to-date symlink: /home/armando30/robotsprj/install/ur_dashboard_msgs/share/ur_dashboard_msgs/package.xml
[3.347s] -- Up-to-date: /home/armando30/robotsprj/install/ur_dashboard_msgs/lib/libur_dashboard_msgs__rosidl_generator_c.so
[3.348s] -- Up-to-date: /home/armando30/robotsprj/install/ur_dashboard_msgs/lib/libur_dashboard_msgs__rosidl_typesupport_fastrtps_c.so
[3.350s] -- Up-to-date: /home/armando30/robotsprj/install/ur_dashboard_msgs/lib/libur_dashboard_msgs__rosidl_typesupport_introspection_c.so
[3.351s] -- Up-to-date: /home/armando30/robotsprj/install/ur_dashboard_msgs/lib/libur_dashboard_msgs__rosidl_typesupport_c.so
[3.352s] -- Up-to-date: /home/armando30/robotsprj/install/ur_dashboard_msgs/lib/libur_dashboard_msgs__rosidl_typesupport_fastrtps_cpp.so
[3.354s] -- Up-to-date: /home/armando30/robotsprj/install/ur_dashboard_msgs/lib/libur_dashboard_msgs__rosidl_typesupport_introspection_cpp.so
[3.355s] -- Up-to-date: /home/armando30/robotsprj/install/ur_dashboard_msgs/lib/libur_dashboard_msgs__rosidl_typesupport_cpp.so
[3.502s] Listing '/home/armando30/robotsprj/install/ur_dashboard_msgs/local/lib/python3.10/dist-packages/ur_dashboard_msgs'...
[3.502s] Listing '/home/armando30/robotsprj/install/ur_dashboard_msgs/local/lib/python3.10/dist-packages/ur_dashboard_msgs/action'...
[3.503s] Listing '/home/armando30/robotsprj/install/ur_dashboard_msgs/local/lib/python3.10/dist-packages/ur_dashboard_msgs/msg'...
[3.503s] Listing '/home/armando30/robotsprj/install/ur_dashboard_msgs/local/lib/python3.10/dist-packages/ur_dashboard_msgs/srv'...
[3.503s] -- Up-to-date: /home/armando30/robotsprj/install/ur_dashboard_msgs/lib/libur_dashboard_msgs__rosidl_generator_py.so
[3.503s] -- Up-to-date: /home/armando30/robotsprj/install/ur_dashboard_msgs/share/ur_dashboard_msgs/cmake/export_ur_dashboard_msgs__rosidl_generator_cExport.cmake
[3.504s] -- Up-to-date: /home/armando30/robotsprj/install/ur_dashboard_msgs/share/ur_dashboard_msgs/cmake/export_ur_dashboard_msgs__rosidl_generator_cExport-noconfig.cmake
[3.504s] -- Up-to-date: /home/armando30/robotsprj/install/ur_dashboard_msgs/share/ur_dashboard_msgs/cmake/export_ur_dashboard_msgs__rosidl_typesupport_fastrtps_cExport.cmake
[3.505s] -- Up-to-date: /home/armando30/robotsprj/install/ur_dashboard_msgs/share/ur_dashboard_msgs/cmake/export_ur_dashboard_msgs__rosidl_typesupport_fastrtps_cExport-noconfig.cmake
[3.505s] -- Up-to-date: /home/armando30/robotsprj/install/ur_dashboard_msgs/share/ur_dashboard_msgs/cmake/ur_dashboard_msgs__rosidl_typesupport_introspection_cExport.cmake
[3.505s] -- Up-to-date: /home/armando30/robotsprj/install/ur_dashboard_msgs/share/ur_dashboard_msgs/cmake/ur_dashboard_msgs__rosidl_typesupport_introspection_cExport-noconfig.cmake
[3.505s] -- Up-to-date: /home/armando30/robotsprj/install/ur_dashboard_msgs/share/ur_dashboard_msgs/cmake/ur_dashboard_msgs__rosidl_typesupport_cExport.cmake
[3.506s] -- Up-to-date: /home/armando30/robotsprj/install/ur_dashboard_msgs/share/ur_dashboard_msgs/cmake/ur_dashboard_msgs__rosidl_typesupport_cExport-noconfig.cmake
[3.506s] -- Up-to-date: /home/armando30/robotsprj/install/ur_dashboard_msgs/share/ur_dashboard_msgs/cmake/export_ur_dashboard_msgs__rosidl_generator_cppExport.cmake
[3.506s] -- Up-to-date: /home/armando30/robotsprj/install/ur_dashboard_msgs/share/ur_dashboard_msgs/cmake/export_ur_dashboard_msgs__rosidl_typesupport_fastrtps_cppExport.cmake
[3.507s] -- Up-to-date: /home/armando30/robotsprj/install/ur_dashboard_msgs/share/ur_dashboard_msgs/cmake/export_ur_dashboard_msgs__rosidl_typesupport_fastrtps_cppExport-noconfig.cmake
[3.507s] -- Up-to-date: /home/armando30/robotsprj/install/ur_dashboard_msgs/share/ur_dashboard_msgs/cmake/ur_dashboard_msgs__rosidl_typesupport_introspection_cppExport.cmake
[3.508s] -- Up-to-date: /home/armando30/robotsprj/install/ur_dashboard_msgs/share/ur_dashboard_msgs/cmake/ur_dashboard_msgs__rosidl_typesupport_introspection_cppExport-noconfig.cmake
[3.508s] -- Up-to-date: /home/armando30/robotsprj/install/ur_dashboard_msgs/share/ur_dashboard_msgs/cmake/ur_dashboard_msgs__rosidl_typesupport_cppExport.cmake
[3.509s] -- Up-to-date: /home/armando30/robotsprj/install/ur_dashboard_msgs/share/ur_dashboard_msgs/cmake/ur_dashboard_msgs__rosidl_typesupport_cppExport-noconfig.cmake
[3.509s] -- Up-to-date: /home/armando30/robotsprj/install/ur_dashboard_msgs/share/ur_dashboard_msgs/cmake/export_ur_dashboard_msgs__rosidl_generator_pyExport.cmake
[3.509s] -- Up-to-date: /home/armando30/robotsprj/install/ur_dashboard_msgs/share/ur_dashboard_msgs/cmake/export_ur_dashboard_msgs__rosidl_generator_pyExport-noconfig.cmake
[3.532s] Invoked command in '/home/armando30/robotsprj/build/ur_dashboard_msgs' returned '0': CMAKE_PREFIX_PATH=${CMAKE_PREFIX_PATH}:/opt/ros/humble /usr/bin/cmake --install /home/armando30/robotsprj/build/ur_dashboard_msgs
