[0.034s] Invoking command in '/home/armando30/robotsprj/build/ur_controllers': CMAKE_PREFIX_PATH=/home/armando30/robotsprj/install/ur_dashboard_msgs:/home/armando30/robotsprj/install/ur:/home/armando30/robotsprj/install/ur_calibration:/home/armando30/robotsprj/install/ur_robot_driver:/home/armando30/robotsprj/install/ur_moveit_config:/home/armando30/robotsprj/install/ur_bringup:/home/armando30/robotsprj/install/ur_controllers:/home/armando30/robotsprj/install/ros2_linkattacher:/home/armando30/robotsprj/install/ros2_conveyorbelt:/home/armando30/robotsprj/install/linkattacher_msgs:/home/armando30/robotsprj/install/conveyorbelt_msgs:/home/armando30/robotsprj/install/conveyorbelt_gazebo:/opt/ros/humble LD_LIBRARY_PATH=/home/armando30/robotsprj/install/ur_dashboard_msgs/lib:/home/armando30/robotsprj/install/ur_robot_driver/lib:/home/armando30/robotsprj/install/ur_controllers/lib:/home/armando30/robotsprj/install/ros2_linkattacher/lib:/home/armando30/robotsprj/install/ros2_conveyorbelt/lib:/home/armando30/robotsprj/install/linkattacher_msgs/lib:/home/armando30/robotsprj/install/conveyorbelt_msgs/lib:/opt/ros/humble/opt/rviz_ogre_vendor/lib:/opt/ros/humble/lib/x86_64-linux-gnu:/opt/ros/humble/lib /usr/bin/cmake /home/armando30/robotsprj/src/Universal_Robots_ROS2_Driver/ur_controllers -DAMENT_CMAKE_SYMLINK_INSTALL=1 -DCMAKE_INSTALL_PREFIX=/home/armando30/robotsprj/install/ur_controllers
[0.212s] -- The C compiler identification is GNU 11.4.0
[0.391s] -- The CXX compiler identification is GNU 11.4.0
[0.415s] -- Detecting C compiler ABI info
[0.621s] -- Detecting C compiler ABI info - done
[0.652s] -- Check for working C compiler: /usr/bin/cc - skipped
[0.653s] -- Detecting C compile features
[0.654s] -- Detecting C compile features - done
[0.665s] -- Detecting CXX compiler ABI info
[0.906s] -- Detecting CXX compiler ABI info - done
[0.936s] -- Check for working CXX compiler: /usr/bin/c++ - skipped
[0.937s] -- Detecting CXX compile features
[0.939s] -- Detecting CXX compile features - done
[0.950s] -- Found ament_cmake: 1.3.12 (/opt/ros/humble/share/ament_cmake/cmake)
[1.476s] -- Found Python3: /usr/bin/python3 (found version "3.10.12") found components: Interpreter 
[1.701s] -- Override CMake install command with custom implementation using symlinks instead of copying resources
[1.855s] -- Found angles: 1.15.0 (/opt/ros/humble/share/angles/cmake)
[1.869s] -- Found controller_interface: 2.51.0 (/opt/ros/humble/share/controller_interface/cmake)
[2.046s] -- Found rosidl_generator_c: 3.1.7 (/opt/ros/humble/share/rosidl_generator_c/cmake)
[2.070s] -- Found rosidl_adapter: 3.1.7 (/opt/ros/humble/share/rosidl_adapter/cmake)
[2.108s] -- Found rosidl_generator_cpp: 3.1.7 (/opt/ros/humble/share/rosidl_generator_cpp/cmake)
[2.161s] -- Using all available rosidl_typesupport_c: rosidl_typesupport_fastrtps_c;rosidl_typesupport_introspection_c
[2.235s] -- Using all available rosidl_typesupport_cpp: rosidl_typesupport_fastrtps_cpp;rosidl_typesupport_introspection_cpp
[3.051s] -- Found rmw_implementation_cmake: 6.1.2 (/opt/ros/humble/share/rmw_implementation_cmake/cmake)
[3.064s] -- Found rmw_fastrtps_cpp: 6.2.8 (/opt/ros/humble/share/rmw_fastrtps_cpp/cmake)
[3.169s] -- Found TinyXML2 via Config file: TinyXML2_DIR-NOTFOUND
[3.333s] -- Found OpenSSL: /usr/lib/x86_64-linux-gnu/libcrypto.so (found version "3.0.2")  
[3.343s] -- Found TinyXML2 via Config file: TinyXML2_DIR-NOTFOUND
[3.395s] -- Found FastRTPS: /opt/ros/humble/include  
[3.406s] -- Found TinyXML2 via Config file: TinyXML2_DIR-NOTFOUND
[3.434s] -- Found TinyXML2 via Config file: TinyXML2_DIR-NOTFOUND
[3.470s] -- Using RMW implementation 'rmw_fastrtps_cpp' as default
[3.507s] -- Looking for pthread.h
[3.729s] -- Looking for pthread.h - found
[3.730s] -- Performing Test CMAKE_HAVE_LIBC_PTHREAD
[3.956s] -- Performing Test CMAKE_HAVE_LIBC_PTHREAD - Success
[3.960s] -- Found Threads: TRUE  
[4.187s] -- Found joint_trajectory_controller: 2.49.1 (/opt/ros/humble/share/joint_trajectory_controller/cmake)
[4.777s] -- Found std_srvs: 4.9.0 (/opt/ros/humble/share/std_srvs/cmake)
[4.819s] -- Found tf2_geometry_msgs: 0.25.16 (/opt/ros/humble/share/tf2_geometry_msgs/cmake)
[4.857s] -- Found eigen3_cmake_module: 0.1.1 (/opt/ros/humble/share/eigen3_cmake_module/cmake)
[4.861s] -- Found Eigen3: TRUE (found version "3.4.0") 
[4.861s] -- Ensuring Eigen3 include directory is part of orocos-kdl CMake target
[5.097s] -- Found ur_dashboard_msgs: 2.8.1 (/home/armando30/robotsprj/install/ur_dashboard_msgs/share/ur_dashboard_msgs/cmake)
[5.163s] -- Found ur_msgs: 2.3.0 (/opt/ros/humble/share/ur_msgs/cmake)
[5.372s] -- Found ament_cmake_gmock: 1.3.12 (/opt/ros/humble/share/ament_cmake_gmock/cmake)
[5.380s] -- Found controller_manager: 2.51.0 (/opt/ros/humble/share/controller_manager/cmake)
[5.544s] -- Found ros2_control_test_assets: 2.51.0 (/opt/ros/humble/share/ros2_control_test_assets/cmake)
[5.555s] -- Found gmock sources under '/opt/ros/humble/src/gmock_vendor': C++ tests using 'Google Mock' will be built
[5.575s] -- Found ament_cmake_gtest: 1.3.12 (/opt/ros/humble/share/ament_cmake_gtest/cmake)
[5.578s] -- Found gtest sources under '/opt/ros/humble/src/gtest_vendor': C++ tests using 'Google Test' will be built
[5.987s] -- Configuring done
[6.350s] -- Generating done
[6.414s] -- Build files have been written to: /home/armando30/robotsprj/build/ur_controllers
[6.464s] Invoked command in '/home/armando30/robotsprj/build/ur_controllers' returned '0': CMAKE_PREFIX_PATH=/home/armando30/robotsprj/install/ur_dashboard_msgs:/home/armando30/robotsprj/install/ur:/home/armando30/robotsprj/install/ur_calibration:/home/armando30/robotsprj/install/ur_robot_driver:/home/armando30/robotsprj/install/ur_moveit_config:/home/armando30/robotsprj/install/ur_bringup:/home/armando30/robotsprj/install/ur_controllers:/home/armando30/robotsprj/install/ros2_linkattacher:/home/armando30/robotsprj/install/ros2_conveyorbelt:/home/armando30/robotsprj/install/linkattacher_msgs:/home/armando30/robotsprj/install/conveyorbelt_msgs:/home/armando30/robotsprj/install/conveyorbelt_gazebo:/opt/ros/humble LD_LIBRARY_PATH=/home/armando30/robotsprj/install/ur_dashboard_msgs/lib:/home/armando30/robotsprj/install/ur_robot_driver/lib:/home/armando30/robotsprj/install/ur_controllers/lib:/home/armando30/robotsprj/install/ros2_linkattacher/lib:/home/armando30/robotsprj/install/ros2_conveyorbelt/lib:/home/armando30/robotsprj/install/linkattacher_msgs/lib:/home/armando30/robotsprj/install/conveyorbelt_msgs/lib:/opt/ros/humble/opt/rviz_ogre_vendor/lib:/opt/ros/humble/lib/x86_64-linux-gnu:/opt/ros/humble/lib /usr/bin/cmake /home/armando30/robotsprj/src/Universal_Robots_ROS2_Driver/ur_controllers -DAMENT_CMAKE_SYMLINK_INSTALL=1 -DCMAKE_INSTALL_PREFIX=/home/armando30/robotsprj/install/ur_controllers
[6.471s] Invoking command in '/home/armando30/robotsprj/build/ur_controllers': CMAKE_PREFIX_PATH=/home/armando30/robotsprj/install/ur_dashboard_msgs:/home/armando30/robotsprj/install/ur:/home/armando30/robotsprj/install/ur_calibration:/home/armando30/robotsprj/install/ur_robot_driver:/home/armando30/robotsprj/install/ur_moveit_config:/home/armando30/robotsprj/install/ur_bringup:/home/armando30/robotsprj/install/ur_controllers:/home/armando30/robotsprj/install/ros2_linkattacher:/home/armando30/robotsprj/install/ros2_conveyorbelt:/home/armando30/robotsprj/install/linkattacher_msgs:/home/armando30/robotsprj/install/conveyorbelt_msgs:/home/armando30/robotsprj/install/conveyorbelt_gazebo:/opt/ros/humble LD_LIBRARY_PATH=/home/armando30/robotsprj/install/ur_dashboard_msgs/lib:/home/armando30/robotsprj/install/ur_robot_driver/lib:/home/armando30/robotsprj/install/ur_controllers/lib:/home/armando30/robotsprj/install/ros2_linkattacher/lib:/home/armando30/robotsprj/install/ros2_conveyorbelt/lib:/home/armando30/robotsprj/install/linkattacher_msgs/lib:/home/armando30/robotsprj/install/conveyorbelt_msgs/lib:/opt/ros/humble/opt/rviz_ogre_vendor/lib:/opt/ros/humble/lib/x86_64-linux-gnu:/opt/ros/humble/lib /usr/bin/cmake --build /home/armando30/robotsprj/build/ur_controllers -- -j8 -l8
[6.675s] [  2%] [34m[1mRunning `/opt/ros/humble/bin/generate_parameter_library_cpp /home/armando30/robotsprj/build/ur_controllers/include/ur_controllers/speed_scaling_state_broadcaster_parameters.hpp /home/armando30/robotsprj/src/Universal_Robots_ROS2_Driver/ur_controllers/src/speed_scaling_state_broadcaster_parameters.yaml `[0m
[6.689s] [  5%] [34m[1mRunning `/opt/ros/humble/bin/generate_parameter_library_cpp /home/armando30/robotsprj/build/ur_controllers/include/ur_controllers/passthrough_trajectory_controller_parameters.hpp /home/armando30/robotsprj/src/Universal_Robots_ROS2_Driver/ur_controllers/src/passthrough_trajectory_controller_parameters.yaml `[0m
[6.692s] [  8%] [34m[1mRunning `/opt/ros/humble/bin/generate_parameter_library_cpp /home/armando30/robotsprj/build/ur_controllers/include/ur_controllers/gpio_controller_parameters.hpp /home/armando30/robotsprj/src/Universal_Robots_ROS2_Driver/ur_controllers/src/gpio_controller_parameters.yaml `[0m
[6.698s] [ 11%] [34m[1mRunning `/opt/ros/humble/bin/generate_parameter_library_cpp /home/armando30/robotsprj/build/ur_controllers/include/ur_controllers/force_mode_controller_parameters.hpp /home/armando30/robotsprj/src/Universal_Robots_ROS2_Driver/ur_controllers/src/force_mode_controller_parameters.yaml `[0m
[6.707s] [ 14%] [34m[1mRunning `/opt/ros/humble/bin/generate_parameter_library_cpp /home/armando30/robotsprj/build/ur_controllers/include/ur_controllers/tool_contact_controller_parameters.hpp /home/armando30/robotsprj/src/Universal_Robots_ROS2_Driver/ur_controllers/src/tool_contact_controller_parameters.yaml `[0m
[6.710s] [ 17%] [34m[1mRunning `/opt/ros/humble/bin/generate_parameter_library_cpp /home/armando30/robotsprj/build/ur_controllers/include/ur_controllers/scaled_joint_trajectory_controller_parameters.hpp /home/armando30/robotsprj/src/Universal_Robots_ROS2_Driver/ur_controllers/src/scaled_joint_trajectory_controller_parameters.yaml `[0m
[6.711s] [ 20%] [34m[1mRunning `/opt/ros/humble/bin/generate_parameter_library_cpp /home/armando30/robotsprj/build/ur_controllers/include/ur_controllers/freedrive_mode_controller_parameters.hpp /home/armando30/robotsprj/src/Universal_Robots_ROS2_Driver/ur_controllers/src/freedrive_mode_controller_parameters.yaml `[0m
[6.722s] [ 23%] [34m[1mRunning `/opt/ros/humble/bin/generate_parameter_library_cpp /home/armando30/robotsprj/build/ur_controllers/include/ur_controllers/ur_configuration_controller_parameters.hpp /home/armando30/robotsprj/src/Universal_Robots_ROS2_Driver/ur_controllers/src/ur_configuration_controller_parameters.yaml `[0m
[7.840s] [ 26%] [34m[1mCreating deprecated header file /home/armando30/robotsprj/build/ur_controllers/include/ur_configuration_controller_parameters.hpp[0m
[7.908s] [ 29%] [34m[1mCreating deprecated header file /home/armando30/robotsprj/build/ur_controllers/include/scaled_joint_trajectory_controller_parameters.hpp[0m
[7.976s] [ 32%] [34m[1mCreating deprecated header file /home/armando30/robotsprj/build/ur_controllers/include/speed_scaling_state_broadcaster_parameters.hpp[0m
[8.056s] [ 32%] Built target ur_configuration_controller_parameters
[8.061s] [ 32%] Built target scaled_joint_trajectory_controller_parameters
[8.065s] [ 32%] Built target speed_scaling_state_broadcaster_parameters
[8.082s] [ 35%] [34m[1mCreating deprecated header file /home/armando30/robotsprj/build/ur_controllers/include/freedrive_mode_controller_parameters.hpp[0m
[8.181s] [ 38%] [32mBuilding CXX object gmock/CMakeFiles/gmock.dir/src/gmock-all.cc.o[0m
[8.196s] [ 38%] Built target freedrive_mode_controller_parameters
[8.215s] [ 41%] [34m[1mCreating deprecated header file /home/armando30/robotsprj/build/ur_controllers/include/tool_contact_controller_parameters.hpp[0m
[8.222s] [ 44%] [32mBuilding CXX object gmock/CMakeFiles/gmock.dir/opt/ros/humble/src/gtest_vendor/src/gtest-all.cc.o[0m
[8.252s] [ 47%] [32mBuilding CXX object gmock/CMakeFiles/gmock_main.dir/src/gmock_main.cc.o[0m
[8.259s] [ 50%] [34m[1mCreating deprecated header file /home/armando30/robotsprj/build/ur_controllers/include/gpio_controller_parameters.hpp[0m
[8.301s] [ 52%] [34m[1mCreating deprecated header file /home/armando30/robotsprj/build/ur_controllers/include/force_mode_controller_parameters.hpp[0m
[8.308s] [ 52%] Built target tool_contact_controller_parameters
[8.345s] [ 52%] Built target gpio_controller_parameters
[8.390s] [ 52%] Built target force_mode_controller_parameters
[8.545s] [ 55%] [34m[1mCreating deprecated header file /home/armando30/robotsprj/build/ur_controllers/include/passthrough_trajectory_controller_parameters.hpp[0m
[8.628s] [ 55%] Built target passthrough_trajectory_controller_parameters
[8.732s] [ 58%] [32mBuilding CXX object CMakeFiles/ur_controllers.dir/src/force_mode_controller.cpp.o[0m
[8.740s] [ 61%] [32mBuilding CXX object CMakeFiles/ur_controllers.dir/src/tool_contact_controller.cpp.o[0m
[8.753s] [ 64%] [32mBuilding CXX object CMakeFiles/ur_controllers.dir/src/scaled_joint_trajectory_controller.cpp.o[0m
[8.762s] [ 67%] [32mBuilding CXX object CMakeFiles/ur_controllers.dir/src/speed_scaling_state_broadcaster.cpp.o[0m
[9.817s] [ 70%] [32mBuilding CXX object CMakeFiles/ur_controllers.dir/src/freedrive_mode_controller.cpp.o[0m
[16.932s] [ 73%] [32m[1mLinking CXX static library libgmock_main.a[0m
[17.089s] [ 73%] Built target gmock_main
[17.132s] [ 76%] [32mBuilding CXX object CMakeFiles/ur_controllers.dir/src/gpio_controller.cpp.o[0m
[22.404s] [ 79%] [32mBuilding CXX object CMakeFiles/ur_controllers.dir/src/passthrough_trajectory_controller.cpp.o[0m
[29.184s] [ 82%] [32m[1mLinking CXX static library libgmock.a[0m
[29.749s] [ 82%] Built target gmock
[62.508s] [ 85%] [32mBuilding CXX object CMakeFiles/ur_controllers.dir/src/ur_configuration_controller.cpp.o[0m
[76.854s] [ 88%] [32m[1mLinking CXX shared library libur_controllers.so[0m
[82.245s] [ 88%] Built target ur_controllers
[82.313s] [ 94%] [32mBuilding CXX object CMakeFiles/test_load_force_mode_controller.dir/test/test_load_force_mode_controller.cpp.o[0m
[82.313s] [ 94%] [32mBuilding CXX object CMakeFiles/test_load_freedrive_mode_controller.dir/test/test_load_freedrive_mode_controller.cpp.o[0m
[101.111s] [ 97%] [32m[1mLinking CXX executable test_load_freedrive_mode_controller[0m
[101.161s] [100%] [32m[1mLinking CXX executable test_load_force_mode_controller[0m
[102.567s] [100%] Built target test_load_force_mode_controller
[102.592s] [100%] Built target test_load_freedrive_mode_controller
[102.627s] Invoked command in '/home/armando30/robotsprj/build/ur_controllers' returned '0': CMAKE_PREFIX_PATH=/home/armando30/robotsprj/install/ur_dashboard_msgs:/home/armando30/robotsprj/install/ur:/home/armando30/robotsprj/install/ur_calibration:/home/armando30/robotsprj/install/ur_robot_driver:/home/armando30/robotsprj/install/ur_moveit_config:/home/armando30/robotsprj/install/ur_bringup:/home/armando30/robotsprj/install/ur_controllers:/home/armando30/robotsprj/install/ros2_linkattacher:/home/armando30/robotsprj/install/ros2_conveyorbelt:/home/armando30/robotsprj/install/linkattacher_msgs:/home/armando30/robotsprj/install/conveyorbelt_msgs:/home/armando30/robotsprj/install/conveyorbelt_gazebo:/opt/ros/humble LD_LIBRARY_PATH=/home/armando30/robotsprj/install/ur_dashboard_msgs/lib:/home/armando30/robotsprj/install/ur_robot_driver/lib:/home/armando30/robotsprj/install/ur_controllers/lib:/home/armando30/robotsprj/install/ros2_linkattacher/lib:/home/armando30/robotsprj/install/ros2_conveyorbelt/lib:/home/armando30/robotsprj/install/linkattacher_msgs/lib:/home/armando30/robotsprj/install/conveyorbelt_msgs/lib:/opt/ros/humble/opt/rviz_ogre_vendor/lib:/opt/ros/humble/lib/x86_64-linux-gnu:/opt/ros/humble/lib /usr/bin/cmake --build /home/armando30/robotsprj/build/ur_controllers -- -j8 -l8
[102.633s] Invoking command in '/home/armando30/robotsprj/build/ur_controllers': CMAKE_PREFIX_PATH=/home/armando30/robotsprj/install/ur_dashboard_msgs:/home/armando30/robotsprj/install/ur:/home/armando30/robotsprj/install/ur_calibration:/home/armando30/robotsprj/install/ur_robot_driver:/home/armando30/robotsprj/install/ur_moveit_config:/home/armando30/robotsprj/install/ur_bringup:/home/armando30/robotsprj/install/ur_controllers:/home/armando30/robotsprj/install/ros2_linkattacher:/home/armando30/robotsprj/install/ros2_conveyorbelt:/home/armando30/robotsprj/install/linkattacher_msgs:/home/armando30/robotsprj/install/conveyorbelt_msgs:/home/armando30/robotsprj/install/conveyorbelt_gazebo:/opt/ros/humble LD_LIBRARY_PATH=/home/armando30/robotsprj/install/ur_dashboard_msgs/lib:/home/armando30/robotsprj/install/ur_robot_driver/lib:/home/armando30/robotsprj/install/ur_controllers/lib:/home/armando30/robotsprj/install/ros2_linkattacher/lib:/home/armando30/robotsprj/install/ros2_conveyorbelt/lib:/home/armando30/robotsprj/install/linkattacher_msgs/lib:/home/armando30/robotsprj/install/conveyorbelt_msgs/lib:/opt/ros/humble/opt/rviz_ogre_vendor/lib:/opt/ros/humble/lib/x86_64-linux-gnu:/opt/ros/humble/lib /usr/bin/cmake --install /home/armando30/robotsprj/build/ur_controllers
[102.654s] -- Install configuration: ""
[102.656s] -- Execute custom install script
[102.658s] -- Symlinking: /home/armando30/robotsprj/install/ur_controllers/include/ur_controllers/force_mode_controller_parameters.hpp
[102.684s] -- Symlinking: /home/armando30/robotsprj/install/ur_controllers/include/ur_controllers/freedrive_mode_controller_parameters.hpp
[102.709s] -- Symlinking: /home/armando30/robotsprj/install/ur_controllers/include/ur_controllers/gpio_controller_parameters.hpp
[102.735s] -- Symlinking: /home/armando30/robotsprj/install/ur_controllers/include/ur_controllers/passthrough_trajectory_controller_parameters.hpp
[102.761s] -- Symlinking: /home/armando30/robotsprj/install/ur_controllers/include/ur_controllers/scaled_joint_trajectory_controller_parameters.hpp
[102.786s] -- Symlinking: /home/armando30/robotsprj/install/ur_controllers/include/ur_controllers/speed_scaling_state_broadcaster_parameters.hpp
[102.811s] -- Symlinking: /home/armando30/robotsprj/install/ur_controllers/include/ur_controllers/tool_contact_controller_parameters.hpp
[102.837s] -- Symlinking: /home/armando30/robotsprj/install/ur_controllers/include/ur_controllers/ur_configuration_controller_parameters.hpp
[102.864s] -- Up-to-date symlink: /home/armando30/robotsprj/install/ur_controllers/include/ur_controllers/force_mode_controller_parameters.hpp
[102.865s] -- Up-to-date symlink: /home/armando30/robotsprj/install/ur_controllers/include/ur_controllers/freedrive_mode_controller_parameters.hpp
[102.865s] -- Up-to-date symlink: /home/armando30/robotsprj/install/ur_controllers/include/ur_controllers/gpio_controller_parameters.hpp
[102.866s] -- Up-to-date symlink: /home/armando30/robotsprj/install/ur_controllers/include/ur_controllers/passthrough_trajectory_controller_parameters.hpp
[102.866s] -- Up-to-date symlink: /home/armando30/robotsprj/install/ur_controllers/include/ur_controllers/scaled_joint_trajectory_controller_parameters.hpp
[102.867s] -- Up-to-date symlink: /home/armando30/robotsprj/install/ur_controllers/include/ur_controllers/speed_scaling_state_broadcaster_parameters.hpp
[102.867s] -- Up-to-date symlink: /home/armando30/robotsprj/install/ur_controllers/include/ur_controllers/tool_contact_controller_parameters.hpp
[102.868s] -- Up-to-date symlink: /home/armando30/robotsprj/install/ur_controllers/include/ur_controllers/ur_configuration_controller_parameters.hpp
[102.868s] -- Up-to-date symlink: /home/armando30/robotsprj/install/ur_controllers/include/ur_controllers/force_mode_controller_parameters.hpp
[102.869s] -- Up-to-date symlink: /home/armando30/robotsprj/install/ur_controllers/include/ur_controllers/freedrive_mode_controller_parameters.hpp
[102.870s] -- Up-to-date symlink: /home/armando30/robotsprj/install/ur_controllers/include/ur_controllers/gpio_controller_parameters.hpp
[102.870s] -- Up-to-date symlink: /home/armando30/robotsprj/install/ur_controllers/include/ur_controllers/passthrough_trajectory_controller_parameters.hpp
[102.871s] -- Up-to-date symlink: /home/armando30/robotsprj/install/ur_controllers/include/ur_controllers/scaled_joint_trajectory_controller_parameters.hpp
[102.871s] -- Up-to-date symlink: /home/armando30/robotsprj/install/ur_controllers/include/ur_controllers/speed_scaling_state_broadcaster_parameters.hpp
[102.872s] -- Up-to-date symlink: /home/armando30/robotsprj/install/ur_controllers/include/ur_controllers/tool_contact_controller_parameters.hpp
[102.872s] -- Up-to-date symlink: /home/armando30/robotsprj/install/ur_controllers/include/ur_controllers/ur_configuration_controller_parameters.hpp
[102.873s] -- Up-to-date symlink: /home/armando30/robotsprj/install/ur_controllers/include/ur_controllers/force_mode_controller_parameters.hpp
[102.873s] -- Up-to-date symlink: /home/armando30/robotsprj/install/ur_controllers/include/ur_controllers/freedrive_mode_controller_parameters.hpp
[102.874s] -- Up-to-date symlink: /home/armando30/robotsprj/install/ur_controllers/include/ur_controllers/gpio_controller_parameters.hpp
[102.874s] -- Up-to-date symlink: /home/armando30/robotsprj/install/ur_controllers/include/ur_controllers/passthrough_trajectory_controller_parameters.hpp
[102.875s] -- Up-to-date symlink: /home/armando30/robotsprj/install/ur_controllers/include/ur_controllers/scaled_joint_trajectory_controller_parameters.hpp
[102.876s] -- Up-to-date symlink: /home/armando30/robotsprj/install/ur_controllers/include/ur_controllers/speed_scaling_state_broadcaster_parameters.hpp
[102.876s] -- Up-to-date symlink: /home/armando30/robotsprj/install/ur_controllers/include/ur_controllers/tool_contact_controller_parameters.hpp
[102.877s] -- Up-to-date symlink: /home/armando30/robotsprj/install/ur_controllers/include/ur_controllers/ur_configuration_controller_parameters.hpp
[102.877s] -- Up-to-date symlink: /home/armando30/robotsprj/install/ur_controllers/include/ur_controllers/force_mode_controller_parameters.hpp
[102.878s] -- Up-to-date symlink: /home/armando30/robotsprj/install/ur_controllers/include/ur_controllers/freedrive_mode_controller_parameters.hpp
[102.879s] -- Up-to-date symlink: /home/armando30/robotsprj/install/ur_controllers/include/ur_controllers/gpio_controller_parameters.hpp
[102.879s] -- Up-to-date symlink: /home/armando30/robotsprj/install/ur_controllers/include/ur_controllers/passthrough_trajectory_controller_parameters.hpp
[102.880s] -- Up-to-date symlink: /home/armando30/robotsprj/install/ur_controllers/include/ur_controllers/scaled_joint_trajectory_controller_parameters.hpp
[102.880s] -- Up-to-date symlink: /home/armando30/robotsprj/install/ur_controllers/include/ur_controllers/speed_scaling_state_broadcaster_parameters.hpp
[102.881s] -- Up-to-date symlink: /home/armando30/robotsprj/install/ur_controllers/include/ur_controllers/tool_contact_controller_parameters.hpp
[102.881s] -- Up-to-date symlink: /home/armando30/robotsprj/install/ur_controllers/include/ur_controllers/ur_configuration_controller_parameters.hpp
[102.882s] -- Up-to-date symlink: /home/armando30/robotsprj/install/ur_controllers/include/ur_controllers/force_mode_controller_parameters.hpp
[102.883s] -- Up-to-date symlink: /home/armando30/robotsprj/install/ur_controllers/include/ur_controllers/freedrive_mode_controller_parameters.hpp
[102.883s] -- Up-to-date symlink: /home/armando30/robotsprj/install/ur_controllers/include/ur_controllers/gpio_controller_parameters.hpp
[102.884s] -- Up-to-date symlink: /home/armando30/robotsprj/install/ur_controllers/include/ur_controllers/passthrough_trajectory_controller_parameters.hpp
[102.884s] -- Up-to-date symlink: /home/armando30/robotsprj/install/ur_controllers/include/ur_controllers/scaled_joint_trajectory_controller_parameters.hpp
[102.885s] -- Up-to-date symlink: /home/armando30/robotsprj/install/ur_controllers/include/ur_controllers/speed_scaling_state_broadcaster_parameters.hpp
[102.886s] -- Up-to-date symlink: /home/armando30/robotsprj/install/ur_controllers/include/ur_controllers/tool_contact_controller_parameters.hpp
[102.886s] -- Up-to-date symlink: /home/armando30/robotsprj/install/ur_controllers/include/ur_controllers/ur_configuration_controller_parameters.hpp
[102.887s] -- Up-to-date symlink: /home/armando30/robotsprj/install/ur_controllers/include/ur_controllers/force_mode_controller_parameters.hpp
[102.888s] -- Up-to-date symlink: /home/armando30/robotsprj/install/ur_controllers/include/ur_controllers/freedrive_mode_controller_parameters.hpp
[102.888s] -- Up-to-date symlink: /home/armando30/robotsprj/install/ur_controllers/include/ur_controllers/gpio_controller_parameters.hpp
[102.889s] -- Up-to-date symlink: /home/armando30/robotsprj/install/ur_controllers/include/ur_controllers/passthrough_trajectory_controller_parameters.hpp
[102.890s] -- Up-to-date symlink: /home/armando30/robotsprj/install/ur_controllers/include/ur_controllers/scaled_joint_trajectory_controller_parameters.hpp
[102.890s] -- Up-to-date symlink: /home/armando30/robotsprj/install/ur_controllers/include/ur_controllers/speed_scaling_state_broadcaster_parameters.hpp
[102.891s] -- Up-to-date symlink: /home/armando30/robotsprj/install/ur_controllers/include/ur_controllers/tool_contact_controller_parameters.hpp
[102.891s] -- Up-to-date symlink: /home/armando30/robotsprj/install/ur_controllers/include/ur_controllers/ur_configuration_controller_parameters.hpp
[102.892s] -- Up-to-date symlink: /home/armando30/robotsprj/install/ur_controllers/include/ur_controllers/force_mode_controller_parameters.hpp
[102.892s] -- Up-to-date symlink: /home/armando30/robotsprj/install/ur_controllers/include/ur_controllers/freedrive_mode_controller_parameters.hpp
[102.893s] -- Up-to-date symlink: /home/armando30/robotsprj/install/ur_controllers/include/ur_controllers/gpio_controller_parameters.hpp
[102.893s] -- Up-to-date symlink: /home/armando30/robotsprj/install/ur_controllers/include/ur_controllers/passthrough_trajectory_controller_parameters.hpp
[102.894s] -- Up-to-date symlink: /home/armando30/robotsprj/install/ur_controllers/include/ur_controllers/scaled_joint_trajectory_controller_parameters.hpp
[102.895s] -- Up-to-date symlink: /home/armando30/robotsprj/install/ur_controllers/include/ur_controllers/speed_scaling_state_broadcaster_parameters.hpp
[102.895s] -- Up-to-date symlink: /home/armando30/robotsprj/install/ur_controllers/include/ur_controllers/tool_contact_controller_parameters.hpp
[102.896s] -- Up-to-date symlink: /home/armando30/robotsprj/install/ur_controllers/include/ur_controllers/ur_configuration_controller_parameters.hpp
[102.896s] -- Symlinking: /home/armando30/robotsprj/install/ur_controllers/share/ur_controllers//controller_plugins.xml
[102.925s] -- Symlinking: /home/armando30/robotsprj/install/ur_controllers/lib/libur_controllers.so
[102.953s] -- Symlinking: /home/armando30/robotsprj/install/ur_controllers/include/ur_controllers/force_mode_controller.hpp
[102.979s] -- Symlinking: /home/armando30/robotsprj/install/ur_controllers/include/ur_controllers/freedrive_mode_controller.hpp
[103.006s] -- Symlinking: /home/armando30/robotsprj/install/ur_controllers/include/ur_controllers/gpio_controller.hpp
[103.034s] -- Symlinking: /home/armando30/robotsprj/install/ur_controllers/include/ur_controllers/passthrough_trajectory_controller.hpp
[103.060s] -- Symlinking: /home/armando30/robotsprj/install/ur_controllers/include/ur_controllers/scaled_joint_trajectory_controller.hpp
[103.085s] -- Symlinking: /home/armando30/robotsprj/install/ur_controllers/include/ur_controllers/speed_scaling_state_broadcaster.hpp
[103.111s] -- Symlinking: /home/armando30/robotsprj/install/ur_controllers/include/ur_controllers/tool_contact_controller.hpp
[103.137s] -- Symlinking: /home/armando30/robotsprj/install/ur_controllers/include/ur_controllers/ur_configuration_controller.hpp
[103.164s] -- Up-to-date symlink: /home/armando30/robotsprj/install/ur_controllers/share/ur_controllers/controller_plugins.xml
[103.164s] -- Symlinking: /home/armando30/robotsprj/install/ur_controllers/share/ur_controllers/environment/library_path.sh
[103.191s] -- Symlinking: /home/armando30/robotsprj/install/ur_controllers/share/ur_controllers/environment/library_path.dsv
[103.218s] -- Symlinking: /home/armando30/robotsprj/install/ur_controllers/share/ament_index/resource_index/package_run_dependencies/ur_controllers
[103.244s] -- Symlinking: /home/armando30/robotsprj/install/ur_controllers/share/ament_index/resource_index/parent_prefix_path/ur_controllers
[103.271s] -- Symlinking: /home/armando30/robotsprj/install/ur_controllers/share/ur_controllers/environment/ament_prefix_path.sh
[103.297s] -- Symlinking: /home/armando30/robotsprj/install/ur_controllers/share/ur_controllers/environment/ament_prefix_path.dsv
[103.324s] -- Symlinking: /home/armando30/robotsprj/install/ur_controllers/share/ur_controllers/environment/path.sh
[103.350s] -- Symlinking: /home/armando30/robotsprj/install/ur_controllers/share/ur_controllers/environment/path.dsv
[103.376s] -- Symlinking: /home/armando30/robotsprj/install/ur_controllers/share/ur_controllers/local_setup.bash
[103.403s] -- Symlinking: /home/armando30/robotsprj/install/ur_controllers/share/ur_controllers/local_setup.sh
[103.430s] -- Symlinking: /home/armando30/robotsprj/install/ur_controllers/share/ur_controllers/local_setup.zsh
[103.457s] -- Symlinking: /home/armando30/robotsprj/install/ur_controllers/share/ur_controllers/local_setup.dsv
[103.483s] -- Symlinking: /home/armando30/robotsprj/install/ur_controllers/share/ur_controllers/package.dsv
[103.510s] -- Symlinking: /home/armando30/robotsprj/install/ur_controllers/share/ament_index/resource_index/packages/ur_controllers
[103.536s] -- Symlinking: /home/armando30/robotsprj/install/ur_controllers/share/ament_index/resource_index/controller_interface__pluginlib__plugin/ur_controllers
[103.563s] -- Symlinking: /home/armando30/robotsprj/install/ur_controllers/share/ur_controllers/cmake/ament_cmake_export_dependencies-extras.cmake
[103.589s] -- Symlinking: /home/armando30/robotsprj/install/ur_controllers/share/ur_controllers/cmake/ament_cmake_export_include_directories-extras.cmake
[103.616s] -- Symlinking: /home/armando30/robotsprj/install/ur_controllers/share/ur_controllers/cmake/ament_cmake_export_libraries-extras.cmake
[103.642s] -- Symlinking: /home/armando30/robotsprj/install/ur_controllers/share/ur_controllers/cmake/ur_controllersConfig.cmake
[103.668s] -- Symlinking: /home/armando30/robotsprj/install/ur_controllers/share/ur_controllers/cmake/ur_controllersConfig-version.cmake
[103.694s] -- Symlinking: /home/armando30/robotsprj/install/ur_controllers/share/ur_controllers/package.xml
[103.728s] Invoked command in '/home/armando30/robotsprj/build/ur_controllers' returned '0': CMAKE_PREFIX_PATH=/home/armando30/robotsprj/install/ur_dashboard_msgs:/home/armando30/robotsprj/install/ur:/home/armando30/robotsprj/install/ur_calibration:/home/armando30/robotsprj/install/ur_robot_driver:/home/armando30/robotsprj/install/ur_moveit_config:/home/armando30/robotsprj/install/ur_bringup:/home/armando30/robotsprj/install/ur_controllers:/home/armando30/robotsprj/install/ros2_linkattacher:/home/armando30/robotsprj/install/ros2_conveyorbelt:/home/armando30/robotsprj/install/linkattacher_msgs:/home/armando30/robotsprj/install/conveyorbelt_msgs:/home/armando30/robotsprj/install/conveyorbelt_gazebo:/opt/ros/humble LD_LIBRARY_PATH=/home/armando30/robotsprj/install/ur_dashboard_msgs/lib:/home/armando30/robotsprj/install/ur_robot_driver/lib:/home/armando30/robotsprj/install/ur_controllers/lib:/home/armando30/robotsprj/install/ros2_linkattacher/lib:/home/armando30/robotsprj/install/ros2_conveyorbelt/lib:/home/armando30/robotsprj/install/linkattacher_msgs/lib:/home/armando30/robotsprj/install/conveyorbelt_msgs/lib:/opt/ros/humble/opt/rviz_ogre_vendor/lib:/opt/ros/humble/lib/x86_64-linux-gnu:/opt/ros/humble/lib /usr/bin/cmake --install /home/armando30/robotsprj/build/ur_controllers
