[0.269s] Invoking command in '/home/armando30/robotsprj/build/ur_calibration': CMAKE_PREFIX_PATH=/home/armando30/robotsprj/install/ur_robot_driver:/home/armando30/robotsprj/install/ur_controllers:/home/armando30/robotsprj/install/ur_dashboard_msgs:/home/armando30/robotsprj/install/ur:/home/armando30/robotsprj/install/ur_calibration:/home/armando30/robotsprj/install/ur_moveit_config:/home/armando30/robotsprj/install/ur_bringup:/home/armando30/robotsprj/install/ros2_linkattacher:/home/armando30/robotsprj/install/ros2_conveyorbelt:/home/armando30/robotsprj/install/linkattacher_msgs:/home/armando30/robotsprj/install/conveyorbelt_msgs:/home/armando30/robotsprj/install/conveyorbelt_gazebo:/opt/ros/humble /usr/bin/cmake /home/armando30/robotsprj/src/Universal_Robots_ROS2_Driver/ur_calibration -DAMENT_CMAKE_SYMLINK_INSTALL=1 -DCMAKE_INSTALL_PREFIX=/home/armando30/robotsprj/install/ur_calibration
[2.622s] -- The C compiler identification is GNU 11.4.0
[2.864s] -- The CXX compiler identification is GNU 11.4.0
[2.978s] -- Detecting C compiler ABI info
[3.296s] -- Detecting C compiler ABI info - done
[3.325s] -- Check for working C compiler: /usr/bin/cc - skipped
[3.326s] -- Detecting C compile features
[3.341s] -- Detecting C compile features - done
[3.383s] -- Detecting CXX compiler ABI info
[3.639s] -- Detecting CXX compiler ABI info - done
[3.670s] -- Check for working CXX compiler: /usr/bin/c++ - skipped
[3.671s] -- Detecting CXX compile features
[3.672s] -- Detecting CXX compile features - done
[3.674s] [0mur_calibration: You did not request a specific build type: selecting 'RelWithDebInfo'.[0m
[3.754s] -- Found ament_cmake: 1.3.12 (/opt/ros/humble/share/ament_cmake/cmake)
[4.334s] -- Found Python3: /usr/bin/python3 (found version "3.10.12") found components: Interpreter 
[4.556s] -- Override CMake install command with custom implementation using symlinks instead of copying resources
[4.743s] -- Found rclcpp: 16.0.14 (/opt/ros/humble/share/rclcpp/cmake)
[5.111s] -- Found rosidl_generator_c: 3.1.7 (/opt/ros/humble/share/rosidl_generator_c/cmake)
[5.138s] -- Found rosidl_adapter: 3.1.7 (/opt/ros/humble/share/rosidl_adapter/cmake)
[5.183s] -- Found rosidl_generator_cpp: 3.1.7 (/opt/ros/humble/share/rosidl_generator_cpp/cmake)
[5.262s] -- Using all available rosidl_typesupport_c: rosidl_typesupport_fastrtps_c;rosidl_typesupport_introspection_c
[5.355s] -- Using all available rosidl_typesupport_cpp: rosidl_typesupport_fastrtps_cpp;rosidl_typesupport_introspection_cpp
[5.610s] -- Found rmw_implementation_cmake: 6.1.2 (/opt/ros/humble/share/rmw_implementation_cmake/cmake)
[5.625s] -- Found rmw_fastrtps_cpp: 6.2.8 (/opt/ros/humble/share/rmw_fastrtps_cpp/cmake)
[6.128s] -- Found OpenSSL: /usr/lib/x86_64-linux-gnu/libcrypto.so (found version "3.0.2")  
[6.244s] -- Found FastRTPS: /opt/ros/humble/include  
[6.385s] -- Using RMW implementation 'rmw_fastrtps_cpp' as default
[6.437s] -- Looking for pthread.h
[6.670s] -- Looking for pthread.h - found
[6.671s] -- Performing Test CMAKE_HAVE_LIBC_PTHREAD
[6.918s] -- Performing Test CMAKE_HAVE_LIBC_PTHREAD - Success
[6.922s] -- Found Threads: TRUE  
[7.241s] -- Found ur_robot_driver: 2.8.1 (/home/armando30/robotsprj/install/ur_robot_driver/share/ur_robot_driver/cmake)
[8.397s] -- Found eigen3_cmake_module: 0.1.1 (/opt/ros/humble/share/eigen3_cmake_module/cmake)
[8.401s] -- Found Eigen3: TRUE (found version "3.4.0") 
[8.402s] -- Ensuring Eigen3 include directory is part of orocos-kdl CMake target
[8.934s] -- Found yaml_cpp_vendor: 8.0.2 (/opt/ros/humble/share/yaml_cpp_vendor/cmake)
[9.198s] -- Found ament_cmake_gmock: 1.3.12 (/opt/ros/humble/share/ament_cmake_gmock/cmake)
[9.228s] -- Found gmock sources under '/opt/ros/humble/src/gmock_vendor': C++ tests using 'Google Mock' will be built
[9.256s] -- Found ament_cmake_gtest: 1.3.12 (/opt/ros/humble/share/ament_cmake_gtest/cmake)
[9.259s] -- Found gtest sources under '/opt/ros/humble/src/gtest_vendor': C++ tests using 'Google Test' will be built
[9.683s] -- Configuring done
[10.248s] -- Generating done
[10.309s] -- Build files have been written to: /home/armando30/robotsprj/build/ur_calibration
[10.348s] Invoked command in '/home/armando30/robotsprj/build/ur_calibration' returned '0': CMAKE_PREFIX_PATH=/home/armando30/robotsprj/install/ur_robot_driver:/home/armando30/robotsprj/install/ur_controllers:/home/armando30/robotsprj/install/ur_dashboard_msgs:/home/armando30/robotsprj/install/ur:/home/armando30/robotsprj/install/ur_calibration:/home/armando30/robotsprj/install/ur_moveit_config:/home/armando30/robotsprj/install/ur_bringup:/home/armando30/robotsprj/install/ros2_linkattacher:/home/armando30/robotsprj/install/ros2_conveyorbelt:/home/armando30/robotsprj/install/linkattacher_msgs:/home/armando30/robotsprj/install/conveyorbelt_msgs:/home/armando30/robotsprj/install/conveyorbelt_gazebo:/opt/ros/humble /usr/bin/cmake /home/armando30/robotsprj/src/Universal_Robots_ROS2_Driver/ur_calibration -DAMENT_CMAKE_SYMLINK_INSTALL=1 -DCMAKE_INSTALL_PREFIX=/home/armando30/robotsprj/install/ur_calibration
[10.353s] Invoking command in '/home/armando30/robotsprj/build/ur_calibration': CMAKE_PREFIX_PATH=/home/armando30/robotsprj/install/ur_robot_driver:/home/armando30/robotsprj/install/ur_controllers:/home/armando30/robotsprj/install/ur_dashboard_msgs:/home/armando30/robotsprj/install/ur:/home/armando30/robotsprj/install/ur_calibration:/home/armando30/robotsprj/install/ur_moveit_config:/home/armando30/robotsprj/install/ur_bringup:/home/armando30/robotsprj/install/ros2_linkattacher:/home/armando30/robotsprj/install/ros2_conveyorbelt:/home/armando30/robotsprj/install/linkattacher_msgs:/home/armando30/robotsprj/install/conveyorbelt_msgs:/home/armando30/robotsprj/install/conveyorbelt_gazebo:/opt/ros/humble /usr/bin/cmake --build /home/armando30/robotsprj/build/ur_calibration -- -j8 -l8
[10.516s] [ 16%] [32mBuilding CXX object CMakeFiles/calibration.dir/src/calibration.cpp.o[0m
[10.517s] [ 16%] [32mBuilding CXX object gmock/CMakeFiles/gmock.dir/opt/ros/humble/src/gtest_vendor/src/gtest-all.cc.o[0m
[10.526s] [ 33%] [32mBuilding CXX object gmock/CMakeFiles/gmock_main.dir/src/gmock_main.cc.o[0m
[10.527s] [ 33%] [32mBuilding CXX object CMakeFiles/calibration.dir/src/calibration_consumer.cpp.o[0m
[10.528s] [ 41%] [32mBuilding CXX object gmock/CMakeFiles/gmock.dir/src/gmock-all.cc.o[0m
[15.834s] [ 50%] [32m[1mLinking CXX static library libgmock_main.a[0m
[16.004s] [ 50%] Built target gmock_main
[44.553s] [ 58%] [32m[1mLinking CXX static library libgmock.a[0m
[45.113s] [ 58%] Built target gmock
[57.428s] [ 66%] [32m[1mLinking CXX static library libcalibration.a[0m
[57.887s] [ 66%] Built target calibration
[57.953s] [ 75%] [32mBuilding CXX object CMakeFiles/calibration_correction.dir/src/calibration_correction.cpp.o[0m
[57.954s] [ 83%] [32mBuilding CXX object CMakeFiles/calibration_test.dir/test/calibration_test.cpp.o[0m
[86.972s] [ 91%] [32m[1mLinking CXX executable calibration_test[0m
[88.137s] [ 91%] Built target calibration_test
[93.503s] [100%] [32m[1mLinking CXX executable calibration_correction[0m
[94.613s] [100%] Built target calibration_correction
[94.646s] Invoked command in '/home/armando30/robotsprj/build/ur_calibration' returned '0': CMAKE_PREFIX_PATH=/home/armando30/robotsprj/install/ur_robot_driver:/home/armando30/robotsprj/install/ur_controllers:/home/armando30/robotsprj/install/ur_dashboard_msgs:/home/armando30/robotsprj/install/ur:/home/armando30/robotsprj/install/ur_calibration:/home/armando30/robotsprj/install/ur_moveit_config:/home/armando30/robotsprj/install/ur_bringup:/home/armando30/robotsprj/install/ros2_linkattacher:/home/armando30/robotsprj/install/ros2_conveyorbelt:/home/armando30/robotsprj/install/linkattacher_msgs:/home/armando30/robotsprj/install/conveyorbelt_msgs:/home/armando30/robotsprj/install/conveyorbelt_gazebo:/opt/ros/humble /usr/bin/cmake --build /home/armando30/robotsprj/build/ur_calibration -- -j8 -l8
[94.652s] Invoking command in '/home/armando30/robotsprj/build/ur_calibration': CMAKE_PREFIX_PATH=/home/armando30/robotsprj/install/ur_robot_driver:/home/armando30/robotsprj/install/ur_controllers:/home/armando30/robotsprj/install/ur_dashboard_msgs:/home/armando30/robotsprj/install/ur:/home/armando30/robotsprj/install/ur_calibration:/home/armando30/robotsprj/install/ur_moveit_config:/home/armando30/robotsprj/install/ur_bringup:/home/armando30/robotsprj/install/ros2_linkattacher:/home/armando30/robotsprj/install/ros2_conveyorbelt:/home/armando30/robotsprj/install/linkattacher_msgs:/home/armando30/robotsprj/install/conveyorbelt_msgs:/home/armando30/robotsprj/install/conveyorbelt_gazebo:/opt/ros/humble /usr/bin/cmake --install /home/armando30/robotsprj/build/ur_calibration
[94.674s] -- Install configuration: "RelWithDebInfo"
[94.676s] -- Execute custom install script
[94.677s] -- Symlinking: /home/armando30/robotsprj/install/ur_calibration/lib/ur_calibration/calibration_correction
[94.705s] -- Symlinking: /home/armando30/robotsprj/install/ur_calibration/include/ur_calibration/calibration.hpp
[94.732s] -- Symlinking: /home/armando30/robotsprj/install/ur_calibration/include/ur_calibration/calibration_consumer.hpp
[94.771s] -- Symlinking: /home/armando30/robotsprj/install/ur_calibration/share/ur_calibration/launch/calibration_correction.launch.py
[94.797s] -- Symlinking: /home/armando30/robotsprj/install/ur_calibration/share/ament_index/resource_index/package_run_dependencies/ur_calibration
[94.825s] -- Symlinking: /home/armando30/robotsprj/install/ur_calibration/share/ament_index/resource_index/parent_prefix_path/ur_calibration
[94.851s] -- Symlinking: /home/armando30/robotsprj/install/ur_calibration/share/ur_calibration/environment/ament_prefix_path.sh
[94.878s] -- Symlinking: /home/armando30/robotsprj/install/ur_calibration/share/ur_calibration/environment/ament_prefix_path.dsv
[94.904s] -- Symlinking: /home/armando30/robotsprj/install/ur_calibration/share/ur_calibration/environment/path.sh
[94.931s] -- Symlinking: /home/armando30/robotsprj/install/ur_calibration/share/ur_calibration/environment/path.dsv
[94.957s] -- Symlinking: /home/armando30/robotsprj/install/ur_calibration/share/ur_calibration/local_setup.bash
[94.983s] -- Symlinking: /home/armando30/robotsprj/install/ur_calibration/share/ur_calibration/local_setup.sh
[95.009s] -- Symlinking: /home/armando30/robotsprj/install/ur_calibration/share/ur_calibration/local_setup.zsh
[95.035s] -- Symlinking: /home/armando30/robotsprj/install/ur_calibration/share/ur_calibration/local_setup.dsv
[95.062s] -- Symlinking: /home/armando30/robotsprj/install/ur_calibration/share/ur_calibration/package.dsv
[95.089s] -- Symlinking: /home/armando30/robotsprj/install/ur_calibration/share/ament_index/resource_index/packages/ur_calibration
[95.115s] -- Symlinking: /home/armando30/robotsprj/install/ur_calibration/share/ur_calibration/cmake/ament_cmake_export_include_directories-extras.cmake
[95.142s] -- Symlinking: /home/armando30/robotsprj/install/ur_calibration/share/ur_calibration/cmake/ament_cmake_export_dependencies-extras.cmake
[95.168s] -- Symlinking: /home/armando30/robotsprj/install/ur_calibration/share/ur_calibration/cmake/ur_calibrationConfig.cmake
[95.194s] -- Symlinking: /home/armando30/robotsprj/install/ur_calibration/share/ur_calibration/cmake/ur_calibrationConfig-version.cmake
[95.222s] -- Symlinking: /home/armando30/robotsprj/install/ur_calibration/share/ur_calibration/package.xml
[95.256s] Invoked command in '/home/armando30/robotsprj/build/ur_calibration' returned '0': CMAKE_PREFIX_PATH=/home/armando30/robotsprj/install/ur_robot_driver:/home/armando30/robotsprj/install/ur_controllers:/home/armando30/robotsprj/install/ur_dashboard_msgs:/home/armando30/robotsprj/install/ur:/home/armando30/robotsprj/install/ur_calibration:/home/armando30/robotsprj/install/ur_moveit_config:/home/armando30/robotsprj/install/ur_bringup:/home/armando30/robotsprj/install/ros2_linkattacher:/home/armando30/robotsprj/install/ros2_conveyorbelt:/home/armando30/robotsprj/install/linkattacher_msgs:/home/armando30/robotsprj/install/conveyorbelt_msgs:/home/armando30/robotsprj/install/conveyorbelt_gazebo:/opt/ros/humble /usr/bin/cmake --install /home/armando30/robotsprj/build/ur_calibration
