[0.125s] Invoking command in '/home/armando30/robotsprj/build/linkattacher_msgs': CMAKE_PREFIX_PATH=/opt/ros/humble /usr/bin/cmake --build /home/armando30/robotsprj/build/linkattacher_msgs -- -j8 -l8
[1.112s] [  2%] Built target linkattacher_msgs__cpp
[1.177s] [  2%] Built target ament_cmake_python_symlink_linkattacher_msgs
[1.246s] [ 12%] Built target linkattacher_msgs__rosidl_generator_c
[1.514s] [ 23%] Built target linkattacher_msgs__rosidl_typesupport_c
[1.550s] [ 33%] Built target linkattacher_msgs__rosidl_typesupport_cpp
[1.565s] [ 53%] Built target linkattacher_msgs__rosidl_typesupport_introspection_cpp
[1.566s] [ 51%] Built target linkattacher_msgs__rosidl_typesupport_fastrtps_c
[1.569s] [ 64%] Built target linkattacher_msgs__rosidl_typesupport_introspection_c
[1.585s] [ 74%] Built target linkattacher_msgs__rosidl_typesupport_fastrtps_cpp
[1.740s] [ 74%] Built target linkattacher_msgs
[1.830s] [ 76%] Built target linkattacher_msgs__py
[1.985s] [ 84%] Built target linkattacher_msgs__rosidl_generator_py
[2.198s] [ 89%] Built target linkattacher_msgs__rosidl_typesupport_fastrtps_c__pyext
[2.198s] [ 94%] Built target linkattacher_msgs__rosidl_typesupport_introspection_c__pyext
[2.199s] [100%] Built target linkattacher_msgs__rosidl_typesupport_c__pyext
[3.090s] running egg_info
[3.094s] writing linkattacher_msgs.egg-info/PKG-INFO
[3.095s] writing dependency_links to linkattacher_msgs.egg-info/dependency_links.txt
[3.096s] writing top-level names to linkattacher_msgs.egg-info/top_level.txt
[3.109s] reading manifest file 'linkattacher_msgs.egg-info/SOURCES.txt'
[3.112s] writing manifest file 'linkattacher_msgs.egg-info/SOURCES.txt'
[3.210s] [100%] Built target ament_cmake_python_build_linkattacher_msgs_egg
