running develop
running egg_info
creating ur5e_conveyor_bringup.egg-info
writing ur5e_conveyor_bringup.egg-info/PKG-INFO
writing dependency_links to ur5e_conveyor_bringup.egg-info/dependency_links.txt
writing entry points to ur5e_conveyor_bringup.egg-info/entry_points.txt
writing requirements to ur5e_conveyor_bringup.egg-info/requires.txt
writing top-level names to ur5e_conveyor_bringup.egg-info/top_level.txt
writing manifest file 'ur5e_conveyor_bringup.egg-info/SOURCES.txt'
reading manifest file 'ur5e_conveyor_bringup.egg-info/SOURCES.txt'
writing manifest file 'ur5e_conveyor_bringup.egg-info/SOURCES.txt'
running build_ext
Creating /home/armando30/robotsprj/install/ur5e_conveyor_bringup/lib/python3.10/site-packages/ur5e-conveyor-bringup.egg-link (link to .)

Installed /home/armando30/robotsprj/build/ur5e_conveyor_bringup
running symlink_data
creating /home/armando30/robotsprj/install/ur5e_conveyor_bringup/share
creating /home/armando30/robotsprj/install/ur5e_conveyor_bringup/share/ament_index
creating /home/armando30/robotsprj/install/ur5e_conveyor_bringup/share/ament_index/resource_index
creating /home/armando30/robotsprj/install/ur5e_conveyor_bringup/share/ament_index/resource_index/packages
symbolically linking /home/armando30/robotsprj/build/ur5e_conveyor_bringup/resource/ur5e_conveyor_bringup -> /home/armando30/robotsprj/install/ur5e_conveyor_bringup/share/ament_index/resource_index/packages
creating /home/armando30/robotsprj/install/ur5e_conveyor_bringup/share/ur5e_conveyor_bringup
error: can't copy '/home/armando30/robotsprj/build/ur5e_conveyor_bringup/package.xml': doesn't exist or not a regular file
