[0.194s] Invoking command in '/home/armando30/robotsprj/build/ros2_conveyorbelt': CMAKE_PREFIX_PATH=/home/armando30/robotsprj/install/conveyorbelt_msgs:/home/armando30/robotsprj/install/ur:/home/armando30/robotsprj/install/ur_calibration:/home/armando30/robotsprj/install/ur_robot_driver:/home/armando30/robotsprj/install/ur_moveit_config:/home/armando30/robotsprj/install/ur_bringup:/home/armando30/robotsprj/install/ur_controllers:/home/armando30/robotsprj/install/ur_dashboard_msgs:/home/armando30/robotsprj/install/ros2_linkattacher:/home/armando30/robotsprj/install/ros2_conveyorbelt:/home/armando30/robotsprj/install/linkattacher_msgs:/home/armando30/robotsprj/install/conveyorbelt_gazebo:/opt/ros/humble LD_LIBRARY_PATH=/home/armando30/robotsprj/install/conveyorbelt_msgs/lib:/home/armando30/robotsprj/install/ur_robot_driver/lib:/home/armando30/robotsprj/install/ur_controllers/lib:/home/armando30/robotsprj/install/ur_dashboard_msgs/lib:/home/armando30/robotsprj/install/ros2_linkattacher/lib:/home/armando30/robotsprj/install/ros2_conveyorbelt/lib:/home/armando30/robotsprj/install/linkattacher_msgs/lib:/opt/ros/humble/opt/rviz_ogre_vendor/lib:/opt/ros/humble/lib/x86_64-linux-gnu:/opt/ros/humble/lib /usr/bin/cmake --build /home/armando30/robotsprj/build/ros2_conveyorbelt -- -j8 -l8
[0.428s] [35m[1mConsolidate compiler generated dependencies of target ros2_conveyorbelt_plugin[0m
[1.039s] [100%] Built target ros2_conveyorbelt_plugin
[1.079s] Invoked command in '/home/armando30/robotsprj/build/ros2_conveyorbelt' returned '0': CMAKE_PREFIX_PATH=/home/armando30/robotsprj/install/conveyorbelt_msgs:/home/armando30/robotsprj/install/ur:/home/armando30/robotsprj/install/ur_calibration:/home/armando30/robotsprj/install/ur_robot_driver:/home/armando30/robotsprj/install/ur_moveit_config:/home/armando30/robotsprj/install/ur_bringup:/home/armando30/robotsprj/install/ur_controllers:/home/armando30/robotsprj/install/ur_dashboard_msgs:/home/armando30/robotsprj/install/ros2_linkattacher:/home/armando30/robotsprj/install/ros2_conveyorbelt:/home/armando30/robotsprj/install/linkattacher_msgs:/home/armando30/robotsprj/install/conveyorbelt_gazebo:/opt/ros/humble LD_LIBRARY_PATH=/home/armando30/robotsprj/install/conveyorbelt_msgs/lib:/home/armando30/robotsprj/install/ur_robot_driver/lib:/home/armando30/robotsprj/install/ur_controllers/lib:/home/armando30/robotsprj/install/ur_dashboard_msgs/lib:/home/armando30/robotsprj/install/ros2_linkattacher/lib:/home/armando30/robotsprj/install/ros2_conveyorbelt/lib:/home/armando30/robotsprj/install/linkattacher_msgs/lib:/opt/ros/humble/opt/rviz_ogre_vendor/lib:/opt/ros/humble/lib/x86_64-linux-gnu:/opt/ros/humble/lib /usr/bin/cmake --build /home/armando30/robotsprj/build/ros2_conveyorbelt -- -j8 -l8
[1.102s] Invoking command in '/home/armando30/robotsprj/build/ros2_conveyorbelt': CMAKE_PREFIX_PATH=/home/armando30/robotsprj/install/conveyorbelt_msgs:/home/armando30/robotsprj/install/ur:/home/armando30/robotsprj/install/ur_calibration:/home/armando30/robotsprj/install/ur_robot_driver:/home/armando30/robotsprj/install/ur_moveit_config:/home/armando30/robotsprj/install/ur_bringup:/home/armando30/robotsprj/install/ur_controllers:/home/armando30/robotsprj/install/ur_dashboard_msgs:/home/armando30/robotsprj/install/ros2_linkattacher:/home/armando30/robotsprj/install/ros2_conveyorbelt:/home/armando30/robotsprj/install/linkattacher_msgs:/home/armando30/robotsprj/install/conveyorbelt_gazebo:/opt/ros/humble LD_LIBRARY_PATH=/home/armando30/robotsprj/install/conveyorbelt_msgs/lib:/home/armando30/robotsprj/install/ur_robot_driver/lib:/home/armando30/robotsprj/install/ur_controllers/lib:/home/armando30/robotsprj/install/ur_dashboard_msgs/lib:/home/armando30/robotsprj/install/ros2_linkattacher/lib:/home/armando30/robotsprj/install/ros2_conveyorbelt/lib:/home/armando30/robotsprj/install/linkattacher_msgs/lib:/opt/ros/humble/opt/rviz_ogre_vendor/lib:/opt/ros/humble/lib/x86_64-linux-gnu:/opt/ros/humble/lib /usr/bin/cmake --install /home/armando30/robotsprj/build/ros2_conveyorbelt
[1.129s] -- Install configuration: ""
[1.138s] -- Execute custom install script
[1.139s] -- Up-to-date symlink: /home/armando30/robotsprj/install/ros2_conveyorbelt/share/ros2_conveyorbelt/environment/library_path.sh
[1.139s] -- Up-to-date symlink: /home/armando30/robotsprj/install/ros2_conveyorbelt/share/ros2_conveyorbelt/environment/library_path.dsv
[1.158s] -- Up-to-date symlink: /home/armando30/robotsprj/install/ros2_conveyorbelt/lib/libros2_conveyorbelt_plugin.so
[1.159s] -- Up-to-date symlink: /home/armando30/robotsprj/install/ros2_conveyorbelt/share/ros2_conveyorbelt/python/SpawnObject.py
[1.160s] -- Up-to-date symlink: /home/armando30/robotsprj/install/ros2_conveyorbelt/lib/ros2_conveyorbelt/SpawnObject.py
[1.161s] -- Up-to-date symlink: /home/armando30/robotsprj/install/ros2_conveyorbelt/share/ament_index/resource_index/package_run_dependencies/ros2_conveyorbelt
[1.162s] -- Up-to-date symlink: /home/armando30/robotsprj/install/ros2_conveyorbelt/share/ament_index/resource_index/parent_prefix_path/ros2_conveyorbelt
[1.162s] -- Up-to-date symlink: /home/armando30/robotsprj/install/ros2_conveyorbelt/share/ros2_conveyorbelt/environment/ament_prefix_path.sh
[1.163s] -- Up-to-date symlink: /home/armando30/robotsprj/install/ros2_conveyorbelt/share/ros2_conveyorbelt/environment/ament_prefix_path.dsv
[1.164s] -- Up-to-date symlink: /home/armando30/robotsprj/install/ros2_conveyorbelt/share/ros2_conveyorbelt/environment/path.sh
[1.165s] -- Up-to-date symlink: /home/armando30/robotsprj/install/ros2_conveyorbelt/share/ros2_conveyorbelt/environment/path.dsv
[1.166s] -- Up-to-date symlink: /home/armando30/robotsprj/install/ros2_conveyorbelt/share/ros2_conveyorbelt/local_setup.bash
[1.166s] -- Up-to-date symlink: /home/armando30/robotsprj/install/ros2_conveyorbelt/share/ros2_conveyorbelt/local_setup.sh
[1.167s] -- Up-to-date symlink: /home/armando30/robotsprj/install/ros2_conveyorbelt/share/ros2_conveyorbelt/local_setup.zsh
[1.168s] -- Up-to-date symlink: /home/armando30/robotsprj/install/ros2_conveyorbelt/share/ros2_conveyorbelt/local_setup.dsv
[1.168s] -- Symlinking: /home/armando30/robotsprj/install/ros2_conveyorbelt/share/ros2_conveyorbelt/package.dsv
[1.206s] -- Up-to-date symlink: /home/armando30/robotsprj/install/ros2_conveyorbelt/share/ament_index/resource_index/packages/ros2_conveyorbelt
[1.206s] -- Up-to-date symlink: /home/armando30/robotsprj/install/ros2_conveyorbelt/share/ros2_conveyorbelt/cmake/ament_cmake_export_libraries-extras.cmake
[1.207s] -- Up-to-date symlink: /home/armando30/robotsprj/install/ros2_conveyorbelt/share/ros2_conveyorbelt/cmake/ros2_conveyorbeltConfig.cmake
[1.208s] -- Up-to-date symlink: /home/armando30/robotsprj/install/ros2_conveyorbelt/share/ros2_conveyorbelt/cmake/ros2_conveyorbeltConfig-version.cmake
[1.208s] -- Up-to-date symlink: /home/armando30/robotsprj/install/ros2_conveyorbelt/share/ros2_conveyorbelt/package.xml
[1.217s] Invoked command in '/home/armando30/robotsprj/build/ros2_conveyorbelt' returned '0': CMAKE_PREFIX_PATH=/home/armando30/robotsprj/install/conveyorbelt_msgs:/home/armando30/robotsprj/install/ur:/home/armando30/robotsprj/install/ur_calibration:/home/armando30/robotsprj/install/ur_robot_driver:/home/armando30/robotsprj/install/ur_moveit_config:/home/armando30/robotsprj/install/ur_bringup:/home/armando30/robotsprj/install/ur_controllers:/home/armando30/robotsprj/install/ur_dashboard_msgs:/home/armando30/robotsprj/install/ros2_linkattacher:/home/armando30/robotsprj/install/ros2_conveyorbelt:/home/armando30/robotsprj/install/linkattacher_msgs:/home/armando30/robotsprj/install/conveyorbelt_gazebo:/opt/ros/humble LD_LIBRARY_PATH=/home/armando30/robotsprj/install/conveyorbelt_msgs/lib:/home/armando30/robotsprj/install/ur_robot_driver/lib:/home/armando30/robotsprj/install/ur_controllers/lib:/home/armando30/robotsprj/install/ur_dashboard_msgs/lib:/home/armando30/robotsprj/install/ros2_linkattacher/lib:/home/armando30/robotsprj/install/ros2_conveyorbelt/lib:/home/armando30/robotsprj/install/linkattacher_msgs/lib:/opt/ros/humble/opt/rviz_ogre_vendor/lib:/opt/ros/humble/lib/x86_64-linux-gnu:/opt/ros/humble/lib /usr/bin/cmake --install /home/armando30/robotsprj/build/ros2_conveyorbelt
