[6.652s] Invoking command in '/home/armando30/robotsprj/build/ur5e_conveyor_bringup': PYTHONPATH=/home/armando30/robotsprj/build/ur5e_conveyor_bringup/prefix_override:/usr/lib/python3/dist-packages/colcon_core/task/python/colcon_distutils_commands:/home/armando30/robotsprj/install/ur5e_conveyor_bringup/lib/python3.10/site-packages:${PYTHONPATH} /usr/bin/python3 -W ignore:setup.py install is deprecated -W ignore:easy_install command is deprecated setup.py develop --editable --build-directory /home/armando30/robotsprj/build/ur5e_conveyor_bringup/build --no-deps symlink_data
[7.844s] running develop
[8.734s] running egg_info
[8.735s] creating ur5e_conveyor_bringup.egg-info
[8.736s] writing ur5e_conveyor_bringup.egg-info/PKG-INFO
[8.737s] writing dependency_links to ur5e_conveyor_bringup.egg-info/dependency_links.txt
[8.738s] writing entry points to ur5e_conveyor_bringup.egg-info/entry_points.txt
[8.738s] writing requirements to ur5e_conveyor_bringup.egg-info/requires.txt
[8.739s] writing top-level names to ur5e_conveyor_bringup.egg-info/top_level.txt
[8.739s] writing manifest file 'ur5e_conveyor_bringup.egg-info/SOURCES.txt'
[8.748s] reading manifest file 'ur5e_conveyor_bringup.egg-info/SOURCES.txt'
[8.752s] writing manifest file 'ur5e_conveyor_bringup.egg-info/SOURCES.txt'
[8.760s] running build_ext
[8.761s] Creating /home/armando30/robotsprj/install/ur5e_conveyor_bringup/lib/python3.10/site-packages/ur5e-conveyor-bringup.egg-link (link to .)
[8.765s] 
[8.766s] Installed /home/armando30/robotsprj/build/ur5e_conveyor_bringup
[8.766s] running symlink_data
[8.767s] creating /home/armando30/robotsprj/install/ur5e_conveyor_bringup/share/ament_index
[8.768s] creating /home/armando30/robotsprj/install/ur5e_conveyor_bringup/share/ament_index/resource_index
[8.769s] creating /home/armando30/robotsprj/install/ur5e_conveyor_bringup/share/ament_index/resource_index/packages
[8.769s] symbolically linking /home/armando30/robotsprj/build/ur5e_conveyor_bringup/resource/ur5e_conveyor_bringup -> /home/armando30/robotsprj/install/ur5e_conveyor_bringup/share/ament_index/resource_index/packages
[8.770s] symbolically linking /home/armando30/robotsprj/build/ur5e_conveyor_bringup/package.xml -> /home/armando30/robotsprj/install/ur5e_conveyor_bringup/share/ur5e_conveyor_bringup
[8.770s] creating /home/armando30/robotsprj/install/ur5e_conveyor_bringup/share/ur5e_conveyor_bringup/worlds
[8.771s] symbolically linking /home/armando30/robotsprj/build/ur5e_conveyor_bringup/worlds/conveyor_with_attacher.world -> /home/armando30/robotsprj/install/ur5e_conveyor_bringup/share/ur5e_conveyor_bringup/worlds
[8.771s] creating /home/armando30/robotsprj/install/ur5e_conveyor_bringup/share/ur5e_conveyor_bringup/urdf
[8.772s] symbolically linking /home/armando30/robotsprj/build/ur5e_conveyor_bringup/urdf/red_box.sdf -> /home/armando30/robotsprj/install/ur5e_conveyor_bringup/share/ur5e_conveyor_bringup/urdf
[8.772s] symbolically linking /home/armando30/robotsprj/build/ur5e_conveyor_bringup/urdf/red_box.urdf -> /home/armando30/robotsprj/install/ur5e_conveyor_bringup/share/ur5e_conveyor_bringup/urdf
[8.773s] symbolically linking /home/armando30/robotsprj/build/ur5e_conveyor_bringup/urdf/blue_box.urdf -> /home/armando30/robotsprj/install/ur5e_conveyor_bringup/share/ur5e_conveyor_bringup/urdf
[8.773s] symbolically linking /home/armando30/robotsprj/build/ur5e_conveyor_bringup/urdf/blue_box.sdf -> /home/armando30/robotsprj/install/ur5e_conveyor_bringup/share/ur5e_conveyor_bringup/urdf
[8.774s] creating /home/armando30/robotsprj/install/ur5e_conveyor_bringup/share/ur5e_conveyor_bringup/launch
[8.774s] symbolically linking /home/armando30/robotsprj/build/ur5e_conveyor_bringup/launch/bringup_all.launch.py -> /home/armando30/robotsprj/install/ur5e_conveyor_bringup/share/ur5e_conveyor_bringup/launch
[8.886s] Invoked command in '/home/armando30/robotsprj/build/ur5e_conveyor_bringup' returned '0': PYTHONPATH=/home/armando30/robotsprj/build/ur5e_conveyor_bringup/prefix_override:/usr/lib/python3/dist-packages/colcon_core/task/python/colcon_distutils_commands:/home/armando30/robotsprj/install/ur5e_conveyor_bringup/lib/python3.10/site-packages:${PYTHONPATH} /usr/bin/python3 -W ignore:setup.py install is deprecated -W ignore:easy_install command is deprecated setup.py develop --editable --build-directory /home/armando30/robotsprj/build/ur5e_conveyor_bringup/build --no-deps symlink_data
