[0.176s] Invoking command in '/home/armando30/robotsprj/build/ros2_linkattacher': CMAKE_PREFIX_PATH=/home/armando30/robotsprj/install/linkattacher_msgs:/home/armando30/robotsprj/install/ur:/home/armando30/robotsprj/install/ur_calibration:/home/armando30/robotsprj/install/ur_robot_driver:/home/armando30/robotsprj/install/ur_moveit_config:/home/armando30/robotsprj/install/ur_bringup:/home/armando30/robotsprj/install/ur_controllers:/home/armando30/robotsprj/install/ur_dashboard_msgs:/home/armando30/robotsprj/install/ros2_linkattacher:/home/armando30/robotsprj/install/ros2_conveyorbelt:/home/armando30/robotsprj/install/conveyorbelt_msgs:/home/armando30/robotsprj/install/conveyorbelt_gazebo:/opt/ros/humble LD_LIBRARY_PATH=/home/armando30/robotsprj/install/linkattacher_msgs/lib:/home/armando30/robotsprj/install/ur_robot_driver/lib:/home/armando30/robotsprj/install/ur_controllers/lib:/home/armando30/robotsprj/install/ur_dashboard_msgs/lib:/home/armando30/robotsprj/install/ros2_linkattacher/lib:/home/armando30/robotsprj/install/ros2_conveyorbelt/lib:/home/armando30/robotsprj/install/conveyorbelt_msgs/lib:/opt/ros/humble/opt/rviz_ogre_vendor/lib:/opt/ros/humble/lib/x86_64-linux-gnu:/opt/ros/humble/lib /usr/bin/cmake --build /home/armando30/robotsprj/build/ros2_linkattacher -- -j8 -l8
[0.522s] [35m[1mConsolidate compiler generated dependencies of target gazebo_link_attacher[0m
[1.183s] [100%] Built target gazebo_link_attacher
[1.223s] Invoked command in '/home/armando30/robotsprj/build/ros2_linkattacher' returned '0': CMAKE_PREFIX_PATH=/home/armando30/robotsprj/install/linkattacher_msgs:/home/armando30/robotsprj/install/ur:/home/armando30/robotsprj/install/ur_calibration:/home/armando30/robotsprj/install/ur_robot_driver:/home/armando30/robotsprj/install/ur_moveit_config:/home/armando30/robotsprj/install/ur_bringup:/home/armando30/robotsprj/install/ur_controllers:/home/armando30/robotsprj/install/ur_dashboard_msgs:/home/armando30/robotsprj/install/ros2_linkattacher:/home/armando30/robotsprj/install/ros2_conveyorbelt:/home/armando30/robotsprj/install/conveyorbelt_msgs:/home/armando30/robotsprj/install/conveyorbelt_gazebo:/opt/ros/humble LD_LIBRARY_PATH=/home/armando30/robotsprj/install/linkattacher_msgs/lib:/home/armando30/robotsprj/install/ur_robot_driver/lib:/home/armando30/robotsprj/install/ur_controllers/lib:/home/armando30/robotsprj/install/ur_dashboard_msgs/lib:/home/armando30/robotsprj/install/ros2_linkattacher/lib:/home/armando30/robotsprj/install/ros2_conveyorbelt/lib:/home/armando30/robotsprj/install/conveyorbelt_msgs/lib:/opt/ros/humble/opt/rviz_ogre_vendor/lib:/opt/ros/humble/lib/x86_64-linux-gnu:/opt/ros/humble/lib /usr/bin/cmake --build /home/armando30/robotsprj/build/ros2_linkattacher -- -j8 -l8
[1.230s] Invoking command in '/home/armando30/robotsprj/build/ros2_linkattacher': CMAKE_PREFIX_PATH=/home/armando30/robotsprj/install/linkattacher_msgs:/home/armando30/robotsprj/install/ur:/home/armando30/robotsprj/install/ur_calibration:/home/armando30/robotsprj/install/ur_robot_driver:/home/armando30/robotsprj/install/ur_moveit_config:/home/armando30/robotsprj/install/ur_bringup:/home/armando30/robotsprj/install/ur_controllers:/home/armando30/robotsprj/install/ur_dashboard_msgs:/home/armando30/robotsprj/install/ros2_linkattacher:/home/armando30/robotsprj/install/ros2_conveyorbelt:/home/armando30/robotsprj/install/conveyorbelt_msgs:/home/armando30/robotsprj/install/conveyorbelt_gazebo:/opt/ros/humble LD_LIBRARY_PATH=/home/armando30/robotsprj/install/linkattacher_msgs/lib:/home/armando30/robotsprj/install/ur_robot_driver/lib:/home/armando30/robotsprj/install/ur_controllers/lib:/home/armando30/robotsprj/install/ur_dashboard_msgs/lib:/home/armando30/robotsprj/install/ros2_linkattacher/lib:/home/armando30/robotsprj/install/ros2_conveyorbelt/lib:/home/armando30/robotsprj/install/conveyorbelt_msgs/lib:/opt/ros/humble/opt/rviz_ogre_vendor/lib:/opt/ros/humble/lib/x86_64-linux-gnu:/opt/ros/humble/lib /usr/bin/cmake --install /home/armando30/robotsprj/build/ros2_linkattacher
[1.258s] -- Install configuration: ""
[1.278s] -- Execute custom install script
[1.279s] -- Up-to-date symlink: /home/armando30/robotsprj/install/ros2_linkattacher/share/ros2_linkattacher/environment/library_path.sh
[1.280s] -- Up-to-date symlink: /home/armando30/robotsprj/install/ros2_linkattacher/share/ros2_linkattacher/environment/library_path.dsv
[1.281s] -- Up-to-date symlink: /home/armando30/robotsprj/install/ros2_linkattacher/lib/libgazebo_link_attacher.so
[1.284s] -- Up-to-date symlink: /home/armando30/robotsprj/install/ros2_linkattacher/share/ament_index/resource_index/package_run_dependencies/ros2_linkattacher
[1.284s] -- Up-to-date symlink: /home/armando30/robotsprj/install/ros2_linkattacher/share/ament_index/resource_index/parent_prefix_path/ros2_linkattacher
[1.285s] -- Up-to-date symlink: /home/armando30/robotsprj/install/ros2_linkattacher/share/ros2_linkattacher/environment/ament_prefix_path.sh
[1.286s] -- Up-to-date symlink: /home/armando30/robotsprj/install/ros2_linkattacher/share/ros2_linkattacher/environment/ament_prefix_path.dsv
[1.287s] -- Up-to-date symlink: /home/armando30/robotsprj/install/ros2_linkattacher/share/ros2_linkattacher/environment/path.sh
[1.288s] -- Up-to-date symlink: /home/armando30/robotsprj/install/ros2_linkattacher/share/ros2_linkattacher/environment/path.dsv
[1.289s] -- Up-to-date symlink: /home/armando30/robotsprj/install/ros2_linkattacher/share/ros2_linkattacher/local_setup.bash
[1.290s] -- Up-to-date symlink: /home/armando30/robotsprj/install/ros2_linkattacher/share/ros2_linkattacher/local_setup.sh
[1.291s] -- Up-to-date symlink: /home/armando30/robotsprj/install/ros2_linkattacher/share/ros2_linkattacher/local_setup.zsh
[1.292s] -- Up-to-date symlink: /home/armando30/robotsprj/install/ros2_linkattacher/share/ros2_linkattacher/local_setup.dsv
[1.293s] -- Symlinking: /home/armando30/robotsprj/install/ros2_linkattacher/share/ros2_linkattacher/package.dsv
[1.333s] -- Up-to-date symlink: /home/armando30/robotsprj/install/ros2_linkattacher/share/ament_index/resource_index/packages/ros2_linkattacher
[1.333s] -- Up-to-date symlink: /home/armando30/robotsprj/install/ros2_linkattacher/share/ros2_linkattacher/cmake/ament_cmake_export_libraries-extras.cmake
[1.334s] -- Up-to-date symlink: /home/armando30/robotsprj/install/ros2_linkattacher/share/ros2_linkattacher/cmake/ros2_linkattacherConfig.cmake
[1.335s] -- Up-to-date symlink: /home/armando30/robotsprj/install/ros2_linkattacher/share/ros2_linkattacher/cmake/ros2_linkattacherConfig-version.cmake
[1.337s] -- Up-to-date symlink: /home/armando30/robotsprj/install/ros2_linkattacher/share/ros2_linkattacher/package.xml
[1.400s] Invoked command in '/home/armando30/robotsprj/build/ros2_linkattacher' returned '0': CMAKE_PREFIX_PATH=/home/armando30/robotsprj/install/linkattacher_msgs:/home/armando30/robotsprj/install/ur:/home/armando30/robotsprj/install/ur_calibration:/home/armando30/robotsprj/install/ur_robot_driver:/home/armando30/robotsprj/install/ur_moveit_config:/home/armando30/robotsprj/install/ur_bringup:/home/armando30/robotsprj/install/ur_controllers:/home/armando30/robotsprj/install/ur_dashboard_msgs:/home/armando30/robotsprj/install/ros2_linkattacher:/home/armando30/robotsprj/install/ros2_conveyorbelt:/home/armando30/robotsprj/install/conveyorbelt_msgs:/home/armando30/robotsprj/install/conveyorbelt_gazebo:/opt/ros/humble LD_LIBRARY_PATH=/home/armando30/robotsprj/install/linkattacher_msgs/lib:/home/armando30/robotsprj/install/ur_robot_driver/lib:/home/armando30/robotsprj/install/ur_controllers/lib:/home/armando30/robotsprj/install/ur_dashboard_msgs/lib:/home/armando30/robotsprj/install/ros2_linkattacher/lib:/home/armando30/robotsprj/install/ros2_conveyorbelt/lib:/home/armando30/robotsprj/install/conveyorbelt_msgs/lib:/opt/ros/humble/opt/rviz_ogre_vendor/lib:/opt/ros/humble/lib/x86_64-linux-gnu:/opt/ros/humble/lib /usr/bin/cmake --install /home/armando30/robotsprj/build/ros2_linkattacher
