[0.110s] Invoking command in '/home/armando30/robotsprj/build/linkattacher_msgs': CMAKE_PREFIX_PATH=${CMAKE_PREFIX_PATH}:/opt/ros/humble /usr/bin/cmake --build /home/armando30/robotsprj/build/linkattacher_msgs -- -j8 -l8
[0.448s] [  2%] Built target linkattacher_msgs__cpp
[0.499s] [  2%] Built target ament_cmake_python_symlink_linkattacher_msgs
[0.565s] [ 12%] Built target linkattacher_msgs__rosidl_generator_c
[0.760s] [ 23%] Built target linkattacher_msgs__rosidl_typesupport_introspection_c
[0.780s] [ 43%] Built target linkattacher_msgs__rosidl_typesupport_fastrtps_cpp
[0.780s] [ 43%] Built target linkattacher_msgs__rosidl_typesupport_cpp
[0.791s] [ 53%] Built target linkattacher_msgs__rosidl_typesupport_introspection_cpp
[0.869s] [ 64%] Built target linkattacher_msgs__rosidl_typesupport_fastrtps_c
[0.917s] [ 74%] Built target linkattacher_msgs__rosidl_typesupport_c
[1.064s] [ 74%] Built target linkattacher_msgs
[1.227s] [ 76%] Built target linkattacher_msgs__py
[1.360s] [ 84%] Built target linkattacher_msgs__rosidl_generator_py
[1.537s] [ 89%] Built target linkattacher_msgs__rosidl_typesupport_fastrtps_c__pyext
[1.568s] [ 97%] Built target linkattacher_msgs__rosidl_typesupport_c__pyext
[1.569s] [100%] Built target linkattacher_msgs__rosidl_typesupport_introspection_c__pyext
[2.427s] running egg_info
[2.434s] writing linkattacher_msgs.egg-info/PKG-INFO
[2.434s] writing dependency_links to linkattacher_msgs.egg-info/dependency_links.txt
[2.435s] writing top-level names to linkattacher_msgs.egg-info/top_level.txt
[2.445s] reading manifest file 'linkattacher_msgs.egg-info/SOURCES.txt'
[2.449s] writing manifest file 'linkattacher_msgs.egg-info/SOURCES.txt'
[2.552s] [100%] Built target ament_cmake_python_build_linkattacher_msgs_egg
[2.628s] Invoked command in '/home/armando30/robotsprj/build/linkattacher_msgs' returned '0': CMAKE_PREFIX_PATH=${CMAKE_PREFIX_PATH}:/opt/ros/humble /usr/bin/cmake --build /home/armando30/robotsprj/build/linkattacher_msgs -- -j8 -l8
[2.649s] Invoking command in '/home/armando30/robotsprj/build/linkattacher_msgs': CMAKE_PREFIX_PATH=${CMAKE_PREFIX_PATH}:/opt/ros/humble /usr/bin/cmake --install /home/armando30/robotsprj/build/linkattacher_msgs
[2.706s] -- Install configuration: ""
[2.710s] -- Execute custom install script
[2.712s] -- Up-to-date symlink: /home/armando30/robotsprj/install/linkattacher_msgs/share/linkattacher_msgs/srv/AttachLink.srv
[2.713s] -- Up-to-date symlink: /home/armando30/robotsprj/install/linkattacher_msgs/share/linkattacher_msgs/srv/DetachLink.srv
[2.715s] -- Up-to-date symlink: /home/armando30/robotsprj/install/linkattacher_msgs/share/ament_index/resource_index/rosidl_interfaces/linkattacher_msgs
[2.717s] -- Up-to-date symlink: /home/armando30/robotsprj/install/linkattacher_msgs/include/linkattacher_msgs/linkattacher_msgs/msg/rosidl_generator_c__visibility_control.h
[2.719s] -- Up-to-date symlink: /home/armando30/robotsprj/install/linkattacher_msgs/include/linkattacher_msgs/linkattacher_msgs/srv/attach_link.h
[2.721s] -- Up-to-date symlink: /home/armando30/robotsprj/install/linkattacher_msgs/include/linkattacher_msgs/linkattacher_msgs/srv/detach_link.h
[2.722s] -- Up-to-date symlink: /home/armando30/robotsprj/install/linkattacher_msgs/include/linkattacher_msgs/linkattacher_msgs/srv/detail/attach_link__functions.h
[2.722s] -- Up-to-date symlink: /home/armando30/robotsprj/install/linkattacher_msgs/include/linkattacher_msgs/linkattacher_msgs/srv/detail/attach_link__struct.h
[2.725s] -- Up-to-date symlink: /home/armando30/robotsprj/install/linkattacher_msgs/include/linkattacher_msgs/linkattacher_msgs/srv/detail/attach_link__type_support.h
[2.725s] -- Up-to-date symlink: /home/armando30/robotsprj/install/linkattacher_msgs/include/linkattacher_msgs/linkattacher_msgs/srv/detail/detach_link__functions.h
[2.726s] -- Up-to-date symlink: /home/armando30/robotsprj/install/linkattacher_msgs/include/linkattacher_msgs/linkattacher_msgs/srv/detail/detach_link__struct.h
[2.728s] -- Up-to-date symlink: /home/armando30/robotsprj/install/linkattacher_msgs/include/linkattacher_msgs/linkattacher_msgs/srv/detail/detach_link__type_support.h
[2.729s] -- Up-to-date symlink: /home/armando30/robotsprj/install/linkattacher_msgs/share/linkattacher_msgs/environment/library_path.sh
[2.731s] -- Up-to-date symlink: /home/armando30/robotsprj/install/linkattacher_msgs/share/linkattacher_msgs/environment/library_path.dsv
[2.734s] -- Up-to-date symlink: /home/armando30/robotsprj/install/linkattacher_msgs/include/linkattacher_msgs/linkattacher_msgs/msg/rosidl_typesupport_fastrtps_c__visibility_control.h
[2.741s] -- Up-to-date symlink: /home/armando30/robotsprj/install/linkattacher_msgs/include/linkattacher_msgs/linkattacher_msgs/srv/detail/attach_link__rosidl_typesupport_fastrtps_c.h
[2.741s] -- Up-to-date symlink: /home/armando30/robotsprj/install/linkattacher_msgs/include/linkattacher_msgs/linkattacher_msgs/srv/detail/detach_link__rosidl_typesupport_fastrtps_c.h
[2.748s] -- Up-to-date symlink: /home/armando30/robotsprj/install/linkattacher_msgs/include/linkattacher_msgs/linkattacher_msgs/msg/rosidl_typesupport_introspection_c__visibility_control.h
[2.754s] -- Up-to-date symlink: /home/armando30/robotsprj/install/linkattacher_msgs/include/linkattacher_msgs/linkattacher_msgs/srv/detail/attach_link__rosidl_typesupport_introspection_c.h
[2.761s] -- Up-to-date symlink: /home/armando30/robotsprj/install/linkattacher_msgs/include/linkattacher_msgs/linkattacher_msgs/srv/detail/detach_link__rosidl_typesupport_introspection_c.h
[2.769s] -- Up-to-date symlink: /home/armando30/robotsprj/install/linkattacher_msgs/include/linkattacher_msgs/linkattacher_msgs/msg/rosidl_generator_cpp__visibility_control.hpp
[2.779s] -- Up-to-date symlink: /home/armando30/robotsprj/install/linkattacher_msgs/include/linkattacher_msgs/linkattacher_msgs/srv/attach_link.hpp
[2.787s] -- Up-to-date symlink: /home/armando30/robotsprj/install/linkattacher_msgs/include/linkattacher_msgs/linkattacher_msgs/srv/detach_link.hpp
[2.788s] -- Up-to-date symlink: /home/armando30/robotsprj/install/linkattacher_msgs/include/linkattacher_msgs/linkattacher_msgs/srv/detail/attach_link__builder.hpp
[2.789s] -- Up-to-date symlink: /home/armando30/robotsprj/install/linkattacher_msgs/include/linkattacher_msgs/linkattacher_msgs/srv/detail/attach_link__struct.hpp
[2.800s] -- Up-to-date symlink: /home/armando30/robotsprj/install/linkattacher_msgs/include/linkattacher_msgs/linkattacher_msgs/srv/detail/attach_link__traits.hpp
[2.806s] -- Up-to-date symlink: /home/armando30/robotsprj/install/linkattacher_msgs/include/linkattacher_msgs/linkattacher_msgs/srv/detail/attach_link__type_support.hpp
[2.810s] -- Up-to-date symlink: /home/armando30/robotsprj/install/linkattacher_msgs/include/linkattacher_msgs/linkattacher_msgs/srv/detail/detach_link__builder.hpp
[2.811s] -- Up-to-date symlink: /home/armando30/robotsprj/install/linkattacher_msgs/include/linkattacher_msgs/linkattacher_msgs/srv/detail/detach_link__struct.hpp
[2.827s] -- Up-to-date symlink: /home/armando30/robotsprj/install/linkattacher_msgs/include/linkattacher_msgs/linkattacher_msgs/srv/detail/detach_link__traits.hpp
[2.828s] -- Up-to-date symlink: /home/armando30/robotsprj/install/linkattacher_msgs/include/linkattacher_msgs/linkattacher_msgs/srv/detail/detach_link__type_support.hpp
[2.833s] -- Up-to-date symlink: /home/armando30/robotsprj/install/linkattacher_msgs/include/linkattacher_msgs/linkattacher_msgs/msg/rosidl_typesupport_fastrtps_cpp__visibility_control.h
[2.840s] -- Up-to-date symlink: /home/armando30/robotsprj/install/linkattacher_msgs/include/linkattacher_msgs/linkattacher_msgs/srv/detail/attach_link__rosidl_typesupport_fastrtps_cpp.hpp
[2.843s] -- Up-to-date symlink: /home/armando30/robotsprj/install/linkattacher_msgs/include/linkattacher_msgs/linkattacher_msgs/srv/detail/detach_link__rosidl_typesupport_fastrtps_cpp.hpp
[2.848s] -- Up-to-date symlink: /home/armando30/robotsprj/install/linkattacher_msgs/include/linkattacher_msgs/linkattacher_msgs/srv/detail/attach_link__rosidl_typesupport_introspection_cpp.hpp
[2.851s] -- Up-to-date symlink: /home/armando30/robotsprj/install/linkattacher_msgs/include/linkattacher_msgs/linkattacher_msgs/srv/detail/detach_link__rosidl_typesupport_introspection_cpp.hpp
[2.852s] -- Up-to-date symlink: /home/armando30/robotsprj/install/linkattacher_msgs/share/linkattacher_msgs/environment/pythonpath.sh
[2.855s] -- Up-to-date symlink: /home/armando30/robotsprj/install/linkattacher_msgs/share/linkattacher_msgs/environment/pythonpath.dsv
[2.857s] -- Up-to-date symlink: /home/armando30/robotsprj/install/linkattacher_msgs/local/lib/python3.10/dist-packages/linkattacher_msgs-0.0.0-py3.10.egg-info/PKG-INFO
[2.907s] -- Up-to-date symlink: /home/armando30/robotsprj/install/linkattacher_msgs/local/lib/python3.10/dist-packages/linkattacher_msgs-0.0.0-py3.10.egg-info/SOURCES.txt
[2.908s] -- Up-to-date symlink: /home/armando30/robotsprj/install/linkattacher_msgs/local/lib/python3.10/dist-packages/linkattacher_msgs-0.0.0-py3.10.egg-info/dependency_links.txt
[2.909s] -- Up-to-date symlink: /home/armando30/robotsprj/install/linkattacher_msgs/local/lib/python3.10/dist-packages/linkattacher_msgs-0.0.0-py3.10.egg-info/top_level.txt
[2.921s] -- Up-to-date symlink: /home/armando30/robotsprj/install/linkattacher_msgs/local/lib/python3.10/dist-packages/linkattacher_msgs/__init__.py
[2.922s] -- Up-to-date symlink: /home/armando30/robotsprj/install/linkattacher_msgs/local/lib/python3.10/dist-packages/linkattacher_msgs/_linkattacher_msgs_s.ep.rosidl_typesupport_c.c
[2.922s] -- Up-to-date symlink: /home/armando30/robotsprj/install/linkattacher_msgs/local/lib/python3.10/dist-packages/linkattacher_msgs/_linkattacher_msgs_s.ep.rosidl_typesupport_fastrtps_c.c
[2.925s] -- Up-to-date symlink: /home/armando30/robotsprj/install/linkattacher_msgs/local/lib/python3.10/dist-packages/linkattacher_msgs/_linkattacher_msgs_s.ep.rosidl_typesupport_introspection_c.c
[2.926s] -- Up-to-date symlink: /home/armando30/robotsprj/install/linkattacher_msgs/local/lib/python3.10/dist-packages/linkattacher_msgs/liblinkattacher_msgs__rosidl_generator_py.so
[2.937s] -- Up-to-date symlink: /home/armando30/robotsprj/install/linkattacher_msgs/local/lib/python3.10/dist-packages/linkattacher_msgs/linkattacher_msgs_s__rosidl_typesupport_c.cpython-310-x86_64-linux-gnu.so
[2.946s] -- Up-to-date symlink: /home/armando30/robotsprj/install/linkattacher_msgs/local/lib/python3.10/dist-packages/linkattacher_msgs/linkattacher_msgs_s__rosidl_typesupport_fastrtps_c.cpython-310-x86_64-linux-gnu.so
[2.947s] -- Up-to-date symlink: /home/armando30/robotsprj/install/linkattacher_msgs/local/lib/python3.10/dist-packages/linkattacher_msgs/linkattacher_msgs_s__rosidl_typesupport_introspection_c.cpython-310-x86_64-linux-gnu.so
[2.950s] -- Up-to-date symlink: /home/armando30/robotsprj/install/linkattacher_msgs/local/lib/python3.10/dist-packages/linkattacher_msgs/srv/__init__.py
[2.955s] -- Up-to-date symlink: /home/armando30/robotsprj/install/linkattacher_msgs/local/lib/python3.10/dist-packages/linkattacher_msgs/srv/_attach_link.py
[2.958s] -- Up-to-date symlink: /home/armando30/robotsprj/install/linkattacher_msgs/local/lib/python3.10/dist-packages/linkattacher_msgs/srv/_attach_link_s.c
[2.959s] -- Up-to-date symlink: /home/armando30/robotsprj/install/linkattacher_msgs/local/lib/python3.10/dist-packages/linkattacher_msgs/srv/_detach_link.py
[2.960s] -- Up-to-date symlink: /home/armando30/robotsprj/install/linkattacher_msgs/local/lib/python3.10/dist-packages/linkattacher_msgs/srv/_detach_link_s.c
[2.963s] -- Up-to-date symlink: /home/armando30/robotsprj/install/linkattacher_msgs/local/lib/python3.10/dist-packages/linkattacher_msgs/linkattacher_msgs_s__rosidl_typesupport_fastrtps_c.cpython-310-x86_64-linux-gnu.so
[2.978s] -- Up-to-date symlink: /home/armando30/robotsprj/install/linkattacher_msgs/local/lib/python3.10/dist-packages/linkattacher_msgs/linkattacher_msgs_s__rosidl_typesupport_introspection_c.cpython-310-x86_64-linux-gnu.so
[2.985s] -- Up-to-date symlink: /home/armando30/robotsprj/install/linkattacher_msgs/local/lib/python3.10/dist-packages/linkattacher_msgs/linkattacher_msgs_s__rosidl_typesupport_c.cpython-310-x86_64-linux-gnu.so
[2.992s] -- Up-to-date symlink: /home/armando30/robotsprj/install/linkattacher_msgs/share/linkattacher_msgs/srv/AttachLink.idl
[2.993s] -- Up-to-date symlink: /home/armando30/robotsprj/install/linkattacher_msgs/share/linkattacher_msgs/srv/DetachLink.idl
[2.997s] -- Up-to-date symlink: /home/armando30/robotsprj/install/linkattacher_msgs/share/linkattacher_msgs/srv/AttachLink.srv
[2.998s] -- Up-to-date symlink: /home/armando30/robotsprj/install/linkattacher_msgs/share/linkattacher_msgs/srv/AttachLink_Request.msg
[3.002s] -- Up-to-date symlink: /home/armando30/robotsprj/install/linkattacher_msgs/share/linkattacher_msgs/srv/AttachLink_Response.msg
[3.008s] -- Up-to-date symlink: /home/armando30/robotsprj/install/linkattacher_msgs/share/linkattacher_msgs/srv/DetachLink.srv
[3.009s] -- Up-to-date symlink: /home/armando30/robotsprj/install/linkattacher_msgs/share/linkattacher_msgs/srv/DetachLink_Request.msg
[3.014s] -- Up-to-date symlink: /home/armando30/robotsprj/install/linkattacher_msgs/share/linkattacher_msgs/srv/DetachLink_Response.msg
[3.015s] -- Up-to-date symlink: /home/armando30/robotsprj/install/linkattacher_msgs/share/ament_index/resource_index/package_run_dependencies/linkattacher_msgs
[3.018s] -- Up-to-date symlink: /home/armando30/robotsprj/install/linkattacher_msgs/share/ament_index/resource_index/parent_prefix_path/linkattacher_msgs
[3.019s] -- Up-to-date symlink: /home/armando30/robotsprj/install/linkattacher_msgs/share/linkattacher_msgs/environment/ament_prefix_path.sh
[3.020s] -- Up-to-date symlink: /home/armando30/robotsprj/install/linkattacher_msgs/share/linkattacher_msgs/environment/ament_prefix_path.dsv
[3.020s] -- Up-to-date symlink: /home/armando30/robotsprj/install/linkattacher_msgs/share/linkattacher_msgs/environment/path.sh
[3.024s] -- Up-to-date symlink: /home/armando30/robotsprj/install/linkattacher_msgs/share/linkattacher_msgs/environment/path.dsv
[3.024s] -- Up-to-date symlink: /home/armando30/robotsprj/install/linkattacher_msgs/share/linkattacher_msgs/local_setup.bash
[3.025s] -- Up-to-date symlink: /home/armando30/robotsprj/install/linkattacher_msgs/share/linkattacher_msgs/local_setup.sh
[3.025s] -- Up-to-date symlink: /home/armando30/robotsprj/install/linkattacher_msgs/share/linkattacher_msgs/local_setup.zsh
[3.026s] -- Up-to-date symlink: /home/armando30/robotsprj/install/linkattacher_msgs/share/linkattacher_msgs/local_setup.dsv
[3.027s] -- Symlinking: /home/armando30/robotsprj/install/linkattacher_msgs/share/linkattacher_msgs/package.dsv
[3.056s] -- Up-to-date symlink: /home/armando30/robotsprj/install/linkattacher_msgs/share/ament_index/resource_index/packages/linkattacher_msgs
[3.058s] -- Up-to-date symlink: /home/armando30/robotsprj/install/linkattacher_msgs/share/linkattacher_msgs/cmake/rosidl_cmake-extras.cmake
[3.060s] -- Up-to-date symlink: /home/armando30/robotsprj/install/linkattacher_msgs/share/linkattacher_msgs/cmake/ament_cmake_export_include_directories-extras.cmake
[3.064s] -- Up-to-date symlink: /home/armando30/robotsprj/install/linkattacher_msgs/share/linkattacher_msgs/cmake/ament_cmake_export_libraries-extras.cmake
[3.065s] -- Up-to-date symlink: /home/armando30/robotsprj/install/linkattacher_msgs/share/linkattacher_msgs/cmake/ament_cmake_export_targets-extras.cmake
[3.066s] -- Up-to-date symlink: /home/armando30/robotsprj/install/linkattacher_msgs/share/linkattacher_msgs/cmake/rosidl_cmake_export_typesupport_targets-extras.cmake
[3.066s] -- Up-to-date symlink: /home/armando30/robotsprj/install/linkattacher_msgs/share/linkattacher_msgs/cmake/ament_cmake_export_dependencies-extras.cmake
[3.067s] -- Up-to-date symlink: /home/armando30/robotsprj/install/linkattacher_msgs/share/linkattacher_msgs/cmake/rosidl_cmake_export_typesupport_libraries-extras.cmake
[3.068s] -- Up-to-date symlink: /home/armando30/robotsprj/install/linkattacher_msgs/share/linkattacher_msgs/cmake/linkattacher_msgsConfig.cmake
[3.073s] -- Up-to-date symlink: /home/armando30/robotsprj/install/linkattacher_msgs/share/linkattacher_msgs/cmake/linkattacher_msgsConfig-version.cmake
[3.075s] -- Up-to-date symlink: /home/armando30/robotsprj/install/linkattacher_msgs/share/linkattacher_msgs/package.xml
[3.081s] -- Up-to-date: /home/armando30/robotsprj/install/linkattacher_msgs/lib/liblinkattacher_msgs__rosidl_generator_c.so
[3.089s] -- Up-to-date: /home/armando30/robotsprj/install/linkattacher_msgs/lib/liblinkattacher_msgs__rosidl_typesupport_fastrtps_c.so
[3.089s] -- Up-to-date: /home/armando30/robotsprj/install/linkattacher_msgs/lib/liblinkattacher_msgs__rosidl_typesupport_introspection_c.so
[3.096s] -- Up-to-date: /home/armando30/robotsprj/install/linkattacher_msgs/lib/liblinkattacher_msgs__rosidl_typesupport_c.so
[3.097s] -- Up-to-date: /home/armando30/robotsprj/install/linkattacher_msgs/lib/liblinkattacher_msgs__rosidl_typesupport_fastrtps_cpp.so
[3.101s] -- Up-to-date: /home/armando30/robotsprj/install/linkattacher_msgs/lib/liblinkattacher_msgs__rosidl_typesupport_introspection_cpp.so
[3.102s] -- Up-to-date: /home/armando30/robotsprj/install/linkattacher_msgs/lib/liblinkattacher_msgs__rosidl_typesupport_cpp.so
[3.284s] Listing '/home/armando30/robotsprj/install/linkattacher_msgs/local/lib/python3.10/dist-packages/linkattacher_msgs'...
[3.285s] Listing '/home/armando30/robotsprj/install/linkattacher_msgs/local/lib/python3.10/dist-packages/linkattacher_msgs/srv'...
[3.294s] -- Up-to-date: /home/armando30/robotsprj/install/linkattacher_msgs/lib/liblinkattacher_msgs__rosidl_generator_py.so
[3.300s] -- Up-to-date: /home/armando30/robotsprj/install/linkattacher_msgs/share/linkattacher_msgs/cmake/export_linkattacher_msgs__rosidl_generator_cExport.cmake
[3.301s] -- Up-to-date: /home/armando30/robotsprj/install/linkattacher_msgs/share/linkattacher_msgs/cmake/export_linkattacher_msgs__rosidl_generator_cExport-noconfig.cmake
[3.302s] -- Up-to-date: /home/armando30/robotsprj/install/linkattacher_msgs/share/linkattacher_msgs/cmake/export_linkattacher_msgs__rosidl_typesupport_fastrtps_cExport.cmake
[3.303s] -- Up-to-date: /home/armando30/robotsprj/install/linkattacher_msgs/share/linkattacher_msgs/cmake/export_linkattacher_msgs__rosidl_typesupport_fastrtps_cExport-noconfig.cmake
[3.307s] -- Up-to-date: /home/armando30/robotsprj/install/linkattacher_msgs/share/linkattacher_msgs/cmake/linkattacher_msgs__rosidl_typesupport_introspection_cExport.cmake
[3.309s] -- Up-to-date: /home/armando30/robotsprj/install/linkattacher_msgs/share/linkattacher_msgs/cmake/linkattacher_msgs__rosidl_typesupport_introspection_cExport-noconfig.cmake
[3.315s] -- Up-to-date: /home/armando30/robotsprj/install/linkattacher_msgs/share/linkattacher_msgs/cmake/linkattacher_msgs__rosidl_typesupport_cExport.cmake
[3.318s] -- Up-to-date: /home/armando30/robotsprj/install/linkattacher_msgs/share/linkattacher_msgs/cmake/linkattacher_msgs__rosidl_typesupport_cExport-noconfig.cmake
[3.320s] -- Up-to-date: /home/armando30/robotsprj/install/linkattacher_msgs/share/linkattacher_msgs/cmake/export_linkattacher_msgs__rosidl_generator_cppExport.cmake
[3.320s] -- Up-to-date: /home/armando30/robotsprj/install/linkattacher_msgs/share/linkattacher_msgs/cmake/export_linkattacher_msgs__rosidl_typesupport_fastrtps_cppExport.cmake
[3.321s] -- Up-to-date: /home/armando30/robotsprj/install/linkattacher_msgs/share/linkattacher_msgs/cmake/export_linkattacher_msgs__rosidl_typesupport_fastrtps_cppExport-noconfig.cmake
[3.322s] -- Up-to-date: /home/armando30/robotsprj/install/linkattacher_msgs/share/linkattacher_msgs/cmake/linkattacher_msgs__rosidl_typesupport_introspection_cppExport.cmake
[3.322s] -- Up-to-date: /home/armando30/robotsprj/install/linkattacher_msgs/share/linkattacher_msgs/cmake/linkattacher_msgs__rosidl_typesupport_introspection_cppExport-noconfig.cmake
[3.322s] -- Up-to-date: /home/armando30/robotsprj/install/linkattacher_msgs/share/linkattacher_msgs/cmake/linkattacher_msgs__rosidl_typesupport_cppExport.cmake
[3.324s] -- Up-to-date: /home/armando30/robotsprj/install/linkattacher_msgs/share/linkattacher_msgs/cmake/linkattacher_msgs__rosidl_typesupport_cppExport-noconfig.cmake
[3.325s] -- Up-to-date: /home/armando30/robotsprj/install/linkattacher_msgs/share/linkattacher_msgs/cmake/export_linkattacher_msgs__rosidl_generator_pyExport.cmake
[3.325s] -- Up-to-date: /home/armando30/robotsprj/install/linkattacher_msgs/share/linkattacher_msgs/cmake/export_linkattacher_msgs__rosidl_generator_pyExport-noconfig.cmake
[3.356s] Invoked command in '/home/armando30/robotsprj/build/linkattacher_msgs' returned '0': CMAKE_PREFIX_PATH=${CMAKE_PREFIX_PATH}:/opt/ros/humble /usr/bin/cmake --install /home/armando30/robotsprj/build/linkattacher_msgs
