[6.688s] Invoking command in '/home/armando30/robotsprj/build/palletizer_move': PYTHONPATH=/home/armando30/robotsprj/build/palletizer_move/prefix_override:/usr/lib/python3/dist-packages/colcon_core/task/python/colcon_distutils_commands:/home/armando30/robotsprj/install/palletizer_move/lib/python3.10/site-packages:${PYTHONPATH} /usr/bin/python3 -W ignore:setup.py install is deprecated -W ignore:easy_install command is deprecated setup.py develop --editable --build-directory /home/armando30/robotsprj/build/palletizer_move/build --no-deps symlink_data
[7.873s] running develop
[8.704s] running egg_info
[8.705s] creating palletizer_move.egg-info
[8.705s] writing palletizer_move.egg-info/PKG-INFO
[8.706s] writing dependency_links to palletizer_move.egg-info/dependency_links.txt
[8.708s] writing entry points to palletizer_move.egg-info/entry_points.txt
[8.708s] writing requirements to palletizer_move.egg-info/requires.txt
[8.709s] writing top-level names to palletizer_move.egg-info/top_level.txt
[8.709s] writing manifest file 'palletizer_move.egg-info/SOURCES.txt'
[8.715s] reading manifest file 'palletizer_move.egg-info/SOURCES.txt'
[8.717s] writing manifest file 'palletizer_move.egg-info/SOURCES.txt'
[8.722s] running build_ext
[8.723s] Creating /home/armando30/robotsprj/install/palletizer_move/lib/python3.10/site-packages/palletizer-move.egg-link (link to .)
[8.726s] Installing palletizer script to /home/armando30/robotsprj/install/palletizer_move/lib/palletizer_move
[8.727s] 
[8.728s] Installed /home/armando30/robotsprj/build/palletizer_move
[8.729s] running symlink_data
[8.729s] creating /home/armando30/robotsprj/install/palletizer_move/share/ament_index
[8.731s] creating /home/armando30/robotsprj/install/palletizer_move/share/ament_index/resource_index
[8.732s] creating /home/armando30/robotsprj/install/palletizer_move/share/ament_index/resource_index/packages
[8.732s] symbolically linking /home/armando30/robotsprj/build/palletizer_move/resource/palletizer_move -> /home/armando30/robotsprj/install/palletizer_move/share/ament_index/resource_index/packages
[8.733s] symbolically linking /home/armando30/robotsprj/build/palletizer_move/package.xml -> /home/armando30/robotsprj/install/palletizer_move/share/palletizer_move
[8.833s] Invoked command in '/home/armando30/robotsprj/build/palletizer_move' returned '0': PYTHONPATH=/home/armando30/robotsprj/build/palletizer_move/prefix_override:/usr/lib/python3/dist-packages/colcon_core/task/python/colcon_distutils_commands:/home/armando30/robotsprj/install/palletizer_move/lib/python3.10/site-packages:${PYTHONPATH} /usr/bin/python3 -W ignore:setup.py install is deprecated -W ignore:easy_install command is deprecated setup.py develop --editable --build-directory /home/armando30/robotsprj/build/palletizer_move/build --no-deps symlink_data
