[0.570s] DEBUG:colcon:Command line arguments: ['/usr/bin/colcon', 'build', '--symlink-install', '--packages-select', 'ur5e_conveyor_bringup', 'color_sorting_perception', 'palletizer_move']
[0.571s] DEBUG:colcon:Parsed command line arguments: Namespace(log_base=None, log_level=None, verb_name='build', build_base='build', install_base='install', merge_install=False, symlink_install=True, test_result_base=None, continue_on_error=False, executor='parallel', parallel_workers=8, event_handlers=None, ignore_user_meta=False, metas=['./colcon.meta'], base_paths=['.'], packages_ignore=None, packages_ignore_regex=None, paths=None, packages_up_to=None, packages_up_to_regex=None, packages_above=None, packages_above_and_dependencies=None, packages_above_depth=None, packages_select_by_dep=None, packages_skip_by_dep=None, packages_skip_up_to=None, packages_select_build_failed=False, packages_skip_build_finished=False, packages_select_test_failures=False, packages_skip_test_passed=False, packages_select=['ur5e_conveyor_bringup', 'color_sorting_perception', 'palletizer_move'], packages_skip=None, packages_select_regex=None, packages_skip_regex=None, packages_start=None, packages_end=None, allow_overriding=[], cmake_args=None, cmake_target=None, cmake_target_skip_unavailable=False, cmake_clean_cache=False, cmake_clean_first=False, cmake_force_configure=False, ament_cmake_args=None, catkin_cmake_args=None, catkin_skip_building_tests=False, mixin_files=None, mixin=None, verb_parser=<colcon_mixin.mixin.mixin_argument.MixinArgumentDecorator object at 0x7e9d18354190>, verb_extension=<colcon_core.verb.build.BuildVerb object at 0x7e9d18323be0>, main=<bound method BuildVerb.main of <colcon_core.verb.build.BuildVerb object at 0x7e9d18323be0>>, mixin_verb=('build',))
[1.467s] Level 1:colcon.colcon_core.package_discovery:discover_packages(colcon_meta) check parameters
[1.467s] Level 1:colcon.colcon_core.package_discovery:discover_packages(recursive) check parameters
[1.468s] Level 1:colcon.colcon_core.package_discovery:discover_packages(ignore) check parameters
[1.468s] Level 1:colcon.colcon_core.package_discovery:discover_packages(path) check parameters
[1.468s] Level 1:colcon.colcon_core.package_discovery:discover_packages(colcon_meta) discover
[1.468s] Level 1:colcon.colcon_core.package_discovery:discover_packages(recursive) discover
[1.468s] INFO:colcon.colcon_core.package_discovery:Crawling recursively for packages in '/home/armando30/robotsprj'
[1.469s] Level 1:colcon.colcon_core.package_identification:_identify(.) by extensions ['ignore', 'ignore_ament_install']
[1.469s] Level 1:colcon.colcon_core.package_identification:_identify(.) by extension 'ignore'
[1.470s] Level 1:colcon.colcon_core.package_identification:_identify(.) by extension 'ignore_ament_install'
[1.470s] Level 1:colcon.colcon_core.package_identification:_identify(.) by extensions ['colcon_pkg']
[1.470s] Level 1:colcon.colcon_core.package_identification:_identify(.) by extension 'colcon_pkg'
[1.471s] Level 1:colcon.colcon_core.package_identification:_identify(.) by extensions ['colcon_meta']
[1.471s] Level 1:colcon.colcon_core.package_identification:_identify(.) by extension 'colcon_meta'
[1.471s] Level 1:colcon.colcon_core.package_identification:_identify(.) by extensions ['ros']
[1.471s] Level 1:colcon.colcon_core.package_identification:_identify(.) by extension 'ros'
[1.547s] Level 1:colcon.colcon_core.package_identification:_identify(.) by extensions ['cmake', 'python']
[1.547s] Level 1:colcon.colcon_core.package_identification:_identify(.) by extension 'cmake'
[1.547s] Level 1:colcon.colcon_core.package_identification:_identify(.) by extension 'python'
[1.548s] Level 1:colcon.colcon_core.package_identification:_identify(.) by extensions ['python_setup_py']
[1.548s] Level 1:colcon.colcon_core.package_identification:_identify(.) by extension 'python_setup_py'
[1.548s] Level 1:colcon.colcon_core.package_identification:_identify(build) by extensions ['ignore', 'ignore_ament_install']
[1.549s] Level 1:colcon.colcon_core.package_identification:_identify(build) by extension 'ignore'
[1.550s] Level 1:colcon.colcon_core.package_identification:_identify(build) ignored
[1.550s] Level 1:colcon.colcon_core.package_identification:_identify(install) by extensions ['ignore', 'ignore_ament_install']
[1.551s] Level 1:colcon.colcon_core.package_identification:_identify(install) by extension 'ignore'
[1.551s] Level 1:colcon.colcon_core.package_identification:_identify(install) ignored
[1.552s] Level 1:colcon.colcon_core.package_identification:_identify(log) by extensions ['ignore', 'ignore_ament_install']
[1.552s] Level 1:colcon.colcon_core.package_identification:_identify(log) by extension 'ignore'
[1.552s] Level 1:colcon.colcon_core.package_identification:_identify(log) ignored
[1.553s] Level 1:colcon.colcon_core.package_identification:_identify(src) by extensions ['ignore', 'ignore_ament_install']
[1.553s] Level 1:colcon.colcon_core.package_identification:_identify(src) by extension 'ignore'
[1.553s] Level 1:colcon.colcon_core.package_identification:_identify(src) by extension 'ignore_ament_install'
[1.554s] Level 1:colcon.colcon_core.package_identification:_identify(src) by extensions ['colcon_pkg']
[1.554s] Level 1:colcon.colcon_core.package_identification:_identify(src) by extension 'colcon_pkg'
[1.554s] Level 1:colcon.colcon_core.package_identification:_identify(src) by extensions ['colcon_meta']
[1.554s] Level 1:colcon.colcon_core.package_identification:_identify(src) by extension 'colcon_meta'
[1.555s] Level 1:colcon.colcon_core.package_identification:_identify(src) by extensions ['ros']
[1.555s] Level 1:colcon.colcon_core.package_identification:_identify(src) by extension 'ros'
[1.555s] Level 1:colcon.colcon_core.package_identification:_identify(src) by extensions ['cmake', 'python']
[1.556s] Level 1:colcon.colcon_core.package_identification:_identify(src) by extension 'cmake'
[1.556s] Level 1:colcon.colcon_core.package_identification:_identify(src) by extension 'python'
[1.556s] Level 1:colcon.colcon_core.package_identification:_identify(src) by extensions ['python_setup_py']
[1.556s] Level 1:colcon.colcon_core.package_identification:_identify(src) by extension 'python_setup_py'
[1.574s] Level 1:colcon.colcon_core.package_identification:_identify(src/IFRA_ConveyorBelt) by extensions ['ignore', 'ignore_ament_install']
[1.575s] Level 1:colcon.colcon_core.package_identification:_identify(src/IFRA_ConveyorBelt) by extension 'ignore'
[1.575s] Level 1:colcon.colcon_core.package_identification:_identify(src/IFRA_ConveyorBelt) by extension 'ignore_ament_install'
[1.575s] Level 1:colcon.colcon_core.package_identification:_identify(src/IFRA_ConveyorBelt) by extensions ['colcon_pkg']
[1.576s] Level 1:colcon.colcon_core.package_identification:_identify(src/IFRA_ConveyorBelt) by extension 'colcon_pkg'
[1.576s] Level 1:colcon.colcon_core.package_identification:_identify(src/IFRA_ConveyorBelt) by extensions ['colcon_meta']
[1.576s] Level 1:colcon.colcon_core.package_identification:_identify(src/IFRA_ConveyorBelt) by extension 'colcon_meta'
[1.576s] Level 1:colcon.colcon_core.package_identification:_identify(src/IFRA_ConveyorBelt) by extensions ['ros']
[1.577s] Level 1:colcon.colcon_core.package_identification:_identify(src/IFRA_ConveyorBelt) by extension 'ros'
[1.577s] Level 1:colcon.colcon_core.package_identification:_identify(src/IFRA_ConveyorBelt) by extensions ['cmake', 'python']
[1.577s] Level 1:colcon.colcon_core.package_identification:_identify(src/IFRA_ConveyorBelt) by extension 'cmake'
[1.578s] Level 1:colcon.colcon_core.package_identification:_identify(src/IFRA_ConveyorBelt) by extension 'python'
[1.578s] Level 1:colcon.colcon_core.package_identification:_identify(src/IFRA_ConveyorBelt) by extensions ['python_setup_py']
[1.578s] Level 1:colcon.colcon_core.package_identification:_identify(src/IFRA_ConveyorBelt) by extension 'python_setup_py'
[1.579s] Level 1:colcon.colcon_core.package_identification:_identify(src/IFRA_ConveyorBelt/conveyorbelt_gazebo) by extensions ['ignore', 'ignore_ament_install']
[1.579s] Level 1:colcon.colcon_core.package_identification:_identify(src/IFRA_ConveyorBelt/conveyorbelt_gazebo) by extension 'ignore'
[1.580s] Level 1:colcon.colcon_core.package_identification:_identify(src/IFRA_ConveyorBelt/conveyorbelt_gazebo) by extension 'ignore_ament_install'
[1.580s] Level 1:colcon.colcon_core.package_identification:_identify(src/IFRA_ConveyorBelt/conveyorbelt_gazebo) by extensions ['colcon_pkg']
[1.580s] Level 1:colcon.colcon_core.package_identification:_identify(src/IFRA_ConveyorBelt/conveyorbelt_gazebo) by extension 'colcon_pkg'
[1.580s] Level 1:colcon.colcon_core.package_identification:_identify(src/IFRA_ConveyorBelt/conveyorbelt_gazebo) by extensions ['colcon_meta']
[1.581s] Level 1:colcon.colcon_core.package_identification:_identify(src/IFRA_ConveyorBelt/conveyorbelt_gazebo) by extension 'colcon_meta'
[1.581s] Level 1:colcon.colcon_core.package_identification:_identify(src/IFRA_ConveyorBelt/conveyorbelt_gazebo) by extensions ['ros']
[1.581s] Level 1:colcon.colcon_core.package_identification:_identify(src/IFRA_ConveyorBelt/conveyorbelt_gazebo) by extension 'ros'
[1.601s] DEBUG:colcon.colcon_core.package_identification:Package 'src/IFRA_ConveyorBelt/conveyorbelt_gazebo' with type 'ros.ament_cmake' and name 'conveyorbelt_gazebo'
[1.602s] Level 1:colcon.colcon_core.package_identification:_identify(src/IFRA_ConveyorBelt/conveyorbelt_msgs) by extensions ['ignore', 'ignore_ament_install']
[1.602s] Level 1:colcon.colcon_core.package_identification:_identify(src/IFRA_ConveyorBelt/conveyorbelt_msgs) by extension 'ignore'
[1.602s] Level 1:colcon.colcon_core.package_identification:_identify(src/IFRA_ConveyorBelt/conveyorbelt_msgs) by extension 'ignore_ament_install'
[1.602s] Level 1:colcon.colcon_core.package_identification:_identify(src/IFRA_ConveyorBelt/conveyorbelt_msgs) by extensions ['colcon_pkg']
[1.603s] Level 1:colcon.colcon_core.package_identification:_identify(src/IFRA_ConveyorBelt/conveyorbelt_msgs) by extension 'colcon_pkg'
[1.603s] Level 1:colcon.colcon_core.package_identification:_identify(src/IFRA_ConveyorBelt/conveyorbelt_msgs) by extensions ['colcon_meta']
[1.603s] Level 1:colcon.colcon_core.package_identification:_identify(src/IFRA_ConveyorBelt/conveyorbelt_msgs) by extension 'colcon_meta'
[1.603s] Level 1:colcon.colcon_core.package_identification:_identify(src/IFRA_ConveyorBelt/conveyorbelt_msgs) by extensions ['ros']
[1.603s] Level 1:colcon.colcon_core.package_identification:_identify(src/IFRA_ConveyorBelt/conveyorbelt_msgs) by extension 'ros'
[1.606s] DEBUG:colcon.colcon_core.package_identification:Package 'src/IFRA_ConveyorBelt/conveyorbelt_msgs' with type 'ros.ament_cmake' and name 'conveyorbelt_msgs'
[1.606s] Level 1:colcon.colcon_core.package_identification:_identify(src/IFRA_ConveyorBelt/ros2_conveyorbelt) by extensions ['ignore', 'ignore_ament_install']
[1.607s] Level 1:colcon.colcon_core.package_identification:_identify(src/IFRA_ConveyorBelt/ros2_conveyorbelt) by extension 'ignore'
[1.607s] Level 1:colcon.colcon_core.package_identification:_identify(src/IFRA_ConveyorBelt/ros2_conveyorbelt) by extension 'ignore_ament_install'
[1.607s] Level 1:colcon.colcon_core.package_identification:_identify(src/IFRA_ConveyorBelt/ros2_conveyorbelt) by extensions ['colcon_pkg']
[1.607s] Level 1:colcon.colcon_core.package_identification:_identify(src/IFRA_ConveyorBelt/ros2_conveyorbelt) by extension 'colcon_pkg'
[1.607s] Level 1:colcon.colcon_core.package_identification:_identify(src/IFRA_ConveyorBelt/ros2_conveyorbelt) by extensions ['colcon_meta']
[1.608s] Level 1:colcon.colcon_core.package_identification:_identify(src/IFRA_ConveyorBelt/ros2_conveyorbelt) by extension 'colcon_meta'
[1.608s] Level 1:colcon.colcon_core.package_identification:_identify(src/IFRA_ConveyorBelt/ros2_conveyorbelt) by extensions ['ros']
[1.608s] Level 1:colcon.colcon_core.package_identification:_identify(src/IFRA_ConveyorBelt/ros2_conveyorbelt) by extension 'ros'
[1.615s] DEBUG:colcon.colcon_core.package_identification:Package 'src/IFRA_ConveyorBelt/ros2_conveyorbelt' with type 'ros.ament_cmake' and name 'ros2_conveyorbelt'
[1.615s] Level 1:colcon.colcon_core.package_identification:_identify(src/IFRA_LinkAttacher) by extensions ['ignore', 'ignore_ament_install']
[1.616s] Level 1:colcon.colcon_core.package_identification:_identify(src/IFRA_LinkAttacher) by extension 'ignore'
[1.616s] Level 1:colcon.colcon_core.package_identification:_identify(src/IFRA_LinkAttacher) by extension 'ignore_ament_install'
[1.616s] Level 1:colcon.colcon_core.package_identification:_identify(src/IFRA_LinkAttacher) by extensions ['colcon_pkg']
[1.616s] Level 1:colcon.colcon_core.package_identification:_identify(src/IFRA_LinkAttacher) by extension 'colcon_pkg'
[1.617s] Level 1:colcon.colcon_core.package_identification:_identify(src/IFRA_LinkAttacher) by extensions ['colcon_meta']
[1.617s] Level 1:colcon.colcon_core.package_identification:_identify(src/IFRA_LinkAttacher) by extension 'colcon_meta'
[1.617s] Level 1:colcon.colcon_core.package_identification:_identify(src/IFRA_LinkAttacher) by extensions ['ros']
[1.617s] Level 1:colcon.colcon_core.package_identification:_identify(src/IFRA_LinkAttacher) by extension 'ros'
[1.617s] Level 1:colcon.colcon_core.package_identification:_identify(src/IFRA_LinkAttacher) by extensions ['cmake', 'python']
[1.618s] Level 1:colcon.colcon_core.package_identification:_identify(src/IFRA_LinkAttacher) by extension 'cmake'
[1.618s] Level 1:colcon.colcon_core.package_identification:_identify(src/IFRA_LinkAttacher) by extension 'python'
[1.618s] Level 1:colcon.colcon_core.package_identification:_identify(src/IFRA_LinkAttacher) by extensions ['python_setup_py']
[1.618s] Level 1:colcon.colcon_core.package_identification:_identify(src/IFRA_LinkAttacher) by extension 'python_setup_py'
[1.619s] Level 1:colcon.colcon_core.package_identification:_identify(src/IFRA_LinkAttacher/linkattacher_msgs) by extensions ['ignore', 'ignore_ament_install']
[1.619s] Level 1:colcon.colcon_core.package_identification:_identify(src/IFRA_LinkAttacher/linkattacher_msgs) by extension 'ignore'
[1.619s] Level 1:colcon.colcon_core.package_identification:_identify(src/IFRA_LinkAttacher/linkattacher_msgs) by extension 'ignore_ament_install'
[1.619s] Level 1:colcon.colcon_core.package_identification:_identify(src/IFRA_LinkAttacher/linkattacher_msgs) by extensions ['colcon_pkg']
[1.620s] Level 1:colcon.colcon_core.package_identification:_identify(src/IFRA_LinkAttacher/linkattacher_msgs) by extension 'colcon_pkg'
[1.620s] Level 1:colcon.colcon_core.package_identification:_identify(src/IFRA_LinkAttacher/linkattacher_msgs) by extensions ['colcon_meta']
[1.620s] Level 1:colcon.colcon_core.package_identification:_identify(src/IFRA_LinkAttacher/linkattacher_msgs) by extension 'colcon_meta'
[1.620s] Level 1:colcon.colcon_core.package_identification:_identify(src/IFRA_LinkAttacher/linkattacher_msgs) by extensions ['ros']
[1.620s] Level 1:colcon.colcon_core.package_identification:_identify(src/IFRA_LinkAttacher/linkattacher_msgs) by extension 'ros'
[1.631s] DEBUG:colcon.colcon_core.package_identification:Package 'src/IFRA_LinkAttacher/linkattacher_msgs' with type 'ros.ament_cmake' and name 'linkattacher_msgs'
[1.631s] Level 1:colcon.colcon_core.package_identification:_identify(src/IFRA_LinkAttacher/ros2_LinkAttacher) by extensions ['ignore', 'ignore_ament_install']
[1.632s] Level 1:colcon.colcon_core.package_identification:_identify(src/IFRA_LinkAttacher/ros2_LinkAttacher) by extension 'ignore'
[1.632s] Level 1:colcon.colcon_core.package_identification:_identify(src/IFRA_LinkAttacher/ros2_LinkAttacher) by extension 'ignore_ament_install'
[1.632s] Level 1:colcon.colcon_core.package_identification:_identify(src/IFRA_LinkAttacher/ros2_LinkAttacher) by extensions ['colcon_pkg']
[1.632s] Level 1:colcon.colcon_core.package_identification:_identify(src/IFRA_LinkAttacher/ros2_LinkAttacher) by extension 'colcon_pkg'
[1.633s] Level 1:colcon.colcon_core.package_identification:_identify(src/IFRA_LinkAttacher/ros2_LinkAttacher) by extensions ['colcon_meta']
[1.633s] Level 1:colcon.colcon_core.package_identification:_identify(src/IFRA_LinkAttacher/ros2_LinkAttacher) by extension 'colcon_meta'
[1.633s] Level 1:colcon.colcon_core.package_identification:_identify(src/IFRA_LinkAttacher/ros2_LinkAttacher) by extensions ['ros']
[1.633s] Level 1:colcon.colcon_core.package_identification:_identify(src/IFRA_LinkAttacher/ros2_LinkAttacher) by extension 'ros'
[1.636s] DEBUG:colcon.colcon_core.package_identification:Package 'src/IFRA_LinkAttacher/ros2_LinkAttacher' with type 'ros.ament_cmake' and name 'ros2_linkattacher'
[1.648s] Level 1:colcon.colcon_core.package_identification:_identify(src/Universal_Robots_ROS2_Driver) by extensions ['ignore', 'ignore_ament_install']
[1.649s] Level 1:colcon.colcon_core.package_identification:_identify(src/Universal_Robots_ROS2_Driver) by extension 'ignore'
[1.649s] Level 1:colcon.colcon_core.package_identification:_identify(src/Universal_Robots_ROS2_Driver) by extension 'ignore_ament_install'
[1.649s] Level 1:colcon.colcon_core.package_identification:_identify(src/Universal_Robots_ROS2_Driver) by extensions ['colcon_pkg']
[1.649s] Level 1:colcon.colcon_core.package_identification:_identify(src/Universal_Robots_ROS2_Driver) by extension 'colcon_pkg'
[1.649s] Level 1:colcon.colcon_core.package_identification:_identify(src/Universal_Robots_ROS2_Driver) by extensions ['colcon_meta']
[1.650s] Level 1:colcon.colcon_core.package_identification:_identify(src/Universal_Robots_ROS2_Driver) by extension 'colcon_meta'
[1.650s] Level 1:colcon.colcon_core.package_identification:_identify(src/Universal_Robots_ROS2_Driver) by extensions ['ros']
[1.650s] Level 1:colcon.colcon_core.package_identification:_identify(src/Universal_Robots_ROS2_Driver) by extension 'ros'
[1.650s] Level 1:colcon.colcon_core.package_identification:_identify(src/Universal_Robots_ROS2_Driver) by extensions ['cmake', 'python']
[1.650s] Level 1:colcon.colcon_core.package_identification:_identify(src/Universal_Robots_ROS2_Driver) by extension 'cmake'
[1.651s] Level 1:colcon.colcon_core.package_identification:_identify(src/Universal_Robots_ROS2_Driver) by extension 'python'
[1.651s] Level 1:colcon.colcon_core.package_identification:_identify(src/Universal_Robots_ROS2_Driver) by extensions ['python_setup_py']
[1.651s] Level 1:colcon.colcon_core.package_identification:_identify(src/Universal_Robots_ROS2_Driver) by extension 'python_setup_py'
[1.652s] Level 1:colcon.colcon_core.package_identification:_identify(src/Universal_Robots_ROS2_Driver/ur) by extensions ['ignore', 'ignore_ament_install']
[1.652s] Level 1:colcon.colcon_core.package_identification:_identify(src/Universal_Robots_ROS2_Driver/ur) by extension 'ignore'
[1.652s] Level 1:colcon.colcon_core.package_identification:_identify(src/Universal_Robots_ROS2_Driver/ur) by extension 'ignore_ament_install'
[1.652s] Level 1:colcon.colcon_core.package_identification:_identify(src/Universal_Robots_ROS2_Driver/ur) by extensions ['colcon_pkg']
[1.653s] Level 1:colcon.colcon_core.package_identification:_identify(src/Universal_Robots_ROS2_Driver/ur) by extension 'colcon_pkg'
[1.653s] Level 1:colcon.colcon_core.package_identification:_identify(src/Universal_Robots_ROS2_Driver/ur) by extensions ['colcon_meta']
[1.653s] Level 1:colcon.colcon_core.package_identification:_identify(src/Universal_Robots_ROS2_Driver/ur) by extension 'colcon_meta'
[1.653s] Level 1:colcon.colcon_core.package_identification:_identify(src/Universal_Robots_ROS2_Driver/ur) by extensions ['ros']
[1.653s] Level 1:colcon.colcon_core.package_identification:_identify(src/Universal_Robots_ROS2_Driver/ur) by extension 'ros'
[1.667s] DEBUG:colcon.colcon_core.package_identification:Package 'src/Universal_Robots_ROS2_Driver/ur' with type 'ros.ament_cmake' and name 'ur'
[1.668s] Level 1:colcon.colcon_core.package_identification:_identify(src/Universal_Robots_ROS2_Driver/ur_bringup) by extensions ['ignore', 'ignore_ament_install']
[1.668s] Level 1:colcon.colcon_core.package_identification:_identify(src/Universal_Robots_ROS2_Driver/ur_bringup) by extension 'ignore'
[1.669s] Level 1:colcon.colcon_core.package_identification:_identify(src/Universal_Robots_ROS2_Driver/ur_bringup) by extension 'ignore_ament_install'
[1.669s] Level 1:colcon.colcon_core.package_identification:_identify(src/Universal_Robots_ROS2_Driver/ur_bringup) by extensions ['colcon_pkg']
[1.669s] Level 1:colcon.colcon_core.package_identification:_identify(src/Universal_Robots_ROS2_Driver/ur_bringup) by extension 'colcon_pkg'
[1.669s] Level 1:colcon.colcon_core.package_identification:_identify(src/Universal_Robots_ROS2_Driver/ur_bringup) by extensions ['colcon_meta']
[1.669s] Level 1:colcon.colcon_core.package_identification:_identify(src/Universal_Robots_ROS2_Driver/ur_bringup) by extension 'colcon_meta'
[1.670s] Level 1:colcon.colcon_core.package_identification:_identify(src/Universal_Robots_ROS2_Driver/ur_bringup) by extensions ['ros']
[1.670s] Level 1:colcon.colcon_core.package_identification:_identify(src/Universal_Robots_ROS2_Driver/ur_bringup) by extension 'ros'
[1.673s] DEBUG:colcon.colcon_core.package_identification:Package 'src/Universal_Robots_ROS2_Driver/ur_bringup' with type 'ros.ament_cmake' and name 'ur_bringup'
[1.674s] Level 1:colcon.colcon_core.package_identification:_identify(src/Universal_Robots_ROS2_Driver/ur_calibration) by extensions ['ignore', 'ignore_ament_install']
[1.674s] Level 1:colcon.colcon_core.package_identification:_identify(src/Universal_Robots_ROS2_Driver/ur_calibration) by extension 'ignore'
[1.675s] Level 1:colcon.colcon_core.package_identification:_identify(src/Universal_Robots_ROS2_Driver/ur_calibration) by extension 'ignore_ament_install'
[1.675s] Level 1:colcon.colcon_core.package_identification:_identify(src/Universal_Robots_ROS2_Driver/ur_calibration) by extensions ['colcon_pkg']
[1.675s] Level 1:colcon.colcon_core.package_identification:_identify(src/Universal_Robots_ROS2_Driver/ur_calibration) by extension 'colcon_pkg'
[1.675s] Level 1:colcon.colcon_core.package_identification:_identify(src/Universal_Robots_ROS2_Driver/ur_calibration) by extensions ['colcon_meta']
[1.675s] Level 1:colcon.colcon_core.package_identification:_identify(src/Universal_Robots_ROS2_Driver/ur_calibration) by extension 'colcon_meta'
[1.675s] Level 1:colcon.colcon_core.package_identification:_identify(src/Universal_Robots_ROS2_Driver/ur_calibration) by extensions ['ros']
[1.676s] Level 1:colcon.colcon_core.package_identification:_identify(src/Universal_Robots_ROS2_Driver/ur_calibration) by extension 'ros'
[1.704s] DEBUG:colcon.colcon_core.package_identification:Package 'src/Universal_Robots_ROS2_Driver/ur_calibration' with type 'ros.ament_cmake' and name 'ur_calibration'
[1.704s] Level 1:colcon.colcon_core.package_identification:_identify(src/Universal_Robots_ROS2_Driver/ur_controllers) by extensions ['ignore', 'ignore_ament_install']
[1.705s] Level 1:colcon.colcon_core.package_identification:_identify(src/Universal_Robots_ROS2_Driver/ur_controllers) by extension 'ignore'
[1.705s] Level 1:colcon.colcon_core.package_identification:_identify(src/Universal_Robots_ROS2_Driver/ur_controllers) by extension 'ignore_ament_install'
[1.705s] Level 1:colcon.colcon_core.package_identification:_identify(src/Universal_Robots_ROS2_Driver/ur_controllers) by extensions ['colcon_pkg']
[1.706s] Level 1:colcon.colcon_core.package_identification:_identify(src/Universal_Robots_ROS2_Driver/ur_controllers) by extension 'colcon_pkg'
[1.706s] Level 1:colcon.colcon_core.package_identification:_identify(src/Universal_Robots_ROS2_Driver/ur_controllers) by extensions ['colcon_meta']
[1.706s] Level 1:colcon.colcon_core.package_identification:_identify(src/Universal_Robots_ROS2_Driver/ur_controllers) by extension 'colcon_meta'
[1.706s] Level 1:colcon.colcon_core.package_identification:_identify(src/Universal_Robots_ROS2_Driver/ur_controllers) by extensions ['ros']
[1.706s] Level 1:colcon.colcon_core.package_identification:_identify(src/Universal_Robots_ROS2_Driver/ur_controllers) by extension 'ros'
[1.715s] DEBUG:colcon.colcon_core.package_identification:Package 'src/Universal_Robots_ROS2_Driver/ur_controllers' with type 'ros.ament_cmake' and name 'ur_controllers'
[1.716s] Level 1:colcon.colcon_core.package_identification:_identify(src/Universal_Robots_ROS2_Driver/ur_dashboard_msgs) by extensions ['ignore', 'ignore_ament_install']
[1.716s] Level 1:colcon.colcon_core.package_identification:_identify(src/Universal_Robots_ROS2_Driver/ur_dashboard_msgs) by extension 'ignore'
[1.716s] Level 1:colcon.colcon_core.package_identification:_identify(src/Universal_Robots_ROS2_Driver/ur_dashboard_msgs) by extension 'ignore_ament_install'
[1.717s] Level 1:colcon.colcon_core.package_identification:_identify(src/Universal_Robots_ROS2_Driver/ur_dashboard_msgs) by extensions ['colcon_pkg']
[1.717s] Level 1:colcon.colcon_core.package_identification:_identify(src/Universal_Robots_ROS2_Driver/ur_dashboard_msgs) by extension 'colcon_pkg'
[1.717s] Level 1:colcon.colcon_core.package_identification:_identify(src/Universal_Robots_ROS2_Driver/ur_dashboard_msgs) by extensions ['colcon_meta']
[1.717s] Level 1:colcon.colcon_core.package_identification:_identify(src/Universal_Robots_ROS2_Driver/ur_dashboard_msgs) by extension 'colcon_meta'
[1.717s] Level 1:colcon.colcon_core.package_identification:_identify(src/Universal_Robots_ROS2_Driver/ur_dashboard_msgs) by extensions ['ros']
[1.718s] Level 1:colcon.colcon_core.package_identification:_identify(src/Universal_Robots_ROS2_Driver/ur_dashboard_msgs) by extension 'ros'
[1.721s] DEBUG:colcon.colcon_core.package_identification:Package 'src/Universal_Robots_ROS2_Driver/ur_dashboard_msgs' with type 'ros.ament_cmake' and name 'ur_dashboard_msgs'
[1.721s] Level 1:colcon.colcon_core.package_identification:_identify(src/Universal_Robots_ROS2_Driver/ur_moveit_config) by extensions ['ignore', 'ignore_ament_install']
[1.721s] Level 1:colcon.colcon_core.package_identification:_identify(src/Universal_Robots_ROS2_Driver/ur_moveit_config) by extension 'ignore'
[1.722s] Level 1:colcon.colcon_core.package_identification:_identify(src/Universal_Robots_ROS2_Driver/ur_moveit_config) by extension 'ignore_ament_install'
[1.722s] Level 1:colcon.colcon_core.package_identification:_identify(src/Universal_Robots_ROS2_Driver/ur_moveit_config) by extensions ['colcon_pkg']
[1.722s] Level 1:colcon.colcon_core.package_identification:_identify(src/Universal_Robots_ROS2_Driver/ur_moveit_config) by extension 'colcon_pkg'
[1.722s] Level 1:colcon.colcon_core.package_identification:_identify(src/Universal_Robots_ROS2_Driver/ur_moveit_config) by extensions ['colcon_meta']
[1.722s] Level 1:colcon.colcon_core.package_identification:_identify(src/Universal_Robots_ROS2_Driver/ur_moveit_config) by extension 'colcon_meta'
[1.723s] Level 1:colcon.colcon_core.package_identification:_identify(src/Universal_Robots_ROS2_Driver/ur_moveit_config) by extensions ['ros']
[1.723s] Level 1:colcon.colcon_core.package_identification:_identify(src/Universal_Robots_ROS2_Driver/ur_moveit_config) by extension 'ros'
[1.725s] DEBUG:colcon.colcon_core.package_identification:Package 'src/Universal_Robots_ROS2_Driver/ur_moveit_config' with type 'ros.ament_cmake' and name 'ur_moveit_config'
[1.726s] Level 1:colcon.colcon_core.package_identification:_identify(src/Universal_Robots_ROS2_Driver/ur_robot_driver) by extensions ['ignore', 'ignore_ament_install']
[1.726s] Level 1:colcon.colcon_core.package_identification:_identify(src/Universal_Robots_ROS2_Driver/ur_robot_driver) by extension 'ignore'
[1.727s] Level 1:colcon.colcon_core.package_identification:_identify(src/Universal_Robots_ROS2_Driver/ur_robot_driver) by extension 'ignore_ament_install'
[1.727s] Level 1:colcon.colcon_core.package_identification:_identify(src/Universal_Robots_ROS2_Driver/ur_robot_driver) by extensions ['colcon_pkg']
[1.727s] Level 1:colcon.colcon_core.package_identification:_identify(src/Universal_Robots_ROS2_Driver/ur_robot_driver) by extension 'colcon_pkg'
[1.727s] Level 1:colcon.colcon_core.package_identification:_identify(src/Universal_Robots_ROS2_Driver/ur_robot_driver) by extensions ['colcon_meta']
[1.727s] Level 1:colcon.colcon_core.package_identification:_identify(src/Universal_Robots_ROS2_Driver/ur_robot_driver) by extension 'colcon_meta'
[1.728s] Level 1:colcon.colcon_core.package_identification:_identify(src/Universal_Robots_ROS2_Driver/ur_robot_driver) by extensions ['ros']
[1.728s] Level 1:colcon.colcon_core.package_identification:_identify(src/Universal_Robots_ROS2_Driver/ur_robot_driver) by extension 'ros'
[1.744s] DEBUG:colcon.colcon_core.package_identification:Package 'src/Universal_Robots_ROS2_Driver/ur_robot_driver' with type 'ros.ament_cmake' and name 'ur_robot_driver'
[1.758s] Level 1:colcon.colcon_core.package_identification:_identify(src/Universal_Robots_ROS2_Gazebo_Simulation) by extensions ['ignore', 'ignore_ament_install']
[1.758s] Level 1:colcon.colcon_core.package_identification:_identify(src/Universal_Robots_ROS2_Gazebo_Simulation) by extension 'ignore'
[1.759s] Level 1:colcon.colcon_core.package_identification:_identify(src/Universal_Robots_ROS2_Gazebo_Simulation) by extension 'ignore_ament_install'
[1.759s] Level 1:colcon.colcon_core.package_identification:_identify(src/Universal_Robots_ROS2_Gazebo_Simulation) by extensions ['colcon_pkg']
[1.759s] Level 1:colcon.colcon_core.package_identification:_identify(src/Universal_Robots_ROS2_Gazebo_Simulation) by extension 'colcon_pkg'
[1.759s] Level 1:colcon.colcon_core.package_identification:_identify(src/Universal_Robots_ROS2_Gazebo_Simulation) by extensions ['colcon_meta']
[1.759s] Level 1:colcon.colcon_core.package_identification:_identify(src/Universal_Robots_ROS2_Gazebo_Simulation) by extension 'colcon_meta'
[1.759s] Level 1:colcon.colcon_core.package_identification:_identify(src/Universal_Robots_ROS2_Gazebo_Simulation) by extensions ['ros']
[1.760s] Level 1:colcon.colcon_core.package_identification:_identify(src/Universal_Robots_ROS2_Gazebo_Simulation) by extension 'ros'
[1.760s] Level 1:colcon.colcon_core.package_identification:_identify(src/Universal_Robots_ROS2_Gazebo_Simulation) by extensions ['cmake', 'python']
[1.760s] Level 1:colcon.colcon_core.package_identification:_identify(src/Universal_Robots_ROS2_Gazebo_Simulation) by extension 'cmake'
[1.760s] Level 1:colcon.colcon_core.package_identification:_identify(src/Universal_Robots_ROS2_Gazebo_Simulation) by extension 'python'
[1.760s] Level 1:colcon.colcon_core.package_identification:_identify(src/Universal_Robots_ROS2_Gazebo_Simulation) by extensions ['python_setup_py']
[1.761s] Level 1:colcon.colcon_core.package_identification:_identify(src/Universal_Robots_ROS2_Gazebo_Simulation) by extension 'python_setup_py'
[1.766s] Level 1:colcon.colcon_core.package_identification:_identify(src/Universal_Robots_ROS2_Gazebo_Simulation/ur_simulation_gazebo) by extensions ['ignore', 'ignore_ament_install']
[1.766s] Level 1:colcon.colcon_core.package_identification:_identify(src/Universal_Robots_ROS2_Gazebo_Simulation/ur_simulation_gazebo) by extension 'ignore'
[1.766s] Level 1:colcon.colcon_core.package_identification:_identify(src/Universal_Robots_ROS2_Gazebo_Simulation/ur_simulation_gazebo) by extension 'ignore_ament_install'
[1.766s] Level 1:colcon.colcon_core.package_identification:_identify(src/Universal_Robots_ROS2_Gazebo_Simulation/ur_simulation_gazebo) by extensions ['colcon_pkg']
[1.767s] Level 1:colcon.colcon_core.package_identification:_identify(src/Universal_Robots_ROS2_Gazebo_Simulation/ur_simulation_gazebo) by extension 'colcon_pkg'
[1.767s] Level 1:colcon.colcon_core.package_identification:_identify(src/Universal_Robots_ROS2_Gazebo_Simulation/ur_simulation_gazebo) by extensions ['colcon_meta']
[1.767s] Level 1:colcon.colcon_core.package_identification:_identify(src/Universal_Robots_ROS2_Gazebo_Simulation/ur_simulation_gazebo) by extension 'colcon_meta'
[1.767s] Level 1:colcon.colcon_core.package_identification:_identify(src/Universal_Robots_ROS2_Gazebo_Simulation/ur_simulation_gazebo) by extensions ['ros']
[1.767s] Level 1:colcon.colcon_core.package_identification:_identify(src/Universal_Robots_ROS2_Gazebo_Simulation/ur_simulation_gazebo) by extension 'ros'
[1.774s] DEBUG:colcon.colcon_core.package_identification:Package 'src/Universal_Robots_ROS2_Gazebo_Simulation/ur_simulation_gazebo' with type 'ros.ament_cmake' and name 'ur_simulation_gazebo'
[1.775s] Level 1:colcon.colcon_core.package_identification:_identify(src/color_sorting_perception) by extensions ['ignore', 'ignore_ament_install']
[1.775s] Level 1:colcon.colcon_core.package_identification:_identify(src/color_sorting_perception) by extension 'ignore'
[1.775s] Level 1:colcon.colcon_core.package_identification:_identify(src/color_sorting_perception) by extension 'ignore_ament_install'
[1.776s] Level 1:colcon.colcon_core.package_identification:_identify(src/color_sorting_perception) by extensions ['colcon_pkg']
[1.776s] Level 1:colcon.colcon_core.package_identification:_identify(src/color_sorting_perception) by extension 'colcon_pkg'
[1.776s] Level 1:colcon.colcon_core.package_identification:_identify(src/color_sorting_perception) by extensions ['colcon_meta']
[1.776s] Level 1:colcon.colcon_core.package_identification:_identify(src/color_sorting_perception) by extension 'colcon_meta'
[1.776s] Level 1:colcon.colcon_core.package_identification:_identify(src/color_sorting_perception) by extensions ['ros']
[1.776s] Level 1:colcon.colcon_core.package_identification:_identify(src/color_sorting_perception) by extension 'ros'
[1.779s] DEBUG:colcon.colcon_core.package_identification:Package 'src/color_sorting_perception' with type 'ros.ament_python' and name 'color_sorting_perception'
[1.779s] Level 1:colcon.colcon_core.package_identification:_identify(src/palletizer_move) by extensions ['ignore', 'ignore_ament_install']
[1.779s] Level 1:colcon.colcon_core.package_identification:_identify(src/palletizer_move) by extension 'ignore'
[1.780s] Level 1:colcon.colcon_core.package_identification:_identify(src/palletizer_move) by extension 'ignore_ament_install'
[1.780s] Level 1:colcon.colcon_core.package_identification:_identify(src/palletizer_move) by extensions ['colcon_pkg']
[1.780s] Level 1:colcon.colcon_core.package_identification:_identify(src/palletizer_move) by extension 'colcon_pkg'
[1.780s] Level 1:colcon.colcon_core.package_identification:_identify(src/palletizer_move) by extensions ['colcon_meta']
[1.780s] Level 1:colcon.colcon_core.package_identification:_identify(src/palletizer_move) by extension 'colcon_meta'
[1.781s] Level 1:colcon.colcon_core.package_identification:_identify(src/palletizer_move) by extensions ['ros']
[1.781s] Level 1:colcon.colcon_core.package_identification:_identify(src/palletizer_move) by extension 'ros'
[1.783s] DEBUG:colcon.colcon_core.package_identification:Package 'src/palletizer_move' with type 'ros.ament_python' and name 'palletizer_move'
[1.783s] Level 1:colcon.colcon_core.package_identification:_identify(src/ur5e_conveyor_bringup) by extensions ['ignore', 'ignore_ament_install']
[1.783s] Level 1:colcon.colcon_core.package_identification:_identify(src/ur5e_conveyor_bringup) by extension 'ignore'
[1.783s] Level 1:colcon.colcon_core.package_identification:_identify(src/ur5e_conveyor_bringup) by extension 'ignore_ament_install'
[1.784s] Level 1:colcon.colcon_core.package_identification:_identify(src/ur5e_conveyor_bringup) by extensions ['colcon_pkg']
[1.784s] Level 1:colcon.colcon_core.package_identification:_identify(src/ur5e_conveyor_bringup) by extension 'colcon_pkg'
[1.784s] Level 1:colcon.colcon_core.package_identification:_identify(src/ur5e_conveyor_bringup) by extensions ['colcon_meta']
[1.784s] Level 1:colcon.colcon_core.package_identification:_identify(src/ur5e_conveyor_bringup) by extension 'colcon_meta'
[1.784s] Level 1:colcon.colcon_core.package_identification:_identify(src/ur5e_conveyor_bringup) by extensions ['ros']
[1.784s] Level 1:colcon.colcon_core.package_identification:_identify(src/ur5e_conveyor_bringup) by extension 'ros'
[1.786s] DEBUG:colcon.colcon_core.package_identification:Package 'src/ur5e_conveyor_bringup' with type 'ros.ament_python' and name 'ur5e_conveyor_bringup'
[1.786s] Level 1:colcon.colcon_core.package_discovery:discover_packages(recursive) using defaults
[1.786s] Level 1:colcon.colcon_core.package_discovery:discover_packages(ignore) discover
[1.787s] Level 1:colcon.colcon_core.package_discovery:discover_packages(ignore) using defaults
[1.787s] Level 1:colcon.colcon_core.package_discovery:discover_packages(path) discover
[1.787s] Level 1:colcon.colcon_core.package_discovery:discover_packages(path) using defaults
[1.899s] INFO:colcon.colcon_core.package_selection:Skipping not selected package 'conveyorbelt_gazebo' in 'src/IFRA_ConveyorBelt/conveyorbelt_gazebo'
[1.899s] INFO:colcon.colcon_core.package_selection:Skipping not selected package 'conveyorbelt_msgs' in 'src/IFRA_ConveyorBelt/conveyorbelt_msgs'
[1.899s] INFO:colcon.colcon_core.package_selection:Skipping not selected package 'linkattacher_msgs' in 'src/IFRA_LinkAttacher/linkattacher_msgs'
[1.900s] INFO:colcon.colcon_core.package_selection:Skipping not selected package 'ur_dashboard_msgs' in 'src/Universal_Robots_ROS2_Driver/ur_dashboard_msgs'
[1.900s] INFO:colcon.colcon_core.package_selection:Skipping not selected package 'ur_moveit_config' in 'src/Universal_Robots_ROS2_Driver/ur_moveit_config'
[1.900s] INFO:colcon.colcon_core.package_selection:Skipping not selected package 'ros2_conveyorbelt' in 'src/IFRA_ConveyorBelt/ros2_conveyorbelt'
[1.900s] INFO:colcon.colcon_core.package_selection:Skipping not selected package 'ros2_linkattacher' in 'src/IFRA_LinkAttacher/ros2_LinkAttacher'
[1.900s] INFO:colcon.colcon_core.package_selection:Skipping not selected package 'ur_controllers' in 'src/Universal_Robots_ROS2_Driver/ur_controllers'
[1.900s] INFO:colcon.colcon_core.package_selection:Skipping not selected package 'ur_bringup' in 'src/Universal_Robots_ROS2_Driver/ur_bringup'
[1.900s] INFO:colcon.colcon_core.package_selection:Skipping not selected package 'ur_robot_driver' in 'src/Universal_Robots_ROS2_Driver/ur_robot_driver'
[1.900s] INFO:colcon.colcon_core.package_selection:Skipping not selected package 'ur_simulation_gazebo' in 'src/Universal_Robots_ROS2_Gazebo_Simulation/ur_simulation_gazebo'
[1.900s] INFO:colcon.colcon_core.package_selection:Skipping not selected package 'ur_calibration' in 'src/Universal_Robots_ROS2_Driver/ur_calibration'
[1.901s] INFO:colcon.colcon_core.package_selection:Skipping not selected package 'ur' in 'src/Universal_Robots_ROS2_Driver/ur'
[1.902s] Level 1:colcon.colcon_core.package_discovery:discover_packages(prefix_path) check parameters
[1.902s] Level 1:colcon.colcon_core.package_discovery:discover_packages(prefix_path) discover
[1.911s] DEBUG:colcon.colcon_installed_package_information.package_discovery:Found 13 installed packages in /home/armando30/robotsprj/install
[1.919s] DEBUG:colcon.colcon_installed_package_information.package_discovery:Found 440 installed packages in /opt/ros/humble
[1.931s] Level 1:colcon.colcon_core.package_discovery:discover_packages(prefix_path) using defaults
[2.174s] Level 5:colcon.colcon_core.verb:set package 'color_sorting_perception' build argument 'cmake_args' from command line to 'None'
[2.175s] Level 5:colcon.colcon_core.verb:set package 'color_sorting_perception' build argument 'cmake_target' from command line to 'None'
[2.175s] Level 5:colcon.colcon_core.verb:set package 'color_sorting_perception' build argument 'cmake_target_skip_unavailable' from command line to 'False'
[2.175s] Level 5:colcon.colcon_core.verb:set package 'color_sorting_perception' build argument 'cmake_clean_cache' from command line to 'False'
[2.175s] Level 5:colcon.colcon_core.verb:set package 'color_sorting_perception' build argument 'cmake_clean_first' from command line to 'False'
[2.175s] Level 5:colcon.colcon_core.verb:set package 'color_sorting_perception' build argument 'cmake_force_configure' from command line to 'False'
[2.175s] Level 5:colcon.colcon_core.verb:set package 'color_sorting_perception' build argument 'ament_cmake_args' from command line to 'None'
[2.175s] Level 5:colcon.colcon_core.verb:set package 'color_sorting_perception' build argument 'catkin_cmake_args' from command line to 'None'
[2.175s] Level 5:colcon.colcon_core.verb:set package 'color_sorting_perception' build argument 'catkin_skip_building_tests' from command line to 'False'
[2.176s] DEBUG:colcon.colcon_core.verb:Building package 'color_sorting_perception' with the following arguments: {'ament_cmake_args': None, 'build_base': '/home/armando30/robotsprj/build/color_sorting_perception', 'catkin_cmake_args': None, 'catkin_skip_building_tests': False, 'cmake_args': None, 'cmake_clean_cache': False, 'cmake_clean_first': False, 'cmake_force_configure': False, 'cmake_target': None, 'cmake_target_skip_unavailable': False, 'install_base': '/home/armando30/robotsprj/install/color_sorting_perception', 'merge_install': False, 'path': '/home/armando30/robotsprj/src/color_sorting_perception', 'symlink_install': True, 'test_result_base': None}
[2.177s] Level 5:colcon.colcon_core.verb:set package 'palletizer_move' build argument 'cmake_args' from command line to 'None'
[2.177s] Level 5:colcon.colcon_core.verb:set package 'palletizer_move' build argument 'cmake_target' from command line to 'None'
[2.177s] Level 5:colcon.colcon_core.verb:set package 'palletizer_move' build argument 'cmake_target_skip_unavailable' from command line to 'False'
[2.178s] Level 5:colcon.colcon_core.verb:set package 'palletizer_move' build argument 'cmake_clean_cache' from command line to 'False'
[2.178s] Level 5:colcon.colcon_core.verb:set package 'palletizer_move' build argument 'cmake_clean_first' from command line to 'False'
[2.178s] Level 5:colcon.colcon_core.verb:set package 'palletizer_move' build argument 'cmake_force_configure' from command line to 'False'
[2.178s] Level 5:colcon.colcon_core.verb:set package 'palletizer_move' build argument 'ament_cmake_args' from command line to 'None'
[2.178s] Level 5:colcon.colcon_core.verb:set package 'palletizer_move' build argument 'catkin_cmake_args' from command line to 'None'
[2.178s] Level 5:colcon.colcon_core.verb:set package 'palletizer_move' build argument 'catkin_skip_building_tests' from command line to 'False'
[2.178s] DEBUG:colcon.colcon_core.verb:Building package 'palletizer_move' with the following arguments: {'ament_cmake_args': None, 'build_base': '/home/armando30/robotsprj/build/palletizer_move', 'catkin_cmake_args': None, 'catkin_skip_building_tests': False, 'cmake_args': None, 'cmake_clean_cache': False, 'cmake_clean_first': False, 'cmake_force_configure': False, 'cmake_target': None, 'cmake_target_skip_unavailable': False, 'install_base': '/home/armando30/robotsprj/install/palletizer_move', 'merge_install': False, 'path': '/home/armando30/robotsprj/src/palletizer_move', 'symlink_install': True, 'test_result_base': None}
[2.180s] Level 5:colcon.colcon_core.verb:set package 'ur5e_conveyor_bringup' build argument 'cmake_args' from command line to 'None'
[2.180s] Level 5:colcon.colcon_core.verb:set package 'ur5e_conveyor_bringup' build argument 'cmake_target' from command line to 'None'
[2.180s] Level 5:colcon.colcon_core.verb:set package 'ur5e_conveyor_bringup' build argument 'cmake_target_skip_unavailable' from command line to 'False'
[2.180s] Level 5:colcon.colcon_core.verb:set package 'ur5e_conveyor_bringup' build argument 'cmake_clean_cache' from command line to 'False'
[2.180s] Level 5:colcon.colcon_core.verb:set package 'ur5e_conveyor_bringup' build argument 'cmake_clean_first' from command line to 'False'
[2.180s] Level 5:colcon.colcon_core.verb:set package 'ur5e_conveyor_bringup' build argument 'cmake_force_configure' from command line to 'False'
[2.181s] Level 5:colcon.colcon_core.verb:set package 'ur5e_conveyor_bringup' build argument 'ament_cmake_args' from command line to 'None'
[2.181s] Level 5:colcon.colcon_core.verb:set package 'ur5e_conveyor_bringup' build argument 'catkin_cmake_args' from command line to 'None'
[2.181s] Level 5:colcon.colcon_core.verb:set package 'ur5e_conveyor_bringup' build argument 'catkin_skip_building_tests' from command line to 'False'
[2.181s] DEBUG:colcon.colcon_core.verb:Building package 'ur5e_conveyor_bringup' with the following arguments: {'ament_cmake_args': None, 'build_base': '/home/armando30/robotsprj/build/ur5e_conveyor_bringup', 'catkin_cmake_args': None, 'catkin_skip_building_tests': False, 'cmake_args': None, 'cmake_clean_cache': False, 'cmake_clean_first': False, 'cmake_force_configure': False, 'cmake_target': None, 'cmake_target_skip_unavailable': False, 'install_base': '/home/armando30/robotsprj/install/ur5e_conveyor_bringup', 'merge_install': False, 'path': '/home/armando30/robotsprj/src/ur5e_conveyor_bringup', 'symlink_install': True, 'test_result_base': None}
[2.181s] INFO:colcon.colcon_core.executor:Executing jobs using 'parallel' executor
[2.185s] DEBUG:colcon.colcon_parallel_executor.executor.parallel:run_until_complete
[2.186s] INFO:colcon.colcon_ros.task.ament_python.build:Building ROS package in '/home/armando30/robotsprj/src/color_sorting_perception' with build type 'ament_python'
[2.187s] Level 1:colcon.colcon_core.shell:create_environment_hook('color_sorting_perception', 'ament_prefix_path')
[2.196s] INFO:colcon.colcon_core.plugin_system:Skipping extension 'colcon_core.shell.bat': Not used on non-Windows systems
[2.197s] INFO:colcon.colcon_core.shell:Creating environment hook '/home/armando30/robotsprj/install/color_sorting_perception/share/color_sorting_perception/hook/ament_prefix_path.ps1'
[2.208s] INFO:colcon.colcon_core.shell:Creating environment descriptor '/home/armando30/robotsprj/install/color_sorting_perception/share/color_sorting_perception/hook/ament_prefix_path.dsv'
[2.217s] INFO:colcon.colcon_core.shell:Creating environment hook '/home/armando30/robotsprj/install/color_sorting_perception/share/color_sorting_perception/hook/ament_prefix_path.sh'
[2.220s] INFO:colcon.colcon_core.shell:Skip shell extension 'powershell' for command environment: Not usable outside of PowerShell
[2.220s] DEBUG:colcon.colcon_core.shell:Skip shell extension 'dsv' for command environment
[2.240s] INFO:colcon.colcon_ros.task.ament_python.build:Building ROS package in '/home/armando30/robotsprj/src/palletizer_move' with build type 'ament_python'
[2.241s] Level 1:colcon.colcon_core.shell:create_environment_hook('palletizer_move', 'ament_prefix_path')
[2.242s] INFO:colcon.colcon_core.shell:Creating environment hook '/home/armando30/robotsprj/install/palletizer_move/share/palletizer_move/hook/ament_prefix_path.ps1'
[2.245s] INFO:colcon.colcon_core.shell:Creating environment descriptor '/home/armando30/robotsprj/install/palletizer_move/share/palletizer_move/hook/ament_prefix_path.dsv'
[2.246s] INFO:colcon.colcon_core.shell:Creating environment hook '/home/armando30/robotsprj/install/palletizer_move/share/palletizer_move/hook/ament_prefix_path.sh'
[2.248s] INFO:colcon.colcon_core.shell:Skip shell extension 'powershell' for command environment: Not usable outside of PowerShell
[2.248s] DEBUG:colcon.colcon_core.shell:Skip shell extension 'dsv' for command environment
[2.266s] INFO:colcon.colcon_ros.task.ament_python.build:Building ROS package in '/home/armando30/robotsprj/src/ur5e_conveyor_bringup' with build type 'ament_python'
[2.267s] Level 1:colcon.colcon_core.shell:create_environment_hook('ur5e_conveyor_bringup', 'ament_prefix_path')
[2.268s] INFO:colcon.colcon_core.shell:Creating environment hook '/home/armando30/robotsprj/install/ur5e_conveyor_bringup/share/ur5e_conveyor_bringup/hook/ament_prefix_path.ps1'
[2.270s] INFO:colcon.colcon_core.shell:Creating environment descriptor '/home/armando30/robotsprj/install/ur5e_conveyor_bringup/share/ur5e_conveyor_bringup/hook/ament_prefix_path.dsv'
[2.271s] INFO:colcon.colcon_core.shell:Creating environment hook '/home/armando30/robotsprj/install/ur5e_conveyor_bringup/share/ur5e_conveyor_bringup/hook/ament_prefix_path.sh'
[2.273s] INFO:colcon.colcon_core.shell:Skip shell extension 'powershell' for command environment: Not usable outside of PowerShell
[2.274s] DEBUG:colcon.colcon_core.shell:Skip shell extension 'dsv' for command environment
[3.556s] INFO:colcon.colcon_core.task.python.build:Building Python package in '/home/armando30/robotsprj/src/color_sorting_perception'
[3.558s] INFO:colcon.colcon_core.shell:Skip shell extension 'powershell' for command environment: Not usable outside of PowerShell
[3.558s] DEBUG:colcon.colcon_core.shell:Skip shell extension 'dsv' for command environment
[4.710s] INFO:colcon.colcon_core.task.python.build:Building Python package in '/home/armando30/robotsprj/src/palletizer_move'
[4.711s] INFO:colcon.colcon_core.shell:Skip shell extension 'powershell' for command environment: Not usable outside of PowerShell
[4.711s] DEBUG:colcon.colcon_core.shell:Skip shell extension 'dsv' for command environment
[5.808s] INFO:colcon.colcon_core.task.python.build:Building Python package in '/home/armando30/robotsprj/src/ur5e_conveyor_bringup'
[5.809s] INFO:colcon.colcon_core.shell:Skip shell extension 'powershell' for command environment: Not usable outside of PowerShell
[5.809s] DEBUG:colcon.colcon_core.shell:Skip shell extension 'dsv' for command environment
[8.900s] DEBUG:colcon.colcon_core.event_handler.log_command:Invoking command in '/home/armando30/robotsprj/build/color_sorting_perception': PYTHONPATH=/home/armando30/robotsprj/build/color_sorting_perception/prefix_override:/usr/lib/python3/dist-packages/colcon_core/task/python/colcon_distutils_commands:/home/armando30/robotsprj/install/color_sorting_perception/lib/python3.10/site-packages:${PYTHONPATH} /usr/bin/python3 -W ignore:setup.py install is deprecated -W ignore:easy_install command is deprecated setup.py develop --editable --build-directory /home/armando30/robotsprj/build/color_sorting_perception/build --no-deps symlink_data
[8.920s] DEBUG:colcon.colcon_core.event_handler.log_command:Invoking command in '/home/armando30/robotsprj/build/ur5e_conveyor_bringup': PYTHONPATH=/home/armando30/robotsprj/build/ur5e_conveyor_bringup/prefix_override:/usr/lib/python3/dist-packages/colcon_core/task/python/colcon_distutils_commands:/home/armando30/robotsprj/install/ur5e_conveyor_bringup/lib/python3.10/site-packages:${PYTHONPATH} /usr/bin/python3 -W ignore:setup.py install is deprecated -W ignore:easy_install command is deprecated setup.py develop --editable --build-directory /home/armando30/robotsprj/build/ur5e_conveyor_bringup/build --no-deps symlink_data
[8.932s] DEBUG:colcon.colcon_core.event_handler.log_command:Invoking command in '/home/armando30/robotsprj/build/palletizer_move': PYTHONPATH=/home/armando30/robotsprj/build/palletizer_move/prefix_override:/usr/lib/python3/dist-packages/colcon_core/task/python/colcon_distutils_commands:/home/armando30/robotsprj/install/palletizer_move/lib/python3.10/site-packages:${PYTHONPATH} /usr/bin/python3 -W ignore:setup.py install is deprecated -W ignore:easy_install command is deprecated setup.py develop --editable --build-directory /home/armando30/robotsprj/build/palletizer_move/build --no-deps symlink_data
[11.072s] Level 1:colcon.colcon_core.shell:create_environment_hook('palletizer_move', 'pythonpath_develop')
[11.074s] INFO:colcon.colcon_core.shell:Creating environment hook '/home/armando30/robotsprj/build/palletizer_move/share/palletizer_move/hook/pythonpath_develop.ps1'
[11.076s] DEBUG:colcon.colcon_core.event_handler.log_command:Invoked command in '/home/armando30/robotsprj/build/palletizer_move' returned '0': PYTHONPATH=/home/armando30/robotsprj/build/palletizer_move/prefix_override:/usr/lib/python3/dist-packages/colcon_core/task/python/colcon_distutils_commands:/home/armando30/robotsprj/install/palletizer_move/lib/python3.10/site-packages:${PYTHONPATH} /usr/bin/python3 -W ignore:setup.py install is deprecated -W ignore:easy_install command is deprecated setup.py develop --editable --build-directory /home/armando30/robotsprj/build/palletizer_move/build --no-deps symlink_data
[11.078s] INFO:colcon.colcon_core.shell:Creating environment descriptor '/home/armando30/robotsprj/build/palletizer_move/share/palletizer_move/hook/pythonpath_develop.dsv'
[11.079s] INFO:colcon.colcon_core.shell:Creating environment hook '/home/armando30/robotsprj/build/palletizer_move/share/palletizer_move/hook/pythonpath_develop.sh'
[11.089s] Level 1:colcon.colcon_core.environment:checking '/home/armando30/robotsprj/install/palletizer_move' for CMake module files
[11.091s] Level 1:colcon.colcon_core.environment:checking '/home/armando30/robotsprj/install/palletizer_move' for CMake config files
[11.093s] Level 1:colcon.colcon_core.environment:checking '/home/armando30/robotsprj/install/palletizer_move/lib'
[11.094s] Level 1:colcon.colcon_core.environment:checking '/home/armando30/robotsprj/install/palletizer_move/bin'
[11.094s] Level 1:colcon.colcon_core.environment:checking '/home/armando30/robotsprj/install/palletizer_move/lib/pkgconfig/palletizer_move.pc'
[11.095s] Level 1:colcon.colcon_core.environment:checking '/home/armando30/robotsprj/install/palletizer_move/lib/python3.10/site-packages'
[11.095s] Level 1:colcon.colcon_core.shell:create_environment_hook('palletizer_move', 'pythonpath')
[11.096s] INFO:colcon.colcon_core.shell:Creating environment hook '/home/armando30/robotsprj/install/palletizer_move/share/palletizer_move/hook/pythonpath.ps1'
[11.097s] INFO:colcon.colcon_core.shell:Creating environment descriptor '/home/armando30/robotsprj/install/palletizer_move/share/palletizer_move/hook/pythonpath.dsv'
[11.099s] INFO:colcon.colcon_core.shell:Creating environment hook '/home/armando30/robotsprj/install/palletizer_move/share/palletizer_move/hook/pythonpath.sh'
[11.101s] Level 1:colcon.colcon_core.environment:checking '/home/armando30/robotsprj/install/palletizer_move/bin'
[11.101s] Level 1:colcon.colcon_core.environment:create_environment_scripts_only(palletizer_move)
[11.102s] INFO:colcon.colcon_core.shell:Creating package script '/home/armando30/robotsprj/install/palletizer_move/share/palletizer_move/package.ps1'
[11.106s] INFO:colcon.colcon_core.shell:Creating package descriptor '/home/armando30/robotsprj/install/palletizer_move/share/palletizer_move/package.dsv'
[11.109s] INFO:colcon.colcon_core.shell:Creating package script '/home/armando30/robotsprj/install/palletizer_move/share/palletizer_move/package.sh'
[11.112s] INFO:colcon.colcon_core.shell:Creating package script '/home/armando30/robotsprj/install/palletizer_move/share/palletizer_move/package.bash'
[11.114s] INFO:colcon.colcon_core.shell:Creating package script '/home/armando30/robotsprj/install/palletizer_move/share/palletizer_move/package.zsh'
[11.116s] Level 1:colcon.colcon_core.environment:create_file_with_runtime_dependencies(/home/armando30/robotsprj/install/palletizer_move/share/colcon-core/packages/palletizer_move)
[11.120s] Level 1:colcon.colcon_core.shell:create_environment_hook('color_sorting_perception', 'pythonpath_develop')
[11.122s] INFO:colcon.colcon_core.shell:Creating environment hook '/home/armando30/robotsprj/build/color_sorting_perception/share/color_sorting_perception/hook/pythonpath_develop.ps1'
[11.123s] DEBUG:colcon.colcon_core.event_handler.log_command:Invoked command in '/home/armando30/robotsprj/build/color_sorting_perception' returned '0': PYTHONPATH=/home/armando30/robotsprj/build/color_sorting_perception/prefix_override:/usr/lib/python3/dist-packages/colcon_core/task/python/colcon_distutils_commands:/home/armando30/robotsprj/install/color_sorting_perception/lib/python3.10/site-packages:${PYTHONPATH} /usr/bin/python3 -W ignore:setup.py install is deprecated -W ignore:easy_install command is deprecated setup.py develop --editable --build-directory /home/armando30/robotsprj/build/color_sorting_perception/build --no-deps symlink_data
[11.125s] INFO:colcon.colcon_core.shell:Creating environment descriptor '/home/armando30/robotsprj/build/color_sorting_perception/share/color_sorting_perception/hook/pythonpath_develop.dsv'
[11.126s] INFO:colcon.colcon_core.shell:Creating environment hook '/home/armando30/robotsprj/build/color_sorting_perception/share/color_sorting_perception/hook/pythonpath_develop.sh'
[11.129s] Level 1:colcon.colcon_core.environment:checking '/home/armando30/robotsprj/install/color_sorting_perception' for CMake module files
[11.130s] Level 1:colcon.colcon_core.environment:checking '/home/armando30/robotsprj/install/color_sorting_perception' for CMake config files
[11.132s] Level 1:colcon.colcon_core.environment:checking '/home/armando30/robotsprj/install/color_sorting_perception/lib'
[11.132s] Level 1:colcon.colcon_core.environment:checking '/home/armando30/robotsprj/install/color_sorting_perception/bin'
[11.132s] Level 1:colcon.colcon_core.environment:checking '/home/armando30/robotsprj/install/color_sorting_perception/lib/pkgconfig/color_sorting_perception.pc'
[11.133s] Level 1:colcon.colcon_core.environment:checking '/home/armando30/robotsprj/install/color_sorting_perception/lib/python3.10/site-packages'
[11.133s] Level 1:colcon.colcon_core.shell:create_environment_hook('color_sorting_perception', 'pythonpath')
[11.134s] INFO:colcon.colcon_core.shell:Creating environment hook '/home/armando30/robotsprj/install/color_sorting_perception/share/color_sorting_perception/hook/pythonpath.ps1'
[11.136s] INFO:colcon.colcon_core.shell:Creating environment descriptor '/home/armando30/robotsprj/install/color_sorting_perception/share/color_sorting_perception/hook/pythonpath.dsv'
[11.137s] INFO:colcon.colcon_core.shell:Creating environment hook '/home/armando30/robotsprj/install/color_sorting_perception/share/color_sorting_perception/hook/pythonpath.sh'
[11.139s] Level 1:colcon.colcon_core.environment:checking '/home/armando30/robotsprj/install/color_sorting_perception/bin'
[11.139s] Level 1:colcon.colcon_core.environment:create_environment_scripts_only(color_sorting_perception)
[11.141s] INFO:colcon.colcon_core.shell:Creating package script '/home/armando30/robotsprj/install/color_sorting_perception/share/color_sorting_perception/package.ps1'
[11.143s] INFO:colcon.colcon_core.shell:Creating package descriptor '/home/armando30/robotsprj/install/color_sorting_perception/share/color_sorting_perception/package.dsv'
[11.145s] INFO:colcon.colcon_core.shell:Creating package script '/home/armando30/robotsprj/install/color_sorting_perception/share/color_sorting_perception/package.sh'
[11.146s] INFO:colcon.colcon_core.shell:Creating package script '/home/armando30/robotsprj/install/color_sorting_perception/share/color_sorting_perception/package.bash'
[11.148s] INFO:colcon.colcon_core.shell:Creating package script '/home/armando30/robotsprj/install/color_sorting_perception/share/color_sorting_perception/package.zsh'
[11.149s] Level 1:colcon.colcon_core.environment:create_file_with_runtime_dependencies(/home/armando30/robotsprj/install/color_sorting_perception/share/colcon-core/packages/color_sorting_perception)
[11.153s] Level 1:colcon.colcon_core.shell:create_environment_hook('ur5e_conveyor_bringup', 'pythonpath_develop')
[11.155s] INFO:colcon.colcon_core.shell:Creating environment hook '/home/armando30/robotsprj/build/ur5e_conveyor_bringup/share/ur5e_conveyor_bringup/hook/pythonpath_develop.ps1'
[11.156s] DEBUG:colcon.colcon_core.event_handler.log_command:Invoked command in '/home/armando30/robotsprj/build/ur5e_conveyor_bringup' returned '0': PYTHONPATH=/home/armando30/robotsprj/build/ur5e_conveyor_bringup/prefix_override:/usr/lib/python3/dist-packages/colcon_core/task/python/colcon_distutils_commands:/home/armando30/robotsprj/install/ur5e_conveyor_bringup/lib/python3.10/site-packages:${PYTHONPATH} /usr/bin/python3 -W ignore:setup.py install is deprecated -W ignore:easy_install command is deprecated setup.py develop --editable --build-directory /home/armando30/robotsprj/build/ur5e_conveyor_bringup/build --no-deps symlink_data
[11.157s] INFO:colcon.colcon_core.shell:Creating environment descriptor '/home/armando30/robotsprj/build/ur5e_conveyor_bringup/share/ur5e_conveyor_bringup/hook/pythonpath_develop.dsv'
[11.158s] INFO:colcon.colcon_core.shell:Creating environment hook '/home/armando30/robotsprj/build/ur5e_conveyor_bringup/share/ur5e_conveyor_bringup/hook/pythonpath_develop.sh'
[11.161s] Level 1:colcon.colcon_core.environment:checking '/home/armando30/robotsprj/install/ur5e_conveyor_bringup' for CMake module files
[11.162s] Level 1:colcon.colcon_core.environment:checking '/home/armando30/robotsprj/install/ur5e_conveyor_bringup' for CMake config files
[11.164s] Level 1:colcon.colcon_core.environment:checking '/home/armando30/robotsprj/install/ur5e_conveyor_bringup/lib'
[11.164s] Level 1:colcon.colcon_core.environment:checking '/home/armando30/robotsprj/install/ur5e_conveyor_bringup/bin'
[11.164s] Level 1:colcon.colcon_core.environment:checking '/home/armando30/robotsprj/install/ur5e_conveyor_bringup/lib/pkgconfig/ur5e_conveyor_bringup.pc'
[11.165s] Level 1:colcon.colcon_core.environment:checking '/home/armando30/robotsprj/install/ur5e_conveyor_bringup/lib/python3.10/site-packages'
[11.165s] Level 1:colcon.colcon_core.shell:create_environment_hook('ur5e_conveyor_bringup', 'pythonpath')
[11.166s] INFO:colcon.colcon_core.shell:Creating environment hook '/home/armando30/robotsprj/install/ur5e_conveyor_bringup/share/ur5e_conveyor_bringup/hook/pythonpath.ps1'
[11.167s] INFO:colcon.colcon_core.shell:Creating environment descriptor '/home/armando30/robotsprj/install/ur5e_conveyor_bringup/share/ur5e_conveyor_bringup/hook/pythonpath.dsv'
[11.168s] INFO:colcon.colcon_core.shell:Creating environment hook '/home/armando30/robotsprj/install/ur5e_conveyor_bringup/share/ur5e_conveyor_bringup/hook/pythonpath.sh'
[11.170s] Level 1:colcon.colcon_core.environment:checking '/home/armando30/robotsprj/install/ur5e_conveyor_bringup/bin'
[11.170s] Level 1:colcon.colcon_core.environment:create_environment_scripts_only(ur5e_conveyor_bringup)
[11.172s] INFO:colcon.colcon_core.shell:Creating package script '/home/armando30/robotsprj/install/ur5e_conveyor_bringup/share/ur5e_conveyor_bringup/package.ps1'
[11.174s] INFO:colcon.colcon_core.shell:Creating package descriptor '/home/armando30/robotsprj/install/ur5e_conveyor_bringup/share/ur5e_conveyor_bringup/package.dsv'
[11.175s] INFO:colcon.colcon_core.shell:Creating package script '/home/armando30/robotsprj/install/ur5e_conveyor_bringup/share/ur5e_conveyor_bringup/package.sh'
[11.177s] INFO:colcon.colcon_core.shell:Creating package script '/home/armando30/robotsprj/install/ur5e_conveyor_bringup/share/ur5e_conveyor_bringup/package.bash'
[11.178s] INFO:colcon.colcon_core.shell:Creating package script '/home/armando30/robotsprj/install/ur5e_conveyor_bringup/share/ur5e_conveyor_bringup/package.zsh'
[11.179s] Level 1:colcon.colcon_core.environment:create_file_with_runtime_dependencies(/home/armando30/robotsprj/install/ur5e_conveyor_bringup/share/colcon-core/packages/ur5e_conveyor_bringup)
[11.180s] DEBUG:colcon.colcon_parallel_executor.executor.parallel:closing loop
[11.182s] DEBUG:colcon.colcon_parallel_executor.executor.parallel:loop closed
[11.182s] DEBUG:colcon.colcon_parallel_executor.executor.parallel:run_until_complete finished with '0'
[11.183s] DEBUG:colcon.colcon_core.event_reactor:joining thread
[11.257s] INFO:colcon.colcon_core.plugin_system:Skipping extension 'colcon_notification.desktop_notification.terminal_notifier': Not used on non-Darwin systems
[11.257s] INFO:colcon.colcon_core.plugin_system:Skipping extension 'colcon_notification.desktop_notification.win32': Not used on non-Windows systems
[11.257s] INFO:colcon.colcon_notification.desktop_notification:Sending desktop notification using 'notify2'
[11.297s] DEBUG:colcon.colcon_core.event_reactor:joined thread
[11.299s] INFO:colcon.colcon_core.shell:Creating prefix script '/home/armando30/robotsprj/install/local_setup.ps1'
[11.302s] INFO:colcon.colcon_core.shell:Creating prefix util module '/home/armando30/robotsprj/install/_local_setup_util_ps1.py'
[11.307s] INFO:colcon.colcon_core.shell:Creating prefix chain script '/home/armando30/robotsprj/install/setup.ps1'
[11.312s] INFO:colcon.colcon_core.shell:Creating prefix script '/home/armando30/robotsprj/install/local_setup.sh'
[11.314s] INFO:colcon.colcon_core.shell:Creating prefix util module '/home/armando30/robotsprj/install/_local_setup_util_sh.py'
[11.316s] INFO:colcon.colcon_core.shell:Creating prefix chain script '/home/armando30/robotsprj/install/setup.sh'
[11.323s] INFO:colcon.colcon_core.shell:Creating prefix script '/home/armando30/robotsprj/install/local_setup.bash'
[11.325s] INFO:colcon.colcon_core.shell:Creating prefix chain script '/home/armando30/robotsprj/install/setup.bash'
[11.330s] INFO:colcon.colcon_core.shell:Creating prefix script '/home/armando30/robotsprj/install/local_setup.zsh'
[11.332s] INFO:colcon.colcon_core.shell:Creating prefix chain script '/home/armando30/robotsprj/install/setup.zsh'
