[0.158s] Invoking command in '/home/armando30/robotsprj/build/ros2_conveyorbelt': CMAKE_PREFIX_PATH=/home/armando30/robotsprj/install/conveyorbelt_msgs:/home/armando30/robotsprj/install/ur:/home/armando30/robotsprj/install/ur_calibration:/home/armando30/robotsprj/install/ur_robot_driver:/home/armando30/robotsprj/install/ur_moveit_config:/home/armando30/robotsprj/install/ur_bringup:/home/armando30/robotsprj/install/ur_controllers:/home/armando30/robotsprj/install/ur_dashboard_msgs:/home/armando30/robotsprj/install/ros2_linkattacher:/home/armando30/robotsprj/install/ros2_conveyorbelt:/home/armando30/robotsprj/install/linkattacher_msgs:/home/armando30/robotsprj/install/conveyorbelt_gazebo:/opt/ros/humble LD_LIBRARY_PATH=/home/armando30/robotsprj/install/conveyorbelt_msgs/lib:/home/armando30/robotsprj/install/ur_robot_driver/lib:/home/armando30/robotsprj/install/ur_controllers/lib:/home/armando30/robotsprj/install/ur_dashboard_msgs/lib:/home/armando30/robotsprj/install/ros2_linkattacher/lib:/home/armando30/robotsprj/install/ros2_conveyorbelt/lib:/home/armando30/robotsprj/install/linkattacher_msgs/lib:/opt/ros/humble/opt/rviz_ogre_vendor/lib:/opt/ros/humble/lib/x86_64-linux-gnu:/opt/ros/humble/lib /usr/bin/cmake --build /home/armando30/robotsprj/build/ros2_conveyorbelt -- -j8 -l8
[0.527s] [100%] Built target ros2_conveyorbelt_plugin
[0.629s] Invoked command in '/home/armando30/robotsprj/build/ros2_conveyorbelt' returned '0': CMAKE_PREFIX_PATH=/home/armando30/robotsprj/install/conveyorbelt_msgs:/home/armando30/robotsprj/install/ur:/home/armando30/robotsprj/install/ur_calibration:/home/armando30/robotsprj/install/ur_robot_driver:/home/armando30/robotsprj/install/ur_moveit_config:/home/armando30/robotsprj/install/ur_bringup:/home/armando30/robotsprj/install/ur_controllers:/home/armando30/robotsprj/install/ur_dashboard_msgs:/home/armando30/robotsprj/install/ros2_linkattacher:/home/armando30/robotsprj/install/ros2_conveyorbelt:/home/armando30/robotsprj/install/linkattacher_msgs:/home/armando30/robotsprj/install/conveyorbelt_gazebo:/opt/ros/humble LD_LIBRARY_PATH=/home/armando30/robotsprj/install/conveyorbelt_msgs/lib:/home/armando30/robotsprj/install/ur_robot_driver/lib:/home/armando30/robotsprj/install/ur_controllers/lib:/home/armando30/robotsprj/install/ur_dashboard_msgs/lib:/home/armando30/robotsprj/install/ros2_linkattacher/lib:/home/armando30/robotsprj/install/ros2_conveyorbelt/lib:/home/armando30/robotsprj/install/linkattacher_msgs/lib:/opt/ros/humble/opt/rviz_ogre_vendor/lib:/opt/ros/humble/lib/x86_64-linux-gnu:/opt/ros/humble/lib /usr/bin/cmake --build /home/armando30/robotsprj/build/ros2_conveyorbelt -- -j8 -l8
[0.637s] Invoking command in '/home/armando30/robotsprj/build/ros2_conveyorbelt': CMAKE_PREFIX_PATH=/home/armando30/robotsprj/install/conveyorbelt_msgs:/home/armando30/robotsprj/install/ur:/home/armando30/robotsprj/install/ur_calibration:/home/armando30/robotsprj/install/ur_robot_driver:/home/armando30/robotsprj/install/ur_moveit_config:/home/armando30/robotsprj/install/ur_bringup:/home/armando30/robotsprj/install/ur_controllers:/home/armando30/robotsprj/install/ur_dashboard_msgs:/home/armando30/robotsprj/install/ros2_linkattacher:/home/armando30/robotsprj/install/ros2_conveyorbelt:/home/armando30/robotsprj/install/linkattacher_msgs:/home/armando30/robotsprj/install/conveyorbelt_gazebo:/opt/ros/humble LD_LIBRARY_PATH=/home/armando30/robotsprj/install/conveyorbelt_msgs/lib:/home/armando30/robotsprj/install/ur_robot_driver/lib:/home/armando30/robotsprj/install/ur_controllers/lib:/home/armando30/robotsprj/install/ur_dashboard_msgs/lib:/home/armando30/robotsprj/install/ros2_linkattacher/lib:/home/armando30/robotsprj/install/ros2_conveyorbelt/lib:/home/armando30/robotsprj/install/linkattacher_msgs/lib:/opt/ros/humble/opt/rviz_ogre_vendor/lib:/opt/ros/humble/lib/x86_64-linux-gnu:/opt/ros/humble/lib /usr/bin/cmake --install /home/armando30/robotsprj/build/ros2_conveyorbelt
[0.663s] -- Install configuration: ""
[0.664s] -- Execute custom install script
[0.665s] -- Up-to-date symlink: /home/armando30/robotsprj/install/ros2_conveyorbelt/share/ros2_conveyorbelt/environment/library_path.sh
[0.666s] -- Up-to-date symlink: /home/armando30/robotsprj/install/ros2_conveyorbelt/share/ros2_conveyorbelt/environment/library_path.dsv
[0.667s] -- Up-to-date symlink: /home/armando30/robotsprj/install/ros2_conveyorbelt/lib/libros2_conveyorbelt_plugin.so
[0.668s] -- Up-to-date symlink: /home/armando30/robotsprj/install/ros2_conveyorbelt/share/ros2_conveyorbelt/python/SpawnObject.py
[0.669s] -- Up-to-date symlink: /home/armando30/robotsprj/install/ros2_conveyorbelt/lib/ros2_conveyorbelt/SpawnObject.py
[0.670s] -- Up-to-date symlink: /home/armando30/robotsprj/install/ros2_conveyorbelt/share/ament_index/resource_index/package_run_dependencies/ros2_conveyorbelt
[0.671s] -- Up-to-date symlink: /home/armando30/robotsprj/install/ros2_conveyorbelt/share/ament_index/resource_index/parent_prefix_path/ros2_conveyorbelt
[0.671s] -- Up-to-date symlink: /home/armando30/robotsprj/install/ros2_conveyorbelt/share/ros2_conveyorbelt/environment/ament_prefix_path.sh
[0.672s] -- Up-to-date symlink: /home/armando30/robotsprj/install/ros2_conveyorbelt/share/ros2_conveyorbelt/environment/ament_prefix_path.dsv
[0.672s] -- Up-to-date symlink: /home/armando30/robotsprj/install/ros2_conveyorbelt/share/ros2_conveyorbelt/environment/path.sh
[0.673s] -- Up-to-date symlink: /home/armando30/robotsprj/install/ros2_conveyorbelt/share/ros2_conveyorbelt/environment/path.dsv
[0.675s] -- Up-to-date symlink: /home/armando30/robotsprj/install/ros2_conveyorbelt/share/ros2_conveyorbelt/local_setup.bash
[0.676s] -- Up-to-date symlink: /home/armando30/robotsprj/install/ros2_conveyorbelt/share/ros2_conveyorbelt/local_setup.sh
[0.676s] -- Up-to-date symlink: /home/armando30/robotsprj/install/ros2_conveyorbelt/share/ros2_conveyorbelt/local_setup.zsh
[0.677s] -- Up-to-date symlink: /home/armando30/robotsprj/install/ros2_conveyorbelt/share/ros2_conveyorbelt/local_setup.dsv
[0.677s] -- Symlinking: /home/armando30/robotsprj/install/ros2_conveyorbelt/share/ros2_conveyorbelt/package.dsv
[0.710s] -- Up-to-date symlink: /home/armando30/robotsprj/install/ros2_conveyorbelt/share/ament_index/resource_index/packages/ros2_conveyorbelt
[0.711s] -- Up-to-date symlink: /home/armando30/robotsprj/install/ros2_conveyorbelt/share/ros2_conveyorbelt/cmake/ament_cmake_export_libraries-extras.cmake
[0.711s] -- Up-to-date symlink: /home/armando30/robotsprj/install/ros2_conveyorbelt/share/ros2_conveyorbelt/cmake/ros2_conveyorbeltConfig.cmake
[0.712s] -- Up-to-date symlink: /home/armando30/robotsprj/install/ros2_conveyorbelt/share/ros2_conveyorbelt/cmake/ros2_conveyorbeltConfig-version.cmake
[0.712s] -- Up-to-date symlink: /home/armando30/robotsprj/install/ros2_conveyorbelt/share/ros2_conveyorbelt/package.xml
[0.721s] Invoked command in '/home/armando30/robotsprj/build/ros2_conveyorbelt' returned '0': CMAKE_PREFIX_PATH=/home/armando30/robotsprj/install/conveyorbelt_msgs:/home/armando30/robotsprj/install/ur:/home/armando30/robotsprj/install/ur_calibration:/home/armando30/robotsprj/install/ur_robot_driver:/home/armando30/robotsprj/install/ur_moveit_config:/home/armando30/robotsprj/install/ur_bringup:/home/armando30/robotsprj/install/ur_controllers:/home/armando30/robotsprj/install/ur_dashboard_msgs:/home/armando30/robotsprj/install/ros2_linkattacher:/home/armando30/robotsprj/install/ros2_conveyorbelt:/home/armando30/robotsprj/install/linkattacher_msgs:/home/armando30/robotsprj/install/conveyorbelt_gazebo:/opt/ros/humble LD_LIBRARY_PATH=/home/armando30/robotsprj/install/conveyorbelt_msgs/lib:/home/armando30/robotsprj/install/ur_robot_driver/lib:/home/armando30/robotsprj/install/ur_controllers/lib:/home/armando30/robotsprj/install/ur_dashboard_msgs/lib:/home/armando30/robotsprj/install/ros2_linkattacher/lib:/home/armando30/robotsprj/install/ros2_conveyorbelt/lib:/home/armando30/robotsprj/install/linkattacher_msgs/lib:/opt/ros/humble/opt/rviz_ogre_vendor/lib:/opt/ros/humble/lib/x86_64-linux-gnu:/opt/ros/humble/lib /usr/bin/cmake --install /home/armando30/robotsprj/build/ros2_conveyorbelt
