[0.127s] Invoking command in '/home/armando30/robotsprj/build/conveyorbelt_msgs': CMAKE_PREFIX_PATH=${CMAKE_PREFIX_PATH}:/opt/ros/humble /usr/bin/cmake --build /home/armando30/robotsprj/build/conveyorbelt_msgs -- -j8 -l8
[0.398s] [  2%] Built target conveyorbelt_msgs__cpp
[0.441s] [ 12%] Built target conveyorbelt_msgs__rosidl_generator_c
[0.607s] [ 12%] Built target ament_cmake_python_symlink_conveyorbelt_msgs
[0.634s] [ 23%] Built target conveyorbelt_msgs__rosidl_typesupport_fastrtps_cpp
[0.657s] [ 33%] Built target conveyorbelt_msgs__rosidl_typesupport_cpp
[0.682s] [ 43%] Built target conveyorbelt_msgs__rosidl_typesupport_fastrtps_c
[0.729s] [ 53%] Built target conveyorbelt_msgs__rosidl_typesupport_c
[0.729s] [ 64%] Built target conveyorbelt_msgs__rosidl_typesupport_introspection_c
[0.755s] [ 74%] Built target conveyorbelt_msgs__rosidl_typesupport_introspection_cpp
[0.927s] [ 74%] Built target conveyorbelt_msgs
[1.107s] [ 76%] Built target conveyorbelt_msgs__py
[1.292s] [ 84%] Built target conveyorbelt_msgs__rosidl_generator_py
[1.516s] [ 89%] Built target conveyorbelt_msgs__rosidl_typesupport_introspection_c__pyext
[1.529s] [ 94%] Built target conveyorbelt_msgs__rosidl_typesupport_fastrtps_c__pyext
[1.554s] [100%] Built target conveyorbelt_msgs__rosidl_typesupport_c__pyext
[2.633s] running egg_info
[2.633s] writing conveyorbelt_msgs.egg-info/PKG-INFO
[2.634s] writing dependency_links to conveyorbelt_msgs.egg-info/dependency_links.txt
[2.634s] writing top-level names to conveyorbelt_msgs.egg-info/top_level.txt
[2.642s] reading manifest file 'conveyorbelt_msgs.egg-info/SOURCES.txt'
[2.645s] writing manifest file 'conveyorbelt_msgs.egg-info/SOURCES.txt'
[2.951s] [100%] Built target ament_cmake_python_build_conveyorbelt_msgs_egg
[3.299s] Invoked command in '/home/armando30/robotsprj/build/conveyorbelt_msgs' returned '0': CMAKE_PREFIX_PATH=${CMAKE_PREFIX_PATH}:/opt/ros/humble /usr/bin/cmake --build /home/armando30/robotsprj/build/conveyorbelt_msgs -- -j8 -l8
[3.305s] Invoking command in '/home/armando30/robotsprj/build/conveyorbelt_msgs': CMAKE_PREFIX_PATH=${CMAKE_PREFIX_PATH}:/opt/ros/humble /usr/bin/cmake --install /home/armando30/robotsprj/build/conveyorbelt_msgs
[3.310s] -- Install configuration: ""
[3.312s] -- Execute custom install script
[3.313s] -- Up-to-date symlink: /home/armando30/robotsprj/install/conveyorbelt_msgs/share/conveyorbelt_msgs/msg/ConveyorBeltState.msg
[3.313s] -- Up-to-date symlink: /home/armando30/robotsprj/install/conveyorbelt_msgs/share/conveyorbelt_msgs/srv/ConveyorBeltControl.srv
[3.314s] -- Up-to-date symlink: /home/armando30/robotsprj/install/conveyorbelt_msgs/share/ament_index/resource_index/rosidl_interfaces/conveyorbelt_msgs
[3.314s] -- Up-to-date symlink: /home/armando30/robotsprj/install/conveyorbelt_msgs/include/conveyorbelt_msgs/conveyorbelt_msgs/msg/conveyor_belt_state.h
[3.315s] -- Up-to-date symlink: /home/armando30/robotsprj/install/conveyorbelt_msgs/include/conveyorbelt_msgs/conveyorbelt_msgs/msg/detail/conveyor_belt_state__functions.h
[3.317s] -- Up-to-date symlink: /home/armando30/robotsprj/install/conveyorbelt_msgs/include/conveyorbelt_msgs/conveyorbelt_msgs/msg/detail/conveyor_belt_state__struct.h
[3.318s] -- Up-to-date symlink: /home/armando30/robotsprj/install/conveyorbelt_msgs/include/conveyorbelt_msgs/conveyorbelt_msgs/msg/detail/conveyor_belt_state__type_support.h
[3.320s] -- Up-to-date symlink: /home/armando30/robotsprj/install/conveyorbelt_msgs/include/conveyorbelt_msgs/conveyorbelt_msgs/msg/rosidl_generator_c__visibility_control.h
[3.322s] -- Up-to-date symlink: /home/armando30/robotsprj/install/conveyorbelt_msgs/include/conveyorbelt_msgs/conveyorbelt_msgs/srv/conveyor_belt_control.h
[3.322s] -- Up-to-date symlink: /home/armando30/robotsprj/install/conveyorbelt_msgs/include/conveyorbelt_msgs/conveyorbelt_msgs/srv/detail/conveyor_belt_control__functions.h
[3.323s] -- Up-to-date symlink: /home/armando30/robotsprj/install/conveyorbelt_msgs/include/conveyorbelt_msgs/conveyorbelt_msgs/srv/detail/conveyor_belt_control__struct.h
[3.324s] -- Up-to-date symlink: /home/armando30/robotsprj/install/conveyorbelt_msgs/include/conveyorbelt_msgs/conveyorbelt_msgs/srv/detail/conveyor_belt_control__type_support.h
[3.325s] -- Up-to-date symlink: /home/armando30/robotsprj/install/conveyorbelt_msgs/share/conveyorbelt_msgs/environment/library_path.sh
[3.326s] -- Up-to-date symlink: /home/armando30/robotsprj/install/conveyorbelt_msgs/share/conveyorbelt_msgs/environment/library_path.dsv
[3.335s] -- Up-to-date symlink: /home/armando30/robotsprj/install/conveyorbelt_msgs/include/conveyorbelt_msgs/conveyorbelt_msgs/msg/detail/conveyor_belt_state__rosidl_typesupport_fastrtps_c.h
[3.339s] -- Up-to-date symlink: /home/armando30/robotsprj/install/conveyorbelt_msgs/include/conveyorbelt_msgs/conveyorbelt_msgs/msg/rosidl_typesupport_fastrtps_c__visibility_control.h
[3.346s] -- Up-to-date symlink: /home/armando30/robotsprj/install/conveyorbelt_msgs/include/conveyorbelt_msgs/conveyorbelt_msgs/srv/detail/conveyor_belt_control__rosidl_typesupport_fastrtps_c.h
[3.351s] -- Up-to-date symlink: /home/armando30/robotsprj/install/conveyorbelt_msgs/include/conveyorbelt_msgs/conveyorbelt_msgs/msg/detail/conveyor_belt_state__rosidl_typesupport_introspection_c.h
[3.352s] -- Up-to-date symlink: /home/armando30/robotsprj/install/conveyorbelt_msgs/include/conveyorbelt_msgs/conveyorbelt_msgs/msg/rosidl_typesupport_introspection_c__visibility_control.h
[3.353s] -- Up-to-date symlink: /home/armando30/robotsprj/install/conveyorbelt_msgs/include/conveyorbelt_msgs/conveyorbelt_msgs/srv/detail/conveyor_belt_control__rosidl_typesupport_introspection_c.h
[3.358s] -- Up-to-date symlink: /home/armando30/robotsprj/install/conveyorbelt_msgs/include/conveyorbelt_msgs/conveyorbelt_msgs/msg/conveyor_belt_state.hpp
[3.361s] -- Up-to-date symlink: /home/armando30/robotsprj/install/conveyorbelt_msgs/include/conveyorbelt_msgs/conveyorbelt_msgs/msg/detail/conveyor_belt_state__builder.hpp
[3.363s] -- Up-to-date symlink: /home/armando30/robotsprj/install/conveyorbelt_msgs/include/conveyorbelt_msgs/conveyorbelt_msgs/msg/detail/conveyor_belt_state__struct.hpp
[3.366s] -- Up-to-date symlink: /home/armando30/robotsprj/install/conveyorbelt_msgs/include/conveyorbelt_msgs/conveyorbelt_msgs/msg/detail/conveyor_belt_state__traits.hpp
[3.367s] -- Up-to-date symlink: /home/armando30/robotsprj/install/conveyorbelt_msgs/include/conveyorbelt_msgs/conveyorbelt_msgs/msg/detail/conveyor_belt_state__type_support.hpp
[3.368s] -- Up-to-date symlink: /home/armando30/robotsprj/install/conveyorbelt_msgs/include/conveyorbelt_msgs/conveyorbelt_msgs/msg/rosidl_generator_cpp__visibility_control.hpp
[3.369s] -- Up-to-date symlink: /home/armando30/robotsprj/install/conveyorbelt_msgs/include/conveyorbelt_msgs/conveyorbelt_msgs/srv/conveyor_belt_control.hpp
[3.369s] -- Up-to-date symlink: /home/armando30/robotsprj/install/conveyorbelt_msgs/include/conveyorbelt_msgs/conveyorbelt_msgs/srv/detail/conveyor_belt_control__builder.hpp
[3.370s] -- Up-to-date symlink: /home/armando30/robotsprj/install/conveyorbelt_msgs/include/conveyorbelt_msgs/conveyorbelt_msgs/srv/detail/conveyor_belt_control__struct.hpp
[3.372s] -- Up-to-date symlink: /home/armando30/robotsprj/install/conveyorbelt_msgs/include/conveyorbelt_msgs/conveyorbelt_msgs/srv/detail/conveyor_belt_control__traits.hpp
[3.376s] -- Up-to-date symlink: /home/armando30/robotsprj/install/conveyorbelt_msgs/include/conveyorbelt_msgs/conveyorbelt_msgs/srv/detail/conveyor_belt_control__type_support.hpp
[3.397s] -- Up-to-date symlink: /home/armando30/robotsprj/install/conveyorbelt_msgs/include/conveyorbelt_msgs/conveyorbelt_msgs/msg/detail/conveyor_belt_state__rosidl_typesupport_fastrtps_cpp.hpp
[3.398s] -- Up-to-date symlink: /home/armando30/robotsprj/install/conveyorbelt_msgs/include/conveyorbelt_msgs/conveyorbelt_msgs/msg/rosidl_typesupport_fastrtps_cpp__visibility_control.h
[3.399s] -- Up-to-date symlink: /home/armando30/robotsprj/install/conveyorbelt_msgs/include/conveyorbelt_msgs/conveyorbelt_msgs/srv/detail/conveyor_belt_control__rosidl_typesupport_fastrtps_cpp.hpp
[3.399s] -- Up-to-date symlink: /home/armando30/robotsprj/install/conveyorbelt_msgs/include/conveyorbelt_msgs/conveyorbelt_msgs/msg/detail/conveyor_belt_state__rosidl_typesupport_introspection_cpp.hpp
[3.401s] -- Up-to-date symlink: /home/armando30/robotsprj/install/conveyorbelt_msgs/include/conveyorbelt_msgs/conveyorbelt_msgs/srv/detail/conveyor_belt_control__rosidl_typesupport_introspection_cpp.hpp
[3.405s] -- Up-to-date symlink: /home/armando30/robotsprj/install/conveyorbelt_msgs/share/conveyorbelt_msgs/environment/pythonpath.sh
[3.407s] -- Up-to-date symlink: /home/armando30/robotsprj/install/conveyorbelt_msgs/share/conveyorbelt_msgs/environment/pythonpath.dsv
[3.407s] -- Up-to-date symlink: /home/armando30/robotsprj/install/conveyorbelt_msgs/local/lib/python3.10/dist-packages/conveyorbelt_msgs-0.0.0-py3.10.egg-info/PKG-INFO
[3.407s] -- Up-to-date symlink: /home/armando30/robotsprj/install/conveyorbelt_msgs/local/lib/python3.10/dist-packages/conveyorbelt_msgs-0.0.0-py3.10.egg-info/SOURCES.txt
[3.408s] -- Up-to-date symlink: /home/armando30/robotsprj/install/conveyorbelt_msgs/local/lib/python3.10/dist-packages/conveyorbelt_msgs-0.0.0-py3.10.egg-info/dependency_links.txt
[3.408s] -- Up-to-date symlink: /home/armando30/robotsprj/install/conveyorbelt_msgs/local/lib/python3.10/dist-packages/conveyorbelt_msgs-0.0.0-py3.10.egg-info/top_level.txt
[3.409s] -- Up-to-date symlink: /home/armando30/robotsprj/install/conveyorbelt_msgs/local/lib/python3.10/dist-packages/conveyorbelt_msgs/__init__.py
[3.409s] -- Up-to-date symlink: /home/armando30/robotsprj/install/conveyorbelt_msgs/local/lib/python3.10/dist-packages/conveyorbelt_msgs/_conveyorbelt_msgs_s.ep.rosidl_typesupport_c.c
[3.409s] -- Up-to-date symlink: /home/armando30/robotsprj/install/conveyorbelt_msgs/local/lib/python3.10/dist-packages/conveyorbelt_msgs/_conveyorbelt_msgs_s.ep.rosidl_typesupport_fastrtps_c.c
[3.410s] -- Up-to-date symlink: /home/armando30/robotsprj/install/conveyorbelt_msgs/local/lib/python3.10/dist-packages/conveyorbelt_msgs/_conveyorbelt_msgs_s.ep.rosidl_typesupport_introspection_c.c
[3.410s] -- Up-to-date symlink: /home/armando30/robotsprj/install/conveyorbelt_msgs/local/lib/python3.10/dist-packages/conveyorbelt_msgs/conveyorbelt_msgs_s__rosidl_typesupport_c.cpython-310-x86_64-linux-gnu.so
[3.411s] -- Up-to-date symlink: /home/armando30/robotsprj/install/conveyorbelt_msgs/local/lib/python3.10/dist-packages/conveyorbelt_msgs/conveyorbelt_msgs_s__rosidl_typesupport_fastrtps_c.cpython-310-x86_64-linux-gnu.so
[3.411s] -- Up-to-date symlink: /home/armando30/robotsprj/install/conveyorbelt_msgs/local/lib/python3.10/dist-packages/conveyorbelt_msgs/conveyorbelt_msgs_s__rosidl_typesupport_introspection_c.cpython-310-x86_64-linux-gnu.so
[3.411s] -- Up-to-date symlink: /home/armando30/robotsprj/install/conveyorbelt_msgs/local/lib/python3.10/dist-packages/conveyorbelt_msgs/libconveyorbelt_msgs__rosidl_generator_py.so
[3.412s] -- Up-to-date symlink: /home/armando30/robotsprj/install/conveyorbelt_msgs/local/lib/python3.10/dist-packages/conveyorbelt_msgs/msg/__init__.py
[3.412s] -- Up-to-date symlink: /home/armando30/robotsprj/install/conveyorbelt_msgs/local/lib/python3.10/dist-packages/conveyorbelt_msgs/msg/_conveyor_belt_state.py
[3.412s] -- Up-to-date symlink: /home/armando30/robotsprj/install/conveyorbelt_msgs/local/lib/python3.10/dist-packages/conveyorbelt_msgs/msg/_conveyor_belt_state_s.c
[3.413s] -- Up-to-date symlink: /home/armando30/robotsprj/install/conveyorbelt_msgs/local/lib/python3.10/dist-packages/conveyorbelt_msgs/srv/__init__.py
[3.413s] -- Up-to-date symlink: /home/armando30/robotsprj/install/conveyorbelt_msgs/local/lib/python3.10/dist-packages/conveyorbelt_msgs/srv/_conveyor_belt_control.py
[3.413s] -- Up-to-date symlink: /home/armando30/robotsprj/install/conveyorbelt_msgs/local/lib/python3.10/dist-packages/conveyorbelt_msgs/srv/_conveyor_belt_control_s.c
[3.415s] -- Up-to-date symlink: /home/armando30/robotsprj/install/conveyorbelt_msgs/local/lib/python3.10/dist-packages/conveyorbelt_msgs/conveyorbelt_msgs_s__rosidl_typesupport_fastrtps_c.cpython-310-x86_64-linux-gnu.so
[3.417s] -- Up-to-date symlink: /home/armando30/robotsprj/install/conveyorbelt_msgs/local/lib/python3.10/dist-packages/conveyorbelt_msgs/conveyorbelt_msgs_s__rosidl_typesupport_introspection_c.cpython-310-x86_64-linux-gnu.so
[3.417s] -- Up-to-date symlink: /home/armando30/robotsprj/install/conveyorbelt_msgs/local/lib/python3.10/dist-packages/conveyorbelt_msgs/conveyorbelt_msgs_s__rosidl_typesupport_c.cpython-310-x86_64-linux-gnu.so
[3.422s] -- Up-to-date symlink: /home/armando30/robotsprj/install/conveyorbelt_msgs/share/conveyorbelt_msgs/msg/ConveyorBeltState.idl
[3.423s] -- Up-to-date symlink: /home/armando30/robotsprj/install/conveyorbelt_msgs/share/conveyorbelt_msgs/srv/ConveyorBeltControl.idl
[3.423s] -- Up-to-date symlink: /home/armando30/robotsprj/install/conveyorbelt_msgs/share/conveyorbelt_msgs/msg/ConveyorBeltState.msg
[3.424s] -- Up-to-date symlink: /home/armando30/robotsprj/install/conveyorbelt_msgs/share/conveyorbelt_msgs/srv/ConveyorBeltControl.srv
[3.425s] -- Up-to-date symlink: /home/armando30/robotsprj/install/conveyorbelt_msgs/share/conveyorbelt_msgs/srv/ConveyorBeltControl_Request.msg
[3.425s] -- Up-to-date symlink: /home/armando30/robotsprj/install/conveyorbelt_msgs/share/conveyorbelt_msgs/srv/ConveyorBeltControl_Response.msg
[3.426s] -- Up-to-date symlink: /home/armando30/robotsprj/install/conveyorbelt_msgs/share/ament_index/resource_index/package_run_dependencies/conveyorbelt_msgs
[3.426s] -- Up-to-date symlink: /home/armando30/robotsprj/install/conveyorbelt_msgs/share/ament_index/resource_index/parent_prefix_path/conveyorbelt_msgs
[3.427s] -- Up-to-date symlink: /home/armando30/robotsprj/install/conveyorbelt_msgs/share/conveyorbelt_msgs/environment/ament_prefix_path.sh
[3.427s] -- Up-to-date symlink: /home/armando30/robotsprj/install/conveyorbelt_msgs/share/conveyorbelt_msgs/environment/ament_prefix_path.dsv
[3.428s] -- Up-to-date symlink: /home/armando30/robotsprj/install/conveyorbelt_msgs/share/conveyorbelt_msgs/environment/path.sh
[3.429s] -- Up-to-date symlink: /home/armando30/robotsprj/install/conveyorbelt_msgs/share/conveyorbelt_msgs/environment/path.dsv
[3.430s] -- Up-to-date symlink: /home/armando30/robotsprj/install/conveyorbelt_msgs/share/conveyorbelt_msgs/local_setup.bash
[3.430s] -- Up-to-date symlink: /home/armando30/robotsprj/install/conveyorbelt_msgs/share/conveyorbelt_msgs/local_setup.sh
[3.432s] -- Up-to-date symlink: /home/armando30/robotsprj/install/conveyorbelt_msgs/share/conveyorbelt_msgs/local_setup.zsh
[3.432s] -- Up-to-date symlink: /home/armando30/robotsprj/install/conveyorbelt_msgs/share/conveyorbelt_msgs/local_setup.dsv
[3.433s] -- Symlinking: /home/armando30/robotsprj/install/conveyorbelt_msgs/share/conveyorbelt_msgs/package.dsv
[3.435s] -- Up-to-date symlink: /home/armando30/robotsprj/install/conveyorbelt_msgs/share/ament_index/resource_index/packages/conveyorbelt_msgs
[3.435s] -- Up-to-date symlink: /home/armando30/robotsprj/install/conveyorbelt_msgs/share/conveyorbelt_msgs/cmake/rosidl_cmake-extras.cmake
[3.436s] -- Up-to-date symlink: /home/armando30/robotsprj/install/conveyorbelt_msgs/share/conveyorbelt_msgs/cmake/ament_cmake_export_include_directories-extras.cmake
[3.436s] -- Up-to-date symlink: /home/armando30/robotsprj/install/conveyorbelt_msgs/share/conveyorbelt_msgs/cmake/ament_cmake_export_libraries-extras.cmake
[3.436s] -- Up-to-date symlink: /home/armando30/robotsprj/install/conveyorbelt_msgs/share/conveyorbelt_msgs/cmake/ament_cmake_export_targets-extras.cmake
[3.437s] -- Up-to-date symlink: /home/armando30/robotsprj/install/conveyorbelt_msgs/share/conveyorbelt_msgs/cmake/rosidl_cmake_export_typesupport_targets-extras.cmake
[3.437s] -- Up-to-date symlink: /home/armando30/robotsprj/install/conveyorbelt_msgs/share/conveyorbelt_msgs/cmake/ament_cmake_export_dependencies-extras.cmake
[3.437s] -- Up-to-date symlink: /home/armando30/robotsprj/install/conveyorbelt_msgs/share/conveyorbelt_msgs/cmake/rosidl_cmake_export_typesupport_libraries-extras.cmake
[3.438s] -- Up-to-date symlink: /home/armando30/robotsprj/install/conveyorbelt_msgs/share/conveyorbelt_msgs/cmake/conveyorbelt_msgsConfig.cmake
[3.438s] -- Up-to-date symlink: /home/armando30/robotsprj/install/conveyorbelt_msgs/share/conveyorbelt_msgs/cmake/conveyorbelt_msgsConfig-version.cmake
[3.438s] -- Up-to-date symlink: /home/armando30/robotsprj/install/conveyorbelt_msgs/share/conveyorbelt_msgs/package.xml
[3.439s] -- Up-to-date: /home/armando30/robotsprj/install/conveyorbelt_msgs/lib/libconveyorbelt_msgs__rosidl_generator_c.so
[3.439s] -- Up-to-date: /home/armando30/robotsprj/install/conveyorbelt_msgs/lib/libconveyorbelt_msgs__rosidl_typesupport_fastrtps_c.so
[3.439s] -- Up-to-date: /home/armando30/robotsprj/install/conveyorbelt_msgs/lib/libconveyorbelt_msgs__rosidl_typesupport_introspection_c.so
[3.440s] -- Up-to-date: /home/armando30/robotsprj/install/conveyorbelt_msgs/lib/libconveyorbelt_msgs__rosidl_typesupport_c.so
[3.440s] -- Up-to-date: /home/armando30/robotsprj/install/conveyorbelt_msgs/lib/libconveyorbelt_msgs__rosidl_typesupport_fastrtps_cpp.so
[3.440s] -- Up-to-date: /home/armando30/robotsprj/install/conveyorbelt_msgs/lib/libconveyorbelt_msgs__rosidl_typesupport_introspection_cpp.so
[3.441s] -- Up-to-date: /home/armando30/robotsprj/install/conveyorbelt_msgs/lib/libconveyorbelt_msgs__rosidl_typesupport_cpp.so
[3.450s] Listing '/home/armando30/robotsprj/install/conveyorbelt_msgs/local/lib/python3.10/dist-packages/conveyorbelt_msgs'...
[3.451s] Listing '/home/armando30/robotsprj/install/conveyorbelt_msgs/local/lib/python3.10/dist-packages/conveyorbelt_msgs/msg'...
[3.451s] Listing '/home/armando30/robotsprj/install/conveyorbelt_msgs/local/lib/python3.10/dist-packages/conveyorbelt_msgs/srv'...
[3.452s] -- Up-to-date: /home/armando30/robotsprj/install/conveyorbelt_msgs/lib/libconveyorbelt_msgs__rosidl_generator_py.so
[3.453s] -- Up-to-date: /home/armando30/robotsprj/install/conveyorbelt_msgs/share/conveyorbelt_msgs/cmake/export_conveyorbelt_msgs__rosidl_generator_cExport.cmake
[3.455s] -- Up-to-date: /home/armando30/robotsprj/install/conveyorbelt_msgs/share/conveyorbelt_msgs/cmake/export_conveyorbelt_msgs__rosidl_generator_cExport-noconfig.cmake
[3.455s] -- Up-to-date: /home/armando30/robotsprj/install/conveyorbelt_msgs/share/conveyorbelt_msgs/cmake/export_conveyorbelt_msgs__rosidl_typesupport_fastrtps_cExport.cmake
[3.457s] -- Up-to-date: /home/armando30/robotsprj/install/conveyorbelt_msgs/share/conveyorbelt_msgs/cmake/export_conveyorbelt_msgs__rosidl_typesupport_fastrtps_cExport-noconfig.cmake
[3.457s] -- Up-to-date: /home/armando30/robotsprj/install/conveyorbelt_msgs/share/conveyorbelt_msgs/cmake/conveyorbelt_msgs__rosidl_typesupport_introspection_cExport.cmake
[3.458s] -- Up-to-date: /home/armando30/robotsprj/install/conveyorbelt_msgs/share/conveyorbelt_msgs/cmake/conveyorbelt_msgs__rosidl_typesupport_introspection_cExport-noconfig.cmake
[3.460s] -- Up-to-date: /home/armando30/robotsprj/install/conveyorbelt_msgs/share/conveyorbelt_msgs/cmake/conveyorbelt_msgs__rosidl_typesupport_cExport.cmake
[3.461s] -- Up-to-date: /home/armando30/robotsprj/install/conveyorbelt_msgs/share/conveyorbelt_msgs/cmake/conveyorbelt_msgs__rosidl_typesupport_cExport-noconfig.cmake
[3.461s] -- Up-to-date: /home/armando30/robotsprj/install/conveyorbelt_msgs/share/conveyorbelt_msgs/cmake/export_conveyorbelt_msgs__rosidl_generator_cppExport.cmake
[3.463s] -- Up-to-date: /home/armando30/robotsprj/install/conveyorbelt_msgs/share/conveyorbelt_msgs/cmake/export_conveyorbelt_msgs__rosidl_typesupport_fastrtps_cppExport.cmake
[3.463s] -- Up-to-date: /home/armando30/robotsprj/install/conveyorbelt_msgs/share/conveyorbelt_msgs/cmake/export_conveyorbelt_msgs__rosidl_typesupport_fastrtps_cppExport-noconfig.cmake
[3.464s] -- Up-to-date: /home/armando30/robotsprj/install/conveyorbelt_msgs/share/conveyorbelt_msgs/cmake/conveyorbelt_msgs__rosidl_typesupport_introspection_cppExport.cmake
[3.465s] -- Up-to-date: /home/armando30/robotsprj/install/conveyorbelt_msgs/share/conveyorbelt_msgs/cmake/conveyorbelt_msgs__rosidl_typesupport_introspection_cppExport-noconfig.cmake
[3.467s] -- Up-to-date: /home/armando30/robotsprj/install/conveyorbelt_msgs/share/conveyorbelt_msgs/cmake/conveyorbelt_msgs__rosidl_typesupport_cppExport.cmake
[3.468s] -- Up-to-date: /home/armando30/robotsprj/install/conveyorbelt_msgs/share/conveyorbelt_msgs/cmake/conveyorbelt_msgs__rosidl_typesupport_cppExport-noconfig.cmake
[3.470s] -- Up-to-date: /home/armando30/robotsprj/install/conveyorbelt_msgs/share/conveyorbelt_msgs/cmake/export_conveyorbelt_msgs__rosidl_generator_pyExport.cmake
[3.470s] -- Up-to-date: /home/armando30/robotsprj/install/conveyorbelt_msgs/share/conveyorbelt_msgs/cmake/export_conveyorbelt_msgs__rosidl_generator_pyExport-noconfig.cmake
[3.549s] Invoked command in '/home/armando30/robotsprj/build/conveyorbelt_msgs' returned '0': CMAKE_PREFIX_PATH=${CMAKE_PREFIX_PATH}:/opt/ros/humble /usr/bin/cmake --install /home/armando30/robotsprj/build/conveyorbelt_msgs
