[0.108s] Invoking command in '/home/armando30/robotsprj/build/conveyorbelt_msgs': CMAKE_PREFIX_PATH=${CMAKE_PREFIX_PATH}:/opt/ros/humble /usr/bin/cmake --build /home/armando30/robotsprj/build/conveyorbelt_msgs -- -j8 -l8
[0.385s] [  2%] Built target conveyorbelt_msgs__cpp
[0.575s] [  2%] Built target ament_cmake_python_symlink_conveyorbelt_msgs
[0.610s] [ 12%] Built target conveyorbelt_msgs__rosidl_generator_c
[0.708s] [ 23%] Built target conveyorbelt_msgs__rosidl_typesupport_cpp
[0.709s] [ 33%] Built target conveyorbelt_msgs__rosidl_typesupport_introspection_cpp
[0.709s] [ 43%] Built target conveyorbelt_msgs__rosidl_typesupport_fastrtps_cpp
[0.994s] [ 53%] Built target conveyorbelt_msgs__rosidl_typesupport_c
[1.010s] [ 64%] Built target conveyorbelt_msgs__rosidl_typesupport_fastrtps_c
[1.033s] [ 74%] Built target conveyorbelt_msgs__rosidl_typesupport_introspection_c
[1.197s] [ 74%] Built target conveyorbelt_msgs
[1.321s] [ 76%] Built target conveyorbelt_msgs__py
[1.513s] [ 84%] Built target conveyorbelt_msgs__rosidl_generator_py
[1.669s] [ 89%] Built target conveyorbelt_msgs__rosidl_typesupport_c__pyext
[1.739s] [ 94%] Built target conveyorbelt_msgs__rosidl_typesupport_fastrtps_c__pyext
[1.801s] [100%] Built target conveyorbelt_msgs__rosidl_typesupport_introspection_c__pyext
[2.722s] running egg_info
[2.726s] writing conveyorbelt_msgs.egg-info/PKG-INFO
[2.727s] writing dependency_links to conveyorbelt_msgs.egg-info/dependency_links.txt
[2.728s] writing top-level names to conveyorbelt_msgs.egg-info/top_level.txt
[2.743s] reading manifest file 'conveyorbelt_msgs.egg-info/SOURCES.txt'
[2.749s] writing manifest file 'conveyorbelt_msgs.egg-info/SOURCES.txt'
[2.885s] [100%] Built target ament_cmake_python_build_conveyorbelt_msgs_egg
[2.952s] Invoked command in '/home/armando30/robotsprj/build/conveyorbelt_msgs' returned '0': CMAKE_PREFIX_PATH=${CMAKE_PREFIX_PATH}:/opt/ros/humble /usr/bin/cmake --build /home/armando30/robotsprj/build/conveyorbelt_msgs -- -j8 -l8
[2.967s] Invoking command in '/home/armando30/robotsprj/build/conveyorbelt_msgs': CMAKE_PREFIX_PATH=${CMAKE_PREFIX_PATH}:/opt/ros/humble /usr/bin/cmake --install /home/armando30/robotsprj/build/conveyorbelt_msgs
[3.004s] -- Install configuration: ""
[3.010s] -- Execute custom install script
[3.012s] -- Up-to-date symlink: /home/armando30/robotsprj/install/conveyorbelt_msgs/share/conveyorbelt_msgs/msg/ConveyorBeltState.msg
[3.013s] -- Up-to-date symlink: /home/armando30/robotsprj/install/conveyorbelt_msgs/share/conveyorbelt_msgs/srv/ConveyorBeltControl.srv
[3.015s] -- Up-to-date symlink: /home/armando30/robotsprj/install/conveyorbelt_msgs/share/ament_index/resource_index/rosidl_interfaces/conveyorbelt_msgs
[3.019s] -- Up-to-date symlink: /home/armando30/robotsprj/install/conveyorbelt_msgs/include/conveyorbelt_msgs/conveyorbelt_msgs/msg/conveyor_belt_state.h
[3.020s] -- Up-to-date symlink: /home/armando30/robotsprj/install/conveyorbelt_msgs/include/conveyorbelt_msgs/conveyorbelt_msgs/msg/detail/conveyor_belt_state__functions.h
[3.021s] -- Up-to-date symlink: /home/armando30/robotsprj/install/conveyorbelt_msgs/include/conveyorbelt_msgs/conveyorbelt_msgs/msg/detail/conveyor_belt_state__struct.h
[3.022s] -- Up-to-date symlink: /home/armando30/robotsprj/install/conveyorbelt_msgs/include/conveyorbelt_msgs/conveyorbelt_msgs/msg/detail/conveyor_belt_state__type_support.h
[3.023s] -- Up-to-date symlink: /home/armando30/robotsprj/install/conveyorbelt_msgs/include/conveyorbelt_msgs/conveyorbelt_msgs/msg/rosidl_generator_c__visibility_control.h
[3.028s] -- Up-to-date symlink: /home/armando30/robotsprj/install/conveyorbelt_msgs/include/conveyorbelt_msgs/conveyorbelt_msgs/srv/conveyor_belt_control.h
[3.031s] -- Up-to-date symlink: /home/armando30/robotsprj/install/conveyorbelt_msgs/include/conveyorbelt_msgs/conveyorbelt_msgs/srv/detail/conveyor_belt_control__functions.h
[3.032s] -- Up-to-date symlink: /home/armando30/robotsprj/install/conveyorbelt_msgs/include/conveyorbelt_msgs/conveyorbelt_msgs/srv/detail/conveyor_belt_control__struct.h
[3.032s] -- Up-to-date symlink: /home/armando30/robotsprj/install/conveyorbelt_msgs/include/conveyorbelt_msgs/conveyorbelt_msgs/srv/detail/conveyor_belt_control__type_support.h
[3.035s] -- Up-to-date symlink: /home/armando30/robotsprj/install/conveyorbelt_msgs/share/conveyorbelt_msgs/environment/library_path.sh
[3.035s] -- Up-to-date symlink: /home/armando30/robotsprj/install/conveyorbelt_msgs/share/conveyorbelt_msgs/environment/library_path.dsv
[3.036s] -- Up-to-date symlink: /home/armando30/robotsprj/install/conveyorbelt_msgs/include/conveyorbelt_msgs/conveyorbelt_msgs/msg/detail/conveyor_belt_state__rosidl_typesupport_fastrtps_c.h
[3.036s] -- Up-to-date symlink: /home/armando30/robotsprj/install/conveyorbelt_msgs/include/conveyorbelt_msgs/conveyorbelt_msgs/msg/rosidl_typesupport_fastrtps_c__visibility_control.h
[3.037s] -- Up-to-date symlink: /home/armando30/robotsprj/install/conveyorbelt_msgs/include/conveyorbelt_msgs/conveyorbelt_msgs/srv/detail/conveyor_belt_control__rosidl_typesupport_fastrtps_c.h
[3.038s] -- Up-to-date symlink: /home/armando30/robotsprj/install/conveyorbelt_msgs/include/conveyorbelt_msgs/conveyorbelt_msgs/msg/detail/conveyor_belt_state__rosidl_typesupport_introspection_c.h
[3.040s] -- Up-to-date symlink: /home/armando30/robotsprj/install/conveyorbelt_msgs/include/conveyorbelt_msgs/conveyorbelt_msgs/msg/rosidl_typesupport_introspection_c__visibility_control.h
[3.041s] -- Up-to-date symlink: /home/armando30/robotsprj/install/conveyorbelt_msgs/include/conveyorbelt_msgs/conveyorbelt_msgs/srv/detail/conveyor_belt_control__rosidl_typesupport_introspection_c.h
[3.045s] -- Up-to-date symlink: /home/armando30/robotsprj/install/conveyorbelt_msgs/include/conveyorbelt_msgs/conveyorbelt_msgs/msg/conveyor_belt_state.hpp
[3.046s] -- Up-to-date symlink: /home/armando30/robotsprj/install/conveyorbelt_msgs/include/conveyorbelt_msgs/conveyorbelt_msgs/msg/detail/conveyor_belt_state__builder.hpp
[3.047s] -- Up-to-date symlink: /home/armando30/robotsprj/install/conveyorbelt_msgs/include/conveyorbelt_msgs/conveyorbelt_msgs/msg/detail/conveyor_belt_state__struct.hpp
[3.047s] -- Up-to-date symlink: /home/armando30/robotsprj/install/conveyorbelt_msgs/include/conveyorbelt_msgs/conveyorbelt_msgs/msg/detail/conveyor_belt_state__traits.hpp
[3.048s] -- Up-to-date symlink: /home/armando30/robotsprj/install/conveyorbelt_msgs/include/conveyorbelt_msgs/conveyorbelt_msgs/msg/detail/conveyor_belt_state__type_support.hpp
[3.049s] -- Up-to-date symlink: /home/armando30/robotsprj/install/conveyorbelt_msgs/include/conveyorbelt_msgs/conveyorbelt_msgs/msg/rosidl_generator_cpp__visibility_control.hpp
[3.049s] -- Up-to-date symlink: /home/armando30/robotsprj/install/conveyorbelt_msgs/include/conveyorbelt_msgs/conveyorbelt_msgs/srv/conveyor_belt_control.hpp
[3.050s] -- Up-to-date symlink: /home/armando30/robotsprj/install/conveyorbelt_msgs/include/conveyorbelt_msgs/conveyorbelt_msgs/srv/detail/conveyor_belt_control__builder.hpp
[3.053s] -- Up-to-date symlink: /home/armando30/robotsprj/install/conveyorbelt_msgs/include/conveyorbelt_msgs/conveyorbelt_msgs/srv/detail/conveyor_belt_control__struct.hpp
[3.053s] -- Up-to-date symlink: /home/armando30/robotsprj/install/conveyorbelt_msgs/include/conveyorbelt_msgs/conveyorbelt_msgs/srv/detail/conveyor_belt_control__traits.hpp
[3.054s] -- Up-to-date symlink: /home/armando30/robotsprj/install/conveyorbelt_msgs/include/conveyorbelt_msgs/conveyorbelt_msgs/srv/detail/conveyor_belt_control__type_support.hpp
[3.063s] -- Up-to-date symlink: /home/armando30/robotsprj/install/conveyorbelt_msgs/include/conveyorbelt_msgs/conveyorbelt_msgs/msg/detail/conveyor_belt_state__rosidl_typesupport_fastrtps_cpp.hpp
[3.063s] -- Up-to-date symlink: /home/armando30/robotsprj/install/conveyorbelt_msgs/include/conveyorbelt_msgs/conveyorbelt_msgs/msg/rosidl_typesupport_fastrtps_cpp__visibility_control.h
[3.065s] -- Up-to-date symlink: /home/armando30/robotsprj/install/conveyorbelt_msgs/include/conveyorbelt_msgs/conveyorbelt_msgs/srv/detail/conveyor_belt_control__rosidl_typesupport_fastrtps_cpp.hpp
[3.106s] -- Up-to-date symlink: /home/armando30/robotsprj/install/conveyorbelt_msgs/include/conveyorbelt_msgs/conveyorbelt_msgs/msg/detail/conveyor_belt_state__rosidl_typesupport_introspection_cpp.hpp
[3.112s] -- Up-to-date symlink: /home/armando30/robotsprj/install/conveyorbelt_msgs/include/conveyorbelt_msgs/conveyorbelt_msgs/srv/detail/conveyor_belt_control__rosidl_typesupport_introspection_cpp.hpp
[3.123s] -- Up-to-date symlink: /home/armando30/robotsprj/install/conveyorbelt_msgs/share/conveyorbelt_msgs/environment/pythonpath.sh
[3.125s] -- Up-to-date symlink: /home/armando30/robotsprj/install/conveyorbelt_msgs/share/conveyorbelt_msgs/environment/pythonpath.dsv
[3.125s] -- Up-to-date symlink: /home/armando30/robotsprj/install/conveyorbelt_msgs/local/lib/python3.10/dist-packages/conveyorbelt_msgs-0.0.0-py3.10.egg-info/PKG-INFO
[3.127s] -- Up-to-date symlink: /home/armando30/robotsprj/install/conveyorbelt_msgs/local/lib/python3.10/dist-packages/conveyorbelt_msgs-0.0.0-py3.10.egg-info/SOURCES.txt
[3.132s] -- Up-to-date symlink: /home/armando30/robotsprj/install/conveyorbelt_msgs/local/lib/python3.10/dist-packages/conveyorbelt_msgs-0.0.0-py3.10.egg-info/dependency_links.txt
[3.134s] -- Up-to-date symlink: /home/armando30/robotsprj/install/conveyorbelt_msgs/local/lib/python3.10/dist-packages/conveyorbelt_msgs-0.0.0-py3.10.egg-info/top_level.txt
[3.142s] -- Up-to-date symlink: /home/armando30/robotsprj/install/conveyorbelt_msgs/local/lib/python3.10/dist-packages/conveyorbelt_msgs/__init__.py
[3.147s] -- Up-to-date symlink: /home/armando30/robotsprj/install/conveyorbelt_msgs/local/lib/python3.10/dist-packages/conveyorbelt_msgs/_conveyorbelt_msgs_s.ep.rosidl_typesupport_c.c
[3.147s] -- Up-to-date symlink: /home/armando30/robotsprj/install/conveyorbelt_msgs/local/lib/python3.10/dist-packages/conveyorbelt_msgs/_conveyorbelt_msgs_s.ep.rosidl_typesupport_fastrtps_c.c
[3.148s] -- Up-to-date symlink: /home/armando30/robotsprj/install/conveyorbelt_msgs/local/lib/python3.10/dist-packages/conveyorbelt_msgs/_conveyorbelt_msgs_s.ep.rosidl_typesupport_introspection_c.c
[3.149s] -- Up-to-date symlink: /home/armando30/robotsprj/install/conveyorbelt_msgs/local/lib/python3.10/dist-packages/conveyorbelt_msgs/conveyorbelt_msgs_s__rosidl_typesupport_c.cpython-310-x86_64-linux-gnu.so
[3.149s] -- Up-to-date symlink: /home/armando30/robotsprj/install/conveyorbelt_msgs/local/lib/python3.10/dist-packages/conveyorbelt_msgs/conveyorbelt_msgs_s__rosidl_typesupport_fastrtps_c.cpython-310-x86_64-linux-gnu.so
[3.150s] -- Up-to-date symlink: /home/armando30/robotsprj/install/conveyorbelt_msgs/local/lib/python3.10/dist-packages/conveyorbelt_msgs/conveyorbelt_msgs_s__rosidl_typesupport_introspection_c.cpython-310-x86_64-linux-gnu.so
[3.153s] -- Up-to-date symlink: /home/armando30/robotsprj/install/conveyorbelt_msgs/local/lib/python3.10/dist-packages/conveyorbelt_msgs/libconveyorbelt_msgs__rosidl_generator_py.so
[3.154s] -- Up-to-date symlink: /home/armando30/robotsprj/install/conveyorbelt_msgs/local/lib/python3.10/dist-packages/conveyorbelt_msgs/msg/__init__.py
[3.155s] -- Up-to-date symlink: /home/armando30/robotsprj/install/conveyorbelt_msgs/local/lib/python3.10/dist-packages/conveyorbelt_msgs/msg/_conveyor_belt_state.py
[3.159s] -- Up-to-date symlink: /home/armando30/robotsprj/install/conveyorbelt_msgs/local/lib/python3.10/dist-packages/conveyorbelt_msgs/msg/_conveyor_belt_state_s.c
[3.163s] -- Up-to-date symlink: /home/armando30/robotsprj/install/conveyorbelt_msgs/local/lib/python3.10/dist-packages/conveyorbelt_msgs/srv/__init__.py
[3.165s] -- Up-to-date symlink: /home/armando30/robotsprj/install/conveyorbelt_msgs/local/lib/python3.10/dist-packages/conveyorbelt_msgs/srv/_conveyor_belt_control.py
[3.171s] -- Up-to-date symlink: /home/armando30/robotsprj/install/conveyorbelt_msgs/local/lib/python3.10/dist-packages/conveyorbelt_msgs/srv/_conveyor_belt_control_s.c
[3.172s] -- Up-to-date symlink: /home/armando30/robotsprj/install/conveyorbelt_msgs/local/lib/python3.10/dist-packages/conveyorbelt_msgs/conveyorbelt_msgs_s__rosidl_typesupport_fastrtps_c.cpython-310-x86_64-linux-gnu.so
[3.175s] -- Up-to-date symlink: /home/armando30/robotsprj/install/conveyorbelt_msgs/local/lib/python3.10/dist-packages/conveyorbelt_msgs/conveyorbelt_msgs_s__rosidl_typesupport_introspection_c.cpython-310-x86_64-linux-gnu.so
[3.178s] -- Up-to-date symlink: /home/armando30/robotsprj/install/conveyorbelt_msgs/local/lib/python3.10/dist-packages/conveyorbelt_msgs/conveyorbelt_msgs_s__rosidl_typesupport_c.cpython-310-x86_64-linux-gnu.so
[3.180s] -- Up-to-date symlink: /home/armando30/robotsprj/install/conveyorbelt_msgs/share/conveyorbelt_msgs/msg/ConveyorBeltState.idl
[3.192s] -- Up-to-date symlink: /home/armando30/robotsprj/install/conveyorbelt_msgs/share/conveyorbelt_msgs/srv/ConveyorBeltControl.idl
[3.195s] -- Up-to-date symlink: /home/armando30/robotsprj/install/conveyorbelt_msgs/share/conveyorbelt_msgs/msg/ConveyorBeltState.msg
[3.203s] -- Up-to-date symlink: /home/armando30/robotsprj/install/conveyorbelt_msgs/share/conveyorbelt_msgs/srv/ConveyorBeltControl.srv
[3.204s] -- Up-to-date symlink: /home/armando30/robotsprj/install/conveyorbelt_msgs/share/conveyorbelt_msgs/srv/ConveyorBeltControl_Request.msg
[3.205s] -- Up-to-date symlink: /home/armando30/robotsprj/install/conveyorbelt_msgs/share/conveyorbelt_msgs/srv/ConveyorBeltControl_Response.msg
[3.206s] -- Up-to-date symlink: /home/armando30/robotsprj/install/conveyorbelt_msgs/share/ament_index/resource_index/package_run_dependencies/conveyorbelt_msgs
[3.207s] -- Up-to-date symlink: /home/armando30/robotsprj/install/conveyorbelt_msgs/share/ament_index/resource_index/parent_prefix_path/conveyorbelt_msgs
[3.208s] -- Up-to-date symlink: /home/armando30/robotsprj/install/conveyorbelt_msgs/share/conveyorbelt_msgs/environment/ament_prefix_path.sh
[3.209s] -- Up-to-date symlink: /home/armando30/robotsprj/install/conveyorbelt_msgs/share/conveyorbelt_msgs/environment/ament_prefix_path.dsv
[3.210s] -- Up-to-date symlink: /home/armando30/robotsprj/install/conveyorbelt_msgs/share/conveyorbelt_msgs/environment/path.sh
[3.228s] -- Up-to-date symlink: /home/armando30/robotsprj/install/conveyorbelt_msgs/share/conveyorbelt_msgs/environment/path.dsv
[3.229s] -- Up-to-date symlink: /home/armando30/robotsprj/install/conveyorbelt_msgs/share/conveyorbelt_msgs/local_setup.bash
[3.229s] -- Up-to-date symlink: /home/armando30/robotsprj/install/conveyorbelt_msgs/share/conveyorbelt_msgs/local_setup.sh
[3.234s] -- Up-to-date symlink: /home/armando30/robotsprj/install/conveyorbelt_msgs/share/conveyorbelt_msgs/local_setup.zsh
[3.235s] -- Up-to-date symlink: /home/armando30/robotsprj/install/conveyorbelt_msgs/share/conveyorbelt_msgs/local_setup.dsv
[3.235s] -- Symlinking: /home/armando30/robotsprj/install/conveyorbelt_msgs/share/conveyorbelt_msgs/package.dsv
[3.288s] -- Up-to-date symlink: /home/armando30/robotsprj/install/conveyorbelt_msgs/share/ament_index/resource_index/packages/conveyorbelt_msgs
[3.290s] -- Up-to-date symlink: /home/armando30/robotsprj/install/conveyorbelt_msgs/share/conveyorbelt_msgs/cmake/rosidl_cmake-extras.cmake
[3.291s] -- Up-to-date symlink: /home/armando30/robotsprj/install/conveyorbelt_msgs/share/conveyorbelt_msgs/cmake/ament_cmake_export_include_directories-extras.cmake
[3.291s] -- Up-to-date symlink: /home/armando30/robotsprj/install/conveyorbelt_msgs/share/conveyorbelt_msgs/cmake/ament_cmake_export_libraries-extras.cmake
[3.297s] -- Up-to-date symlink: /home/armando30/robotsprj/install/conveyorbelt_msgs/share/conveyorbelt_msgs/cmake/ament_cmake_export_targets-extras.cmake
[3.300s] -- Up-to-date symlink: /home/armando30/robotsprj/install/conveyorbelt_msgs/share/conveyorbelt_msgs/cmake/rosidl_cmake_export_typesupport_targets-extras.cmake
[3.302s] -- Up-to-date symlink: /home/armando30/robotsprj/install/conveyorbelt_msgs/share/conveyorbelt_msgs/cmake/ament_cmake_export_dependencies-extras.cmake
[3.304s] -- Up-to-date symlink: /home/armando30/robotsprj/install/conveyorbelt_msgs/share/conveyorbelt_msgs/cmake/rosidl_cmake_export_typesupport_libraries-extras.cmake
[3.305s] -- Up-to-date symlink: /home/armando30/robotsprj/install/conveyorbelt_msgs/share/conveyorbelt_msgs/cmake/conveyorbelt_msgsConfig.cmake
[3.316s] -- Up-to-date symlink: /home/armando30/robotsprj/install/conveyorbelt_msgs/share/conveyorbelt_msgs/cmake/conveyorbelt_msgsConfig-version.cmake
[3.316s] -- Up-to-date symlink: /home/armando30/robotsprj/install/conveyorbelt_msgs/share/conveyorbelt_msgs/package.xml
[3.318s] -- Up-to-date: /home/armando30/robotsprj/install/conveyorbelt_msgs/lib/libconveyorbelt_msgs__rosidl_generator_c.so
[3.329s] -- Up-to-date: /home/armando30/robotsprj/install/conveyorbelt_msgs/lib/libconveyorbelt_msgs__rosidl_typesupport_fastrtps_c.so
[3.329s] -- Up-to-date: /home/armando30/robotsprj/install/conveyorbelt_msgs/lib/libconveyorbelt_msgs__rosidl_typesupport_introspection_c.so
[3.331s] -- Up-to-date: /home/armando30/robotsprj/install/conveyorbelt_msgs/lib/libconveyorbelt_msgs__rosidl_typesupport_c.so
[3.335s] -- Up-to-date: /home/armando30/robotsprj/install/conveyorbelt_msgs/lib/libconveyorbelt_msgs__rosidl_typesupport_fastrtps_cpp.so
[3.335s] -- Up-to-date: /home/armando30/robotsprj/install/conveyorbelt_msgs/lib/libconveyorbelt_msgs__rosidl_typesupport_introspection_cpp.so
[3.336s] -- Up-to-date: /home/armando30/robotsprj/install/conveyorbelt_msgs/lib/libconveyorbelt_msgs__rosidl_typesupport_cpp.so
[3.358s] Listing '/home/armando30/robotsprj/install/conveyorbelt_msgs/local/lib/python3.10/dist-packages/conveyorbelt_msgs'...
[3.358s] Listing '/home/armando30/robotsprj/install/conveyorbelt_msgs/local/lib/python3.10/dist-packages/conveyorbelt_msgs/msg'...
[3.359s] Listing '/home/armando30/robotsprj/install/conveyorbelt_msgs/local/lib/python3.10/dist-packages/conveyorbelt_msgs/srv'...
[3.362s] -- Up-to-date: /home/armando30/robotsprj/install/conveyorbelt_msgs/lib/libconveyorbelt_msgs__rosidl_generator_py.so
[3.363s] -- Up-to-date: /home/armando30/robotsprj/install/conveyorbelt_msgs/share/conveyorbelt_msgs/cmake/export_conveyorbelt_msgs__rosidl_generator_cExport.cmake
[3.363s] -- Up-to-date: /home/armando30/robotsprj/install/conveyorbelt_msgs/share/conveyorbelt_msgs/cmake/export_conveyorbelt_msgs__rosidl_generator_cExport-noconfig.cmake
[3.363s] -- Up-to-date: /home/armando30/robotsprj/install/conveyorbelt_msgs/share/conveyorbelt_msgs/cmake/export_conveyorbelt_msgs__rosidl_typesupport_fastrtps_cExport.cmake
[3.364s] -- Up-to-date: /home/armando30/robotsprj/install/conveyorbelt_msgs/share/conveyorbelt_msgs/cmake/export_conveyorbelt_msgs__rosidl_typesupport_fastrtps_cExport-noconfig.cmake
[3.364s] -- Up-to-date: /home/armando30/robotsprj/install/conveyorbelt_msgs/share/conveyorbelt_msgs/cmake/conveyorbelt_msgs__rosidl_typesupport_introspection_cExport.cmake
[3.364s] -- Up-to-date: /home/armando30/robotsprj/install/conveyorbelt_msgs/share/conveyorbelt_msgs/cmake/conveyorbelt_msgs__rosidl_typesupport_introspection_cExport-noconfig.cmake
[3.364s] -- Up-to-date: /home/armando30/robotsprj/install/conveyorbelt_msgs/share/conveyorbelt_msgs/cmake/conveyorbelt_msgs__rosidl_typesupport_cExport.cmake
[3.365s] -- Up-to-date: /home/armando30/robotsprj/install/conveyorbelt_msgs/share/conveyorbelt_msgs/cmake/conveyorbelt_msgs__rosidl_typesupport_cExport-noconfig.cmake
[3.365s] -- Up-to-date: /home/armando30/robotsprj/install/conveyorbelt_msgs/share/conveyorbelt_msgs/cmake/export_conveyorbelt_msgs__rosidl_generator_cppExport.cmake
[3.365s] -- Up-to-date: /home/armando30/robotsprj/install/conveyorbelt_msgs/share/conveyorbelt_msgs/cmake/export_conveyorbelt_msgs__rosidl_typesupport_fastrtps_cppExport.cmake
[3.366s] -- Up-to-date: /home/armando30/robotsprj/install/conveyorbelt_msgs/share/conveyorbelt_msgs/cmake/export_conveyorbelt_msgs__rosidl_typesupport_fastrtps_cppExport-noconfig.cmake
[3.366s] -- Up-to-date: /home/armando30/robotsprj/install/conveyorbelt_msgs/share/conveyorbelt_msgs/cmake/conveyorbelt_msgs__rosidl_typesupport_introspection_cppExport.cmake
[3.366s] -- Up-to-date: /home/armando30/robotsprj/install/conveyorbelt_msgs/share/conveyorbelt_msgs/cmake/conveyorbelt_msgs__rosidl_typesupport_introspection_cppExport-noconfig.cmake
[3.367s] -- Up-to-date: /home/armando30/robotsprj/install/conveyorbelt_msgs/share/conveyorbelt_msgs/cmake/conveyorbelt_msgs__rosidl_typesupport_cppExport.cmake
[3.367s] -- Up-to-date: /home/armando30/robotsprj/install/conveyorbelt_msgs/share/conveyorbelt_msgs/cmake/conveyorbelt_msgs__rosidl_typesupport_cppExport-noconfig.cmake
[3.367s] -- Up-to-date: /home/armando30/robotsprj/install/conveyorbelt_msgs/share/conveyorbelt_msgs/cmake/export_conveyorbelt_msgs__rosidl_generator_pyExport.cmake
[3.368s] -- Up-to-date: /home/armando30/robotsprj/install/conveyorbelt_msgs/share/conveyorbelt_msgs/cmake/export_conveyorbelt_msgs__rosidl_generator_pyExport-noconfig.cmake
[3.404s] Invoked command in '/home/armando30/robotsprj/build/conveyorbelt_msgs' returned '0': CMAKE_PREFIX_PATH=${CMAKE_PREFIX_PATH}:/opt/ros/humble /usr/bin/cmake --install /home/armando30/robotsprj/build/conveyorbelt_msgs
