[0.046s] Invoking command in '/home/armando30/robotsprj/build/ros2_linkattacher': CMAKE_PREFIX_PATH=/home/armando30/robotsprj/install/linkattacher_msgs:/home/armando30/robotsprj/install/ur:/home/armando30/robotsprj/install/ur_calibration:/home/armando30/robotsprj/install/ur_robot_driver:/home/armando30/robotsprj/install/ur_moveit_config:/home/armando30/robotsprj/install/ur_bringup:/home/armando30/robotsprj/install/ur_controllers:/home/armando30/robotsprj/install/ur_dashboard_msgs:/home/armando30/robotsprj/install/ros2_linkattacher:/home/armando30/robotsprj/install/ros2_conveyorbelt:/home/armando30/robotsprj/install/conveyorbelt_msgs:/home/armando30/robotsprj/install/conveyorbelt_gazebo:/opt/ros/humble LD_LIBRARY_PATH=/home/armando30/robotsprj/install/linkattacher_msgs/lib:/home/armando30/robotsprj/install/ur_robot_driver/lib:/home/armando30/robotsprj/install/ur_controllers/lib:/home/armando30/robotsprj/install/ur_dashboard_msgs/lib:/home/armando30/robotsprj/install/ros2_linkattacher/lib:/home/armando30/robotsprj/install/ros2_conveyorbelt/lib:/home/armando30/robotsprj/install/conveyorbelt_msgs/lib:/opt/ros/humble/opt/rviz_ogre_vendor/lib:/opt/ros/humble/lib/x86_64-linux-gnu:/opt/ros/humble/lib /usr/bin/cmake /home/armando30/robotsprj/src/IFRA_LinkAttacher/ros2_LinkAttacher -DAMENT_CMAKE_SYMLINK_INSTALL=1 -DCMAKE_INSTALL_PREFIX=/home/armando30/robotsprj/install/ros2_linkattacher
[0.266s] -- The C compiler identification is GNU 11.4.0
[0.543s] -- The CXX compiler identification is GNU 11.4.0
[0.581s] -- Detecting C compiler ABI info
[0.890s] -- Detecting C compiler ABI info - done
[0.946s] -- Check for working C compiler: /usr/bin/cc - skipped
[0.947s] -- Detecting C compile features
[0.949s] -- Detecting C compile features - done
[0.967s] -- Detecting CXX compiler ABI info
[1.341s] -- Detecting CXX compiler ABI info - done
[1.397s] -- Check for working CXX compiler: /usr/bin/c++ - skipped
[1.399s] -- Detecting CXX compile features
[1.401s] -- Detecting CXX compile features - done
[1.417s] -- Found ament_cmake: 1.3.12 (/opt/ros/humble/share/ament_cmake/cmake)
[1.986s] -- Found Python3: /usr/bin/python3 (found version "3.10.12") found components: Interpreter 
[2.275s] -- Override CMake install command with custom implementation using symlinks instead of copying resources
[2.448s] -- Found ament_lint_auto: 0.12.14 (/opt/ros/humble/share/ament_lint_auto/cmake)
[2.921s] -- Found gazebo_ros: 3.9.0 (/opt/ros/humble/share/gazebo_ros/cmake)
[3.214s] -- Found rosidl_generator_c: 3.1.7 (/opt/ros/humble/share/rosidl_generator_c/cmake)
[3.251s] -- Found rosidl_adapter: 3.1.7 (/opt/ros/humble/share/rosidl_adapter/cmake)
[3.309s] -- Found rosidl_generator_cpp: 3.1.7 (/opt/ros/humble/share/rosidl_generator_cpp/cmake)
[3.397s] -- Using all available rosidl_typesupport_c: rosidl_typesupport_fastrtps_c;rosidl_typesupport_introspection_c
[3.515s] -- Using all available rosidl_typesupport_cpp: rosidl_typesupport_fastrtps_cpp;rosidl_typesupport_introspection_cpp
[3.825s] -- Found rmw_implementation_cmake: 6.1.2 (/opt/ros/humble/share/rmw_implementation_cmake/cmake)
[3.845s] -- Found rmw_fastrtps_cpp: 6.2.8 (/opt/ros/humble/share/rmw_fastrtps_cpp/cmake)
[4.315s] -- Found OpenSSL: /usr/lib/x86_64-linux-gnu/libcrypto.so (found version "3.0.2")  
[4.469s] -- Found FastRTPS: /opt/ros/humble/include  
[4.696s] -- Using RMW implementation 'rmw_fastrtps_cpp' as default
[4.752s] -- Looking for pthread.h
[5.107s] -- Looking for pthread.h - found
[5.109s] -- Performing Test CMAKE_HAVE_LIBC_PTHREAD
[5.423s] -- Performing Test CMAKE_HAVE_LIBC_PTHREAD - Success
[5.426s] -- Found Threads: TRUE  
[5.666s] -- Found PkgConfig: /usr/bin/pkg-config (found version "0.29.2") 
[5.671s] -- Checking for module 'bullet>=2.82'
[5.719s] --   Found bullet, version 3.05
[6.079s] -- Found fcl: /usr/include (found suitable version "0.7.0", minimum required is "0.5.0") 
[6.256s] -- Found assimp: /usr/include (found version "5.2.0") 
[6.329s] -- Found DART: /usr/include (Required is at least version "6.6") found components: dart 
[6.480s] -- Found Boost: /usr/lib/x86_64-linux-gnu/cmake/Boost-1.74.0/BoostConfig.cmake (found suitable version "1.74.0", minimum required is "1.40.0") found components: thread system filesystem program_options regex iostreams date_time 
[6.567s] -- Found Protobuf: /usr/lib/x86_64-linux-gnu/libprotobuf.so (found version "3.12.4") 
[6.597s] -- Looking for ignition-math6 -- found version 6.15.1
[6.632s] -- Searching for dependencies of ignition-math6
[6.640s] -- Looking for OGRE...
[6.643s] -- OGRE_PREFIX_WATCH changed.
[6.668s] -- Checking for module 'OGRE'
[6.734s] --   Found OGRE, version 1.9.0
[6.890s] -- Found Ogre Ghadamon (1.9.0)
[6.945s] -- Found OGRE: optimized;/usr/lib/x86_64-linux-gnu/libOgreMain.so;debug;/usr/lib/x86_64-linux-gnu/libOgreMain.so
[7.002s] -- Looking for OGRE_Paging...
[7.047s] -- Found OGRE_Paging: optimized;/usr/lib/x86_64-linux-gnu/libOgrePaging.so;debug;/usr/lib/x86_64-linux-gnu/libOgrePaging.so
[7.048s] -- Looking for OGRE_Terrain...
[7.094s] -- Found OGRE_Terrain: optimized;/usr/lib/x86_64-linux-gnu/libOgreTerrain.so;debug;/usr/lib/x86_64-linux-gnu/libOgreTerrain.so
[7.094s] -- Looking for OGRE_Property...
[7.139s] -- Found OGRE_Property: optimized;/usr/lib/x86_64-linux-gnu/libOgreProperty.so;debug;/usr/lib/x86_64-linux-gnu/libOgreProperty.so
[7.139s] -- Looking for OGRE_RTShaderSystem...
[7.183s] -- Found OGRE_RTShaderSystem: optimized;/usr/lib/x86_64-linux-gnu/libOgreRTShaderSystem.so;debug;/usr/lib/x86_64-linux-gnu/libOgreRTShaderSystem.so
[7.184s] -- Looking for OGRE_Volume...
[7.229s] -- Found OGRE_Volume: optimized;/usr/lib/x86_64-linux-gnu/libOgreVolume.so;debug;/usr/lib/x86_64-linux-gnu/libOgreVolume.so
[7.230s] -- Looking for OGRE_Overlay...
[7.274s] -- Found OGRE_Overlay: optimized;/usr/lib/x86_64-linux-gnu/libOgreOverlay.so;debug;/usr/lib/x86_64-linux-gnu/libOgreOverlay.so
[8.075s] -- Looking for ignition-math6 -- found version 6.15.1
[8.085s] -- Looking for ignition-transport8 -- found version 8.2.1
[8.087s] -- Searching for dependencies of ignition-transport8
[8.151s] -- Found Protobuf: /usr/lib/x86_64-linux-gnu/libprotobuf.so (found suitable version "3.12.4", minimum required is "3") 
[8.199s] -- Config-file not installed for ZeroMQ -- checking for pkg-config
[8.219s] -- Checking for module 'libzmq >= 4'
[8.277s] --   Found libzmq , version 4.3.4
[8.436s] -- Found ZeroMQ: TRUE (Required is at least version "4") 
[8.463s] -- Checking for module 'uuid'
[8.525s] --   Found uuid, version 2.37.2
[8.669s] -- Found UUID: TRUE  
[8.680s] -- Looking for ignition-msgs5 -- found version 5.8.1
[8.682s] -- Searching for dependencies of ignition-msgs5
[8.756s] -- Looking for ignition-math6 -- found version 6.15.1
[8.780s] -- Checking for module 'tinyxml2'
[8.842s] --   Found tinyxml2, version 9.0.0
[8.986s] -- Looking for ignition-msgs5 -- found version 5.8.1
[9.000s] -- Looking for ignition-common3 -- found version 3.14.0
[9.001s] -- Searching for dependencies of ignition-common3
[9.003s] -- Looking for dlfcn.h - found
[9.008s] -- Looking for libdl - found
[9.018s] -- Found DL: TRUE  
[9.077s] -- Found tinyobjloader: /usr/lib/x86_64-linux-gnu/cmake/tinyobjloader/tinyobjloader-config.cmake (found version "2.0.0") 
[9.079s] -- Searching for <ignition-common3> component [graphics]
[9.093s] -- Looking for ignition-common3-graphics -- found version 3.14.0
[9.096s] -- Searching for dependencies of ignition-common3-graphics
[9.099s] -- Looking for ignition-math6 -- found version 6.15.1
[9.119s] -- Looking for ignition-fuel_tools4 -- found version 4.4.0
[9.119s] -- Searching for dependencies of ignition-fuel_tools4
[9.462s] -- Found CURL: /usr/lib/x86_64-linux-gnu/libcurl.so (found version "7.81.0")  
[9.497s] -- Checking for module 'jsoncpp'
[9.549s] --   Found jsoncpp, version 1.9.5
[9.661s] -- Found JSONCPP: TRUE  
[9.687s] -- Checking for module 'libzip'
[9.744s] --   Found libzip, version 1.7.3
[9.874s] -- Found ZIP: TRUE  
[9.876s] -- Looking for ignition-common3 -- found version 3.14.0
[9.879s] -- Looking for ignition-math6 -- found version 6.15.1
[9.881s] -- Looking for ignition-msgs5 -- found version 5.8.1
[9.901s] -- Gazebo version: 11.10
[9.903s] -- Checking for module 'tbb'
[9.959s] --   Found tbb, version 2021.5.0
[10.087s] -- Found gazebo_msgs: 3.9.0 (/opt/ros/humble/share/gazebo_msgs/cmake)
[10.300s] -- Found linkattacher_msgs: 0.0.0 (/home/armando30/robotsprj/install/linkattacher_msgs/share/linkattacher_msgs/cmake)
[10.416s] -- Added test 'copyright' to check source files copyright and LICENSE
[10.433s] -- Added test 'cppcheck' to perform static code analysis on C / C++ code
[10.436s] -- Configured cppcheck include dirs: /home/armando30/robotsprj/src/IFRA_LinkAttacher/ros2_LinkAttacher/include
[10.437s] -- Configured cppcheck exclude dirs and/or files: 
[10.441s] -- Added test 'cpplint' to check C / C++ code against the Google style
[10.442s] -- Configured cpplint exclude dirs and/or files: 
[10.446s] -- Added test 'lint_cmake' to check CMake code style
[10.453s] -- Added test 'uncrustify' to check C / C++ code style
[10.453s] -- Configured uncrustify additional arguments: 
[10.456s] -- Added test 'xmllint' to check XML markup files
[10.470s] -- Configuring done
[10.662s] -- Generating done
[10.694s] -- Build files have been written to: /home/armando30/robotsprj/build/ros2_linkattacher
[10.749s] Invoked command in '/home/armando30/robotsprj/build/ros2_linkattacher' returned '0': CMAKE_PREFIX_PATH=/home/armando30/robotsprj/install/linkattacher_msgs:/home/armando30/robotsprj/install/ur:/home/armando30/robotsprj/install/ur_calibration:/home/armando30/robotsprj/install/ur_robot_driver:/home/armando30/robotsprj/install/ur_moveit_config:/home/armando30/robotsprj/install/ur_bringup:/home/armando30/robotsprj/install/ur_controllers:/home/armando30/robotsprj/install/ur_dashboard_msgs:/home/armando30/robotsprj/install/ros2_linkattacher:/home/armando30/robotsprj/install/ros2_conveyorbelt:/home/armando30/robotsprj/install/conveyorbelt_msgs:/home/armando30/robotsprj/install/conveyorbelt_gazebo:/opt/ros/humble LD_LIBRARY_PATH=/home/armando30/robotsprj/install/linkattacher_msgs/lib:/home/armando30/robotsprj/install/ur_robot_driver/lib:/home/armando30/robotsprj/install/ur_controllers/lib:/home/armando30/robotsprj/install/ur_dashboard_msgs/lib:/home/armando30/robotsprj/install/ros2_linkattacher/lib:/home/armando30/robotsprj/install/ros2_conveyorbelt/lib:/home/armando30/robotsprj/install/conveyorbelt_msgs/lib:/opt/ros/humble/opt/rviz_ogre_vendor/lib:/opt/ros/humble/lib/x86_64-linux-gnu:/opt/ros/humble/lib /usr/bin/cmake /home/armando30/robotsprj/src/IFRA_LinkAttacher/ros2_LinkAttacher -DAMENT_CMAKE_SYMLINK_INSTALL=1 -DCMAKE_INSTALL_PREFIX=/home/armando30/robotsprj/install/ros2_linkattacher
[10.757s] Invoking command in '/home/armando30/robotsprj/build/ros2_linkattacher': CMAKE_PREFIX_PATH=/home/armando30/robotsprj/install/linkattacher_msgs:/home/armando30/robotsprj/install/ur:/home/armando30/robotsprj/install/ur_calibration:/home/armando30/robotsprj/install/ur_robot_driver:/home/armando30/robotsprj/install/ur_moveit_config:/home/armando30/robotsprj/install/ur_bringup:/home/armando30/robotsprj/install/ur_controllers:/home/armando30/robotsprj/install/ur_dashboard_msgs:/home/armando30/robotsprj/install/ros2_linkattacher:/home/armando30/robotsprj/install/ros2_conveyorbelt:/home/armando30/robotsprj/install/conveyorbelt_msgs:/home/armando30/robotsprj/install/conveyorbelt_gazebo:/opt/ros/humble LD_LIBRARY_PATH=/home/armando30/robotsprj/install/linkattacher_msgs/lib:/home/armando30/robotsprj/install/ur_robot_driver/lib:/home/armando30/robotsprj/install/ur_controllers/lib:/home/armando30/robotsprj/install/ur_dashboard_msgs/lib:/home/armando30/robotsprj/install/ros2_linkattacher/lib:/home/armando30/robotsprj/install/ros2_conveyorbelt/lib:/home/armando30/robotsprj/install/conveyorbelt_msgs/lib:/opt/ros/humble/opt/rviz_ogre_vendor/lib:/opt/ros/humble/lib/x86_64-linux-gnu:/opt/ros/humble/lib /usr/bin/cmake --build /home/armando30/robotsprj/build/ros2_linkattacher -- -j8 -l8
[11.007s] [ 50%] [32mBuilding CXX object CMakeFiles/gazebo_link_attacher.dir/src/gazebo_link_attacher.cpp.o[0m
[62.365s] [100%] [32m[1mLinking CXX shared library libgazebo_link_attacher.so[0m
[66.419s] [100%] Built target gazebo_link_attacher
[66.452s] Invoked command in '/home/armando30/robotsprj/build/ros2_linkattacher' returned '0': CMAKE_PREFIX_PATH=/home/armando30/robotsprj/install/linkattacher_msgs:/home/armando30/robotsprj/install/ur:/home/armando30/robotsprj/install/ur_calibration:/home/armando30/robotsprj/install/ur_robot_driver:/home/armando30/robotsprj/install/ur_moveit_config:/home/armando30/robotsprj/install/ur_bringup:/home/armando30/robotsprj/install/ur_controllers:/home/armando30/robotsprj/install/ur_dashboard_msgs:/home/armando30/robotsprj/install/ros2_linkattacher:/home/armando30/robotsprj/install/ros2_conveyorbelt:/home/armando30/robotsprj/install/conveyorbelt_msgs:/home/armando30/robotsprj/install/conveyorbelt_gazebo:/opt/ros/humble LD_LIBRARY_PATH=/home/armando30/robotsprj/install/linkattacher_msgs/lib:/home/armando30/robotsprj/install/ur_robot_driver/lib:/home/armando30/robotsprj/install/ur_controllers/lib:/home/armando30/robotsprj/install/ur_dashboard_msgs/lib:/home/armando30/robotsprj/install/ros2_linkattacher/lib:/home/armando30/robotsprj/install/ros2_conveyorbelt/lib:/home/armando30/robotsprj/install/conveyorbelt_msgs/lib:/opt/ros/humble/opt/rviz_ogre_vendor/lib:/opt/ros/humble/lib/x86_64-linux-gnu:/opt/ros/humble/lib /usr/bin/cmake --build /home/armando30/robotsprj/build/ros2_linkattacher -- -j8 -l8
[66.458s] Invoking command in '/home/armando30/robotsprj/build/ros2_linkattacher': CMAKE_PREFIX_PATH=/home/armando30/robotsprj/install/linkattacher_msgs:/home/armando30/robotsprj/install/ur:/home/armando30/robotsprj/install/ur_calibration:/home/armando30/robotsprj/install/ur_robot_driver:/home/armando30/robotsprj/install/ur_moveit_config:/home/armando30/robotsprj/install/ur_bringup:/home/armando30/robotsprj/install/ur_controllers:/home/armando30/robotsprj/install/ur_dashboard_msgs:/home/armando30/robotsprj/install/ros2_linkattacher:/home/armando30/robotsprj/install/ros2_conveyorbelt:/home/armando30/robotsprj/install/conveyorbelt_msgs:/home/armando30/robotsprj/install/conveyorbelt_gazebo:/opt/ros/humble LD_LIBRARY_PATH=/home/armando30/robotsprj/install/linkattacher_msgs/lib:/home/armando30/robotsprj/install/ur_robot_driver/lib:/home/armando30/robotsprj/install/ur_controllers/lib:/home/armando30/robotsprj/install/ur_dashboard_msgs/lib:/home/armando30/robotsprj/install/ros2_linkattacher/lib:/home/armando30/robotsprj/install/ros2_conveyorbelt/lib:/home/armando30/robotsprj/install/conveyorbelt_msgs/lib:/opt/ros/humble/opt/rviz_ogre_vendor/lib:/opt/ros/humble/lib/x86_64-linux-gnu:/opt/ros/humble/lib /usr/bin/cmake --install /home/armando30/robotsprj/build/ros2_linkattacher
[66.479s] -- Install configuration: ""
[66.481s] -- Execute custom install script
[66.483s] -- Symlinking: /home/armando30/robotsprj/install/ros2_linkattacher/share/ros2_linkattacher/environment/library_path.sh
[66.509s] -- Symlinking: /home/armando30/robotsprj/install/ros2_linkattacher/share/ros2_linkattacher/environment/library_path.dsv
[66.536s] -- Symlinking: /home/armando30/robotsprj/install/ros2_linkattacher/lib/libgazebo_link_attacher.so
[66.564s] -- Symlinking: /home/armando30/robotsprj/install/ros2_linkattacher/share/ament_index/resource_index/package_run_dependencies/ros2_linkattacher
[66.591s] -- Symlinking: /home/armando30/robotsprj/install/ros2_linkattacher/share/ament_index/resource_index/parent_prefix_path/ros2_linkattacher
[66.617s] -- Symlinking: /home/armando30/robotsprj/install/ros2_linkattacher/share/ros2_linkattacher/environment/ament_prefix_path.sh
[66.643s] -- Symlinking: /home/armando30/robotsprj/install/ros2_linkattacher/share/ros2_linkattacher/environment/ament_prefix_path.dsv
[66.669s] -- Symlinking: /home/armando30/robotsprj/install/ros2_linkattacher/share/ros2_linkattacher/environment/path.sh
[66.695s] -- Symlinking: /home/armando30/robotsprj/install/ros2_linkattacher/share/ros2_linkattacher/environment/path.dsv
[66.722s] -- Symlinking: /home/armando30/robotsprj/install/ros2_linkattacher/share/ros2_linkattacher/local_setup.bash
[66.750s] -- Symlinking: /home/armando30/robotsprj/install/ros2_linkattacher/share/ros2_linkattacher/local_setup.sh
[66.776s] -- Symlinking: /home/armando30/robotsprj/install/ros2_linkattacher/share/ros2_linkattacher/local_setup.zsh
[66.802s] -- Symlinking: /home/armando30/robotsprj/install/ros2_linkattacher/share/ros2_linkattacher/local_setup.dsv
[66.828s] -- Symlinking: /home/armando30/robotsprj/install/ros2_linkattacher/share/ros2_linkattacher/package.dsv
[66.855s] -- Symlinking: /home/armando30/robotsprj/install/ros2_linkattacher/share/ament_index/resource_index/packages/ros2_linkattacher
[66.881s] -- Symlinking: /home/armando30/robotsprj/install/ros2_linkattacher/share/ros2_linkattacher/cmake/ament_cmake_export_libraries-extras.cmake
[66.907s] -- Symlinking: /home/armando30/robotsprj/install/ros2_linkattacher/share/ros2_linkattacher/cmake/ros2_linkattacherConfig.cmake
[66.933s] -- Symlinking: /home/armando30/robotsprj/install/ros2_linkattacher/share/ros2_linkattacher/cmake/ros2_linkattacherConfig-version.cmake
[66.959s] -- Symlinking: /home/armando30/robotsprj/install/ros2_linkattacher/share/ros2_linkattacher/package.xml
[66.992s] Invoked command in '/home/armando30/robotsprj/build/ros2_linkattacher' returned '0': CMAKE_PREFIX_PATH=/home/armando30/robotsprj/install/linkattacher_msgs:/home/armando30/robotsprj/install/ur:/home/armando30/robotsprj/install/ur_calibration:/home/armando30/robotsprj/install/ur_robot_driver:/home/armando30/robotsprj/install/ur_moveit_config:/home/armando30/robotsprj/install/ur_bringup:/home/armando30/robotsprj/install/ur_controllers:/home/armando30/robotsprj/install/ur_dashboard_msgs:/home/armando30/robotsprj/install/ros2_linkattacher:/home/armando30/robotsprj/install/ros2_conveyorbelt:/home/armando30/robotsprj/install/conveyorbelt_msgs:/home/armando30/robotsprj/install/conveyorbelt_gazebo:/opt/ros/humble LD_LIBRARY_PATH=/home/armando30/robotsprj/install/linkattacher_msgs/lib:/home/armando30/robotsprj/install/ur_robot_driver/lib:/home/armando30/robotsprj/install/ur_controllers/lib:/home/armando30/robotsprj/install/ur_dashboard_msgs/lib:/home/armando30/robotsprj/install/ros2_linkattacher/lib:/home/armando30/robotsprj/install/ros2_conveyorbelt/lib:/home/armando30/robotsprj/install/conveyorbelt_msgs/lib:/opt/ros/humble/opt/rviz_ogre_vendor/lib:/opt/ros/humble/lib/x86_64-linux-gnu:/opt/ros/humble/lib /usr/bin/cmake --install /home/armando30/robotsprj/build/ros2_linkattacher
