[0.105s] Invoking command in '/home/armando30/robotsprj/build/conveyorbelt_gazebo': CMAKE_PREFIX_PATH=${CMAKE_PREFIX_PATH}:/opt/ros/humble /usr/bin/cmake /home/armando30/robotsprj/src/IFRA_ConveyorBelt/conveyorbelt_gazebo -DAMENT_CMAKE_SYMLINK_INSTALL=1 -DCMAKE_INSTALL_PREFIX=/home/armando30/robotsprj/install/conveyorbelt_gazebo
[0.337s] -- The C compiler identification is GNU 11.4.0
[0.583s] -- The CXX compiler identification is GNU 11.4.0
[0.622s] -- Detecting C compiler ABI info
[0.898s] -- Detecting C compiler ABI info - done
[0.949s] -- Check for working C compiler: /usr/bin/cc - skipped
[0.950s] -- Detecting C compile features
[0.952s] -- Detecting C compile features - done
[0.964s] -- Detecting CXX compiler ABI info
[1.304s] -- Detecting CXX compiler ABI info - done
[1.338s] -- Check for working CXX compiler: /usr/bin/c++ - skipped
[1.339s] -- Detecting CXX compile features
[1.341s] -- Detecting CXX compile features - done
[1.354s] -- Found ament_cmake: 1.3.12 (/opt/ros/humble/share/ament_cmake/cmake)
[2.022s] -- Found Python3: /usr/bin/python3 (found version "3.10.12") found components: Interpreter 
[2.362s] -- Override CMake install command with custom implementation using symlinks instead of copying resources
[2.504s] -- Found ament_lint_auto: 0.12.14 (/opt/ros/humble/share/ament_lint_auto/cmake)
[2.867s] -- Added test 'copyright' to check source files copyright and LICENSE
[2.889s] -- Added test 'flake8' to check Python code syntax and style conventions
[2.894s] -- Added test 'lint_cmake' to check CMake code style
[2.897s] -- Added test 'pep257' to check Python code against some of the docstring style conventions in PEP 257
[2.906s] -- Added test 'xmllint' to check XML markup files
[2.915s] -- Configuring done
[2.930s] -- Generating done
[2.938s] -- Build files have been written to: /home/armando30/robotsprj/build/conveyorbelt_gazebo
[2.955s] Invoked command in '/home/armando30/robotsprj/build/conveyorbelt_gazebo' returned '0': CMAKE_PREFIX_PATH=${CMAKE_PREFIX_PATH}:/opt/ros/humble /usr/bin/cmake /home/armando30/robotsprj/src/IFRA_ConveyorBelt/conveyorbelt_gazebo -DAMENT_CMAKE_SYMLINK_INSTALL=1 -DCMAKE_INSTALL_PREFIX=/home/armando30/robotsprj/install/conveyorbelt_gazebo
[2.965s] Invoking command in '/home/armando30/robotsprj/build/conveyorbelt_gazebo': CMAKE_PREFIX_PATH=${CMAKE_PREFIX_PATH}:/opt/ros/humble /usr/bin/cmake --build /home/armando30/robotsprj/build/conveyorbelt_gazebo -- -j8 -l8
[3.106s] Invoked command in '/home/armando30/robotsprj/build/conveyorbelt_gazebo' returned '0': CMAKE_PREFIX_PATH=${CMAKE_PREFIX_PATH}:/opt/ros/humble /usr/bin/cmake --build /home/armando30/robotsprj/build/conveyorbelt_gazebo -- -j8 -l8
[3.146s] Invoking command in '/home/armando30/robotsprj/build/conveyorbelt_gazebo': CMAKE_PREFIX_PATH=${CMAKE_PREFIX_PATH}:/opt/ros/humble /usr/bin/cmake --install /home/armando30/robotsprj/build/conveyorbelt_gazebo
[3.178s] -- Install configuration: ""
[3.180s] -- Execute custom install script
[3.182s] -- Symlinking: /home/armando30/robotsprj/install/conveyorbelt_gazebo/share/conveyorbelt_gazebo/launch/conveyorbelt.launch.py
[3.210s] -- Symlinking: /home/armando30/robotsprj/install/conveyorbelt_gazebo/share/conveyorbelt_gazebo/models/conveyor_belt/meshes/conveyor_belt.dae
[3.238s] -- Symlinking: /home/armando30/robotsprj/install/conveyorbelt_gazebo/share/conveyorbelt_gazebo/models/conveyor_belt/meshes/conveyor_belt.stl
[3.263s] -- Symlinking: /home/armando30/robotsprj/install/conveyorbelt_gazebo/share/conveyorbelt_gazebo/models/conveyor_belt/model.config
[3.299s] -- Symlinking: /home/armando30/robotsprj/install/conveyorbelt_gazebo/share/conveyorbelt_gazebo/models/conveyor_belt/model.sdf
[3.339s] -- Symlinking: /home/armando30/robotsprj/install/conveyorbelt_gazebo/share/conveyorbelt_gazebo/worlds/conveyorbelt.world
[3.377s] -- Symlinking: /home/armando30/robotsprj/install/conveyorbelt_gazebo/share/conveyorbelt_gazebo/urdf/box.urdf
[3.417s] -- Symlinking: /home/armando30/robotsprj/install/conveyorbelt_gazebo/share/ament_index/resource_index/package_run_dependencies/conveyorbelt_gazebo
[3.457s] -- Symlinking: /home/armando30/robotsprj/install/conveyorbelt_gazebo/share/ament_index/resource_index/parent_prefix_path/conveyorbelt_gazebo
[3.498s] -- Symlinking: /home/armando30/robotsprj/install/conveyorbelt_gazebo/share/conveyorbelt_gazebo/environment/ament_prefix_path.sh
[3.538s] -- Symlinking: /home/armando30/robotsprj/install/conveyorbelt_gazebo/share/conveyorbelt_gazebo/environment/ament_prefix_path.dsv
[3.577s] -- Symlinking: /home/armando30/robotsprj/install/conveyorbelt_gazebo/share/conveyorbelt_gazebo/environment/path.sh
[3.616s] -- Symlinking: /home/armando30/robotsprj/install/conveyorbelt_gazebo/share/conveyorbelt_gazebo/environment/path.dsv
[3.657s] -- Symlinking: /home/armando30/robotsprj/install/conveyorbelt_gazebo/share/conveyorbelt_gazebo/local_setup.bash
[3.694s] -- Symlinking: /home/armando30/robotsprj/install/conveyorbelt_gazebo/share/conveyorbelt_gazebo/local_setup.sh
[3.724s] -- Symlinking: /home/armando30/robotsprj/install/conveyorbelt_gazebo/share/conveyorbelt_gazebo/local_setup.zsh
[3.763s] -- Symlinking: /home/armando30/robotsprj/install/conveyorbelt_gazebo/share/conveyorbelt_gazebo/local_setup.dsv
[3.802s] -- Symlinking: /home/armando30/robotsprj/install/conveyorbelt_gazebo/share/conveyorbelt_gazebo/package.dsv
[3.843s] -- Symlinking: /home/armando30/robotsprj/install/conveyorbelt_gazebo/share/ament_index/resource_index/packages/conveyorbelt_gazebo
[3.880s] -- Symlinking: /home/armando30/robotsprj/install/conveyorbelt_gazebo/share/conveyorbelt_gazebo/cmake/conveyorbelt_gazeboConfig.cmake
[3.916s] -- Symlinking: /home/armando30/robotsprj/install/conveyorbelt_gazebo/share/conveyorbelt_gazebo/cmake/conveyorbelt_gazeboConfig-version.cmake
[3.956s] -- Symlinking: /home/armando30/robotsprj/install/conveyorbelt_gazebo/share/conveyorbelt_gazebo/package.xml
[3.999s] Invoked command in '/home/armando30/robotsprj/build/conveyorbelt_gazebo' returned '0': CMAKE_PREFIX_PATH=${CMAKE_PREFIX_PATH}:/opt/ros/humble /usr/bin/cmake --install /home/armando30/robotsprj/build/conveyorbelt_gazebo
